    <soapenv:Envelope xmlns:soapenv="http://schemas.xmlsoap.org/soap/envelope/" xmlns="http://soap.sforce.com/2006/08/apex" xmlns:xsi="http://www.w3.org/2001/XMLSchema-instance">
      <soapenv:Body>
        <runTestsResponse>
          <result>
            <apexLogId>08LL000000qIGoQMAW</apexLogId> <!-- 07LL000000qIGoQMAW -->
            <codeCoverage>
              <id>01pL0000000E8VaIAK</id>
              <locationsNotCovered>
                <column>0</column>
                <line>39</line>
                <numExecutions>0</numExecutions>
                <time>-1.0</time>
            </locationsNotCovered>
              <locationsNotCovered>
                <column>0</column>
                <line>42</line>
                <numExecutions>0</numExecutions>
                <time>-1.0</time>
            </locationsNotCovered>
              <locationsNotCovered>
                <column>0</column>
                <line>45</line>
                <numExecutions>0</numExecutions>
                <time>-1.0</time>
            </locationsNotCovered>
              <locationsNotCovered>
                <column>0</column>
                <line>47</line>
                <numExecutions>0</numExecutions>
                <time>-1.0</time>
            </locationsNotCovered>
              <locationsNotCovered>
                <column>0</column>
                <line>48</line>
                <numExecutions>0</numExecutions>
                <time>-1.0</time>
            </locationsNotCovered>
              <locationsNotCovered>
                <column>0</column>
                <line>51</line>
                <numExecutions>0</numExecutions>
                <time>-1.0</time>
            </locationsNotCovered>
              <locationsNotCovered>
                <column>0</column>
                <line>52</line>
                <numExecutions>0</numExecutions>
                <time>-1.0</time>
            </locationsNotCovered>
              <locationsNotCovered>
                <column>0</column>
                <line>53</line>
                <numExecutions>0</numExecutions>
                <time>-1.0</time>
            </locationsNotCovered>
              <locationsNotCovered>
                <column>0</column>
                <line>78</line>
                <numExecutions>0</numExecutions>
                <time>-1.0</time>
            </locationsNotCovered>
              <locationsNotCovered>
                <column>0</column>
                <line>79</line>
                <numExecutions>0</numExecutions>
                <time>-1.0</time>
            </locationsNotCovered>
              <locationsNotCovered>
                <column>0</column>
                <line>82</line>
                <numExecutions>0</numExecutions>
                <time>-1.0</time>
            </locationsNotCovered>
              <locationsNotCovered>
                <column>0</column>
                <line>83</line>
                <numExecutions>0</numExecutions>
                <time>-1.0</time>
            </locationsNotCovered>
              <locationsNotCovered>
                <column>0</column>
                <line>136</line>
                <numExecutions>0</numExecutions>
                <time>-1.0</time>
            </locationsNotCovered>
              <locationsNotCovered>
                <column>0</column>
                <line>137</line>
                <numExecutions>0</numExecutions>
                <time>-1.0</time>
            </locationsNotCovered>
              <locationsNotCovered>
                <column>0</column>
                <line>138</line>
                <numExecutions>0</numExecutions>
                <time>-1.0</time>
            </locationsNotCovered>
              <locationsNotCovered>
                <column>0</column>
                <line>139</line>
                <numExecutions>0</numExecutions>
                <time>-1.0</time>
            </locationsNotCovered>
              <locationsNotCovered>
                <column>0</column>
                <line>143</line>
                <numExecutions>0</numExecutions>
                <time>-1.0</time>
            </locationsNotCovered>
              <locationsNotCovered>
                <column>0</column>
                <line>144</line>
                <numExecutions>0</numExecutions>
                <time>-1.0</time>
            </locationsNotCovered>
              <locationsNotCovered>
                <column>0</column>
                <line>145</line>
                <numExecutions>0</numExecutions>
                <time>-1.0</time>
            </locationsNotCovered>
              <locationsNotCovered>
                <column>0</column>
                <line>148</line>
                <numExecutions>0</numExecutions>
                <time>-1.0</time>
            </locationsNotCovered>
              <locationsNotCovered>
                <column>0</column>
                <line>196</line>
                <numExecutions>0</numExecutions>
                <time>-1.0</time>
            </locationsNotCovered>
              <locationsNotCovered>
                <column>0</column>
                <line>202</line>
                <numExecutions>0</numExecutions>
                <time>-1.0</time>
            </locationsNotCovered>
              <locationsNotCovered>
                <column>0</column>
                <line>246</line>
                <numExecutions>0</numExecutions>
                <time>-1.0</time>
            </locationsNotCovered>
              <locationsNotCovered>
                <column>0</column>
                <line>253</line>
                <numExecutions>0</numExecutions>
                <time>-1.0</time>
            </locationsNotCovered>
              <locationsNotCovered>
                <column>0</column>
                <line>277</line>
                <numExecutions>0</numExecutions>
                <time>-1.0</time>
            </locationsNotCovered>
              <locationsNotCovered>
                <column>0</column>
                <line>279</line>
                <numExecutions>0</numExecutions>
                <time>-1.0</time>
            </locationsNotCovered>
              <locationsNotCovered>
                <column>0</column>
                <line>282</line>
                <numExecutions>0</numExecutions>
                <time>-1.0</time>
            </locationsNotCovered>
              <locationsNotCovered>
                <column>0</column>
                <line>296</line>
                <numExecutions>0</numExecutions>
                <time>-1.0</time>
            </locationsNotCovered>
              <locationsNotCovered>
                <column>0</column>
                <line>302</line>
                <numExecutions>0</numExecutions>
                <time>-1.0</time>
            </locationsNotCovered>
              <locationsNotCovered>
                <column>0</column>
                <line>315</line>
                <numExecutions>0</numExecutions>
                <time>-1.0</time>
            </locationsNotCovered>
              <locationsNotCovered>
                <column>0</column>
                <line>317</line>
                <numExecutions>0</numExecutions>
                <time>-1.0</time>
            </locationsNotCovered>
              <locationsNotCovered>
                <column>0</column>
                <line>318</line>
                <numExecutions>0</numExecutions>
                <time>-1.0</time>
            </locationsNotCovered>
              <locationsNotCovered>
                <column>0</column>
                <line>319</line>
                <numExecutions>0</numExecutions>
                <time>-1.0</time>
            </locationsNotCovered>
              <locationsNotCovered>
                <column>0</column>
                <line>321</line>
                <numExecutions>0</numExecutions>
                <time>-1.0</time>
            </locationsNotCovered>
              <locationsNotCovered>
                <column>0</column>
                <line>333</line>
                <numExecutions>0</numExecutions>
                <time>-1.0</time>
            </locationsNotCovered>
              <locationsNotCovered>
                <column>0</column>
                <line>344</line>
                <numExecutions>0</numExecutions>
                <time>-1.0</time>
            </locationsNotCovered>
              <locationsNotCovered>
                <column>0</column>
                <line>351</line>
                <numExecutions>0</numExecutions>
                <time>-1.0</time>
            </locationsNotCovered>
              <locationsNotCovered>
                <column>0</column>
                <line>355</line>
                <numExecutions>0</numExecutions>
                <time>-1.0</time>
            </locationsNotCovered>
              <locationsNotCovered>
                <column>0</column>
                <line>365</line>
                <numExecutions>0</numExecutions>
                <time>-1.0</time>
            </locationsNotCovered>
              <locationsNotCovered>
                <column>0</column>
                <line>366</line>
                <numExecutions>0</numExecutions>
                <time>-1.0</time>
            </locationsNotCovered>
              <name>CtrlZendeskOrgSFAccountmapping</name>
              <namespace>Zendesk</namespace>
              <numLocations>207</numLocations>
              <numLocationsNotCovered>40</numLocationsNotCovered>
              <type>Class</type>
          </codeCoverage>
            <codeCoverage>
              <id>01pL0000000E8WEIA0</id>
              <locationsNotCovered>
                <column>0</column>
                <line>33</line>
                <numExecutions>0</numExecutions>
                <time>-1.0</time>
            </locationsNotCovered>
              <name>ZendeskSyncOrgsIterable</name>
              <namespace>Zendesk</namespace>
              <numLocations>20</numLocations>
              <numLocationsNotCovered>1</numLocationsNotCovered>
              <type>Class</type>
          </codeCoverage>
            <codeCoverage>
              <id>01pD0000001IZZyIAO</id>
              <locationsNotCovered>
                <column>0</column>
                <line>14</line>
                <numExecutions>0</numExecutions>
                <time>-1.0</time>
            </locationsNotCovered>
              <locationsNotCovered>
                <column>0</column>
                <line>16</line>
                <numExecutions>0</numExecutions>
                <time>-1.0</time>
            </locationsNotCovered>
              <locationsNotCovered>
                <column>0</column>
                <line>17</line>
                <numExecutions>0</numExecutions>
                <time>-1.0</time>
            </locationsNotCovered>
              <locationsNotCovered>
                <column>0</column>
                <line>19</line>
                <numExecutions>0</numExecutions>
                <time>-1.0</time>
            </locationsNotCovered>
              <locationsNotCovered>
                <column>0</column>
                <line>21</line>
                <numExecutions>0</numExecutions>
                <time>-1.0</time>
            </locationsNotCovered>
              <locationsNotCovered>
                <column>0</column>
                <line>22</line>
                <numExecutions>0</numExecutions>
                <time>-1.0</time>
            </locationsNotCovered>
              <locationsNotCovered>
                <column>0</column>
                <line>23</line>
                <numExecutions>0</numExecutions>
                <time>-1.0</time>
            </locationsNotCovered>
              <locationsNotCovered>
                <column>0</column>
                <line>24</line>
                <numExecutions>0</numExecutions>
                <time>-1.0</time>
            </locationsNotCovered>
              <locationsNotCovered>
                <column>0</column>
                <line>25</line>
                <numExecutions>0</numExecutions>
                <time>-1.0</time>
            </locationsNotCovered>
              <locationsNotCovered>
                <column>0</column>
                <line>27</line>
                <numExecutions>0</numExecutions>
                <time>-1.0</time>
            </locationsNotCovered>
              <locationsNotCovered>
                <column>0</column>
                <line>29</line>
                <numExecutions>0</numExecutions>
                <time>-1.0</time>
            </locationsNotCovered>
              <locationsNotCovered>
                <column>0</column>
                <line>30</line>
                <numExecutions>0</numExecutions>
                <time>-1.0</time>
            </locationsNotCovered>
              <locationsNotCovered>
                <column>0</column>
                <line>32</line>
                <numExecutions>0</numExecutions>
                <time>-1.0</time>
            </locationsNotCovered>
              <locationsNotCovered>
                <column>0</column>
                <line>42</line>
                <numExecutions>0</numExecutions>
                <time>-1.0</time>
            </locationsNotCovered>
              <locationsNotCovered>
                <column>0</column>
                <line>47</line>
                <numExecutions>0</numExecutions>
                <time>-1.0</time>
            </locationsNotCovered>
              <locationsNotCovered>
                <column>0</column>
                <line>49</line>
                <numExecutions>0</numExecutions>
                <time>-1.0</time>
            </locationsNotCovered>
              <locationsNotCovered>
                <column>0</column>
                <line>50</line>
                <numExecutions>0</numExecutions>
                <time>-1.0</time>
            </locationsNotCovered>
              <locationsNotCovered>
                <column>0</column>
                <line>51</line>
                <numExecutions>0</numExecutions>
                <time>-1.0</time>
            </locationsNotCovered>
              <locationsNotCovered>
                <column>0</column>
                <line>53</line>
                <numExecutions>0</numExecutions>
                <time>-1.0</time>
            </locationsNotCovered>
              <locationsNotCovered>
                <column>0</column>
                <line>54</line>
                <numExecutions>0</numExecutions>
                <time>-1.0</time>
            </locationsNotCovered>
              <locationsNotCovered>
                <column>0</column>
                <line>57</line>
                <numExecutions>0</numExecutions>
                <time>-1.0</time>
            </locationsNotCovered>
              <locationsNotCovered>
                <column>0</column>
                <line>58</line>
                <numExecutions>0</numExecutions>
                <time>-1.0</time>
            </locationsNotCovered>
              <locationsNotCovered>
                <column>0</column>
                <line>61</line>
                <numExecutions>0</numExecutions>
                <time>-1.0</time>
            </locationsNotCovered>
              <locationsNotCovered>
                <column>0</column>
                <line>62</line>
                <numExecutions>0</numExecutions>
                <time>-1.0</time>
            </locationsNotCovered>
              <locationsNotCovered>
                <column>0</column>
                <line>63</line>
                <numExecutions>0</numExecutions>
                <time>-1.0</time>
            </locationsNotCovered>
              <locationsNotCovered>
                <column>0</column>
                <line>64</line>
                <numExecutions>0</numExecutions>
                <time>-1.0</time>
            </locationsNotCovered>
              <locationsNotCovered>
                <column>0</column>
                <line>65</line>
                <numExecutions>0</numExecutions>
                <time>-1.0</time>
            </locationsNotCovered>
              <locationsNotCovered>
                <column>0</column>
                <line>67</line>
                <numExecutions>0</numExecutions>
                <time>-1.0</time>
            </locationsNotCovered>
              <locationsNotCovered>
                <column>0</column>
                <line>68</line>
                <numExecutions>0</numExecutions>
                <time>-1.0</time>
            </locationsNotCovered>
              <locationsNotCovered>
                <column>0</column>
                <line>69</line>
                <numExecutions>0</numExecutions>
                <time>-1.0</time>
            </locationsNotCovered>
              <locationsNotCovered>
                <column>0</column>
                <line>72</line>
                <numExecutions>0</numExecutions>
                <time>-1.0</time>
            </locationsNotCovered>
              <locationsNotCovered>
                <column>0</column>
                <line>75</line>
                <numExecutions>0</numExecutions>
                <time>-1.0</time>
            </locationsNotCovered>
              <locationsNotCovered>
                <column>0</column>
                <line>77</line>
                <numExecutions>0</numExecutions>
                <time>-1.0</time>
            </locationsNotCovered>
              <locationsNotCovered>
                <column>0</column>
                <line>78</line>
                <numExecutions>0</numExecutions>
                <time>-1.0</time>
            </locationsNotCovered>
              <locationsNotCovered>
                <column>0</column>
                <line>80</line>
                <numExecutions>0</numExecutions>
                <time>-1.0</time>
            </locationsNotCovered>
              <locationsNotCovered>
                <column>0</column>
                <line>83</line>
                <numExecutions>0</numExecutions>
                <time>-1.0</time>
            </locationsNotCovered>
              <locationsNotCovered>
                <column>0</column>
                <line>85</line>
                <numExecutions>0</numExecutions>
                <time>-1.0</time>
            </locationsNotCovered>
              <locationsNotCovered>
                <column>0</column>
                <line>86</line>
                <numExecutions>0</numExecutions>
                <time>-1.0</time>
            </locationsNotCovered>
              <locationsNotCovered>
                <column>0</column>
                <line>89</line>
                <numExecutions>0</numExecutions>
                <time>-1.0</time>
            </locationsNotCovered>
              <locationsNotCovered>
                <column>0</column>
                <line>90</line>
                <numExecutions>0</numExecutions>
                <time>-1.0</time>
            </locationsNotCovered>
              <locationsNotCovered>
                <column>0</column>
                <line>91</line>
                <numExecutions>0</numExecutions>
                <time>-1.0</time>
            </locationsNotCovered>
              <locationsNotCovered>
                <column>0</column>
                <line>92</line>
                <numExecutions>0</numExecutions>
                <time>-1.0</time>
            </locationsNotCovered>
              <locationsNotCovered>
                <column>0</column>
                <line>93</line>
                <numExecutions>0</numExecutions>
                <time>-1.0</time>
            </locationsNotCovered>
              <locationsNotCovered>
                <column>0</column>
                <line>95</line>
                <numExecutions>0</numExecutions>
                <time>-1.0</time>
            </locationsNotCovered>
              <locationsNotCovered>
                <column>0</column>
                <line>96</line>
                <numExecutions>0</numExecutions>
                <time>-1.0</time>
            </locationsNotCovered>
              <locationsNotCovered>
                <column>0</column>
                <line>100</line>
                <numExecutions>0</numExecutions>
                <time>-1.0</time>
            </locationsNotCovered>
              <locationsNotCovered>
                <column>0</column>
                <line>107</line>
                <numExecutions>0</numExecutions>
                <time>-1.0</time>
            </locationsNotCovered>
              <locationsNotCovered>
                <column>0</column>
                <line>111</line>
                <numExecutions>0</numExecutions>
                <time>-1.0</time>
            </locationsNotCovered>
              <locationsNotCovered>
                <column>0</column>
                <line>113</line>
                <numExecutions>0</numExecutions>
                <time>-1.0</time>
            </locationsNotCovered>
              <locationsNotCovered>
                <column>0</column>
                <line>114</line>
                <numExecutions>0</numExecutions>
                <time>-1.0</time>
            </locationsNotCovered>
              <locationsNotCovered>
                <column>0</column>
                <line>127</line>
                <numExecutions>0</numExecutions>
                <time>-1.0</time>
            </locationsNotCovered>
              <locationsNotCovered>
                <column>0</column>
                <line>128</line>
                <numExecutions>0</numExecutions>
                <time>-1.0</time>
            </locationsNotCovered>
              <locationsNotCovered>
                <column>0</column>
                <line>130</line>
                <numExecutions>0</numExecutions>
                <time>-1.0</time>
            </locationsNotCovered>
              <locationsNotCovered>
                <column>0</column>
                <line>131</line>
                <numExecutions>0</numExecutions>
                <time>-1.0</time>
            </locationsNotCovered>
              <locationsNotCovered>
                <column>0</column>
                <line>134</line>
                <numExecutions>0</numExecutions>
                <time>-1.0</time>
            </locationsNotCovered>
              <locationsNotCovered>
                <column>0</column>
                <line>136</line>
                <numExecutions>0</numExecutions>
                <time>-1.0</time>
            </locationsNotCovered>
              <locationsNotCovered>
                <column>0</column>
                <line>138</line>
                <numExecutions>0</numExecutions>
                <time>-1.0</time>
            </locationsNotCovered>
              <locationsNotCovered>
                <column>0</column>
                <line>139</line>
                <numExecutions>0</numExecutions>
                <time>-1.0</time>
            </locationsNotCovered>
              <locationsNotCovered>
                <column>0</column>
                <line>143</line>
                <numExecutions>0</numExecutions>
                <time>-1.0</time>
            </locationsNotCovered>
              <locationsNotCovered>
                <column>0</column>
                <line>145</line>
                <numExecutions>0</numExecutions>
                <time>-1.0</time>
            </locationsNotCovered>
              <locationsNotCovered>
                <column>0</column>
                <line>146</line>
                <numExecutions>0</numExecutions>
                <time>-1.0</time>
            </locationsNotCovered>
              <locationsNotCovered>
                <column>0</column>
                <line>155</line>
                <numExecutions>0</numExecutions>
                <time>-1.0</time>
            </locationsNotCovered>
              <locationsNotCovered>
                <column>0</column>
                <line>156</line>
                <numExecutions>0</numExecutions>
                <time>-1.0</time>
            </locationsNotCovered>
              <locationsNotCovered>
                <column>0</column>
                <line>158</line>
                <numExecutions>0</numExecutions>
                <time>-1.0</time>
            </locationsNotCovered>
              <locationsNotCovered>
                <column>0</column>
                <line>162</line>
                <numExecutions>0</numExecutions>
                <time>-1.0</time>
            </locationsNotCovered>
              <locationsNotCovered>
                <column>0</column>
                <line>164</line>
                <numExecutions>0</numExecutions>
                <time>-1.0</time>
            </locationsNotCovered>
              <locationsNotCovered>
                <column>0</column>
                <line>165</line>
                <numExecutions>0</numExecutions>
                <time>-1.0</time>
            </locationsNotCovered>
              <locationsNotCovered>
                <column>0</column>
                <line>171</line>
                <numExecutions>0</numExecutions>
                <time>-1.0</time>
            </locationsNotCovered>
              <locationsNotCovered>
                <column>0</column>
                <line>173</line>
                <numExecutions>0</numExecutions>
                <time>-1.0</time>
            </locationsNotCovered>
              <locationsNotCovered>
                <column>0</column>
                <line>175</line>
                <numExecutions>0</numExecutions>
                <time>-1.0</time>
            </locationsNotCovered>
              <locationsNotCovered>
                <column>0</column>
                <line>177</line>
                <numExecutions>0</numExecutions>
                <time>-1.0</time>
            </locationsNotCovered>
              <locationsNotCovered>
                <column>0</column>
                <line>179</line>
                <numExecutions>0</numExecutions>
                <time>-1.0</time>
            </locationsNotCovered>
              <locationsNotCovered>
                <column>0</column>
                <line>186</line>
                <numExecutions>0</numExecutions>
                <time>-1.0</time>
            </locationsNotCovered>
              <locationsNotCovered>
                <column>0</column>
                <line>187</line>
                <numExecutions>0</numExecutions>
                <time>-1.0</time>
            </locationsNotCovered>
              <locationsNotCovered>
                <column>0</column>
                <line>188</line>
                <numExecutions>0</numExecutions>
                <time>-1.0</time>
            </locationsNotCovered>
              <locationsNotCovered>
                <column>0</column>
                <line>189</line>
                <numExecutions>0</numExecutions>
                <time>-1.0</time>
            </locationsNotCovered>
              <locationsNotCovered>
                <column>0</column>
                <line>192</line>
                <numExecutions>0</numExecutions>
                <time>-1.0</time>
            </locationsNotCovered>
              <locationsNotCovered>
                <column>0</column>
                <line>194</line>
                <numExecutions>0</numExecutions>
                <time>-1.0</time>
            </locationsNotCovered>
              <locationsNotCovered>
                <column>0</column>
                <line>200</line>
                <numExecutions>0</numExecutions>
                <time>-1.0</time>
            </locationsNotCovered>
              <locationsNotCovered>
                <column>0</column>
                <line>201</line>
                <numExecutions>0</numExecutions>
                <time>-1.0</time>
            </locationsNotCovered>
              <locationsNotCovered>
                <column>0</column>
                <line>202</line>
                <numExecutions>0</numExecutions>
                <time>-1.0</time>
            </locationsNotCovered>
              <locationsNotCovered>
                <column>0</column>
                <line>203</line>
                <numExecutions>0</numExecutions>
                <time>-1.0</time>
            </locationsNotCovered>
              <locationsNotCovered>
                <column>0</column>
                <line>209</line>
                <numExecutions>0</numExecutions>
                <time>-1.0</time>
            </locationsNotCovered>
              <locationsNotCovered>
                <column>0</column>
                <line>210</line>
                <numExecutions>0</numExecutions>
                <time>-1.0</time>
            </locationsNotCovered>
              <locationsNotCovered>
                <column>0</column>
                <line>211</line>
                <numExecutions>0</numExecutions>
                <time>-1.0</time>
            </locationsNotCovered>
              <locationsNotCovered>
                <column>0</column>
                <line>214</line>
                <numExecutions>0</numExecutions>
                <time>-1.0</time>
            </locationsNotCovered>
              <locationsNotCovered>
                <column>0</column>
                <line>218</line>
                <numExecutions>0</numExecutions>
                <time>-1.0</time>
            </locationsNotCovered>
              <locationsNotCovered>
                <column>0</column>
                <line>219</line>
                <numExecutions>0</numExecutions>
                <time>-1.0</time>
            </locationsNotCovered>
              <locationsNotCovered>
                <column>0</column>
                <line>220</line>
                <numExecutions>0</numExecutions>
                <time>-1.0</time>
            </locationsNotCovered>
              <locationsNotCovered>
                <column>0</column>
                <line>222</line>
                <numExecutions>0</numExecutions>
                <time>-1.0</time>
            </locationsNotCovered>
              <locationsNotCovered>
                <column>0</column>
                <line>228</line>
                <numExecutions>0</numExecutions>
                <time>-1.0</time>
            </locationsNotCovered>
              <locationsNotCovered>
                <column>0</column>
                <line>229</line>
                <numExecutions>0</numExecutions>
                <time>-1.0</time>
            </locationsNotCovered>
              <locationsNotCovered>
                <column>0</column>
                <line>232</line>
                <numExecutions>0</numExecutions>
                <time>-1.0</time>
            </locationsNotCovered>
              <locationsNotCovered>
                <column>0</column>
                <line>233</line>
                <numExecutions>0</numExecutions>
                <time>-1.0</time>
            </locationsNotCovered>
              <locationsNotCovered>
                <column>0</column>
                <line>236</line>
                <numExecutions>0</numExecutions>
                <time>-1.0</time>
            </locationsNotCovered>
              <locationsNotCovered>
                <column>0</column>
                <line>237</line>
                <numExecutions>0</numExecutions>
                <time>-1.0</time>
            </locationsNotCovered>
              <locationsNotCovered>
                <column>0</column>
                <line>240</line>
                <numExecutions>0</numExecutions>
                <time>-1.0</time>
            </locationsNotCovered>
              <locationsNotCovered>
                <column>0</column>
                <line>256</line>
                <numExecutions>0</numExecutions>
                <time>-1.0</time>
            </locationsNotCovered>
              <locationsNotCovered>
                <column>0</column>
                <line>258</line>
                <numExecutions>0</numExecutions>
                <time>-1.0</time>
            </locationsNotCovered>
              <locationsNotCovered>
                <column>0</column>
                <line>261</line>
                <numExecutions>0</numExecutions>
                <time>-1.0</time>
            </locationsNotCovered>
              <locationsNotCovered>
                <column>0</column>
                <line>263</line>
                <numExecutions>0</numExecutions>
                <time>-1.0</time>
            </locationsNotCovered>
              <locationsNotCovered>
                <column>0</column>
                <line>265</line>
                <numExecutions>0</numExecutions>
                <time>-1.0</time>
            </locationsNotCovered>
              <locationsNotCovered>
                <column>0</column>
                <line>272</line>
                <numExecutions>0</numExecutions>
                <time>-1.0</time>
            </locationsNotCovered>
              <locationsNotCovered>
                <column>0</column>
                <line>274</line>
                <numExecutions>0</numExecutions>
                <time>-1.0</time>
            </locationsNotCovered>
              <locationsNotCovered>
                <column>0</column>
                <line>276</line>
                <numExecutions>0</numExecutions>
                <time>-1.0</time>
            </locationsNotCovered>
              <locationsNotCovered>
                <column>0</column>
                <line>278</line>
                <numExecutions>0</numExecutions>
                <time>-1.0</time>
            </locationsNotCovered>
              <locationsNotCovered>
                <column>0</column>
                <line>280</line>
                <numExecutions>0</numExecutions>
                <time>-1.0</time>
            </locationsNotCovered>
              <locationsNotCovered>
                <column>0</column>
                <line>282</line>
                <numExecutions>0</numExecutions>
                <time>-1.0</time>
            </locationsNotCovered>
              <locationsNotCovered>
                <column>0</column>
                <line>283</line>
                <numExecutions>0</numExecutions>
                <time>-1.0</time>
            </locationsNotCovered>
              <locationsNotCovered>
                <column>0</column>
                <line>286</line>
                <numExecutions>0</numExecutions>
                <time>-1.0</time>
            </locationsNotCovered>
              <locationsNotCovered>
                <column>0</column>
                <line>287</line>
                <numExecutions>0</numExecutions>
                <time>-1.0</time>
            </locationsNotCovered>
              <locationsNotCovered>
                <column>0</column>
                <line>290</line>
                <numExecutions>0</numExecutions>
                <time>-1.0</time>
            </locationsNotCovered>
              <locationsNotCovered>
                <column>0</column>
                <line>291</line>
                <numExecutions>0</numExecutions>
                <time>-1.0</time>
            </locationsNotCovered>
              <locationsNotCovered>
                <column>0</column>
                <line>292</line>
                <numExecutions>0</numExecutions>
                <time>-1.0</time>
            </locationsNotCovered>
              <locationsNotCovered>
                <column>0</column>
                <line>293</line>
                <numExecutions>0</numExecutions>
                <time>-1.0</time>
            </locationsNotCovered>
              <locationsNotCovered>
                <column>0</column>
                <line>297</line>
                <numExecutions>0</numExecutions>
                <time>-1.0</time>
            </locationsNotCovered>
              <locationsNotCovered>
                <column>0</column>
                <line>304</line>
                <numExecutions>0</numExecutions>
                <time>-1.0</time>
            </locationsNotCovered>
              <locationsNotCovered>
                <column>0</column>
                <line>305</line>
                <numExecutions>0</numExecutions>
                <time>-1.0</time>
            </locationsNotCovered>
              <locationsNotCovered>
                <column>0</column>
                <line>306</line>
                <numExecutions>0</numExecutions>
                <time>-1.0</time>
            </locationsNotCovered>
              <locationsNotCovered>
                <column>0</column>
                <line>307</line>
                <numExecutions>0</numExecutions>
                <time>-1.0</time>
            </locationsNotCovered>
              <locationsNotCovered>
                <column>0</column>
                <line>308</line>
                <numExecutions>0</numExecutions>
                <time>-1.0</time>
            </locationsNotCovered>
              <locationsNotCovered>
                <column>0</column>
                <line>309</line>
                <numExecutions>0</numExecutions>
                <time>-1.0</time>
            </locationsNotCovered>
              <locationsNotCovered>
                <column>0</column>
                <line>310</line>
                <numExecutions>0</numExecutions>
                <time>-1.0</time>
            </locationsNotCovered>
              <locationsNotCovered>
                <column>0</column>
                <line>312</line>
                <numExecutions>0</numExecutions>
                <time>-1.0</time>
            </locationsNotCovered>
              <locationsNotCovered>
                <column>0</column>
                <line>313</line>
                <numExecutions>0</numExecutions>
                <time>-1.0</time>
            </locationsNotCovered>
              <locationsNotCovered>
                <column>0</column>
                <line>314</line>
                <numExecutions>0</numExecutions>
                <time>-1.0</time>
            </locationsNotCovered>
              <locationsNotCovered>
                <column>0</column>
                <line>316</line>
                <numExecutions>0</numExecutions>
                <time>-1.0</time>
            </locationsNotCovered>
              <locationsNotCovered>
                <column>0</column>
                <line>317</line>
                <numExecutions>0</numExecutions>
                <time>-1.0</time>
            </locationsNotCovered>
              <name>OpportunityProductEntryExtension</name>
              <namespace xsi:nil="true"/>
                <numLocations>131</numLocations>
                <numLocationsNotCovered>128</numLocationsNotCovered>
                <type>Class</type>
            </codeCoverage>
              <codeCoverage>
                <id>01pD0000001IZa5IAG</id>
                <locationsNotCovered>
                  <column>0</column>
                  <line>82</line>
                  <numExecutions>0</numExecutions>
                  <time>-1.0</time>
              </locationsNotCovered>
                <locationsNotCovered>
                  <column>0</column>
                  <line>83</line>
                  <numExecutions>0</numExecutions>
                  <time>-1.0</time>
              </locationsNotCovered>
                <locationsNotCovered>
                  <column>0</column>
                  <line>84</line>
                  <numExecutions>0</numExecutions>
                  <time>-1.0</time>
              </locationsNotCovered>
                <locationsNotCovered>
                  <column>0</column>
                  <line>95</line>
                  <numExecutions>0</numExecutions>
                  <time>-1.0</time>
              </locationsNotCovered>
                <locationsNotCovered>
                  <column>0</column>
                  <line>96</line>
                  <numExecutions>0</numExecutions>
                  <time>-1.0</time>
              </locationsNotCovered>
                <locationsNotCovered>
                  <column>0</column>
                  <line>97</line>
                  <numExecutions>0</numExecutions>
                  <time>-1.0</time>
              </locationsNotCovered>
                <locationsNotCovered>
                  <column>0</column>
                  <line>108</line>
                  <numExecutions>0</numExecutions>
                  <time>-1.0</time>
              </locationsNotCovered>
                <locationsNotCovered>
                  <column>0</column>
                  <line>109</line>
                  <numExecutions>0</numExecutions>
                  <time>-1.0</time>
              </locationsNotCovered>
                <locationsNotCovered>
                  <column>0</column>
                  <line>110</line>
                  <numExecutions>0</numExecutions>
                  <time>-1.0</time>
              </locationsNotCovered>
                <locationsNotCovered>
                  <column>0</column>
                  <line>120</line>
                  <numExecutions>0</numExecutions>
                  <time>-1.0</time>
              </locationsNotCovered>
                <name>OpportunitySummarisedController</name>
                <namespace xsi:nil="true"/>
                  <numLocations>82</numLocations>
                  <numLocationsNotCovered>10</numLocationsNotCovered>
                  <type>Class</type>
              </codeCoverage>
                <codeCoverage>
                  <id>01pL0000000E8VtIAK</id>
                  <locationsNotCovered>
                    <column>0</column>
                    <line>4</line>
                    <numExecutions>0</numExecutions>
                    <time>-1.0</time>
                </locationsNotCovered>
                  <locationsNotCovered>
                    <column>0</column>
                    <line>13</line>
                    <numExecutions>0</numExecutions>
                    <time>-1.0</time>
                </locationsNotCovered>
                  <locationsNotCovered>
                    <column>0</column>
                    <line>53</line>
                    <numExecutions>0</numExecutions>
                    <time>-1.0</time>
                </locationsNotCovered>
                  <locationsNotCovered>
                    <column>0</column>
                    <line>187</line>
                    <numExecutions>0</numExecutions>
                    <time>-1.0</time>
                </locationsNotCovered>
                  <locationsNotCovered>
                    <column>0</column>
                    <line>189</line>
                    <numExecutions>0</numExecutions>
                    <time>-1.0</time>
                </locationsNotCovered>
                  <locationsNotCovered>
                    <column>0</column>
                    <line>200</line>
                    <numExecutions>0</numExecutions>
                    <time>-1.0</time>
                </locationsNotCovered>
                  <locationsNotCovered>
                    <column>0</column>
                    <line>246</line>
                    <numExecutions>0</numExecutions>
                    <time>-1.0</time>
                </locationsNotCovered>
                  <locationsNotCovered>
                    <column>0</column>
                    <line>252</line>
                    <numExecutions>0</numExecutions>
                    <time>-1.0</time>
                </locationsNotCovered>
                  <locationsNotCovered>
                    <column>0</column>
                    <line>253</line>
                    <numExecutions>0</numExecutions>
                    <time>-1.0</time>
                </locationsNotCovered>
                  <locationsNotCovered>
                    <column>0</column>
                    <line>256</line>
                    <numExecutions>0</numExecutions>
                    <time>-1.0</time>
                </locationsNotCovered>
                  <locationsNotCovered>
                    <column>0</column>
                    <line>258</line>
                    <numExecutions>0</numExecutions>
                    <time>-1.0</time>
                </locationsNotCovered>
                  <locationsNotCovered>
                    <column>0</column>
                    <line>259</line>
                    <numExecutions>0</numExecutions>
                    <time>-1.0</time>
                </locationsNotCovered>
                  <locationsNotCovered>
                    <column>0</column>
                    <line>260</line>
                    <numExecutions>0</numExecutions>
                    <time>-1.0</time>
                </locationsNotCovered>
                  <locationsNotCovered>
                    <column>0</column>
                    <line>262</line>
                    <numExecutions>0</numExecutions>
                    <time>-1.0</time>
                </locationsNotCovered>
                  <locationsNotCovered>
                    <column>0</column>
                    <line>264</line>
                    <numExecutions>0</numExecutions>
                    <time>-1.0</time>
                </locationsNotCovered>
                  <locationsNotCovered>
                    <column>0</column>
                    <line>268</line>
                    <numExecutions>0</numExecutions>
                    <time>-1.0</time>
                </locationsNotCovered>
                  <locationsNotCovered>
                    <column>0</column>
                    <line>278</line>
                    <numExecutions>0</numExecutions>
                    <time>-1.0</time>
                </locationsNotCovered>
                  <locationsNotCovered>
                    <column>0</column>
                    <line>331</line>
                    <numExecutions>0</numExecutions>
                    <time>-1.0</time>
                </locationsNotCovered>
                  <locationsNotCovered>
                    <column>0</column>
                    <line>343</line>
                    <numExecutions>0</numExecutions>
                    <time>-1.0</time>
                </locationsNotCovered>
                  <locationsNotCovered>
                    <column>0</column>
                    <line>345</line>
                    <numExecutions>0</numExecutions>
                    <time>-1.0</time>
                </locationsNotCovered>
                  <locationsNotCovered>
                    <column>0</column>
                    <line>347</line>
                    <numExecutions>0</numExecutions>
                    <time>-1.0</time>
                </locationsNotCovered>
                  <locationsNotCovered>
                    <column>0</column>
                    <line>348</line>
                    <numExecutions>0</numExecutions>
                    <time>-1.0</time>
                </locationsNotCovered>
                  <locationsNotCovered>
                    <column>0</column>
                    <line>351</line>
                    <numExecutions>0</numExecutions>
                    <time>-1.0</time>
                </locationsNotCovered>
                  <locationsNotCovered>
                    <column>0</column>
                    <line>352</line>
                    <numExecutions>0</numExecutions>
                    <time>-1.0</time>
                </locationsNotCovered>
                  <locationsNotCovered>
                    <column>0</column>
                    <line>354</line>
                    <numExecutions>0</numExecutions>
                    <time>-1.0</time>
                </locationsNotCovered>
                  <locationsNotCovered>
                    <column>0</column>
                    <line>355</line>
                    <numExecutions>0</numExecutions>
                    <time>-1.0</time>
                </locationsNotCovered>
                  <locationsNotCovered>
                    <column>0</column>
                    <line>356</line>
                    <numExecutions>0</numExecutions>
                    <time>-1.0</time>
                </locationsNotCovered>
                  <locationsNotCovered>
                    <column>0</column>
                    <line>358</line>
                    <numExecutions>0</numExecutions>
                    <time>-1.0</time>
                </locationsNotCovered>
                  <locationsNotCovered>
                    <column>0</column>
                    <line>359</line>
                    <numExecutions>0</numExecutions>
                    <time>-1.0</time>
                </locationsNotCovered>
                  <locationsNotCovered>
                    <column>0</column>
                    <line>360</line>
                    <numExecutions>0</numExecutions>
                    <time>-1.0</time>
                </locationsNotCovered>
                  <locationsNotCovered>
                    <column>0</column>
                    <line>361</line>
                    <numExecutions>0</numExecutions>
                    <time>-1.0</time>
                </locationsNotCovered>
                  <locationsNotCovered>
                    <column>0</column>
                    <line>364</line>
                    <numExecutions>0</numExecutions>
                    <time>-1.0</time>
                </locationsNotCovered>
                  <locationsNotCovered>
                    <column>0</column>
                    <line>365</line>
                    <numExecutions>0</numExecutions>
                    <time>-1.0</time>
                </locationsNotCovered>
                  <locationsNotCovered>
                    <column>0</column>
                    <line>366</line>
                    <numExecutions>0</numExecutions>
                    <time>-1.0</time>
                </locationsNotCovered>
                  <locationsNotCovered>
                    <column>0</column>
                    <line>367</line>
                    <numExecutions>0</numExecutions>
                    <time>-1.0</time>
                </locationsNotCovered>
                  <locationsNotCovered>
                    <column>0</column>
                    <line>368</line>
                    <numExecutions>0</numExecutions>
                    <time>-1.0</time>
                </locationsNotCovered>
                  <locationsNotCovered>
                    <column>0</column>
                    <line>369</line>
                    <numExecutions>0</numExecutions>
                    <time>-1.0</time>
                </locationsNotCovered>
                  <locationsNotCovered>
                    <column>0</column>
                    <line>370</line>
                    <numExecutions>0</numExecutions>
                    <time>-1.0</time>
                </locationsNotCovered>
                  <locationsNotCovered>
                    <column>0</column>
                    <line>371</line>
                    <numExecutions>0</numExecutions>
                    <time>-1.0</time>
                </locationsNotCovered>
                  <locationsNotCovered>
                    <column>0</column>
                    <line>372</line>
                    <numExecutions>0</numExecutions>
                    <time>-1.0</time>
                </locationsNotCovered>
                  <locationsNotCovered>
                    <column>0</column>
                    <line>373</line>
                    <numExecutions>0</numExecutions>
                    <time>-1.0</time>
                </locationsNotCovered>
                  <locationsNotCovered>
                    <column>0</column>
                    <line>374</line>
                    <numExecutions>0</numExecutions>
                    <time>-1.0</time>
                </locationsNotCovered>
                  <locationsNotCovered>
                    <column>0</column>
                    <line>375</line>
                    <numExecutions>0</numExecutions>
                    <time>-1.0</time>
                </locationsNotCovered>
                  <locationsNotCovered>
                    <column>0</column>
                    <line>380</line>
                    <numExecutions>0</numExecutions>
                    <time>-1.0</time>
                </locationsNotCovered>
                  <locationsNotCovered>
                    <column>0</column>
                    <line>381</line>
                    <numExecutions>0</numExecutions>
                    <time>-1.0</time>
                </locationsNotCovered>
                  <locationsNotCovered>
                    <column>0</column>
                    <line>382</line>
                    <numExecutions>0</numExecutions>
                    <time>-1.0</time>
                </locationsNotCovered>
                  <locationsNotCovered>
                    <column>0</column>
                    <line>383</line>
                    <numExecutions>0</numExecutions>
                    <time>-1.0</time>
                </locationsNotCovered>
                  <locationsNotCovered>
                    <column>0</column>
                    <line>384</line>
                    <numExecutions>0</numExecutions>
                    <time>-1.0</time>
                </locationsNotCovered>
                  <locationsNotCovered>
                    <column>0</column>
                    <line>385</line>
                    <numExecutions>0</numExecutions>
                    <time>-1.0</time>
                </locationsNotCovered>
                  <locationsNotCovered>
                    <column>0</column>
                    <line>386</line>
                    <numExecutions>0</numExecutions>
                    <time>-1.0</time>
                </locationsNotCovered>
                  <locationsNotCovered>
                    <column>0</column>
                    <line>387</line>
                    <numExecutions>0</numExecutions>
                    <time>-1.0</time>
                </locationsNotCovered>
                  <locationsNotCovered>
                    <column>0</column>
                    <line>388</line>
                    <numExecutions>0</numExecutions>
                    <time>-1.0</time>
                </locationsNotCovered>
                  <locationsNotCovered>
                    <column>0</column>
                    <line>389</line>
                    <numExecutions>0</numExecutions>
                    <time>-1.0</time>
                </locationsNotCovered>
                  <locationsNotCovered>
                    <column>0</column>
                    <line>390</line>
                    <numExecutions>0</numExecutions>
                    <time>-1.0</time>
                </locationsNotCovered>
                  <locationsNotCovered>
                    <column>0</column>
                    <line>391</line>
                    <numExecutions>0</numExecutions>
                    <time>-1.0</time>
                </locationsNotCovered>
                  <locationsNotCovered>
                    <column>0</column>
                    <line>411</line>
                    <numExecutions>0</numExecutions>
                    <time>-1.0</time>
                </locationsNotCovered>
                  <locationsNotCovered>
                    <column>0</column>
                    <line>413</line>
                    <numExecutions>0</numExecutions>
                    <time>-1.0</time>
                </locationsNotCovered>
                  <locationsNotCovered>
                    <column>0</column>
                    <line>416</line>
                    <numExecutions>0</numExecutions>
                    <time>-1.0</time>
                </locationsNotCovered>
                  <locationsNotCovered>
                    <column>0</column>
                    <line>417</line>
                    <numExecutions>0</numExecutions>
                    <time>-1.0</time>
                </locationsNotCovered>
                  <locationsNotCovered>
                    <column>0</column>
                    <line>419</line>
                    <numExecutions>0</numExecutions>
                    <time>-1.0</time>
                </locationsNotCovered>
                  <locationsNotCovered>
                    <column>0</column>
                    <line>421</line>
                    <numExecutions>0</numExecutions>
                    <time>-1.0</time>
                </locationsNotCovered>
                  <locationsNotCovered>
                    <column>0</column>
                    <line>425</line>
                    <numExecutions>0</numExecutions>
                    <time>-1.0</time>
                </locationsNotCovered>
                  <locationsNotCovered>
                    <column>0</column>
                    <line>426</line>
                    <numExecutions>0</numExecutions>
                    <time>-1.0</time>
                </locationsNotCovered>
                  <locationsNotCovered>
                    <column>0</column>
                    <line>428</line>
                    <numExecutions>0</numExecutions>
                    <time>-1.0</time>
                </locationsNotCovered>
                  <locationsNotCovered>
                    <column>0</column>
                    <line>431</line>
                    <numExecutions>0</numExecutions>
                    <time>-1.0</time>
                </locationsNotCovered>
                  <locationsNotCovered>
                    <column>0</column>
                    <line>436</line>
                    <numExecutions>0</numExecutions>
                    <time>-1.0</time>
                </locationsNotCovered>
                  <locationsNotCovered>
                    <column>0</column>
                    <line>437</line>
                    <numExecutions>0</numExecutions>
                    <time>-1.0</time>
                </locationsNotCovered>
                  <locationsNotCovered>
                    <column>0</column>
                    <line>438</line>
                    <numExecutions>0</numExecutions>
                    <time>-1.0</time>
                </locationsNotCovered>
                  <locationsNotCovered>
                    <column>0</column>
                    <line>439</line>
                    <numExecutions>0</numExecutions>
                    <time>-1.0</time>
                </locationsNotCovered>
                  <locationsNotCovered>
                    <column>0</column>
                    <line>440</line>
                    <numExecutions>0</numExecutions>
                    <time>-1.0</time>
                </locationsNotCovered>
                  <locationsNotCovered>
                    <column>0</column>
                    <line>442</line>
                    <numExecutions>0</numExecutions>
                    <time>-1.0</time>
                </locationsNotCovered>
                  <locationsNotCovered>
                    <column>0</column>
                    <line>443</line>
                    <numExecutions>0</numExecutions>
                    <time>-1.0</time>
                </locationsNotCovered>
                  <locationsNotCovered>
                    <column>0</column>
                    <line>444</line>
                    <numExecutions>0</numExecutions>
                    <time>-1.0</time>
                </locationsNotCovered>
                  <locationsNotCovered>
                    <column>0</column>
                    <line>448</line>
                    <numExecutions>0</numExecutions>
                    <time>-1.0</time>
                </locationsNotCovered>
                  <locationsNotCovered>
                    <column>0</column>
                    <line>449</line>
                    <numExecutions>0</numExecutions>
                    <time>-1.0</time>
                </locationsNotCovered>
                  <locationsNotCovered>
                    <column>0</column>
                    <line>452</line>
                    <numExecutions>0</numExecutions>
                    <time>-1.0</time>
                </locationsNotCovered>
                  <locationsNotCovered>
                    <column>0</column>
                    <line>456</line>
                    <numExecutions>0</numExecutions>
                    <time>-1.0</time>
                </locationsNotCovered>
                  <locationsNotCovered>
                    <column>0</column>
                    <line>458</line>
                    <numExecutions>0</numExecutions>
                    <time>-1.0</time>
                </locationsNotCovered>
                  <locationsNotCovered>
                    <column>0</column>
                    <line>459</line>
                    <numExecutions>0</numExecutions>
                    <time>-1.0</time>
                </locationsNotCovered>
                  <locationsNotCovered>
                    <column>0</column>
                    <line>460</line>
                    <numExecutions>0</numExecutions>
                    <time>-1.0</time>
                </locationsNotCovered>
                  <locationsNotCovered>
                    <column>0</column>
                    <line>462</line>
                    <numExecutions>0</numExecutions>
                    <time>-1.0</time>
                </locationsNotCovered>
                  <locationsNotCovered>
                    <column>0</column>
                    <line>466</line>
                    <numExecutions>0</numExecutions>
                    <time>-1.0</time>
                </locationsNotCovered>
                  <locationsNotCovered>
                    <column>0</column>
                    <line>467</line>
                    <numExecutions>0</numExecutions>
                    <time>-1.0</time>
                </locationsNotCovered>
                  <locationsNotCovered>
                    <column>0</column>
                    <line>468</line>
                    <numExecutions>0</numExecutions>
                    <time>-1.0</time>
                </locationsNotCovered>
                  <locationsNotCovered>
                    <column>0</column>
                    <line>469</line>
                    <numExecutions>0</numExecutions>
                    <time>-1.0</time>
                </locationsNotCovered>
                  <locationsNotCovered>
                    <column>0</column>
                    <line>471</line>
                    <numExecutions>0</numExecutions>
                    <time>-1.0</time>
                </locationsNotCovered>
                  <locationsNotCovered>
                    <column>0</column>
                    <line>494</line>
                    <numExecutions>0</numExecutions>
                    <time>-1.0</time>
                </locationsNotCovered>
                  <locationsNotCovered>
                    <column>0</column>
                    <line>505</line>
                    <numExecutions>0</numExecutions>
                    <time>-1.0</time>
                </locationsNotCovered>
                  <locationsNotCovered>
                    <column>0</column>
                    <line>506</line>
                    <numExecutions>0</numExecutions>
                    <time>-1.0</time>
                </locationsNotCovered>
                  <locationsNotCovered>
                    <column>0</column>
                    <line>507</line>
                    <numExecutions>0</numExecutions>
                    <time>-1.0</time>
                </locationsNotCovered>
                  <locationsNotCovered>
                    <column>0</column>
                    <line>509</line>
                    <numExecutions>0</numExecutions>
                    <time>-1.0</time>
                </locationsNotCovered>
                  <locationsNotCovered>
                    <column>0</column>
                    <line>510</line>
                    <numExecutions>0</numExecutions>
                    <time>-1.0</time>
                </locationsNotCovered>
                  <locationsNotCovered>
                    <column>0</column>
                    <line>513</line>
                    <numExecutions>0</numExecutions>
                    <time>-1.0</time>
                </locationsNotCovered>
                  <locationsNotCovered>
                    <column>0</column>
                    <line>514</line>
                    <numExecutions>0</numExecutions>
                    <time>-1.0</time>
                </locationsNotCovered>
                  <locationsNotCovered>
                    <column>0</column>
                    <line>515</line>
                    <numExecutions>0</numExecutions>
                    <time>-1.0</time>
                </locationsNotCovered>
                  <locationsNotCovered>
                    <column>0</column>
                    <line>516</line>
                    <numExecutions>0</numExecutions>
                    <time>-1.0</time>
                </locationsNotCovered>
                  <locationsNotCovered>
                    <column>0</column>
                    <line>517</line>
                    <numExecutions>0</numExecutions>
                    <time>-1.0</time>
                </locationsNotCovered>
                  <locationsNotCovered>
                    <column>0</column>
                    <line>518</line>
                    <numExecutions>0</numExecutions>
                    <time>-1.0</time>
                </locationsNotCovered>
                  <locationsNotCovered>
                    <column>0</column>
                    <line>520</line>
                    <numExecutions>0</numExecutions>
                    <time>-1.0</time>
                </locationsNotCovered>
                  <locationsNotCovered>
                    <column>0</column>
                    <line>521</line>
                    <numExecutions>0</numExecutions>
                    <time>-1.0</time>
                </locationsNotCovered>
                  <locationsNotCovered>
                    <column>0</column>
                    <line>522</line>
                    <numExecutions>0</numExecutions>
                    <time>-1.0</time>
                </locationsNotCovered>
                  <name>Zendesk</name>
                  <namespace>Zendesk</namespace>
                  <numLocations>363</numLocations>
                  <numLocationsNotCovered>101</numLocationsNotCovered>
                  <type>Class</type>
              </codeCoverage>
                <codeCoverage>
                  <id>01pL0000000E8VQIA0</id>
                  <name>ApexSchedulerClassForAccounts</name>
                  <namespace>Zendesk</namespace>
                  <numLocations>2</numLocations>
                  <numLocationsNotCovered>0</numLocationsNotCovered>
                  <type>Class</type>
              </codeCoverage>
                <codeCoverage>
                  <id>01pL0000000E8VYIA0</id>
                  <locationsNotCovered>
                    <column>0</column>
                    <line>14</line>
                    <numExecutions>0</numExecutions>
                    <time>-1.0</time>
                </locationsNotCovered>
                  <locationsNotCovered>
                    <column>0</column>
                    <line>15</line>
                    <numExecutions>0</numExecutions>
                    <time>-1.0</time>
                </locationsNotCovered>
                  <locationsNotCovered>
                    <column>0</column>
                    <line>22</line>
                    <numExecutions>0</numExecutions>
                    <time>-1.0</time>
                </locationsNotCovered>
                  <locationsNotCovered>
                    <column>0</column>
                    <line>23</line>
                    <numExecutions>0</numExecutions>
                    <time>-1.0</time>
                </locationsNotCovered>
                  <locationsNotCovered>
                    <column>0</column>
                    <line>27</line>
                    <numExecutions>0</numExecutions>
                    <time>-1.0</time>
                </locationsNotCovered>
                  <locationsNotCovered>
                    <column>0</column>
                    <line>30</line>
                    <numExecutions>0</numExecutions>
                    <time>-1.0</time>
                </locationsNotCovered>
                  <name>CtrlSyncLeadsAndZendeskUsersScheduled</name>
                  <namespace>Zendesk</namespace>
                  <numLocations>6</numLocations>
                  <numLocationsNotCovered>6</numLocationsNotCovered>
                  <type>Class</type>
              </codeCoverage>
                <codeCoverage>
                  <id>01pL0000000E8VlIAK</id>
                  <locationsNotCovered>
                    <column>0</column>
                    <line>19</line>
                    <numExecutions>0</numExecutions>
                    <time>-1.0</time>
                </locationsNotCovered>
                  <locationsNotCovered>
                    <column>0</column>
                    <line>20</line>
                    <numExecutions>0</numExecutions>
                    <time>-1.0</time>
                </locationsNotCovered>
                  <locationsNotCovered>
                    <column>0</column>
                    <line>21</line>
                    <numExecutions>0</numExecutions>
                    <time>-1.0</time>
                </locationsNotCovered>
                  <name>RedirectToZendeskSetting</name>
                  <namespace>Zendesk</namespace>
                  <numLocations>15</numLocations>
                  <numLocationsNotCovered>3</numLocationsNotCovered>
                  <type>Class</type>
              </codeCoverage>
                <codeCoverage>
                  <id>01pL0000000E8W7IAK</id>
                  <locationsNotCovered>
                    <column>0</column>
                    <line>62</line>
                    <numExecutions>0</numExecutions>
                    <time>-1.0</time>
                </locationsNotCovered>
                  <locationsNotCovered>
                    <column>0</column>
                    <line>63</line>
                    <numExecutions>0</numExecutions>
                    <time>-1.0</time>
                </locationsNotCovered>
                  <locationsNotCovered>
                    <column>0</column>
                    <line>67</line>
                    <numExecutions>0</numExecutions>
                    <time>-1.0</time>
                </locationsNotCovered>
                  <locationsNotCovered>
                    <column>0</column>
                    <line>70</line>
                    <numExecutions>0</numExecutions>
                    <time>-1.0</time>
                </locationsNotCovered>
                  <locationsNotCovered>
                    <column>0</column>
                    <line>73</line>
                    <numExecutions>0</numExecutions>
                    <time>-1.0</time>
                </locationsNotCovered>
                  <locationsNotCovered>
                    <column>0</column>
                    <line>78</line>
                    <numExecutions>0</numExecutions>
                    <time>-1.0</time>
                </locationsNotCovered>
                  <locationsNotCovered>
                    <column>0</column>
                    <line>150</line>
                    <numExecutions>0</numExecutions>
                    <time>-1.0</time>
                </locationsNotCovered>
                  <locationsNotCovered>
                    <column>0</column>
                    <line>151</line>
                    <numExecutions>0</numExecutions>
                    <time>-1.0</time>
                </locationsNotCovered>
                  <locationsNotCovered>
                    <column>0</column>
                    <line>153</line>
                    <numExecutions>0</numExecutions>
                    <time>-1.0</time>
                </locationsNotCovered>
                  <locationsNotCovered>
                    <column>0</column>
                    <line>167</line>
                    <numExecutions>0</numExecutions>
                    <time>-1.0</time>
                </locationsNotCovered>
                  <locationsNotCovered>
                    <column>0</column>
                    <line>301</line>
                    <numExecutions>0</numExecutions>
                    <time>-1.0</time>
                </locationsNotCovered>
                  <locationsNotCovered>
                    <column>0</column>
                    <line>302</line>
                    <numExecutions>0</numExecutions>
                    <time>-1.0</time>
                </locationsNotCovered>
                  <locationsNotCovered>
                    <column>0</column>
                    <line>304</line>
                    <numExecutions>0</numExecutions>
                    <time>-1.0</time>
                </locationsNotCovered>
                  <locationsNotCovered>
                    <column>0</column>
                    <line>333</line>
                    <numExecutions>0</numExecutions>
                    <time>-1.0</time>
                </locationsNotCovered>
                  <name>ZendeskSettings</name>
                  <namespace>Zendesk</namespace>
                  <numLocations>202</numLocations>
                  <numLocationsNotCovered>14</numLocationsNotCovered>
                  <type>Class</type>
              </codeCoverage>
                <codeCoverage>
                  <id>01pL0000000E8WPIA0</id>
                  <locationsNotCovered>
                    <column>0</column>
                    <line>7</line>
                    <numExecutions>0</numExecutions>
                    <time>-1.0</time>
                </locationsNotCovered>
                  <locationsNotCovered>
                    <column>0</column>
                    <line>113</line>
                    <numExecutions>0</numExecutions>
                    <time>-1.0</time>
                </locationsNotCovered>
                  <locationsNotCovered>
                    <column>0</column>
                    <line>114</line>
                    <numExecutions>0</numExecutions>
                    <time>-1.0</time>
                </locationsNotCovered>
                  <locationsNotCovered>
                    <column>0</column>
                    <line>115</line>
                    <numExecutions>0</numExecutions>
                    <time>-1.0</time>
                </locationsNotCovered>
                  <locationsNotCovered>
                    <column>0</column>
                    <line>117</line>
                    <numExecutions>0</numExecutions>
                    <time>-1.0</time>
                </locationsNotCovered>
                  <name>ZendeskWidgetConfigController</name>
                  <namespace>Zendesk</namespace>
                  <numLocations>78</numLocations>
                  <numLocationsNotCovered>5</numLocationsNotCovered>
                  <type>Class</type>
              </codeCoverage>
                <codeCoverage>
                  <id>01pD0000001IbKRIA0</id>
                  <locationsNotCovered>
                    <column>0</column>
                    <line>64</line>
                    <numExecutions>0</numExecutions>
                    <time>-1.0</time>
                </locationsNotCovered>
                  <locationsNotCovered>
                    <column>0</column>
                    <line>70</line>
                    <numExecutions>0</numExecutions>
                    <time>-1.0</time>
                </locationsNotCovered>
                  <locationsNotCovered>
                    <column>0</column>
                    <line>71</line>
                    <numExecutions>0</numExecutions>
                    <time>-1.0</time>
                </locationsNotCovered>
                  <locationsNotCovered>
                    <column>0</column>
                    <line>73</line>
                    <numExecutions>0</numExecutions>
                    <time>-1.0</time>
                </locationsNotCovered>
                  <locationsNotCovered>
                    <column>0</column>
                    <line>75</line>
                    <numExecutions>0</numExecutions>
                    <time>-1.0</time>
                </locationsNotCovered>
                  <locationsNotCovered>
                    <column>0</column>
                    <line>76</line>
                    <numExecutions>0</numExecutions>
                    <time>-1.0</time>
                </locationsNotCovered>
                  <locationsNotCovered>
                    <column>0</column>
                    <line>85</line>
                    <numExecutions>0</numExecutions>
                    <time>-1.0</time>
                </locationsNotCovered>
                  <locationsNotCovered>
                    <column>0</column>
                    <line>91</line>
                    <numExecutions>0</numExecutions>
                    <time>-1.0</time>
                </locationsNotCovered>
                  <locationsNotCovered>
                    <column>0</column>
                    <line>92</line>
                    <numExecutions>0</numExecutions>
                    <time>-1.0</time>
                </locationsNotCovered>
                  <locationsNotCovered>
                    <column>0</column>
                    <line>94</line>
                    <numExecutions>0</numExecutions>
                    <time>-1.0</time>
                </locationsNotCovered>
                  <locationsNotCovered>
                    <column>0</column>
                    <line>96</line>
                    <numExecutions>0</numExecutions>
                    <time>-1.0</time>
                </locationsNotCovered>
                  <locationsNotCovered>
                    <column>0</column>
                    <line>97</line>
                    <numExecutions>0</numExecutions>
                    <time>-1.0</time>
                </locationsNotCovered>
                  <locationsNotCovered>
                    <column>0</column>
                    <line>104</line>
                    <numExecutions>0</numExecutions>
                    <time>-1.0</time>
                </locationsNotCovered>
                  <name>OrderSummarisedController</name>
                  <namespace xsi:nil="true"/>
                    <numLocations>66</numLocations>
                    <numLocationsNotCovered>13</numLocationsNotCovered>
                    <type>Class</type>
                </codeCoverage>
                  <codeCoverage>
                    <id>01pL0000000EFBwIAO</id>
                    <locationsNotCovered>
                      <column>0</column>
                      <line>2</line>
                      <numExecutions>0</numExecutions>
                      <time>-1.0</time>
                  </locationsNotCovered>
                    <locationsNotCovered>
                      <column>0</column>
                      <line>7</line>
                      <numExecutions>0</numExecutions>
                      <time>-1.0</time>
                  </locationsNotCovered>
                    <locationsNotCovered>
                      <column>0</column>
                      <line>8</line>
                      <numExecutions>0</numExecutions>
                      <time>-1.0</time>
                  </locationsNotCovered>
                    <locationsNotCovered>
                      <column>0</column>
                      <line>9</line>
                      <numExecutions>0</numExecutions>
                      <time>-1.0</time>
                  </locationsNotCovered>
                    <locationsNotCovered>
                      <column>0</column>
                      <line>11</line>
                      <numExecutions>0</numExecutions>
                      <time>-1.0</time>
                  </locationsNotCovered>
                    <locationsNotCovered>
                      <column>0</column>
                      <line>12</line>
                      <numExecutions>0</numExecutions>
                      <time>-1.0</time>
                  </locationsNotCovered>
                    <locationsNotCovered>
                      <column>0</column>
                      <line>13</line>
                      <numExecutions>0</numExecutions>
                      <time>-1.0</time>
                  </locationsNotCovered>
                    <locationsNotCovered>
                      <column>0</column>
                      <line>14</line>
                      <numExecutions>0</numExecutions>
                      <time>-1.0</time>
                  </locationsNotCovered>
                    <locationsNotCovered>
                      <column>0</column>
                      <line>17</line>
                      <numExecutions>0</numExecutions>
                      <time>-1.0</time>
                  </locationsNotCovered>
                    <locationsNotCovered>
                      <column>0</column>
                      <line>19</line>
                      <numExecutions>0</numExecutions>
                      <time>-1.0</time>
                  </locationsNotCovered>
                    <locationsNotCovered>
                      <column>0</column>
                      <line>20</line>
                      <numExecutions>0</numExecutions>
                      <time>-1.0</time>
                  </locationsNotCovered>
                    <locationsNotCovered>
                      <column>0</column>
                      <line>21</line>
                      <numExecutions>0</numExecutions>
                      <time>-1.0</time>
                  </locationsNotCovered>
                    <locationsNotCovered>
                      <column>0</column>
                      <line>26</line>
                      <numExecutions>0</numExecutions>
                      <time>-1.0</time>
                  </locationsNotCovered>
                    <locationsNotCovered>
                      <column>0</column>
                      <line>28</line>
                      <numExecutions>0</numExecutions>
                      <time>-1.0</time>
                  </locationsNotCovered>
                    <locationsNotCovered>
                      <column>0</column>
                      <line>33</line>
                      <numExecutions>0</numExecutions>
                      <time>-1.0</time>
                  </locationsNotCovered>
                    <locationsNotCovered>
                      <column>0</column>
                      <line>35</line>
                      <numExecutions>0</numExecutions>
                      <time>-1.0</time>
                  </locationsNotCovered>
                    <locationsNotCovered>
                      <column>0</column>
                      <line>36</line>
                      <numExecutions>0</numExecutions>
                      <time>-1.0</time>
                  </locationsNotCovered>
                    <locationsNotCovered>
                      <column>0</column>
                      <line>37</line>
                      <numExecutions>0</numExecutions>
                      <time>-1.0</time>
                  </locationsNotCovered>
                    <locationsNotCovered>
                      <column>0</column>
                      <line>42</line>
                      <numExecutions>0</numExecutions>
                      <time>-1.0</time>
                  </locationsNotCovered>
                    <locationsNotCovered>
                      <column>0</column>
                      <line>44</line>
                      <numExecutions>0</numExecutions>
                      <time>-1.0</time>
                  </locationsNotCovered>
                    <locationsNotCovered>
                      <column>0</column>
                      <line>45</line>
                      <numExecutions>0</numExecutions>
                      <time>-1.0</time>
                  </locationsNotCovered>
                    <locationsNotCovered>
                      <column>0</column>
                      <line>46</line>
                      <numExecutions>0</numExecutions>
                      <time>-1.0</time>
                  </locationsNotCovered>
                    <locationsNotCovered>
                      <column>0</column>
                      <line>47</line>
                      <numExecutions>0</numExecutions>
                      <time>-1.0</time>
                  </locationsNotCovered>
                    <locationsNotCovered>
                      <column>0</column>
                      <line>48</line>
                      <numExecutions>0</numExecutions>
                      <time>-1.0</time>
                  </locationsNotCovered>
                    <locationsNotCovered>
                      <column>0</column>
                      <line>56</line>
                      <numExecutions>0</numExecutions>
                      <time>-1.0</time>
                  </locationsNotCovered>
                    <locationsNotCovered>
                      <column>0</column>
                      <line>57</line>
                      <numExecutions>0</numExecutions>
                      <time>-1.0</time>
                  </locationsNotCovered>
                    <locationsNotCovered>
                      <column>0</column>
                      <line>58</line>
                      <numExecutions>0</numExecutions>
                      <time>-1.0</time>
                  </locationsNotCovered>
                    <locationsNotCovered>
                      <column>0</column>
                      <line>59</line>
                      <numExecutions>0</numExecutions>
                      <time>-1.0</time>
                  </locationsNotCovered>
                    <locationsNotCovered>
                      <column>0</column>
                      <line>60</line>
                      <numExecutions>0</numExecutions>
                      <time>-1.0</time>
                  </locationsNotCovered>
                    <locationsNotCovered>
                      <column>0</column>
                      <line>62</line>
                      <numExecutions>0</numExecutions>
                      <time>-1.0</time>
                  </locationsNotCovered>
                    <locationsNotCovered>
                      <column>0</column>
                      <line>63</line>
                      <numExecutions>0</numExecutions>
                      <time>-1.0</time>
                  </locationsNotCovered>
                    <locationsNotCovered>
                      <column>0</column>
                      <line>66</line>
                      <numExecutions>0</numExecutions>
                      <time>-1.0</time>
                  </locationsNotCovered>
                    <locationsNotCovered>
                      <column>0</column>
                      <line>68</line>
                      <numExecutions>0</numExecutions>
                      <time>-1.0</time>
                  </locationsNotCovered>
                    <locationsNotCovered>
                      <column>0</column>
                      <line>71</line>
                      <numExecutions>0</numExecutions>
                      <time>-1.0</time>
                  </locationsNotCovered>
                    <locationsNotCovered>
                      <column>0</column>
                      <line>72</line>
                      <numExecutions>0</numExecutions>
                      <time>-1.0</time>
                  </locationsNotCovered>
                    <locationsNotCovered>
                      <column>0</column>
                      <line>73</line>
                      <numExecutions>0</numExecutions>
                      <time>-1.0</time>
                  </locationsNotCovered>
                    <locationsNotCovered>
                      <column>0</column>
                      <line>74</line>
                      <numExecutions>0</numExecutions>
                      <time>-1.0</time>
                  </locationsNotCovered>
                    <locationsNotCovered>
                      <column>0</column>
                      <line>75</line>
                      <numExecutions>0</numExecutions>
                      <time>-1.0</time>
                  </locationsNotCovered>
                    <locationsNotCovered>
                      <column>0</column>
                      <line>76</line>
                      <numExecutions>0</numExecutions>
                      <time>-1.0</time>
                  </locationsNotCovered>
                    <locationsNotCovered>
                      <column>0</column>
                      <line>77</line>
                      <numExecutions>0</numExecutions>
                      <time>-1.0</time>
                  </locationsNotCovered>
                    <locationsNotCovered>
                      <column>0</column>
                      <line>78</line>
                      <numExecutions>0</numExecutions>
                      <time>-1.0</time>
                  </locationsNotCovered>
                    <locationsNotCovered>
                      <column>0</column>
                      <line>79</line>
                      <numExecutions>0</numExecutions>
                      <time>-1.0</time>
                  </locationsNotCovered>
                    <locationsNotCovered>
                      <column>0</column>
                      <line>84</line>
                      <numExecutions>0</numExecutions>
                      <time>-1.0</time>
                  </locationsNotCovered>
                    <locationsNotCovered>
                      <column>0</column>
                      <line>87</line>
                      <numExecutions>0</numExecutions>
                      <time>-1.0</time>
                  </locationsNotCovered>
                    <locationsNotCovered>
                      <column>0</column>
                      <line>88</line>
                      <numExecutions>0</numExecutions>
                      <time>-1.0</time>
                  </locationsNotCovered>
                    <locationsNotCovered>
                      <column>0</column>
                      <line>90</line>
                      <numExecutions>0</numExecutions>
                      <time>-1.0</time>
                  </locationsNotCovered>
                    <locationsNotCovered>
                      <column>0</column>
                      <line>91</line>
                      <numExecutions>0</numExecutions>
                      <time>-1.0</time>
                  </locationsNotCovered>
                    <locationsNotCovered>
                      <column>0</column>
                      <line>92</line>
                      <numExecutions>0</numExecutions>
                      <time>-1.0</time>
                  </locationsNotCovered>
                    <locationsNotCovered>
                      <column>0</column>
                      <line>93</line>
                      <numExecutions>0</numExecutions>
                      <time>-1.0</time>
                  </locationsNotCovered>
                    <locationsNotCovered>
                      <column>0</column>
                      <line>95</line>
                      <numExecutions>0</numExecutions>
                      <time>-1.0</time>
                  </locationsNotCovered>
                    <locationsNotCovered>
                      <column>0</column>
                      <line>96</line>
                      <numExecutions>0</numExecutions>
                      <time>-1.0</time>
                  </locationsNotCovered>
                    <locationsNotCovered>
                      <column>0</column>
                      <line>97</line>
                      <numExecutions>0</numExecutions>
                      <time>-1.0</time>
                  </locationsNotCovered>
                    <locationsNotCovered>
                      <column>0</column>
                      <line>98</line>
                      <numExecutions>0</numExecutions>
                      <time>-1.0</time>
                  </locationsNotCovered>
                    <locationsNotCovered>
                      <column>0</column>
                      <line>99</line>
                      <numExecutions>0</numExecutions>
                      <time>-1.0</time>
                  </locationsNotCovered>
                    <locationsNotCovered>
                      <column>0</column>
                      <line>100</line>
                      <numExecutions>0</numExecutions>
                      <time>-1.0</time>
                  </locationsNotCovered>
                    <locationsNotCovered>
                      <column>0</column>
                      <line>101</line>
                      <numExecutions>0</numExecutions>
                      <time>-1.0</time>
                  </locationsNotCovered>
                    <locationsNotCovered>
                      <column>0</column>
                      <line>102</line>
                      <numExecutions>0</numExecutions>
                      <time>-1.0</time>
                  </locationsNotCovered>
                    <locationsNotCovered>
                      <column>0</column>
                      <line>103</line>
                      <numExecutions>0</numExecutions>
                      <time>-1.0</time>
                  </locationsNotCovered>
                    <locationsNotCovered>
                      <column>0</column>
                      <line>104</line>
                      <numExecutions>0</numExecutions>
                      <time>-1.0</time>
                  </locationsNotCovered>
                    <locationsNotCovered>
                      <column>0</column>
                      <line>105</line>
                      <numExecutions>0</numExecutions>
                      <time>-1.0</time>
                  </locationsNotCovered>
                    <locationsNotCovered>
                      <column>0</column>
                      <line>106</line>
                      <numExecutions>0</numExecutions>
                      <time>-1.0</time>
                  </locationsNotCovered>
                    <locationsNotCovered>
                      <column>0</column>
                      <line>107</line>
                      <numExecutions>0</numExecutions>
                      <time>-1.0</time>
                  </locationsNotCovered>
                    <locationsNotCovered>
                      <column>0</column>
                      <line>108</line>
                      <numExecutions>0</numExecutions>
                      <time>-1.0</time>
                  </locationsNotCovered>
                    <locationsNotCovered>
                      <column>0</column>
                      <line>109</line>
                      <numExecutions>0</numExecutions>
                      <time>-1.0</time>
                  </locationsNotCovered>
                    <locationsNotCovered>
                      <column>0</column>
                      <line>110</line>
                      <numExecutions>0</numExecutions>
                      <time>-1.0</time>
                  </locationsNotCovered>
                    <locationsNotCovered>
                      <column>0</column>
                      <line>111</line>
                      <numExecutions>0</numExecutions>
                      <time>-1.0</time>
                  </locationsNotCovered>
                    <locationsNotCovered>
                      <column>0</column>
                      <line>112</line>
                      <numExecutions>0</numExecutions>
                      <time>-1.0</time>
                  </locationsNotCovered>
                    <locationsNotCovered>
                      <column>0</column>
                      <line>113</line>
                      <numExecutions>0</numExecutions>
                      <time>-1.0</time>
                  </locationsNotCovered>
                    <locationsNotCovered>
                      <column>0</column>
                      <line>114</line>
                      <numExecutions>0</numExecutions>
                      <time>-1.0</time>
                  </locationsNotCovered>
                    <locationsNotCovered>
                      <column>0</column>
                      <line>116</line>
                      <numExecutions>0</numExecutions>
                      <time>-1.0</time>
                  </locationsNotCovered>
                    <locationsNotCovered>
                      <column>0</column>
                      <line>117</line>
                      <numExecutions>0</numExecutions>
                      <time>-1.0</time>
                  </locationsNotCovered>
                    <locationsNotCovered>
                      <column>0</column>
                      <line>118</line>
                      <numExecutions>0</numExecutions>
                      <time>-1.0</time>
                  </locationsNotCovered>
                    <locationsNotCovered>
                      <column>0</column>
                      <line>119</line>
                      <numExecutions>0</numExecutions>
                      <time>-1.0</time>
                  </locationsNotCovered>
                    <locationsNotCovered>
                      <column>0</column>
                      <line>122</line>
                      <numExecutions>0</numExecutions>
                      <time>-1.0</time>
                  </locationsNotCovered>
                    <locationsNotCovered>
                      <column>0</column>
                      <line>123</line>
                      <numExecutions>0</numExecutions>
                      <time>-1.0</time>
                  </locationsNotCovered>
                    <locationsNotCovered>
                      <column>0</column>
                      <line>124</line>
                      <numExecutions>0</numExecutions>
                      <time>-1.0</time>
                  </locationsNotCovered>
                    <locationsNotCovered>
                      <column>0</column>
                      <line>125</line>
                      <numExecutions>0</numExecutions>
                      <time>-1.0</time>
                  </locationsNotCovered>
                    <locationsNotCovered>
                      <column>0</column>
                      <line>128</line>
                      <numExecutions>0</numExecutions>
                      <time>-1.0</time>
                  </locationsNotCovered>
                    <locationsNotCovered>
                      <column>0</column>
                      <line>129</line>
                      <numExecutions>0</numExecutions>
                      <time>-1.0</time>
                  </locationsNotCovered>
                    <locationsNotCovered>
                      <column>0</column>
                      <line>130</line>
                      <numExecutions>0</numExecutions>
                      <time>-1.0</time>
                  </locationsNotCovered>
                    <locationsNotCovered>
                      <column>0</column>
                      <line>131</line>
                      <numExecutions>0</numExecutions>
                      <time>-1.0</time>
                  </locationsNotCovered>
                    <locationsNotCovered>
                      <column>0</column>
                      <line>132</line>
                      <numExecutions>0</numExecutions>
                      <time>-1.0</time>
                  </locationsNotCovered>
                    <locationsNotCovered>
                      <column>0</column>
                      <line>133</line>
                      <numExecutions>0</numExecutions>
                      <time>-1.0</time>
                  </locationsNotCovered>
                    <locationsNotCovered>
                      <column>0</column>
                      <line>134</line>
                      <numExecutions>0</numExecutions>
                      <time>-1.0</time>
                  </locationsNotCovered>
                    <locationsNotCovered>
                      <column>0</column>
                      <line>135</line>
                      <numExecutions>0</numExecutions>
                      <time>-1.0</time>
                  </locationsNotCovered>
                    <locationsNotCovered>
                      <column>0</column>
                      <line>136</line>
                      <numExecutions>0</numExecutions>
                      <time>-1.0</time>
                  </locationsNotCovered>
                    <locationsNotCovered>
                      <column>0</column>
                      <line>138</line>
                      <numExecutions>0</numExecutions>
                      <time>-1.0</time>
                  </locationsNotCovered>
                    <locationsNotCovered>
                      <column>0</column>
                      <line>139</line>
                      <numExecutions>0</numExecutions>
                      <time>-1.0</time>
                  </locationsNotCovered>
                    <locationsNotCovered>
                      <column>0</column>
                      <line>140</line>
                      <numExecutions>0</numExecutions>
                      <time>-1.0</time>
                  </locationsNotCovered>
                    <locationsNotCovered>
                      <column>0</column>
                      <line>141</line>
                      <numExecutions>0</numExecutions>
                      <time>-1.0</time>
                  </locationsNotCovered>
                    <locationsNotCovered>
                      <column>0</column>
                      <line>145</line>
                      <numExecutions>0</numExecutions>
                      <time>-1.0</time>
                  </locationsNotCovered>
                    <locationsNotCovered>
                      <column>0</column>
                      <line>146</line>
                      <numExecutions>0</numExecutions>
                      <time>-1.0</time>
                  </locationsNotCovered>
                    <locationsNotCovered>
                      <column>0</column>
                      <line>147</line>
                      <numExecutions>0</numExecutions>
                      <time>-1.0</time>
                  </locationsNotCovered>
                    <locationsNotCovered>
                      <column>0</column>
                      <line>148</line>
                      <numExecutions>0</numExecutions>
                      <time>-1.0</time>
                  </locationsNotCovered>
                    <locationsNotCovered>
                      <column>0</column>
                      <line>149</line>
                      <numExecutions>0</numExecutions>
                      <time>-1.0</time>
                  </locationsNotCovered>
                    <locationsNotCovered>
                      <column>0</column>
                      <line>150</line>
                      <numExecutions>0</numExecutions>
                      <time>-1.0</time>
                  </locationsNotCovered>
                    <locationsNotCovered>
                      <column>0</column>
                      <line>151</line>
                      <numExecutions>0</numExecutions>
                      <time>-1.0</time>
                  </locationsNotCovered>
                    <locationsNotCovered>
                      <column>0</column>
                      <line>152</line>
                      <numExecutions>0</numExecutions>
                      <time>-1.0</time>
                  </locationsNotCovered>
                    <locationsNotCovered>
                      <column>0</column>
                      <line>153</line>
                      <numExecutions>0</numExecutions>
                      <time>-1.0</time>
                  </locationsNotCovered>
                    <locationsNotCovered>
                      <column>0</column>
                      <line>155</line>
                      <numExecutions>0</numExecutions>
                      <time>-1.0</time>
                  </locationsNotCovered>
                    <locationsNotCovered>
                      <column>0</column>
                      <line>156</line>
                      <numExecutions>0</numExecutions>
                      <time>-1.0</time>
                  </locationsNotCovered>
                    <locationsNotCovered>
                      <column>0</column>
                      <line>157</line>
                      <numExecutions>0</numExecutions>
                      <time>-1.0</time>
                  </locationsNotCovered>
                    <locationsNotCovered>
                      <column>0</column>
                      <line>158</line>
                      <numExecutions>0</numExecutions>
                      <time>-1.0</time>
                  </locationsNotCovered>
                    <locationsNotCovered>
                      <column>0</column>
                      <line>162</line>
                      <numExecutions>0</numExecutions>
                      <time>-1.0</time>
                  </locationsNotCovered>
                    <locationsNotCovered>
                      <column>0</column>
                      <line>163</line>
                      <numExecutions>0</numExecutions>
                      <time>-1.0</time>
                  </locationsNotCovered>
                    <locationsNotCovered>
                      <column>0</column>
                      <line>164</line>
                      <numExecutions>0</numExecutions>
                      <time>-1.0</time>
                  </locationsNotCovered>
                    <locationsNotCovered>
                      <column>0</column>
                      <line>165</line>
                      <numExecutions>0</numExecutions>
                      <time>-1.0</time>
                  </locationsNotCovered>
                    <locationsNotCovered>
                      <column>0</column>
                      <line>168</line>
                      <numExecutions>0</numExecutions>
                      <time>-1.0</time>
                  </locationsNotCovered>
                    <locationsNotCovered>
                      <column>0</column>
                      <line>179</line>
                      <numExecutions>0</numExecutions>
                      <time>-1.0</time>
                  </locationsNotCovered>
                    <locationsNotCovered>
                      <column>0</column>
                      <line>180</line>
                      <numExecutions>0</numExecutions>
                      <time>-1.0</time>
                  </locationsNotCovered>
                    <locationsNotCovered>
                      <column>0</column>
                      <line>182</line>
                      <numExecutions>0</numExecutions>
                      <time>-1.0</time>
                  </locationsNotCovered>
                    <locationsNotCovered>
                      <column>0</column>
                      <line>183</line>
                      <numExecutions>0</numExecutions>
                      <time>-1.0</time>
                  </locationsNotCovered>
                    <locationsNotCovered>
                      <column>0</column>
                      <line>184</line>
                      <numExecutions>0</numExecutions>
                      <time>-1.0</time>
                  </locationsNotCovered>
                    <locationsNotCovered>
                      <column>0</column>
                      <line>185</line>
                      <numExecutions>0</numExecutions>
                      <time>-1.0</time>
                  </locationsNotCovered>
                    <locationsNotCovered>
                      <column>0</column>
                      <line>186</line>
                      <numExecutions>0</numExecutions>
                      <time>-1.0</time>
                  </locationsNotCovered>
                    <locationsNotCovered>
                      <column>0</column>
                      <line>187</line>
                      <numExecutions>0</numExecutions>
                      <time>-1.0</time>
                  </locationsNotCovered>
                    <locationsNotCovered>
                      <column>0</column>
                      <line>188</line>
                      <numExecutions>0</numExecutions>
                      <time>-1.0</time>
                  </locationsNotCovered>
                    <locationsNotCovered>
                      <column>0</column>
                      <line>189</line>
                      <numExecutions>0</numExecutions>
                      <time>-1.0</time>
                  </locationsNotCovered>
                    <locationsNotCovered>
                      <column>0</column>
                      <line>190</line>
                      <numExecutions>0</numExecutions>
                      <time>-1.0</time>
                  </locationsNotCovered>
                    <locationsNotCovered>
                      <column>0</column>
                      <line>191</line>
                      <numExecutions>0</numExecutions>
                      <time>-1.0</time>
                  </locationsNotCovered>
                    <locationsNotCovered>
                      <column>0</column>
                      <line>192</line>
                      <numExecutions>0</numExecutions>
                      <time>-1.0</time>
                  </locationsNotCovered>
                    <locationsNotCovered>
                      <column>0</column>
                      <line>193</line>
                      <numExecutions>0</numExecutions>
                      <time>-1.0</time>
                  </locationsNotCovered>
                    <locationsNotCovered>
                      <column>0</column>
                      <line>194</line>
                      <numExecutions>0</numExecutions>
                      <time>-1.0</time>
                  </locationsNotCovered>
                    <locationsNotCovered>
                      <column>0</column>
                      <line>195</line>
                      <numExecutions>0</numExecutions>
                      <time>-1.0</time>
                  </locationsNotCovered>
                    <locationsNotCovered>
                      <column>0</column>
                      <line>196</line>
                      <numExecutions>0</numExecutions>
                      <time>-1.0</time>
                  </locationsNotCovered>
                    <locationsNotCovered>
                      <column>0</column>
                      <line>197</line>
                      <numExecutions>0</numExecutions>
                      <time>-1.0</time>
                  </locationsNotCovered>
                    <locationsNotCovered>
                      <column>0</column>
                      <line>198</line>
                      <numExecutions>0</numExecutions>
                      <time>-1.0</time>
                  </locationsNotCovered>
                    <locationsNotCovered>
                      <column>0</column>
                      <line>199</line>
                      <numExecutions>0</numExecutions>
                      <time>-1.0</time>
                  </locationsNotCovered>
                    <locationsNotCovered>
                      <column>0</column>
                      <line>201</line>
                      <numExecutions>0</numExecutions>
                      <time>-1.0</time>
                  </locationsNotCovered>
                    <locationsNotCovered>
                      <column>0</column>
                      <line>202</line>
                      <numExecutions>0</numExecutions>
                      <time>-1.0</time>
                  </locationsNotCovered>
                    <locationsNotCovered>
                      <column>0</column>
                      <line>203</line>
                      <numExecutions>0</numExecutions>
                      <time>-1.0</time>
                  </locationsNotCovered>
                    <locationsNotCovered>
                      <column>0</column>
                      <line>204</line>
                      <numExecutions>0</numExecutions>
                      <time>-1.0</time>
                  </locationsNotCovered>
                    <locationsNotCovered>
                      <column>0</column>
                      <line>207</line>
                      <numExecutions>0</numExecutions>
                      <time>-1.0</time>
                  </locationsNotCovered>
                    <locationsNotCovered>
                      <column>0</column>
                      <line>208</line>
                      <numExecutions>0</numExecutions>
                      <time>-1.0</time>
                  </locationsNotCovered>
                    <locationsNotCovered>
                      <column>0</column>
                      <line>209</line>
                      <numExecutions>0</numExecutions>
                      <time>-1.0</time>
                  </locationsNotCovered>
                    <locationsNotCovered>
                      <column>0</column>
                      <line>210</line>
                      <numExecutions>0</numExecutions>
                      <time>-1.0</time>
                  </locationsNotCovered>
                    <locationsNotCovered>
                      <column>0</column>
                      <line>211</line>
                      <numExecutions>0</numExecutions>
                      <time>-1.0</time>
                  </locationsNotCovered>
                    <locationsNotCovered>
                      <column>0</column>
                      <line>212</line>
                      <numExecutions>0</numExecutions>
                      <time>-1.0</time>
                  </locationsNotCovered>
                    <locationsNotCovered>
                      <column>0</column>
                      <line>213</line>
                      <numExecutions>0</numExecutions>
                      <time>-1.0</time>
                  </locationsNotCovered>
                    <locationsNotCovered>
                      <column>0</column>
                      <line>214</line>
                      <numExecutions>0</numExecutions>
                      <time>-1.0</time>
                  </locationsNotCovered>
                    <locationsNotCovered>
                      <column>0</column>
                      <line>215</line>
                      <numExecutions>0</numExecutions>
                      <time>-1.0</time>
                  </locationsNotCovered>
                    <locationsNotCovered>
                      <column>0</column>
                      <line>216</line>
                      <numExecutions>0</numExecutions>
                      <time>-1.0</time>
                  </locationsNotCovered>
                    <locationsNotCovered>
                      <column>0</column>
                      <line>222</line>
                      <numExecutions>0</numExecutions>
                      <time>-1.0</time>
                  </locationsNotCovered>
                    <locationsNotCovered>
                      <column>0</column>
                      <line>223</line>
                      <numExecutions>0</numExecutions>
                      <time>-1.0</time>
                  </locationsNotCovered>
                    <locationsNotCovered>
                      <column>0</column>
                      <line>224</line>
                      <numExecutions>0</numExecutions>
                      <time>-1.0</time>
                  </locationsNotCovered>
                    <locationsNotCovered>
                      <column>0</column>
                      <line>225</line>
                      <numExecutions>0</numExecutions>
                      <time>-1.0</time>
                  </locationsNotCovered>
                    <locationsNotCovered>
                      <column>0</column>
                      <line>226</line>
                      <numExecutions>0</numExecutions>
                      <time>-1.0</time>
                  </locationsNotCovered>
                    <locationsNotCovered>
                      <column>0</column>
                      <line>227</line>
                      <numExecutions>0</numExecutions>
                      <time>-1.0</time>
                  </locationsNotCovered>
                    <locationsNotCovered>
                      <column>0</column>
                      <line>228</line>
                      <numExecutions>0</numExecutions>
                      <time>-1.0</time>
                  </locationsNotCovered>
                    <locationsNotCovered>
                      <column>0</column>
                      <line>229</line>
                      <numExecutions>0</numExecutions>
                      <time>-1.0</time>
                  </locationsNotCovered>
                    <locationsNotCovered>
                      <column>0</column>
                      <line>230</line>
                      <numExecutions>0</numExecutions>
                      <time>-1.0</time>
                  </locationsNotCovered>
                    <locationsNotCovered>
                      <column>0</column>
                      <line>231</line>
                      <numExecutions>0</numExecutions>
                      <time>-1.0</time>
                  </locationsNotCovered>
                    <locationsNotCovered>
                      <column>0</column>
                      <line>237</line>
                      <numExecutions>0</numExecutions>
                      <time>-1.0</time>
                  </locationsNotCovered>
                    <locationsNotCovered>
                      <column>0</column>
                      <line>238</line>
                      <numExecutions>0</numExecutions>
                      <time>-1.0</time>
                  </locationsNotCovered>
                    <locationsNotCovered>
                      <column>0</column>
                      <line>239</line>
                      <numExecutions>0</numExecutions>
                      <time>-1.0</time>
                  </locationsNotCovered>
                    <locationsNotCovered>
                      <column>0</column>
                      <line>240</line>
                      <numExecutions>0</numExecutions>
                      <time>-1.0</time>
                  </locationsNotCovered>
                    <locationsNotCovered>
                      <column>0</column>
                      <line>243</line>
                      <numExecutions>0</numExecutions>
                      <time>-1.0</time>
                  </locationsNotCovered>
                    <locationsNotCovered>
                      <column>0</column>
                      <line>244</line>
                      <numExecutions>0</numExecutions>
                      <time>-1.0</time>
                  </locationsNotCovered>
                    <locationsNotCovered>
                      <column>0</column>
                      <line>245</line>
                      <numExecutions>0</numExecutions>
                      <time>-1.0</time>
                  </locationsNotCovered>
                    <locationsNotCovered>
                      <column>0</column>
                      <line>246</line>
                      <numExecutions>0</numExecutions>
                      <time>-1.0</time>
                  </locationsNotCovered>
                    <locationsNotCovered>
                      <column>0</column>
                      <line>249</line>
                      <numExecutions>0</numExecutions>
                      <time>-1.0</time>
                  </locationsNotCovered>
                    <locationsNotCovered>
                      <column>0</column>
                      <line>250</line>
                      <numExecutions>0</numExecutions>
                      <time>-1.0</time>
                  </locationsNotCovered>
                    <locationsNotCovered>
                      <column>0</column>
                      <line>251</line>
                      <numExecutions>0</numExecutions>
                      <time>-1.0</time>
                  </locationsNotCovered>
                    <locationsNotCovered>
                      <column>0</column>
                      <line>252</line>
                      <numExecutions>0</numExecutions>
                      <time>-1.0</time>
                  </locationsNotCovered>
                    <locationsNotCovered>
                      <column>0</column>
                      <line>255</line>
                      <numExecutions>0</numExecutions>
                      <time>-1.0</time>
                  </locationsNotCovered>
                    <locationsNotCovered>
                      <column>0</column>
                      <line>256</line>
                      <numExecutions>0</numExecutions>
                      <time>-1.0</time>
                  </locationsNotCovered>
                    <locationsNotCovered>
                      <column>0</column>
                      <line>257</line>
                      <numExecutions>0</numExecutions>
                      <time>-1.0</time>
                  </locationsNotCovered>
                    <locationsNotCovered>
                      <column>0</column>
                      <line>258</line>
                      <numExecutions>0</numExecutions>
                      <time>-1.0</time>
                  </locationsNotCovered>
                    <locationsNotCovered>
                      <column>0</column>
                      <line>261</line>
                      <numExecutions>0</numExecutions>
                      <time>-1.0</time>
                  </locationsNotCovered>
                    <locationsNotCovered>
                      <column>0</column>
                      <line>262</line>
                      <numExecutions>0</numExecutions>
                      <time>-1.0</time>
                  </locationsNotCovered>
                    <locationsNotCovered>
                      <column>0</column>
                      <line>263</line>
                      <numExecutions>0</numExecutions>
                      <time>-1.0</time>
                  </locationsNotCovered>
                    <locationsNotCovered>
                      <column>0</column>
                      <line>264</line>
                      <numExecutions>0</numExecutions>
                      <time>-1.0</time>
                  </locationsNotCovered>
                    <locationsNotCovered>
                      <column>0</column>
                      <line>267</line>
                      <numExecutions>0</numExecutions>
                      <time>-1.0</time>
                  </locationsNotCovered>
                    <locationsNotCovered>
                      <column>0</column>
                      <line>271</line>
                      <numExecutions>0</numExecutions>
                      <time>-1.0</time>
                  </locationsNotCovered>
                    <locationsNotCovered>
                      <column>0</column>
                      <line>272</line>
                      <numExecutions>0</numExecutions>
                      <time>-1.0</time>
                  </locationsNotCovered>
                    <locationsNotCovered>
                      <column>0</column>
                      <line>273</line>
                      <numExecutions>0</numExecutions>
                      <time>-1.0</time>
                  </locationsNotCovered>
                    <locationsNotCovered>
                      <column>0</column>
                      <line>275</line>
                      <numExecutions>0</numExecutions>
                      <time>-1.0</time>
                  </locationsNotCovered>
                    <locationsNotCovered>
                      <column>0</column>
                      <line>279</line>
                      <numExecutions>0</numExecutions>
                      <time>-1.0</time>
                  </locationsNotCovered>
                    <locationsNotCovered>
                      <column>0</column>
                      <line>280</line>
                      <numExecutions>0</numExecutions>
                      <time>-1.0</time>
                  </locationsNotCovered>
                    <locationsNotCovered>
                      <column>0</column>
                      <line>282</line>
                      <numExecutions>0</numExecutions>
                      <time>-1.0</time>
                  </locationsNotCovered>
                    <locationsNotCovered>
                      <column>0</column>
                      <line>284</line>
                      <numExecutions>0</numExecutions>
                      <time>-1.0</time>
                  </locationsNotCovered>
                    <locationsNotCovered>
                      <column>0</column>
                      <line>285</line>
                      <numExecutions>0</numExecutions>
                      <time>-1.0</time>
                  </locationsNotCovered>
                    <locationsNotCovered>
                      <column>0</column>
                      <line>286</line>
                      <numExecutions>0</numExecutions>
                      <time>-1.0</time>
                  </locationsNotCovered>
                    <name>OpportunitySharedData</name>
                    <namespace xsi:nil="true"/>
                      <numLocations>186</numLocations>
                      <numLocationsNotCovered>183</numLocationsNotCovered>
                      <type>Class</type>
                  </codeCoverage>
                    <codeCoverage>
                      <id>01pD0000001IZaEIAW</id>
                      <name>SelfServiceLeadConvertQueueable</name>
                      <namespace xsi:nil="true"/>
                        <numLocations>5</numLocations>
                        <numLocationsNotCovered>0</numLocationsNotCovered>
                        <type>Class</type>
                    </codeCoverage>
                      <codeCoverage>
                        <id>01qD0000000IMvyIAG</id>
                        <name>OpportunityLineItemTrigger</name>
                        <namespace xsi:nil="true"/>
                          <numLocations>4</numLocations>
                          <numLocationsNotCovered>0</numLocationsNotCovered>
                          <type>Trigger</type>
                      </codeCoverage>
                        <codeCoverage>
                          <id>01pL0000000E8VdIAK</id>
                          <name>CtrlZendeskTicketViewFromTicket</name>
                          <namespace>Zendesk</namespace>
                          <numLocations>13</numLocations>
                          <numLocationsNotCovered>0</numLocationsNotCovered>
                          <type>Class</type>
                      </codeCoverage>
                        <codeCoverage>
                          <id>01pL0000000EDmvIAG</id>
                          <locationsNotCovered>
                            <column>0</column>
                            <line>65</line>
                            <numExecutions>0</numExecutions>
                            <time>-1.0</time>
                        </locationsNotCovered>
                          <locationsNotCovered>
                            <column>0</column>
                            <line>66</line>
                            <numExecutions>0</numExecutions>
                            <time>-1.0</time>
                        </locationsNotCovered>
                          <locationsNotCovered>
                            <column>0</column>
                            <line>67</line>
                            <numExecutions>0</numExecutions>
                            <time>-1.0</time>
                        </locationsNotCovered>
                          <locationsNotCovered>
                            <column>0</column>
                            <line>73</line>
                            <numExecutions>0</numExecutions>
                            <time>-1.0</time>
                        </locationsNotCovered>
                          <locationsNotCovered>
                            <column>0</column>
                            <line>74</line>
                            <numExecutions>0</numExecutions>
                            <time>-1.0</time>
                        </locationsNotCovered>
                          <locationsNotCovered>
                            <column>0</column>
                            <line>80</line>
                            <numExecutions>0</numExecutions>
                            <time>-1.0</time>
                        </locationsNotCovered>
                          <locationsNotCovered>
                            <column>0</column>
                            <line>81</line>
                            <numExecutions>0</numExecutions>
                            <time>-1.0</time>
                        </locationsNotCovered>
                          <locationsNotCovered>
                            <column>0</column>
                            <line>87</line>
                            <numExecutions>0</numExecutions>
                            <time>-1.0</time>
                        </locationsNotCovered>
                          <locationsNotCovered>
                            <column>0</column>
                            <line>88</line>
                            <numExecutions>0</numExecutions>
                            <time>-1.0</time>
                        </locationsNotCovered>
                          <locationsNotCovered>
                            <column>0</column>
                            <line>90</line>
                            <numExecutions>0</numExecutions>
                            <time>-1.0</time>
                        </locationsNotCovered>
                          <locationsNotCovered>
                            <column>0</column>
                            <line>91</line>
                            <numExecutions>0</numExecutions>
                            <time>-1.0</time>
                        </locationsNotCovered>
                          <locationsNotCovered>
                            <column>0</column>
                            <line>92</line>
                            <numExecutions>0</numExecutions>
                            <time>-1.0</time>
                        </locationsNotCovered>
                          <locationsNotCovered>
                            <column>0</column>
                            <line>93</line>
                            <numExecutions>0</numExecutions>
                            <time>-1.0</time>
                        </locationsNotCovered>
                          <locationsNotCovered>
                            <column>0</column>
                            <line>94</line>
                            <numExecutions>0</numExecutions>
                            <time>-1.0</time>
                        </locationsNotCovered>
                          <locationsNotCovered>
                            <column>0</column>
                            <line>95</line>
                            <numExecutions>0</numExecutions>
                            <time>-1.0</time>
                        </locationsNotCovered>
                          <locationsNotCovered>
                            <column>0</column>
                            <line>96</line>
                            <numExecutions>0</numExecutions>
                            <time>-1.0</time>
                        </locationsNotCovered>
                          <locationsNotCovered>
                            <column>0</column>
                            <line>97</line>
                            <numExecutions>0</numExecutions>
                            <time>-1.0</time>
                        </locationsNotCovered>
                          <locationsNotCovered>
                            <column>0</column>
                            <line>98</line>
                            <numExecutions>0</numExecutions>
                            <time>-1.0</time>
                        </locationsNotCovered>
                          <locationsNotCovered>
                            <column>0</column>
                            <line>99</line>
                            <numExecutions>0</numExecutions>
                            <time>-1.0</time>
                        </locationsNotCovered>
                          <locationsNotCovered>
                            <column>0</column>
                            <line>100</line>
                            <numExecutions>0</numExecutions>
                            <time>-1.0</time>
                        </locationsNotCovered>
                          <locationsNotCovered>
                            <column>0</column>
                            <line>101</line>
                            <numExecutions>0</numExecutions>
                            <time>-1.0</time>
                        </locationsNotCovered>
                          <locationsNotCovered>
                            <column>0</column>
                            <line>102</line>
                            <numExecutions>0</numExecutions>
                            <time>-1.0</time>
                        </locationsNotCovered>
                          <locationsNotCovered>
                            <column>0</column>
                            <line>103</line>
                            <numExecutions>0</numExecutions>
                            <time>-1.0</time>
                        </locationsNotCovered>
                          <locationsNotCovered>
                            <column>0</column>
                            <line>105</line>
                            <numExecutions>0</numExecutions>
                            <time>-1.0</time>
                        </locationsNotCovered>
                          <locationsNotCovered>
                            <column>0</column>
                            <line>106</line>
                            <numExecutions>0</numExecutions>
                            <time>-1.0</time>
                        </locationsNotCovered>
                          <locationsNotCovered>
                            <column>0</column>
                            <line>107</line>
                            <numExecutions>0</numExecutions>
                            <time>-1.0</time>
                        </locationsNotCovered>
                          <locationsNotCovered>
                            <column>0</column>
                            <line>108</line>
                            <numExecutions>0</numExecutions>
                            <time>-1.0</time>
                        </locationsNotCovered>
                          <locationsNotCovered>
                            <column>0</column>
                            <line>111</line>
                            <numExecutions>0</numExecutions>
                            <time>-1.0</time>
                        </locationsNotCovered>
                          <locationsNotCovered>
                            <column>0</column>
                            <line>113</line>
                            <numExecutions>0</numExecutions>
                            <time>-1.0</time>
                        </locationsNotCovered>
                          <locationsNotCovered>
                            <column>0</column>
                            <line>115</line>
                            <numExecutions>0</numExecutions>
                            <time>-1.0</time>
                        </locationsNotCovered>
                          <locationsNotCovered>
                            <column>0</column>
                            <line>116</line>
                            <numExecutions>0</numExecutions>
                            <time>-1.0</time>
                        </locationsNotCovered>
                          <locationsNotCovered>
                            <column>0</column>
                            <line>117</line>
                            <numExecutions>0</numExecutions>
                            <time>-1.0</time>
                        </locationsNotCovered>
                          <locationsNotCovered>
                            <column>0</column>
                            <line>118</line>
                            <numExecutions>0</numExecutions>
                            <time>-1.0</time>
                        </locationsNotCovered>
                          <locationsNotCovered>
                            <column>0</column>
                            <line>121</line>
                            <numExecutions>0</numExecutions>
                            <time>-1.0</time>
                        </locationsNotCovered>
                          <locationsNotCovered>
                            <column>0</column>
                            <line>122</line>
                            <numExecutions>0</numExecutions>
                            <time>-1.0</time>
                        </locationsNotCovered>
                          <locationsNotCovered>
                            <column>0</column>
                            <line>123</line>
                            <numExecutions>0</numExecutions>
                            <time>-1.0</time>
                        </locationsNotCovered>
                          <locationsNotCovered>
                            <column>0</column>
                            <line>124</line>
                            <numExecutions>0</numExecutions>
                            <time>-1.0</time>
                        </locationsNotCovered>
                          <locationsNotCovered>
                            <column>0</column>
                            <line>127</line>
                            <numExecutions>0</numExecutions>
                            <time>-1.0</time>
                        </locationsNotCovered>
                          <locationsNotCovered>
                            <column>0</column>
                            <line>128</line>
                            <numExecutions>0</numExecutions>
                            <time>-1.0</time>
                        </locationsNotCovered>
                          <locationsNotCovered>
                            <column>0</column>
                            <line>129</line>
                            <numExecutions>0</numExecutions>
                            <time>-1.0</time>
                        </locationsNotCovered>
                          <locationsNotCovered>
                            <column>0</column>
                            <line>130</line>
                            <numExecutions>0</numExecutions>
                            <time>-1.0</time>
                        </locationsNotCovered>
                          <locationsNotCovered>
                            <column>0</column>
                            <line>133</line>
                            <numExecutions>0</numExecutions>
                            <time>-1.0</time>
                        </locationsNotCovered>
                          <locationsNotCovered>
                            <column>0</column>
                            <line>134</line>
                            <numExecutions>0</numExecutions>
                            <time>-1.0</time>
                        </locationsNotCovered>
                          <locationsNotCovered>
                            <column>0</column>
                            <line>135</line>
                            <numExecutions>0</numExecutions>
                            <time>-1.0</time>
                        </locationsNotCovered>
                          <locationsNotCovered>
                            <column>0</column>
                            <line>136</line>
                            <numExecutions>0</numExecutions>
                            <time>-1.0</time>
                        </locationsNotCovered>
                          <locationsNotCovered>
                            <column>0</column>
                            <line>139</line>
                            <numExecutions>0</numExecutions>
                            <time>-1.0</time>
                        </locationsNotCovered>
                          <locationsNotCovered>
                            <column>0</column>
                            <line>140</line>
                            <numExecutions>0</numExecutions>
                            <time>-1.0</time>
                        </locationsNotCovered>
                          <locationsNotCovered>
                            <column>0</column>
                            <line>141</line>
                            <numExecutions>0</numExecutions>
                            <time>-1.0</time>
                        </locationsNotCovered>
                          <locationsNotCovered>
                            <column>0</column>
                            <line>142</line>
                            <numExecutions>0</numExecutions>
                            <time>-1.0</time>
                        </locationsNotCovered>
                          <locationsNotCovered>
                            <column>0</column>
                            <line>145</line>
                            <numExecutions>0</numExecutions>
                            <time>-1.0</time>
                        </locationsNotCovered>
                          <locationsNotCovered>
                            <column>0</column>
                            <line>258</line>
                            <numExecutions>0</numExecutions>
                            <time>-1.0</time>
                        </locationsNotCovered>
                          <name>OrdersViewController</name>
                          <namespace xsi:nil="true"/>
                            <numLocations>189</numLocations>
                            <numLocationsNotCovered>51</numLocationsNotCovered>
                            <type>Class</type>
                        </codeCoverage>
                          <codeCoverage>
                            <id>01pL0000000E8VwIAK</id>
                            <locationsNotCovered>
                              <column>0</column>
                              <line>5</line>
                              <numExecutions>0</numExecutions>
                              <time>-1.0</time>
                          </locationsNotCovered>
                            <locationsNotCovered>
                              <column>0</column>
                              <line>12</line>
                              <numExecutions>0</numExecutions>
                              <time>-1.0</time>
                          </locationsNotCovered>
                            <locationsNotCovered>
                              <column>0</column>
                              <line>16</line>
                              <numExecutions>0</numExecutions>
                              <time>-1.0</time>
                          </locationsNotCovered>
                            <locationsNotCovered>
                              <column>0</column>
                              <line>53</line>
                              <numExecutions>0</numExecutions>
                              <time>-1.0</time>
                          </locationsNotCovered>
                            <locationsNotCovered>
                              <column>0</column>
                              <line>55</line>
                              <numExecutions>0</numExecutions>
                              <time>-1.0</time>
                          </locationsNotCovered>
                            <locationsNotCovered>
                              <column>0</column>
                              <line>57</line>
                              <numExecutions>0</numExecutions>
                              <time>-1.0</time>
                          </locationsNotCovered>
                            <locationsNotCovered>
                              <column>0</column>
                              <line>61</line>
                              <numExecutions>0</numExecutions>
                              <time>-1.0</time>
                          </locationsNotCovered>
                            <locationsNotCovered>
                              <column>0</column>
                              <line>62</line>
                              <numExecutions>0</numExecutions>
                              <time>-1.0</time>
                          </locationsNotCovered>
                            <locationsNotCovered>
                              <column>0</column>
                              <line>64</line>
                              <numExecutions>0</numExecutions>
                              <time>-1.0</time>
                          </locationsNotCovered>
                            <name>ZendeskCheckCreds</name>
                            <namespace>Zendesk</namespace>
                            <numLocations>28</numLocations>
                            <numLocationsNotCovered>9</numLocationsNotCovered>
                            <type>Class</type>
                        </codeCoverage>
                          <codeCoverage>
                            <id>01pL0000000E8WHIA0</id>
                            <locationsNotCovered>
                              <column>0</column>
                              <line>7</line>
                              <numExecutions>0</numExecutions>
                              <time>-1.0</time>
                          </locationsNotCovered>
                            <locationsNotCovered>
                              <column>0</column>
                              <line>8</line>
                              <numExecutions>0</numExecutions>
                              <time>-1.0</time>
                          </locationsNotCovered>
                            <locationsNotCovered>
                              <column>0</column>
                              <line>9</line>
                              <numExecutions>0</numExecutions>
                              <time>-1.0</time>
                          </locationsNotCovered>
                            <locationsNotCovered>
                              <column>0</column>
                              <line>10</line>
                              <numExecutions>0</numExecutions>
                              <time>-1.0</time>
                          </locationsNotCovered>
                            <locationsNotCovered>
                              <column>0</column>
                              <line>11</line>
                              <numExecutions>0</numExecutions>
                              <time>-1.0</time>
                          </locationsNotCovered>
                            <locationsNotCovered>
                              <column>0</column>
                              <line>14</line>
                              <numExecutions>0</numExecutions>
                              <time>-1.0</time>
                          </locationsNotCovered>
                            <locationsNotCovered>
                              <column>0</column>
                              <line>15</line>
                              <numExecutions>0</numExecutions>
                              <time>-1.0</time>
                          </locationsNotCovered>
                            <locationsNotCovered>
                              <column>0</column>
                              <line>18</line>
                              <numExecutions>0</numExecutions>
                              <time>-1.0</time>
                          </locationsNotCovered>
                            <locationsNotCovered>
                              <column>0</column>
                              <line>20</line>
                              <numExecutions>0</numExecutions>
                              <time>-1.0</time>
                          </locationsNotCovered>
                            <locationsNotCovered>
                              <column>0</column>
                              <line>21</line>
                              <numExecutions>0</numExecutions>
                              <time>-1.0</time>
                          </locationsNotCovered>
                            <locationsNotCovered>
                              <column>0</column>
                              <line>22</line>
                              <numExecutions>0</numExecutions>
                              <time>-1.0</time>
                          </locationsNotCovered>
                            <locationsNotCovered>
                              <column>0</column>
                              <line>23</line>
                              <numExecutions>0</numExecutions>
                              <time>-1.0</time>
                          </locationsNotCovered>
                            <locationsNotCovered>
                              <column>0</column>
                              <line>31</line>
                              <numExecutions>0</numExecutions>
                              <time>-1.0</time>
                          </locationsNotCovered>
                            <locationsNotCovered>
                              <column>0</column>
                              <line>32</line>
                              <numExecutions>0</numExecutions>
                              <time>-1.0</time>
                          </locationsNotCovered>
                            <locationsNotCovered>
                              <column>0</column>
                              <line>33</line>
                              <numExecutions>0</numExecutions>
                              <time>-1.0</time>
                          </locationsNotCovered>
                            <locationsNotCovered>
                              <column>0</column>
                              <line>35</line>
                              <numExecutions>0</numExecutions>
                              <time>-1.0</time>
                          </locationsNotCovered>
                            <locationsNotCovered>
                              <column>0</column>
                              <line>37</line>
                              <numExecutions>0</numExecutions>
                              <time>-1.0</time>
                          </locationsNotCovered>
                            <locationsNotCovered>
                              <column>0</column>
                              <line>38</line>
                              <numExecutions>0</numExecutions>
                              <time>-1.0</time>
                          </locationsNotCovered>
                            <locationsNotCovered>
                              <column>0</column>
                              <line>40</line>
                              <numExecutions>0</numExecutions>
                              <time>-1.0</time>
                          </locationsNotCovered>
                            <locationsNotCovered>
                              <column>0</column>
                              <line>41</line>
                              <numExecutions>0</numExecutions>
                              <time>-1.0</time>
                          </locationsNotCovered>
                            <locationsNotCovered>
                              <column>0</column>
                              <line>42</line>
                              <numExecutions>0</numExecutions>
                              <time>-1.0</time>
                          </locationsNotCovered>
                            <locationsNotCovered>
                              <column>0</column>
                              <line>43</line>
                              <numExecutions>0</numExecutions>
                              <time>-1.0</time>
                          </locationsNotCovered>
                            <locationsNotCovered>
                              <column>0</column>
                              <line>49</line>
                              <numExecutions>0</numExecutions>
                              <time>-1.0</time>
                          </locationsNotCovered>
                            <locationsNotCovered>
                              <column>0</column>
                              <line>50</line>
                              <numExecutions>0</numExecutions>
                              <time>-1.0</time>
                          </locationsNotCovered>
                            <locationsNotCovered>
                              <column>0</column>
                              <line>51</line>
                              <numExecutions>0</numExecutions>
                              <time>-1.0</time>
                          </locationsNotCovered>
                            <locationsNotCovered>
                              <column>0</column>
                              <line>54</line>
                              <numExecutions>0</numExecutions>
                              <time>-1.0</time>
                          </locationsNotCovered>
                            <locationsNotCovered>
                              <column>0</column>
                              <line>56</line>
                              <numExecutions>0</numExecutions>
                              <time>-1.0</time>
                          </locationsNotCovered>
                            <locationsNotCovered>
                              <column>0</column>
                              <line>59</line>
                              <numExecutions>0</numExecutions>
                              <time>-1.0</time>
                          </locationsNotCovered>
                            <locationsNotCovered>
                              <column>0</column>
                              <line>66</line>
                              <numExecutions>0</numExecutions>
                              <time>-1.0</time>
                          </locationsNotCovered>
                            <locationsNotCovered>
                              <column>0</column>
                              <line>69</line>
                              <numExecutions>0</numExecutions>
                              <time>-1.0</time>
                          </locationsNotCovered>
                            <locationsNotCovered>
                              <column>0</column>
                              <line>72</line>
                              <numExecutions>0</numExecutions>
                              <time>-1.0</time>
                          </locationsNotCovered>
                            <locationsNotCovered>
                              <column>0</column>
                              <line>75</line>
                              <numExecutions>0</numExecutions>
                              <time>-1.0</time>
                          </locationsNotCovered>
                            <locationsNotCovered>
                              <column>0</column>
                              <line>78</line>
                              <numExecutions>0</numExecutions>
                              <time>-1.0</time>
                          </locationsNotCovered>
                            <locationsNotCovered>
                              <column>0</column>
                              <line>81</line>
                              <numExecutions>0</numExecutions>
                              <time>-1.0</time>
                          </locationsNotCovered>
                            <locationsNotCovered>
                              <column>0</column>
                              <line>85</line>
                              <numExecutions>0</numExecutions>
                              <time>-1.0</time>
                          </locationsNotCovered>
                            <locationsNotCovered>
                              <column>0</column>
                              <line>88</line>
                              <numExecutions>0</numExecutions>
                              <time>-1.0</time>
                          </locationsNotCovered>
                            <locationsNotCovered>
                              <column>0</column>
                              <line>90</line>
                              <numExecutions>0</numExecutions>
                              <time>-1.0</time>
                          </locationsNotCovered>
                            <locationsNotCovered>
                              <column>0</column>
                              <line>92</line>
                              <numExecutions>0</numExecutions>
                              <time>-1.0</time>
                          </locationsNotCovered>
                            <locationsNotCovered>
                              <column>0</column>
                              <line>95</line>
                              <numExecutions>0</numExecutions>
                              <time>-1.0</time>
                          </locationsNotCovered>
                            <locationsNotCovered>
                              <column>0</column>
                              <line>99</line>
                              <numExecutions>0</numExecutions>
                              <time>-1.0</time>
                          </locationsNotCovered>
                            <locationsNotCovered>
                              <column>0</column>
                              <line>101</line>
                              <numExecutions>0</numExecutions>
                              <time>-1.0</time>
                          </locationsNotCovered>
                            <locationsNotCovered>
                              <column>0</column>
                              <line>103</line>
                              <numExecutions>0</numExecutions>
                              <time>-1.0</time>
                          </locationsNotCovered>
                            <locationsNotCovered>
                              <column>0</column>
                              <line>104</line>
                              <numExecutions>0</numExecutions>
                              <time>-1.0</time>
                          </locationsNotCovered>
                            <locationsNotCovered>
                              <column>0</column>
                              <line>107</line>
                              <numExecutions>0</numExecutions>
                              <time>-1.0</time>
                          </locationsNotCovered>
                            <locationsNotCovered>
                              <column>0</column>
                              <line>108</line>
                              <numExecutions>0</numExecutions>
                              <time>-1.0</time>
                          </locationsNotCovered>
                            <locationsNotCovered>
                              <column>0</column>
                              <line>109</line>
                              <numExecutions>0</numExecutions>
                              <time>-1.0</time>
                          </locationsNotCovered>
                            <locationsNotCovered>
                              <column>0</column>
                              <line>110</line>
                              <numExecutions>0</numExecutions>
                              <time>-1.0</time>
                          </locationsNotCovered>
                            <locationsNotCovered>
                              <column>0</column>
                              <line>117</line>
                              <numExecutions>0</numExecutions>
                              <time>-1.0</time>
                          </locationsNotCovered>
                            <name>ZendeskSyncUsersCreateMany</name>
                            <namespace>Zendesk</namespace>
                            <numLocations>54</numLocations>
                            <numLocationsNotCovered>48</numLocationsNotCovered>
                            <type>Class</type>
                        </codeCoverage>
                          <codeCoverage>
                            <id>01pD0000001IZZvIAO</id>
                            <locationsNotCovered>
                              <column>0</column>
                              <line>21</line>
                              <numExecutions>0</numExecutions>
                              <time>-1.0</time>
                          </locationsNotCovered>
                            <name>LeadTL_SendRegistration</name>
                            <namespace xsi:nil="true"/>
                              <numLocations>15</numLocations>
                              <numLocationsNotCovered>1</numLocationsNotCovered>
                              <type>Class</type>
                          </codeCoverage>
                            <codeCoverage>
                              <id>01pL0000000E8W4IAK</id>
                              <name>ZendeskPopulateCustomSettings</name>
                              <namespace>Zendesk</namespace>
                              <numLocations>45</numLocations>
                              <numLocationsNotCovered>0</numLocationsNotCovered>
                              <type>Class</type>
                          </codeCoverage>
                            <codeCoverage>
                              <id>01pL0000000E8VVIA0</id>
                              <locationsNotCovered>
                                <column>0</column>
                                <line>7</line>
                                <numExecutions>0</numExecutions>
                                <time>-1.0</time>
                            </locationsNotCovered>
                              <locationsNotCovered>
                                <column>0</column>
                                <line>15</line>
                                <numExecutions>0</numExecutions>
                                <time>-1.0</time>
                            </locationsNotCovered>
                              <locationsNotCovered>
                                <column>0</column>
                                <line>16</line>
                                <numExecutions>0</numExecutions>
                                <time>-1.0</time>
                            </locationsNotCovered>
                              <locationsNotCovered>
                                <column>0</column>
                                <line>17</line>
                                <numExecutions>0</numExecutions>
                                <time>-1.0</time>
                            </locationsNotCovered>
                              <locationsNotCovered>
                                <column>0</column>
                                <line>18</line>
                                <numExecutions>0</numExecutions>
                                <time>-1.0</time>
                            </locationsNotCovered>
                              <locationsNotCovered>
                                <column>0</column>
                                <line>19</line>
                                <numExecutions>0</numExecutions>
                                <time>-1.0</time>
                            </locationsNotCovered>
                              <locationsNotCovered>
                                <column>0</column>
                                <line>21</line>
                                <numExecutions>0</numExecutions>
                                <time>-1.0</time>
                            </locationsNotCovered>
                              <locationsNotCovered>
                                <column>0</column>
                                <line>22</line>
                                <numExecutions>0</numExecutions>
                                <time>-1.0</time>
                            </locationsNotCovered>
                              <locationsNotCovered>
                                <column>0</column>
                                <line>59</line>
                                <numExecutions>0</numExecutions>
                                <time>-1.0</time>
                            </locationsNotCovered>
                              <locationsNotCovered>
                                <column>0</column>
                                <line>61</line>
                                <numExecutions>0</numExecutions>
                                <time>-1.0</time>
                            </locationsNotCovered>
                              <locationsNotCovered>
                                <column>0</column>
                                <line>63</line>
                                <numExecutions>0</numExecutions>
                                <time>-1.0</time>
                            </locationsNotCovered>
                              <locationsNotCovered>
                                <column>0</column>
                                <line>73</line>
                                <numExecutions>0</numExecutions>
                                <time>-1.0</time>
                            </locationsNotCovered>
                              <locationsNotCovered>
                                <column>0</column>
                                <line>105</line>
                                <numExecutions>0</numExecutions>
                                <time>-1.0</time>
                            </locationsNotCovered>
                              <locationsNotCovered>
                                <column>0</column>
                                <line>106</line>
                                <numExecutions>0</numExecutions>
                                <time>-1.0</time>
                            </locationsNotCovered>
                              <locationsNotCovered>
                                <column>0</column>
                                <line>107</line>
                                <numExecutions>0</numExecutions>
                                <time>-1.0</time>
                            </locationsNotCovered>
                              <locationsNotCovered>
                                <column>0</column>
                                <line>108</line>
                                <numExecutions>0</numExecutions>
                                <time>-1.0</time>
                            </locationsNotCovered>
                              <locationsNotCovered>
                                <column>0</column>
                                <line>111</line>
                                <numExecutions>0</numExecutions>
                                <time>-1.0</time>
                            </locationsNotCovered>
                              <locationsNotCovered>
                                <column>0</column>
                                <line>112</line>
                                <numExecutions>0</numExecutions>
                                <time>-1.0</time>
                            </locationsNotCovered>
                              <locationsNotCovered>
                                <column>0</column>
                                <line>113</line>
                                <numExecutions>0</numExecutions>
                                <time>-1.0</time>
                            </locationsNotCovered>
                              <locationsNotCovered>
                                <column>0</column>
                                <line>114</line>
                                <numExecutions>0</numExecutions>
                                <time>-1.0</time>
                            </locationsNotCovered>
                              <locationsNotCovered>
                                <column>0</column>
                                <line>130</line>
                                <numExecutions>0</numExecutions>
                                <time>-1.0</time>
                            </locationsNotCovered>
                              <locationsNotCovered>
                                <column>0</column>
                                <line>131</line>
                                <numExecutions>0</numExecutions>
                                <time>-1.0</time>
                            </locationsNotCovered>
                              <locationsNotCovered>
                                <column>0</column>
                                <line>147</line>
                                <numExecutions>0</numExecutions>
                                <time>-1.0</time>
                            </locationsNotCovered>
                              <locationsNotCovered>
                                <column>0</column>
                                <line>155</line>
                                <numExecutions>0</numExecutions>
                                <time>-1.0</time>
                            </locationsNotCovered>
                              <locationsNotCovered>
                                <column>0</column>
                                <line>168</line>
                                <numExecutions>0</numExecutions>
                                <time>-1.0</time>
                            </locationsNotCovered>
                              <locationsNotCovered>
                                <column>0</column>
                                <line>169</line>
                                <numExecutions>0</numExecutions>
                                <time>-1.0</time>
                            </locationsNotCovered>
                              <locationsNotCovered>
                                <column>0</column>
                                <line>173</line>
                                <numExecutions>0</numExecutions>
                                <time>-1.0</time>
                            </locationsNotCovered>
                              <locationsNotCovered>
                                <column>0</column>
                                <line>176</line>
                                <numExecutions>0</numExecutions>
                                <time>-1.0</time>
                            </locationsNotCovered>
                              <locationsNotCovered>
                                <column>0</column>
                                <line>179</line>
                                <numExecutions>0</numExecutions>
                                <time>-1.0</time>
                            </locationsNotCovered>
                              <locationsNotCovered>
                                <column>0</column>
                                <line>182</line>
                                <numExecutions>0</numExecutions>
                                <time>-1.0</time>
                            </locationsNotCovered>
                              <locationsNotCovered>
                                <column>0</column>
                                <line>183</line>
                                <numExecutions>0</numExecutions>
                                <time>-1.0</time>
                            </locationsNotCovered>
                              <locationsNotCovered>
                                <column>0</column>
                                <line>184</line>
                                <numExecutions>0</numExecutions>
                                <time>-1.0</time>
                            </locationsNotCovered>
                              <locationsNotCovered>
                                <column>0</column>
                                <line>185</line>
                                <numExecutions>0</numExecutions>
                                <time>-1.0</time>
                            </locationsNotCovered>
                              <locationsNotCovered>
                                <column>0</column>
                                <line>186</line>
                                <numExecutions>0</numExecutions>
                                <time>-1.0</time>
                            </locationsNotCovered>
                              <locationsNotCovered>
                                <column>0</column>
                                <line>187</line>
                                <numExecutions>0</numExecutions>
                                <time>-1.0</time>
                            </locationsNotCovered>
                              <locationsNotCovered>
                                <column>0</column>
                                <line>188</line>
                                <numExecutions>0</numExecutions>
                                <time>-1.0</time>
                            </locationsNotCovered>
                              <locationsNotCovered>
                                <column>0</column>
                                <line>189</line>
                                <numExecutions>0</numExecutions>
                                <time>-1.0</time>
                            </locationsNotCovered>
                              <locationsNotCovered>
                                <column>0</column>
                                <line>193</line>
                                <numExecutions>0</numExecutions>
                                <time>-1.0</time>
                            </locationsNotCovered>
                              <locationsNotCovered>
                                <column>0</column>
                                <line>196</line>
                                <numExecutions>0</numExecutions>
                                <time>-1.0</time>
                            </locationsNotCovered>
                              <locationsNotCovered>
                                <column>0</column>
                                <line>198</line>
                                <numExecutions>0</numExecutions>
                                <time>-1.0</time>
                            </locationsNotCovered>
                              <locationsNotCovered>
                                <column>0</column>
                                <line>200</line>
                                <numExecutions>0</numExecutions>
                                <time>-1.0</time>
                            </locationsNotCovered>
                              <locationsNotCovered>
                                <column>0</column>
                                <line>201</line>
                                <numExecutions>0</numExecutions>
                                <time>-1.0</time>
                            </locationsNotCovered>
                              <locationsNotCovered>
                                <column>0</column>
                                <line>202</line>
                                <numExecutions>0</numExecutions>
                                <time>-1.0</time>
                            </locationsNotCovered>
                              <locationsNotCovered>
                                <column>0</column>
                                <line>203</line>
                                <numExecutions>0</numExecutions>
                                <time>-1.0</time>
                            </locationsNotCovered>
                              <locationsNotCovered>
                                <column>0</column>
                                <line>204</line>
                                <numExecutions>0</numExecutions>
                                <time>-1.0</time>
                            </locationsNotCovered>
                              <locationsNotCovered>
                                <column>0</column>
                                <line>205</line>
                                <numExecutions>0</numExecutions>
                                <time>-1.0</time>
                            </locationsNotCovered>
                              <locationsNotCovered>
                                <column>0</column>
                                <line>206</line>
                                <numExecutions>0</numExecutions>
                                <time>-1.0</time>
                            </locationsNotCovered>
                              <locationsNotCovered>
                                <column>0</column>
                                <line>210</line>
                                <numExecutions>0</numExecutions>
                                <time>-1.0</time>
                            </locationsNotCovered>
                              <locationsNotCovered>
                                <column>0</column>
                                <line>211</line>
                                <numExecutions>0</numExecutions>
                                <time>-1.0</time>
                            </locationsNotCovered>
                              <locationsNotCovered>
                                <column>0</column>
                                <line>213</line>
                                <numExecutions>0</numExecutions>
                                <time>-1.0</time>
                            </locationsNotCovered>
                              <locationsNotCovered>
                                <column>0</column>
                                <line>214</line>
                                <numExecutions>0</numExecutions>
                                <time>-1.0</time>
                            </locationsNotCovered>
                              <locationsNotCovered>
                                <column>0</column>
                                <line>215</line>
                                <numExecutions>0</numExecutions>
                                <time>-1.0</time>
                            </locationsNotCovered>
                              <locationsNotCovered>
                                <column>0</column>
                                <line>219</line>
                                <numExecutions>0</numExecutions>
                                <time>-1.0</time>
                            </locationsNotCovered>
                              <locationsNotCovered>
                                <column>0</column>
                                <line>220</line>
                                <numExecutions>0</numExecutions>
                                <time>-1.0</time>
                            </locationsNotCovered>
                              <locationsNotCovered>
                                <column>0</column>
                                <line>223</line>
                                <numExecutions>0</numExecutions>
                                <time>-1.0</time>
                            </locationsNotCovered>
                              <locationsNotCovered>
                                <column>0</column>
                                <line>225</line>
                                <numExecutions>0</numExecutions>
                                <time>-1.0</time>
                            </locationsNotCovered>
                              <locationsNotCovered>
                                <column>0</column>
                                <line>227</line>
                                <numExecutions>0</numExecutions>
                                <time>-1.0</time>
                            </locationsNotCovered>
                              <locationsNotCovered>
                                <column>0</column>
                                <line>230</line>
                                <numExecutions>0</numExecutions>
                                <time>-1.0</time>
                            </locationsNotCovered>
                              <locationsNotCovered>
                                <column>0</column>
                                <line>231</line>
                                <numExecutions>0</numExecutions>
                                <time>-1.0</time>
                            </locationsNotCovered>
                              <locationsNotCovered>
                                <column>0</column>
                                <line>232</line>
                                <numExecutions>0</numExecutions>
                                <time>-1.0</time>
                            </locationsNotCovered>
                              <locationsNotCovered>
                                <column>0</column>
                                <line>233</line>
                                <numExecutions>0</numExecutions>
                                <time>-1.0</time>
                            </locationsNotCovered>
                              <locationsNotCovered>
                                <column>0</column>
                                <line>234</line>
                                <numExecutions>0</numExecutions>
                                <time>-1.0</time>
                            </locationsNotCovered>
                              <locationsNotCovered>
                                <column>0</column>
                                <line>235</line>
                                <numExecutions>0</numExecutions>
                                <time>-1.0</time>
                            </locationsNotCovered>
                              <locationsNotCovered>
                                <column>0</column>
                                <line>236</line>
                                <numExecutions>0</numExecutions>
                                <time>-1.0</time>
                            </locationsNotCovered>
                              <locationsNotCovered>
                                <column>0</column>
                                <line>237</line>
                                <numExecutions>0</numExecutions>
                                <time>-1.0</time>
                            </locationsNotCovered>
                              <locationsNotCovered>
                                <column>0</column>
                                <line>241</line>
                                <numExecutions>0</numExecutions>
                                <time>-1.0</time>
                            </locationsNotCovered>
                              <locationsNotCovered>
                                <column>0</column>
                                <line>244</line>
                                <numExecutions>0</numExecutions>
                                <time>-1.0</time>
                            </locationsNotCovered>
                              <locationsNotCovered>
                                <column>0</column>
                                <line>245</line>
                                <numExecutions>0</numExecutions>
                                <time>-1.0</time>
                            </locationsNotCovered>
                              <locationsNotCovered>
                                <column>0</column>
                                <line>247</line>
                                <numExecutions>0</numExecutions>
                                <time>-1.0</time>
                            </locationsNotCovered>
                              <locationsNotCovered>
                                <column>0</column>
                                <line>248</line>
                                <numExecutions>0</numExecutions>
                                <time>-1.0</time>
                            </locationsNotCovered>
                              <locationsNotCovered>
                                <column>0</column>
                                <line>249</line>
                                <numExecutions>0</numExecutions>
                                <time>-1.0</time>
                            </locationsNotCovered>
                              <locationsNotCovered>
                                <column>0</column>
                                <line>250</line>
                                <numExecutions>0</numExecutions>
                                <time>-1.0</time>
                            </locationsNotCovered>
                              <locationsNotCovered>
                                <column>0</column>
                                <line>251</line>
                                <numExecutions>0</numExecutions>
                                <time>-1.0</time>
                            </locationsNotCovered>
                              <locationsNotCovered>
                                <column>0</column>
                                <line>252</line>
                                <numExecutions>0</numExecutions>
                                <time>-1.0</time>
                            </locationsNotCovered>
                              <locationsNotCovered>
                                <column>0</column>
                                <line>253</line>
                                <numExecutions>0</numExecutions>
                                <time>-1.0</time>
                            </locationsNotCovered>
                              <locationsNotCovered>
                                <column>0</column>
                                <line>257</line>
                                <numExecutions>0</numExecutions>
                                <time>-1.0</time>
                            </locationsNotCovered>
                              <locationsNotCovered>
                                <column>0</column>
                                <line>258</line>
                                <numExecutions>0</numExecutions>
                                <time>-1.0</time>
                            </locationsNotCovered>
                              <locationsNotCovered>
                                <column>0</column>
                                <line>260</line>
                                <numExecutions>0</numExecutions>
                                <time>-1.0</time>
                            </locationsNotCovered>
                              <locationsNotCovered>
                                <column>0</column>
                                <line>261</line>
                                <numExecutions>0</numExecutions>
                                <time>-1.0</time>
                            </locationsNotCovered>
                              <locationsNotCovered>
                                <column>0</column>
                                <line>262</line>
                                <numExecutions>0</numExecutions>
                                <time>-1.0</time>
                            </locationsNotCovered>
                              <locationsNotCovered>
                                <column>0</column>
                                <line>266</line>
                                <numExecutions>0</numExecutions>
                                <time>-1.0</time>
                            </locationsNotCovered>
                              <locationsNotCovered>
                                <column>0</column>
                                <line>267</line>
                                <numExecutions>0</numExecutions>
                                <time>-1.0</time>
                            </locationsNotCovered>
                              <locationsNotCovered>
                                <column>0</column>
                                <line>268</line>
                                <numExecutions>0</numExecutions>
                                <time>-1.0</time>
                            </locationsNotCovered>
                              <locationsNotCovered>
                                <column>0</column>
                                <line>271</line>
                                <numExecutions>0</numExecutions>
                                <time>-1.0</time>
                            </locationsNotCovered>
                              <locationsNotCovered>
                                <column>0</column>
                                <line>274</line>
                                <numExecutions>0</numExecutions>
                                <time>-1.0</time>
                            </locationsNotCovered>
                              <locationsNotCovered>
                                <column>0</column>
                                <line>277</line>
                                <numExecutions>0</numExecutions>
                                <time>-1.0</time>
                            </locationsNotCovered>
                              <locationsNotCovered>
                                <column>0</column>
                                <line>278</line>
                                <numExecutions>0</numExecutions>
                                <time>-1.0</time>
                            </locationsNotCovered>
                              <locationsNotCovered>
                                <column>0</column>
                                <line>279</line>
                                <numExecutions>0</numExecutions>
                                <time>-1.0</time>
                            </locationsNotCovered>
                              <locationsNotCovered>
                                <column>0</column>
                                <line>280</line>
                                <numExecutions>0</numExecutions>
                                <time>-1.0</time>
                            </locationsNotCovered>
                              <locationsNotCovered>
                                <column>0</column>
                                <line>281</line>
                                <numExecutions>0</numExecutions>
                                <time>-1.0</time>
                            </locationsNotCovered>
                              <locationsNotCovered>
                                <column>0</column>
                                <line>282</line>
                                <numExecutions>0</numExecutions>
                                <time>-1.0</time>
                            </locationsNotCovered>
                              <locationsNotCovered>
                                <column>0</column>
                                <line>283</line>
                                <numExecutions>0</numExecutions>
                                <time>-1.0</time>
                            </locationsNotCovered>
                              <locationsNotCovered>
                                <column>0</column>
                                <line>284</line>
                                <numExecutions>0</numExecutions>
                                <time>-1.0</time>
                            </locationsNotCovered>
                              <locationsNotCovered>
                                <column>0</column>
                                <line>288</line>
                                <numExecutions>0</numExecutions>
                                <time>-1.0</time>
                            </locationsNotCovered>
                              <locationsNotCovered>
                                <column>0</column>
                                <line>290</line>
                                <numExecutions>0</numExecutions>
                                <time>-1.0</time>
                            </locationsNotCovered>
                              <locationsNotCovered>
                                <column>0</column>
                                <line>291</line>
                                <numExecutions>0</numExecutions>
                                <time>-1.0</time>
                            </locationsNotCovered>
                              <locationsNotCovered>
                                <column>0</column>
                                <line>293</line>
                                <numExecutions>0</numExecutions>
                                <time>-1.0</time>
                            </locationsNotCovered>
                              <locationsNotCovered>
                                <column>0</column>
                                <line>297</line>
                                <numExecutions>0</numExecutions>
                                <time>-1.0</time>
                            </locationsNotCovered>
                              <locationsNotCovered>
                                <column>0</column>
                                <line>298</line>
                                <numExecutions>0</numExecutions>
                                <time>-1.0</time>
                            </locationsNotCovered>
                              <locationsNotCovered>
                                <column>0</column>
                                <line>300</line>
                                <numExecutions>0</numExecutions>
                                <time>-1.0</time>
                            </locationsNotCovered>
                              <locationsNotCovered>
                                <column>0</column>
                                <line>304</line>
                                <numExecutions>0</numExecutions>
                                <time>-1.0</time>
                            </locationsNotCovered>
                              <locationsNotCovered>
                                <column>0</column>
                                <line>305</line>
                                <numExecutions>0</numExecutions>
                                <time>-1.0</time>
                            </locationsNotCovered>
                              <locationsNotCovered>
                                <column>0</column>
                                <line>308</line>
                                <numExecutions>0</numExecutions>
                                <time>-1.0</time>
                            </locationsNotCovered>
                              <locationsNotCovered>
                                <column>0</column>
                                <line>311</line>
                                <numExecutions>0</numExecutions>
                                <time>-1.0</time>
                            </locationsNotCovered>
                              <locationsNotCovered>
                                <column>0</column>
                                <line>314</line>
                                <numExecutions>0</numExecutions>
                                <time>-1.0</time>
                            </locationsNotCovered>
                              <locationsNotCovered>
                                <column>0</column>
                                <line>315</line>
                                <numExecutions>0</numExecutions>
                                <time>-1.0</time>
                            </locationsNotCovered>
                              <locationsNotCovered>
                                <column>0</column>
                                <line>316</line>
                                <numExecutions>0</numExecutions>
                                <time>-1.0</time>
                            </locationsNotCovered>
                              <locationsNotCovered>
                                <column>0</column>
                                <line>317</line>
                                <numExecutions>0</numExecutions>
                                <time>-1.0</time>
                            </locationsNotCovered>
                              <locationsNotCovered>
                                <column>0</column>
                                <line>318</line>
                                <numExecutions>0</numExecutions>
                                <time>-1.0</time>
                            </locationsNotCovered>
                              <locationsNotCovered>
                                <column>0</column>
                                <line>319</line>
                                <numExecutions>0</numExecutions>
                                <time>-1.0</time>
                            </locationsNotCovered>
                              <locationsNotCovered>
                                <column>0</column>
                                <line>320</line>
                                <numExecutions>0</numExecutions>
                                <time>-1.0</time>
                            </locationsNotCovered>
                              <locationsNotCovered>
                                <column>0</column>
                                <line>321</line>
                                <numExecutions>0</numExecutions>
                                <time>-1.0</time>
                            </locationsNotCovered>
                              <locationsNotCovered>
                                <column>0</column>
                                <line>325</line>
                                <numExecutions>0</numExecutions>
                                <time>-1.0</time>
                            </locationsNotCovered>
                              <locationsNotCovered>
                                <column>0</column>
                                <line>327</line>
                                <numExecutions>0</numExecutions>
                                <time>-1.0</time>
                            </locationsNotCovered>
                              <locationsNotCovered>
                                <column>0</column>
                                <line>330</line>
                                <numExecutions>0</numExecutions>
                                <time>-1.0</time>
                            </locationsNotCovered>
                              <locationsNotCovered>
                                <column>0</column>
                                <line>331</line>
                                <numExecutions>0</numExecutions>
                                <time>-1.0</time>
                            </locationsNotCovered>
                              <locationsNotCovered>
                                <column>0</column>
                                <line>334</line>
                                <numExecutions>0</numExecutions>
                                <time>-1.0</time>
                            </locationsNotCovered>
                              <locationsNotCovered>
                                <column>0</column>
                                <line>335</line>
                                <numExecutions>0</numExecutions>
                                <time>-1.0</time>
                            </locationsNotCovered>
                              <locationsNotCovered>
                                <column>0</column>
                                <line>338</line>
                                <numExecutions>0</numExecutions>
                                <time>-1.0</time>
                            </locationsNotCovered>
                              <locationsNotCovered>
                                <column>0</column>
                                <line>342</line>
                                <numExecutions>0</numExecutions>
                                <time>-1.0</time>
                            </locationsNotCovered>
                              <locationsNotCovered>
                                <column>0</column>
                                <line>346</line>
                                <numExecutions>0</numExecutions>
                                <time>-1.0</time>
                            </locationsNotCovered>
                              <locationsNotCovered>
                                <column>0</column>
                                <line>347</line>
                                <numExecutions>0</numExecutions>
                                <time>-1.0</time>
                            </locationsNotCovered>
                              <locationsNotCovered>
                                <column>0</column>
                                <line>348</line>
                                <numExecutions>0</numExecutions>
                                <time>-1.0</time>
                            </locationsNotCovered>
                              <locationsNotCovered>
                                <column>0</column>
                                <line>356</line>
                                <numExecutions>0</numExecutions>
                                <time>-1.0</time>
                            </locationsNotCovered>
                              <locationsNotCovered>
                                <column>0</column>
                                <line>358</line>
                                <numExecutions>0</numExecutions>
                                <time>-1.0</time>
                            </locationsNotCovered>
                              <locationsNotCovered>
                                <column>0</column>
                                <line>359</line>
                                <numExecutions>0</numExecutions>
                                <time>-1.0</time>
                            </locationsNotCovered>
                              <locationsNotCovered>
                                <column>0</column>
                                <line>360</line>
                                <numExecutions>0</numExecutions>
                                <time>-1.0</time>
                            </locationsNotCovered>
                              <locationsNotCovered>
                                <column>0</column>
                                <line>362</line>
                                <numExecutions>0</numExecutions>
                                <time>-1.0</time>
                            </locationsNotCovered>
                              <locationsNotCovered>
                                <column>0</column>
                                <line>365</line>
                                <numExecutions>0</numExecutions>
                                <time>-1.0</time>
                            </locationsNotCovered>
                              <locationsNotCovered>
                                <column>0</column>
                                <line>367</line>
                                <numExecutions>0</numExecutions>
                                <time>-1.0</time>
                            </locationsNotCovered>
                              <locationsNotCovered>
                                <column>0</column>
                                <line>368</line>
                                <numExecutions>0</numExecutions>
                                <time>-1.0</time>
                            </locationsNotCovered>
                              <locationsNotCovered>
                                <column>0</column>
                                <line>370</line>
                                <numExecutions>0</numExecutions>
                                <time>-1.0</time>
                            </locationsNotCovered>
                              <locationsNotCovered>
                                <column>0</column>
                                <line>371</line>
                                <numExecutions>0</numExecutions>
                                <time>-1.0</time>
                            </locationsNotCovered>
                              <locationsNotCovered>
                                <column>0</column>
                                <line>372</line>
                                <numExecutions>0</numExecutions>
                                <time>-1.0</time>
                            </locationsNotCovered>
                              <locationsNotCovered>
                                <column>0</column>
                                <line>374</line>
                                <numExecutions>0</numExecutions>
                                <time>-1.0</time>
                            </locationsNotCovered>
                              <locationsNotCovered>
                                <column>0</column>
                                <line>378</line>
                                <numExecutions>0</numExecutions>
                                <time>-1.0</time>
                            </locationsNotCovered>
                              <locationsNotCovered>
                                <column>0</column>
                                <line>379</line>
                                <numExecutions>0</numExecutions>
                                <time>-1.0</time>
                            </locationsNotCovered>
                              <locationsNotCovered>
                                <column>0</column>
                                <line>397</line>
                                <numExecutions>0</numExecutions>
                                <time>-1.0</time>
                            </locationsNotCovered>
                              <locationsNotCovered>
                                <column>0</column>
                                <line>406</line>
                                <numExecutions>0</numExecutions>
                                <time>-1.0</time>
                            </locationsNotCovered>
                              <locationsNotCovered>
                                <column>0</column>
                                <line>419</line>
                                <numExecutions>0</numExecutions>
                                <time>-1.0</time>
                            </locationsNotCovered>
                              <locationsNotCovered>
                                <column>0</column>
                                <line>420</line>
                                <numExecutions>0</numExecutions>
                                <time>-1.0</time>
                            </locationsNotCovered>
                              <locationsNotCovered>
                                <column>0</column>
                                <line>424</line>
                                <numExecutions>0</numExecutions>
                                <time>-1.0</time>
                            </locationsNotCovered>
                              <locationsNotCovered>
                                <column>0</column>
                                <line>427</line>
                                <numExecutions>0</numExecutions>
                                <time>-1.0</time>
                            </locationsNotCovered>
                              <locationsNotCovered>
                                <column>0</column>
                                <line>429</line>
                                <numExecutions>0</numExecutions>
                                <time>-1.0</time>
                            </locationsNotCovered>
                              <locationsNotCovered>
                                <column>0</column>
                                <line>431</line>
                                <numExecutions>0</numExecutions>
                                <time>-1.0</time>
                            </locationsNotCovered>
                              <locationsNotCovered>
                                <column>0</column>
                                <line>432</line>
                                <numExecutions>0</numExecutions>
                                <time>-1.0</time>
                            </locationsNotCovered>
                              <locationsNotCovered>
                                <column>0</column>
                                <line>433</line>
                                <numExecutions>0</numExecutions>
                                <time>-1.0</time>
                            </locationsNotCovered>
                              <locationsNotCovered>
                                <column>0</column>
                                <line>434</line>
                                <numExecutions>0</numExecutions>
                                <time>-1.0</time>
                            </locationsNotCovered>
                              <locationsNotCovered>
                                <column>0</column>
                                <line>435</line>
                                <numExecutions>0</numExecutions>
                                <time>-1.0</time>
                            </locationsNotCovered>
                              <locationsNotCovered>
                                <column>0</column>
                                <line>436</line>
                                <numExecutions>0</numExecutions>
                                <time>-1.0</time>
                            </locationsNotCovered>
                              <locationsNotCovered>
                                <column>0</column>
                                <line>437</line>
                                <numExecutions>0</numExecutions>
                                <time>-1.0</time>
                            </locationsNotCovered>
                              <locationsNotCovered>
                                <column>0</column>
                                <line>441</line>
                                <numExecutions>0</numExecutions>
                                <time>-1.0</time>
                            </locationsNotCovered>
                              <locationsNotCovered>
                                <column>0</column>
                                <line>444</line>
                                <numExecutions>0</numExecutions>
                                <time>-1.0</time>
                            </locationsNotCovered>
                              <locationsNotCovered>
                                <column>0</column>
                                <line>447</line>
                                <numExecutions>0</numExecutions>
                                <time>-1.0</time>
                            </locationsNotCovered>
                              <locationsNotCovered>
                                <column>0</column>
                                <line>450</line>
                                <numExecutions>0</numExecutions>
                                <time>-1.0</time>
                            </locationsNotCovered>
                              <locationsNotCovered>
                                <column>0</column>
                                <line>453</line>
                                <numExecutions>0</numExecutions>
                                <time>-1.0</time>
                            </locationsNotCovered>
                              <locationsNotCovered>
                                <column>0</column>
                                <line>454</line>
                                <numExecutions>0</numExecutions>
                                <time>-1.0</time>
                            </locationsNotCovered>
                              <locationsNotCovered>
                                <column>0</column>
                                <line>455</line>
                                <numExecutions>0</numExecutions>
                                <time>-1.0</time>
                            </locationsNotCovered>
                              <locationsNotCovered>
                                <column>0</column>
                                <line>456</line>
                                <numExecutions>0</numExecutions>
                                <time>-1.0</time>
                            </locationsNotCovered>
                              <locationsNotCovered>
                                <column>0</column>
                                <line>457</line>
                                <numExecutions>0</numExecutions>
                                <time>-1.0</time>
                            </locationsNotCovered>
                              <locationsNotCovered>
                                <column>0</column>
                                <line>458</line>
                                <numExecutions>0</numExecutions>
                                <time>-1.0</time>
                            </locationsNotCovered>
                              <locationsNotCovered>
                                <column>0</column>
                                <line>459</line>
                                <numExecutions>0</numExecutions>
                                <time>-1.0</time>
                            </locationsNotCovered>
                              <locationsNotCovered>
                                <column>0</column>
                                <line>462</line>
                                <numExecutions>0</numExecutions>
                                <time>-1.0</time>
                            </locationsNotCovered>
                              <locationsNotCovered>
                                <column>0</column>
                                <line>463</line>
                                <numExecutions>0</numExecutions>
                                <time>-1.0</time>
                            </locationsNotCovered>
                              <locationsNotCovered>
                                <column>0</column>
                                <line>466</line>
                                <numExecutions>0</numExecutions>
                                <time>-1.0</time>
                            </locationsNotCovered>
                              <locationsNotCovered>
                                <column>0</column>
                                <line>469</line>
                                <numExecutions>0</numExecutions>
                                <time>-1.0</time>
                            </locationsNotCovered>
                              <locationsNotCovered>
                                <column>0</column>
                                <line>472</line>
                                <numExecutions>0</numExecutions>
                                <time>-1.0</time>
                            </locationsNotCovered>
                              <locationsNotCovered>
                                <column>0</column>
                                <line>473</line>
                                <numExecutions>0</numExecutions>
                                <time>-1.0</time>
                            </locationsNotCovered>
                              <locationsNotCovered>
                                <column>0</column>
                                <line>474</line>
                                <numExecutions>0</numExecutions>
                                <time>-1.0</time>
                            </locationsNotCovered>
                              <locationsNotCovered>
                                <column>0</column>
                                <line>475</line>
                                <numExecutions>0</numExecutions>
                                <time>-1.0</time>
                            </locationsNotCovered>
                              <locationsNotCovered>
                                <column>0</column>
                                <line>476</line>
                                <numExecutions>0</numExecutions>
                                <time>-1.0</time>
                            </locationsNotCovered>
                              <locationsNotCovered>
                                <column>0</column>
                                <line>477</line>
                                <numExecutions>0</numExecutions>
                                <time>-1.0</time>
                            </locationsNotCovered>
                              <locationsNotCovered>
                                <column>0</column>
                                <line>478</line>
                                <numExecutions>0</numExecutions>
                                <time>-1.0</time>
                            </locationsNotCovered>
                              <locationsNotCovered>
                                <column>0</column>
                                <line>481</line>
                                <numExecutions>0</numExecutions>
                                <time>-1.0</time>
                            </locationsNotCovered>
                              <locationsNotCovered>
                                <column>0</column>
                                <line>482</line>
                                <numExecutions>0</numExecutions>
                                <time>-1.0</time>
                            </locationsNotCovered>
                              <locationsNotCovered>
                                <column>0</column>
                                <line>485</line>
                                <numExecutions>0</numExecutions>
                                <time>-1.0</time>
                            </locationsNotCovered>
                              <locationsNotCovered>
                                <column>0</column>
                                <line>488</line>
                                <numExecutions>0</numExecutions>
                                <time>-1.0</time>
                            </locationsNotCovered>
                              <locationsNotCovered>
                                <column>0</column>
                                <line>491</line>
                                <numExecutions>0</numExecutions>
                                <time>-1.0</time>
                            </locationsNotCovered>
                              <locationsNotCovered>
                                <column>0</column>
                                <line>492</line>
                                <numExecutions>0</numExecutions>
                                <time>-1.0</time>
                            </locationsNotCovered>
                              <locationsNotCovered>
                                <column>0</column>
                                <line>493</line>
                                <numExecutions>0</numExecutions>
                                <time>-1.0</time>
                            </locationsNotCovered>
                              <locationsNotCovered>
                                <column>0</column>
                                <line>494</line>
                                <numExecutions>0</numExecutions>
                                <time>-1.0</time>
                            </locationsNotCovered>
                              <locationsNotCovered>
                                <column>0</column>
                                <line>495</line>
                                <numExecutions>0</numExecutions>
                                <time>-1.0</time>
                            </locationsNotCovered>
                              <locationsNotCovered>
                                <column>0</column>
                                <line>496</line>
                                <numExecutions>0</numExecutions>
                                <time>-1.0</time>
                            </locationsNotCovered>
                              <locationsNotCovered>
                                <column>0</column>
                                <line>497</line>
                                <numExecutions>0</numExecutions>
                                <time>-1.0</time>
                            </locationsNotCovered>
                              <locationsNotCovered>
                                <column>0</column>
                                <line>500</line>
                                <numExecutions>0</numExecutions>
                                <time>-1.0</time>
                            </locationsNotCovered>
                              <locationsNotCovered>
                                <column>0</column>
                                <line>504</line>
                                <numExecutions>0</numExecutions>
                                <time>-1.0</time>
                            </locationsNotCovered>
                              <locationsNotCovered>
                                <column>0</column>
                                <line>519</line>
                                <numExecutions>0</numExecutions>
                                <time>-1.0</time>
                            </locationsNotCovered>
                              <locationsNotCovered>
                                <column>0</column>
                                <line>520</line>
                                <numExecutions>0</numExecutions>
                                <time>-1.0</time>
                            </locationsNotCovered>
                              <locationsNotCovered>
                                <column>0</column>
                                <line>523</line>
                                <numExecutions>0</numExecutions>
                                <time>-1.0</time>
                            </locationsNotCovered>
                              <locationsNotCovered>
                                <column>0</column>
                                <line>524</line>
                                <numExecutions>0</numExecutions>
                                <time>-1.0</time>
                            </locationsNotCovered>
                              <locationsNotCovered>
                                <column>0</column>
                                <line>526</line>
                                <numExecutions>0</numExecutions>
                                <time>-1.0</time>
                            </locationsNotCovered>
                              <locationsNotCovered>
                                <column>0</column>
                                <line>527</line>
                                <numExecutions>0</numExecutions>
                                <time>-1.0</time>
                            </locationsNotCovered>
                              <locationsNotCovered>
                                <column>0</column>
                                <line>528</line>
                                <numExecutions>0</numExecutions>
                                <time>-1.0</time>
                            </locationsNotCovered>
                              <locationsNotCovered>
                                <column>0</column>
                                <line>533</line>
                                <numExecutions>0</numExecutions>
                                <time>-1.0</time>
                            </locationsNotCovered>
                              <locationsNotCovered>
                                <column>0</column>
                                <line>536</line>
                                <numExecutions>0</numExecutions>
                                <time>-1.0</time>
                            </locationsNotCovered>
                              <locationsNotCovered>
                                <column>0</column>
                                <line>537</line>
                                <numExecutions>0</numExecutions>
                                <time>-1.0</time>
                            </locationsNotCovered>
                              <locationsNotCovered>
                                <column>0</column>
                                <line>540</line>
                                <numExecutions>0</numExecutions>
                                <time>-1.0</time>
                            </locationsNotCovered>
                              <locationsNotCovered>
                                <column>0</column>
                                <line>543</line>
                                <numExecutions>0</numExecutions>
                                <time>-1.0</time>
                            </locationsNotCovered>
                              <locationsNotCovered>
                                <column>0</column>
                                <line>544</line>
                                <numExecutions>0</numExecutions>
                                <time>-1.0</time>
                            </locationsNotCovered>
                              <locationsNotCovered>
                                <column>0</column>
                                <line>545</line>
                                <numExecutions>0</numExecutions>
                                <time>-1.0</time>
                            </locationsNotCovered>
                              <locationsNotCovered>
                                <column>0</column>
                                <line>546</line>
                                <numExecutions>0</numExecutions>
                                <time>-1.0</time>
                            </locationsNotCovered>
                              <locationsNotCovered>
                                <column>0</column>
                                <line>547</line>
                                <numExecutions>0</numExecutions>
                                <time>-1.0</time>
                            </locationsNotCovered>
                              <locationsNotCovered>
                                <column>0</column>
                                <line>548</line>
                                <numExecutions>0</numExecutions>
                                <time>-1.0</time>
                            </locationsNotCovered>
                              <locationsNotCovered>
                                <column>0</column>
                                <line>550</line>
                                <numExecutions>0</numExecutions>
                                <time>-1.0</time>
                            </locationsNotCovered>
                              <locationsNotCovered>
                                <column>0</column>
                                <line>551</line>
                                <numExecutions>0</numExecutions>
                                <time>-1.0</time>
                            </locationsNotCovered>
                              <locationsNotCovered>
                                <column>0</column>
                                <line>552</line>
                                <numExecutions>0</numExecutions>
                                <time>-1.0</time>
                            </locationsNotCovered>
                              <locationsNotCovered>
                                <column>0</column>
                                <line>553</line>
                                <numExecutions>0</numExecutions>
                                <time>-1.0</time>
                            </locationsNotCovered>
                              <locationsNotCovered>
                                <column>0</column>
                                <line>555</line>
                                <numExecutions>0</numExecutions>
                                <time>-1.0</time>
                            </locationsNotCovered>
                              <locationsNotCovered>
                                <column>0</column>
                                <line>558</line>
                                <numExecutions>0</numExecutions>
                                <time>-1.0</time>
                            </locationsNotCovered>
                              <locationsNotCovered>
                                <column>0</column>
                                <line>559</line>
                                <numExecutions>0</numExecutions>
                                <time>-1.0</time>
                            </locationsNotCovered>
                              <locationsNotCovered>
                                <column>0</column>
                                <line>560</line>
                                <numExecutions>0</numExecutions>
                                <time>-1.0</time>
                            </locationsNotCovered>
                              <locationsNotCovered>
                                <column>0</column>
                                <line>562</line>
                                <numExecutions>0</numExecutions>
                                <time>-1.0</time>
                            </locationsNotCovered>
                              <locationsNotCovered>
                                <column>0</column>
                                <line>565</line>
                                <numExecutions>0</numExecutions>
                                <time>-1.0</time>
                            </locationsNotCovered>
                              <locationsNotCovered>
                                <column>0</column>
                                <line>566</line>
                                <numExecutions>0</numExecutions>
                                <time>-1.0</time>
                            </locationsNotCovered>
                              <locationsNotCovered>
                                <column>0</column>
                                <line>567</line>
                                <numExecutions>0</numExecutions>
                                <time>-1.0</time>
                            </locationsNotCovered>
                              <locationsNotCovered>
                                <column>0</column>
                                <line>570</line>
                                <numExecutions>0</numExecutions>
                                <time>-1.0</time>
                            </locationsNotCovered>
                              <locationsNotCovered>
                                <column>0</column>
                                <line>573</line>
                                <numExecutions>0</numExecutions>
                                <time>-1.0</time>
                            </locationsNotCovered>
                              <locationsNotCovered>
                                <column>0</column>
                                <line>574</line>
                                <numExecutions>0</numExecutions>
                                <time>-1.0</time>
                            </locationsNotCovered>
                              <locationsNotCovered>
                                <column>0</column>
                                <line>577</line>
                                <numExecutions>0</numExecutions>
                                <time>-1.0</time>
                            </locationsNotCovered>
                              <locationsNotCovered>
                                <column>0</column>
                                <line>578</line>
                                <numExecutions>0</numExecutions>
                                <time>-1.0</time>
                            </locationsNotCovered>
                              <locationsNotCovered>
                                <column>0</column>
                                <line>580</line>
                                <numExecutions>0</numExecutions>
                                <time>-1.0</time>
                            </locationsNotCovered>
                              <locationsNotCovered>
                                <column>0</column>
                                <line>585</line>
                                <numExecutions>0</numExecutions>
                                <time>-1.0</time>
                            </locationsNotCovered>
                              <locationsNotCovered>
                                <column>0</column>
                                <line>588</line>
                                <numExecutions>0</numExecutions>
                                <time>-1.0</time>
                            </locationsNotCovered>
                              <locationsNotCovered>
                                <column>0</column>
                                <line>589</line>
                                <numExecutions>0</numExecutions>
                                <time>-1.0</time>
                            </locationsNotCovered>
                              <locationsNotCovered>
                                <column>0</column>
                                <line>591</line>
                                <numExecutions>0</numExecutions>
                                <time>-1.0</time>
                            </locationsNotCovered>
                              <locationsNotCovered>
                                <column>0</column>
                                <line>592</line>
                                <numExecutions>0</numExecutions>
                                <time>-1.0</time>
                            </locationsNotCovered>
                              <locationsNotCovered>
                                <column>0</column>
                                <line>594</line>
                                <numExecutions>0</numExecutions>
                                <time>-1.0</time>
                            </locationsNotCovered>
                              <locationsNotCovered>
                                <column>0</column>
                                <line>595</line>
                                <numExecutions>0</numExecutions>
                                <time>-1.0</time>
                            </locationsNotCovered>
                              <locationsNotCovered>
                                <column>0</column>
                                <line>596</line>
                                <numExecutions>0</numExecutions>
                                <time>-1.0</time>
                            </locationsNotCovered>
                              <locationsNotCovered>
                                <column>0</column>
                                <line>597</line>
                                <numExecutions>0</numExecutions>
                                <time>-1.0</time>
                            </locationsNotCovered>
                              <locationsNotCovered>
                                <column>0</column>
                                <line>598</line>
                                <numExecutions>0</numExecutions>
                                <time>-1.0</time>
                            </locationsNotCovered>
                              <locationsNotCovered>
                                <column>0</column>
                                <line>599</line>
                                <numExecutions>0</numExecutions>
                                <time>-1.0</time>
                            </locationsNotCovered>
                              <locationsNotCovered>
                                <column>0</column>
                                <line>600</line>
                                <numExecutions>0</numExecutions>
                                <time>-1.0</time>
                            </locationsNotCovered>
                              <locationsNotCovered>
                                <column>0</column>
                                <line>601</line>
                                <numExecutions>0</numExecutions>
                                <time>-1.0</time>
                            </locationsNotCovered>
                              <locationsNotCovered>
                                <column>0</column>
                                <line>605</line>
                                <numExecutions>0</numExecutions>
                                <time>-1.0</time>
                            </locationsNotCovered>
                              <locationsNotCovered>
                                <column>0</column>
                                <line>606</line>
                                <numExecutions>0</numExecutions>
                                <time>-1.0</time>
                            </locationsNotCovered>
                              <locationsNotCovered>
                                <column>0</column>
                                <line>607</line>
                                <numExecutions>0</numExecutions>
                                <time>-1.0</time>
                            </locationsNotCovered>
                              <locationsNotCovered>
                                <column>0</column>
                                <line>608</line>
                                <numExecutions>0</numExecutions>
                                <time>-1.0</time>
                            </locationsNotCovered>
                              <locationsNotCovered>
                                <column>0</column>
                                <line>609</line>
                                <numExecutions>0</numExecutions>
                                <time>-1.0</time>
                            </locationsNotCovered>
                              <locationsNotCovered>
                                <column>0</column>
                                <line>614</line>
                                <numExecutions>0</numExecutions>
                                <time>-1.0</time>
                            </locationsNotCovered>
                              <locationsNotCovered>
                                <column>0</column>
                                <line>616</line>
                                <numExecutions>0</numExecutions>
                                <time>-1.0</time>
                            </locationsNotCovered>
                              <locationsNotCovered>
                                <column>0</column>
                                <line>617</line>
                                <numExecutions>0</numExecutions>
                                <time>-1.0</time>
                            </locationsNotCovered>
                              <locationsNotCovered>
                                <column>0</column>
                                <line>618</line>
                                <numExecutions>0</numExecutions>
                                <time>-1.0</time>
                            </locationsNotCovered>
                              <locationsNotCovered>
                                <column>0</column>
                                <line>620</line>
                                <numExecutions>0</numExecutions>
                                <time>-1.0</time>
                            </locationsNotCovered>
                              <locationsNotCovered>
                                <column>0</column>
                                <line>621</line>
                                <numExecutions>0</numExecutions>
                                <time>-1.0</time>
                            </locationsNotCovered>
                              <locationsNotCovered>
                                <column>0</column>
                                <line>622</line>
                                <numExecutions>0</numExecutions>
                                <time>-1.0</time>
                            </locationsNotCovered>
                              <locationsNotCovered>
                                <column>0</column>
                                <line>625</line>
                                <numExecutions>0</numExecutions>
                                <time>-1.0</time>
                            </locationsNotCovered>
                              <locationsNotCovered>
                                <column>0</column>
                                <line>626</line>
                                <numExecutions>0</numExecutions>
                                <time>-1.0</time>
                            </locationsNotCovered>
                              <locationsNotCovered>
                                <column>0</column>
                                <line>628</line>
                                <numExecutions>0</numExecutions>
                                <time>-1.0</time>
                            </locationsNotCovered>
                              <locationsNotCovered>
                                <column>0</column>
                                <line>629</line>
                                <numExecutions>0</numExecutions>
                                <time>-1.0</time>
                            </locationsNotCovered>
                              <locationsNotCovered>
                                <column>0</column>
                                <line>631</line>
                                <numExecutions>0</numExecutions>
                                <time>-1.0</time>
                            </locationsNotCovered>
                              <locationsNotCovered>
                                <column>0</column>
                                <line>632</line>
                                <numExecutions>0</numExecutions>
                                <time>-1.0</time>
                            </locationsNotCovered>
                              <locationsNotCovered>
                                <column>0</column>
                                <line>633</line>
                                <numExecutions>0</numExecutions>
                                <time>-1.0</time>
                            </locationsNotCovered>
                              <locationsNotCovered>
                                <column>0</column>
                                <line>635</line>
                                <numExecutions>0</numExecutions>
                                <time>-1.0</time>
                            </locationsNotCovered>
                              <locationsNotCovered>
                                <column>0</column>
                                <line>639</line>
                                <numExecutions>0</numExecutions>
                                <time>-1.0</time>
                            </locationsNotCovered>
                              <locationsNotCovered>
                                <column>0</column>
                                <line>641</line>
                                <numExecutions>0</numExecutions>
                                <time>-1.0</time>
                            </locationsNotCovered>
                              <locationsNotCovered>
                                <column>0</column>
                                <line>642</line>
                                <numExecutions>0</numExecutions>
                                <time>-1.0</time>
                            </locationsNotCovered>
                              <locationsNotCovered>
                                <column>0</column>
                                <line>646</line>
                                <numExecutions>0</numExecutions>
                                <time>-1.0</time>
                            </locationsNotCovered>
                              <locationsNotCovered>
                                <column>0</column>
                                <line>647</line>
                                <numExecutions>0</numExecutions>
                                <time>-1.0</time>
                            </locationsNotCovered>
                              <locationsNotCovered>
                                <column>0</column>
                                <line>648</line>
                                <numExecutions>0</numExecutions>
                                <time>-1.0</time>
                            </locationsNotCovered>
                              <locationsNotCovered>
                                <column>0</column>
                                <line>649</line>
                                <numExecutions>0</numExecutions>
                                <time>-1.0</time>
                            </locationsNotCovered>
                              <locationsNotCovered>
                                <column>0</column>
                                <line>650</line>
                                <numExecutions>0</numExecutions>
                                <time>-1.0</time>
                            </locationsNotCovered>
                              <locationsNotCovered>
                                <column>0</column>
                                <line>651</line>
                                <numExecutions>0</numExecutions>
                                <time>-1.0</time>
                            </locationsNotCovered>
                              <locationsNotCovered>
                                <column>0</column>
                                <line>652</line>
                                <numExecutions>0</numExecutions>
                                <time>-1.0</time>
                            </locationsNotCovered>
                              <locationsNotCovered>
                                <column>0</column>
                                <line>653</line>
                                <numExecutions>0</numExecutions>
                                <time>-1.0</time>
                            </locationsNotCovered>
                              <locationsNotCovered>
                                <column>0</column>
                                <line>654</line>
                                <numExecutions>0</numExecutions>
                                <time>-1.0</time>
                            </locationsNotCovered>
                              <locationsNotCovered>
                                <column>0</column>
                                <line>655</line>
                                <numExecutions>0</numExecutions>
                                <time>-1.0</time>
                            </locationsNotCovered>
                              <locationsNotCovered>
                                <column>0</column>
                                <line>658</line>
                                <numExecutions>0</numExecutions>
                                <time>-1.0</time>
                            </locationsNotCovered>
                              <locationsNotCovered>
                                <column>0</column>
                                <line>659</line>
                                <numExecutions>0</numExecutions>
                                <time>-1.0</time>
                            </locationsNotCovered>
                              <locationsNotCovered>
                                <column>0</column>
                                <line>660</line>
                                <numExecutions>0</numExecutions>
                                <time>-1.0</time>
                            </locationsNotCovered>
                              <locationsNotCovered>
                                <column>0</column>
                                <line>661</line>
                                <numExecutions>0</numExecutions>
                                <time>-1.0</time>
                            </locationsNotCovered>
                              <locationsNotCovered>
                                <column>0</column>
                                <line>662</line>
                                <numExecutions>0</numExecutions>
                                <time>-1.0</time>
                            </locationsNotCovered>
                              <locationsNotCovered>
                                <column>0</column>
                                <line>669</line>
                                <numExecutions>0</numExecutions>
                                <time>-1.0</time>
                            </locationsNotCovered>
                              <locationsNotCovered>
                                <column>0</column>
                                <line>672</line>
                                <numExecutions>0</numExecutions>
                                <time>-1.0</time>
                            </locationsNotCovered>
                              <locationsNotCovered>
                                <column>0</column>
                                <line>674</line>
                                <numExecutions>0</numExecutions>
                                <time>-1.0</time>
                            </locationsNotCovered>
                              <locationsNotCovered>
                                <column>0</column>
                                <line>675</line>
                                <numExecutions>0</numExecutions>
                                <time>-1.0</time>
                            </locationsNotCovered>
                              <locationsNotCovered>
                                <column>0</column>
                                <line>676</line>
                                <numExecutions>0</numExecutions>
                                <time>-1.0</time>
                            </locationsNotCovered>
                              <locationsNotCovered>
                                <column>0</column>
                                <line>677</line>
                                <numExecutions>0</numExecutions>
                                <time>-1.0</time>
                            </locationsNotCovered>
                              <locationsNotCovered>
                                <column>0</column>
                                <line>678</line>
                                <numExecutions>0</numExecutions>
                                <time>-1.0</time>
                            </locationsNotCovered>
                              <locationsNotCovered>
                                <column>0</column>
                                <line>679</line>
                                <numExecutions>0</numExecutions>
                                <time>-1.0</time>
                            </locationsNotCovered>
                              <locationsNotCovered>
                                <column>0</column>
                                <line>680</line>
                                <numExecutions>0</numExecutions>
                                <time>-1.0</time>
                            </locationsNotCovered>
                              <locationsNotCovered>
                                <column>0</column>
                                <line>682</line>
                                <numExecutions>0</numExecutions>
                                <time>-1.0</time>
                            </locationsNotCovered>
                              <locationsNotCovered>
                                <column>0</column>
                                <line>683</line>
                                <numExecutions>0</numExecutions>
                                <time>-1.0</time>
                            </locationsNotCovered>
                              <locationsNotCovered>
                                <column>0</column>
                                <line>684</line>
                                <numExecutions>0</numExecutions>
                                <time>-1.0</time>
                            </locationsNotCovered>
                              <locationsNotCovered>
                                <column>0</column>
                                <line>686</line>
                                <numExecutions>0</numExecutions>
                                <time>-1.0</time>
                            </locationsNotCovered>
                              <locationsNotCovered>
                                <column>0</column>
                                <line>689</line>
                                <numExecutions>0</numExecutions>
                                <time>-1.0</time>
                            </locationsNotCovered>
                              <locationsNotCovered>
                                <column>0</column>
                                <line>690</line>
                                <numExecutions>0</numExecutions>
                                <time>-1.0</time>
                            </locationsNotCovered>
                              <locationsNotCovered>
                                <column>0</column>
                                <line>691</line>
                                <numExecutions>0</numExecutions>
                                <time>-1.0</time>
                            </locationsNotCovered>
                              <locationsNotCovered>
                                <column>0</column>
                                <line>693</line>
                                <numExecutions>0</numExecutions>
                                <time>-1.0</time>
                            </locationsNotCovered>
                              <locationsNotCovered>
                                <column>0</column>
                                <line>696</line>
                                <numExecutions>0</numExecutions>
                                <time>-1.0</time>
                            </locationsNotCovered>
                              <locationsNotCovered>
                                <column>0</column>
                                <line>697</line>
                                <numExecutions>0</numExecutions>
                                <time>-1.0</time>
                            </locationsNotCovered>
                              <locationsNotCovered>
                                <column>0</column>
                                <line>698</line>
                                <numExecutions>0</numExecutions>
                                <time>-1.0</time>
                            </locationsNotCovered>
                              <locationsNotCovered>
                                <column>0</column>
                                <line>701</line>
                                <numExecutions>0</numExecutions>
                                <time>-1.0</time>
                            </locationsNotCovered>
                              <locationsNotCovered>
                                <column>0</column>
                                <line>703</line>
                                <numExecutions>0</numExecutions>
                                <time>-1.0</time>
                            </locationsNotCovered>
                              <locationsNotCovered>
                                <column>0</column>
                                <line>704</line>
                                <numExecutions>0</numExecutions>
                                <time>-1.0</time>
                            </locationsNotCovered>
                              <locationsNotCovered>
                                <column>0</column>
                                <line>706</line>
                                <numExecutions>0</numExecutions>
                                <time>-1.0</time>
                            </locationsNotCovered>
                              <locationsNotCovered>
                                <column>0</column>
                                <line>707</line>
                                <numExecutions>0</numExecutions>
                                <time>-1.0</time>
                            </locationsNotCovered>
                              <locationsNotCovered>
                                <column>0</column>
                                <line>709</line>
                                <numExecutions>0</numExecutions>
                                <time>-1.0</time>
                            </locationsNotCovered>
                              <locationsNotCovered>
                                <column>0</column>
                                <line>713</line>
                                <numExecutions>0</numExecutions>
                                <time>-1.0</time>
                            </locationsNotCovered>
                              <locationsNotCovered>
                                <column>0</column>
                                <line>715</line>
                                <numExecutions>0</numExecutions>
                                <time>-1.0</time>
                            </locationsNotCovered>
                              <locationsNotCovered>
                                <column>0</column>
                                <line>716</line>
                                <numExecutions>0</numExecutions>
                                <time>-1.0</time>
                            </locationsNotCovered>
                              <locationsNotCovered>
                                <column>0</column>
                                <line>718</line>
                                <numExecutions>0</numExecutions>
                                <time>-1.0</time>
                            </locationsNotCovered>
                              <locationsNotCovered>
                                <column>0</column>
                                <line>720</line>
                                <numExecutions>0</numExecutions>
                                <time>-1.0</time>
                            </locationsNotCovered>
                              <locationsNotCovered>
                                <column>0</column>
                                <line>721</line>
                                <numExecutions>0</numExecutions>
                                <time>-1.0</time>
                            </locationsNotCovered>
                              <locationsNotCovered>
                                <column>0</column>
                                <line>722</line>
                                <numExecutions>0</numExecutions>
                                <time>-1.0</time>
                            </locationsNotCovered>
                              <locationsNotCovered>
                                <column>0</column>
                                <line>723</line>
                                <numExecutions>0</numExecutions>
                                <time>-1.0</time>
                            </locationsNotCovered>
                              <locationsNotCovered>
                                <column>0</column>
                                <line>724</line>
                                <numExecutions>0</numExecutions>
                                <time>-1.0</time>
                            </locationsNotCovered>
                              <locationsNotCovered>
                                <column>0</column>
                                <line>725</line>
                                <numExecutions>0</numExecutions>
                                <time>-1.0</time>
                            </locationsNotCovered>
                              <locationsNotCovered>
                                <column>0</column>
                                <line>726</line>
                                <numExecutions>0</numExecutions>
                                <time>-1.0</time>
                            </locationsNotCovered>
                              <locationsNotCovered>
                                <column>0</column>
                                <line>727</line>
                                <numExecutions>0</numExecutions>
                                <time>-1.0</time>
                            </locationsNotCovered>
                              <locationsNotCovered>
                                <column>0</column>
                                <line>728</line>
                                <numExecutions>0</numExecutions>
                                <time>-1.0</time>
                            </locationsNotCovered>
                              <locationsNotCovered>
                                <column>0</column>
                                <line>732</line>
                                <numExecutions>0</numExecutions>
                                <time>-1.0</time>
                            </locationsNotCovered>
                              <locationsNotCovered>
                                <column>0</column>
                                <line>733</line>
                                <numExecutions>0</numExecutions>
                                <time>-1.0</time>
                            </locationsNotCovered>
                              <locationsNotCovered>
                                <column>0</column>
                                <line>734</line>
                                <numExecutions>0</numExecutions>
                                <time>-1.0</time>
                            </locationsNotCovered>
                              <locationsNotCovered>
                                <column>0</column>
                                <line>738</line>
                                <numExecutions>0</numExecutions>
                                <time>-1.0</time>
                            </locationsNotCovered>
                              <locationsNotCovered>
                                <column>0</column>
                                <line>741</line>
                                <numExecutions>0</numExecutions>
                                <time>-1.0</time>
                            </locationsNotCovered>
                              <locationsNotCovered>
                                <column>0</column>
                                <line>742</line>
                                <numExecutions>0</numExecutions>
                                <time>-1.0</time>
                            </locationsNotCovered>
                              <locationsNotCovered>
                                <column>0</column>
                                <line>743</line>
                                <numExecutions>0</numExecutions>
                                <time>-1.0</time>
                            </locationsNotCovered>
                              <locationsNotCovered>
                                <column>0</column>
                                <line>744</line>
                                <numExecutions>0</numExecutions>
                                <time>-1.0</time>
                            </locationsNotCovered>
                              <locationsNotCovered>
                                <column>0</column>
                                <line>746</line>
                                <numExecutions>0</numExecutions>
                                <time>-1.0</time>
                            </locationsNotCovered>
                              <locationsNotCovered>
                                <column>0</column>
                                <line>747</line>
                                <numExecutions>0</numExecutions>
                                <time>-1.0</time>
                            </locationsNotCovered>
                              <locationsNotCovered>
                                <column>0</column>
                                <line>749</line>
                                <numExecutions>0</numExecutions>
                                <time>-1.0</time>
                            </locationsNotCovered>
                              <locationsNotCovered>
                                <column>0</column>
                                <line>750</line>
                                <numExecutions>0</numExecutions>
                                <time>-1.0</time>
                            </locationsNotCovered>
                              <locationsNotCovered>
                                <column>0</column>
                                <line>752</line>
                                <numExecutions>0</numExecutions>
                                <time>-1.0</time>
                            </locationsNotCovered>
                              <locationsNotCovered>
                                <column>0</column>
                                <line>753</line>
                                <numExecutions>0</numExecutions>
                                <time>-1.0</time>
                            </locationsNotCovered>
                              <locationsNotCovered>
                                <column>0</column>
                                <line>754</line>
                                <numExecutions>0</numExecutions>
                                <time>-1.0</time>
                            </locationsNotCovered>
                              <locationsNotCovered>
                                <column>0</column>
                                <line>756</line>
                                <numExecutions>0</numExecutions>
                                <time>-1.0</time>
                            </locationsNotCovered>
                              <locationsNotCovered>
                                <column>0</column>
                                <line>760</line>
                                <numExecutions>0</numExecutions>
                                <time>-1.0</time>
                            </locationsNotCovered>
                              <locationsNotCovered>
                                <column>0</column>
                                <line>763</line>
                                <numExecutions>0</numExecutions>
                                <time>-1.0</time>
                            </locationsNotCovered>
                              <locationsNotCovered>
                                <column>0</column>
                                <line>764</line>
                                <numExecutions>0</numExecutions>
                                <time>-1.0</time>
                            </locationsNotCovered>
                              <locationsNotCovered>
                                <column>0</column>
                                <line>769</line>
                                <numExecutions>0</numExecutions>
                                <time>-1.0</time>
                            </locationsNotCovered>
                              <locationsNotCovered>
                                <column>0</column>
                                <line>770</line>
                                <numExecutions>0</numExecutions>
                                <time>-1.0</time>
                            </locationsNotCovered>
                              <locationsNotCovered>
                                <column>0</column>
                                <line>772</line>
                                <numExecutions>0</numExecutions>
                                <time>-1.0</time>
                            </locationsNotCovered>
                              <locationsNotCovered>
                                <column>0</column>
                                <line>773</line>
                                <numExecutions>0</numExecutions>
                                <time>-1.0</time>
                            </locationsNotCovered>
                              <locationsNotCovered>
                                <column>0</column>
                                <line>774</line>
                                <numExecutions>0</numExecutions>
                                <time>-1.0</time>
                            </locationsNotCovered>
                              <locationsNotCovered>
                                <column>0</column>
                                <line>775</line>
                                <numExecutions>0</numExecutions>
                                <time>-1.0</time>
                            </locationsNotCovered>
                              <locationsNotCovered>
                                <column>0</column>
                                <line>776</line>
                                <numExecutions>0</numExecutions>
                                <time>-1.0</time>
                            </locationsNotCovered>
                              <locationsNotCovered>
                                <column>0</column>
                                <line>777</line>
                                <numExecutions>0</numExecutions>
                                <time>-1.0</time>
                            </locationsNotCovered>
                              <locationsNotCovered>
                                <column>0</column>
                                <line>778</line>
                                <numExecutions>0</numExecutions>
                                <time>-1.0</time>
                            </locationsNotCovered>
                              <locationsNotCovered>
                                <column>0</column>
                                <line>779</line>
                                <numExecutions>0</numExecutions>
                                <time>-1.0</time>
                            </locationsNotCovered>
                              <locationsNotCovered>
                                <column>0</column>
                                <line>782</line>
                                <numExecutions>0</numExecutions>
                                <time>-1.0</time>
                            </locationsNotCovered>
                              <locationsNotCovered>
                                <column>0</column>
                                <line>783</line>
                                <numExecutions>0</numExecutions>
                                <time>-1.0</time>
                            </locationsNotCovered>
                              <locationsNotCovered>
                                <column>0</column>
                                <line>784</line>
                                <numExecutions>0</numExecutions>
                                <time>-1.0</time>
                            </locationsNotCovered>
                              <locationsNotCovered>
                                <column>0</column>
                                <line>805</line>
                                <numExecutions>0</numExecutions>
                                <time>-1.0</time>
                            </locationsNotCovered>
                              <locationsNotCovered>
                                <column>0</column>
                                <line>806</line>
                                <numExecutions>0</numExecutions>
                                <time>-1.0</time>
                            </locationsNotCovered>
                              <locationsNotCovered>
                                <column>0</column>
                                <line>807</line>
                                <numExecutions>0</numExecutions>
                                <time>-1.0</time>
                            </locationsNotCovered>
                              <locationsNotCovered>
                                <column>0</column>
                                <line>809</line>
                                <numExecutions>0</numExecutions>
                                <time>-1.0</time>
                            </locationsNotCovered>
                              <locationsNotCovered>
                                <column>0</column>
                                <line>811</line>
                                <numExecutions>0</numExecutions>
                                <time>-1.0</time>
                            </locationsNotCovered>
                              <locationsNotCovered>
                                <column>0</column>
                                <line>812</line>
                                <numExecutions>0</numExecutions>
                                <time>-1.0</time>
                            </locationsNotCovered>
                              <locationsNotCovered>
                                <column>0</column>
                                <line>813</line>
                                <numExecutions>0</numExecutions>
                                <time>-1.0</time>
                            </locationsNotCovered>
                              <locationsNotCovered>
                                <column>0</column>
                                <line>817</line>
                                <numExecutions>0</numExecutions>
                                <time>-1.0</time>
                            </locationsNotCovered>
                              <locationsNotCovered>
                                <column>0</column>
                                <line>819</line>
                                <numExecutions>0</numExecutions>
                                <time>-1.0</time>
                            </locationsNotCovered>
                              <locationsNotCovered>
                                <column>0</column>
                                <line>822</line>
                                <numExecutions>0</numExecutions>
                                <time>-1.0</time>
                            </locationsNotCovered>
                              <locationsNotCovered>
                                <column>0</column>
                                <line>824</line>
                                <numExecutions>0</numExecutions>
                                <time>-1.0</time>
                            </locationsNotCovered>
                              <locationsNotCovered>
                                <column>0</column>
                                <line>825</line>
                                <numExecutions>0</numExecutions>
                                <time>-1.0</time>
                            </locationsNotCovered>
                              <locationsNotCovered>
                                <column>0</column>
                                <line>828</line>
                                <numExecutions>0</numExecutions>
                                <time>-1.0</time>
                            </locationsNotCovered>
                              <locationsNotCovered>
                                <column>0</column>
                                <line>829</line>
                                <numExecutions>0</numExecutions>
                                <time>-1.0</time>
                            </locationsNotCovered>
                              <locationsNotCovered>
                                <column>0</column>
                                <line>830</line>
                                <numExecutions>0</numExecutions>
                                <time>-1.0</time>
                            </locationsNotCovered>
                              <locationsNotCovered>
                                <column>0</column>
                                <line>833</line>
                                <numExecutions>0</numExecutions>
                                <time>-1.0</time>
                            </locationsNotCovered>
                              <locationsNotCovered>
                                <column>0</column>
                                <line>834</line>
                                <numExecutions>0</numExecutions>
                                <time>-1.0</time>
                            </locationsNotCovered>
                              <locationsNotCovered>
                                <column>0</column>
                                <line>835</line>
                                <numExecutions>0</numExecutions>
                                <time>-1.0</time>
                            </locationsNotCovered>
                              <locationsNotCovered>
                                <column>0</column>
                                <line>840</line>
                                <numExecutions>0</numExecutions>
                                <time>-1.0</time>
                            </locationsNotCovered>
                              <locationsNotCovered>
                                <column>0</column>
                                <line>842</line>
                                <numExecutions>0</numExecutions>
                                <time>-1.0</time>
                            </locationsNotCovered>
                              <locationsNotCovered>
                                <column>0</column>
                                <line>843</line>
                                <numExecutions>0</numExecutions>
                                <time>-1.0</time>
                            </locationsNotCovered>
                              <locationsNotCovered>
                                <column>0</column>
                                <line>845</line>
                                <numExecutions>0</numExecutions>
                                <time>-1.0</time>
                            </locationsNotCovered>
                              <locationsNotCovered>
                                <column>0</column>
                                <line>846</line>
                                <numExecutions>0</numExecutions>
                                <time>-1.0</time>
                            </locationsNotCovered>
                              <locationsNotCovered>
                                <column>0</column>
                                <line>849</line>
                                <numExecutions>0</numExecutions>
                                <time>-1.0</time>
                            </locationsNotCovered>
                              <locationsNotCovered>
                                <column>0</column>
                                <line>851</line>
                                <numExecutions>0</numExecutions>
                                <time>-1.0</time>
                            </locationsNotCovered>
                              <locationsNotCovered>
                                <column>0</column>
                                <line>852</line>
                                <numExecutions>0</numExecutions>
                                <time>-1.0</time>
                            </locationsNotCovered>
                              <locationsNotCovered>
                                <column>0</column>
                                <line>853</line>
                                <numExecutions>0</numExecutions>
                                <time>-1.0</time>
                            </locationsNotCovered>
                              <locationsNotCovered>
                                <column>0</column>
                                <line>854</line>
                                <numExecutions>0</numExecutions>
                                <time>-1.0</time>
                            </locationsNotCovered>
                              <locationsNotCovered>
                                <column>0</column>
                                <line>856</line>
                                <numExecutions>0</numExecutions>
                                <time>-1.0</time>
                            </locationsNotCovered>
                              <locationsNotCovered>
                                <column>0</column>
                                <line>857</line>
                                <numExecutions>0</numExecutions>
                                <time>-1.0</time>
                            </locationsNotCovered>
                              <locationsNotCovered>
                                <column>0</column>
                                <line>858</line>
                                <numExecutions>0</numExecutions>
                                <time>-1.0</time>
                            </locationsNotCovered>
                              <locationsNotCovered>
                                <column>0</column>
                                <line>860</line>
                                <numExecutions>0</numExecutions>
                                <time>-1.0</time>
                            </locationsNotCovered>
                              <locationsNotCovered>
                                <column>0</column>
                                <line>861</line>
                                <numExecutions>0</numExecutions>
                                <time>-1.0</time>
                            </locationsNotCovered>
                              <locationsNotCovered>
                                <column>0</column>
                                <line>862</line>
                                <numExecutions>0</numExecutions>
                                <time>-1.0</time>
                            </locationsNotCovered>
                              <locationsNotCovered>
                                <column>0</column>
                                <line>863</line>
                                <numExecutions>0</numExecutions>
                                <time>-1.0</time>
                            </locationsNotCovered>
                              <locationsNotCovered>
                                <column>0</column>
                                <line>864</line>
                                <numExecutions>0</numExecutions>
                                <time>-1.0</time>
                            </locationsNotCovered>
                              <locationsNotCovered>
                                <column>0</column>
                                <line>865</line>
                                <numExecutions>0</numExecutions>
                                <time>-1.0</time>
                            </locationsNotCovered>
                              <locationsNotCovered>
                                <column>0</column>
                                <line>868</line>
                                <numExecutions>0</numExecutions>
                                <time>-1.0</time>
                            </locationsNotCovered>
                              <locationsNotCovered>
                                <column>0</column>
                                <line>869</line>
                                <numExecutions>0</numExecutions>
                                <time>-1.0</time>
                            </locationsNotCovered>
                              <locationsNotCovered>
                                <column>0</column>
                                <line>870</line>
                                <numExecutions>0</numExecutions>
                                <time>-1.0</time>
                            </locationsNotCovered>
                              <locationsNotCovered>
                                <column>0</column>
                                <line>871</line>
                                <numExecutions>0</numExecutions>
                                <time>-1.0</time>
                            </locationsNotCovered>
                              <locationsNotCovered>
                                <column>0</column>
                                <line>872</line>
                                <numExecutions>0</numExecutions>
                                <time>-1.0</time>
                            </locationsNotCovered>
                              <locationsNotCovered>
                                <column>0</column>
                                <line>873</line>
                                <numExecutions>0</numExecutions>
                                <time>-1.0</time>
                            </locationsNotCovered>
                              <locationsNotCovered>
                                <column>0</column>
                                <line>875</line>
                                <numExecutions>0</numExecutions>
                                <time>-1.0</time>
                            </locationsNotCovered>
                              <locationsNotCovered>
                                <column>0</column>
                                <line>876</line>
                                <numExecutions>0</numExecutions>
                                <time>-1.0</time>
                            </locationsNotCovered>
                              <locationsNotCovered>
                                <column>0</column>
                                <line>877</line>
                                <numExecutions>0</numExecutions>
                                <time>-1.0</time>
                            </locationsNotCovered>
                              <locationsNotCovered>
                                <column>0</column>
                                <line>878</line>
                                <numExecutions>0</numExecutions>
                                <time>-1.0</time>
                            </locationsNotCovered>
                              <locationsNotCovered>
                                <column>0</column>
                                <line>879</line>
                                <numExecutions>0</numExecutions>
                                <time>-1.0</time>
                            </locationsNotCovered>
                              <locationsNotCovered>
                                <column>0</column>
                                <line>880</line>
                                <numExecutions>0</numExecutions>
                                <time>-1.0</time>
                            </locationsNotCovered>
                              <locationsNotCovered>
                                <column>0</column>
                                <line>881</line>
                                <numExecutions>0</numExecutions>
                                <time>-1.0</time>
                            </locationsNotCovered>
                              <locationsNotCovered>
                                <column>0</column>
                                <line>884</line>
                                <numExecutions>0</numExecutions>
                                <time>-1.0</time>
                            </locationsNotCovered>
                              <locationsNotCovered>
                                <column>0</column>
                                <line>885</line>
                                <numExecutions>0</numExecutions>
                                <time>-1.0</time>
                            </locationsNotCovered>
                              <locationsNotCovered>
                                <column>0</column>
                                <line>888</line>
                                <numExecutions>0</numExecutions>
                                <time>-1.0</time>
                            </locationsNotCovered>
                              <locationsNotCovered>
                                <column>0</column>
                                <line>889</line>
                                <numExecutions>0</numExecutions>
                                <time>-1.0</time>
                            </locationsNotCovered>
                              <locationsNotCovered>
                                <column>0</column>
                                <line>892</line>
                                <numExecutions>0</numExecutions>
                                <time>-1.0</time>
                            </locationsNotCovered>
                              <locationsNotCovered>
                                <column>0</column>
                                <line>893</line>
                                <numExecutions>0</numExecutions>
                                <time>-1.0</time>
                            </locationsNotCovered>
                              <locationsNotCovered>
                                <column>0</column>
                                <line>897</line>
                                <numExecutions>0</numExecutions>
                                <time>-1.0</time>
                            </locationsNotCovered>
                              <locationsNotCovered>
                                <column>0</column>
                                <line>899</line>
                                <numExecutions>0</numExecutions>
                                <time>-1.0</time>
                            </locationsNotCovered>
                              <locationsNotCovered>
                                <column>0</column>
                                <line>901</line>
                                <numExecutions>0</numExecutions>
                                <time>-1.0</time>
                            </locationsNotCovered>
                              <locationsNotCovered>
                                <column>0</column>
                                <line>902</line>
                                <numExecutions>0</numExecutions>
                                <time>-1.0</time>
                            </locationsNotCovered>
                              <locationsNotCovered>
                                <column>0</column>
                                <line>906</line>
                                <numExecutions>0</numExecutions>
                                <time>-1.0</time>
                            </locationsNotCovered>
                              <locationsNotCovered>
                                <column>0</column>
                                <line>908</line>
                                <numExecutions>0</numExecutions>
                                <time>-1.0</time>
                            </locationsNotCovered>
                              <locationsNotCovered>
                                <column>0</column>
                                <line>909</line>
                                <numExecutions>0</numExecutions>
                                <time>-1.0</time>
                            </locationsNotCovered>
                              <locationsNotCovered>
                                <column>0</column>
                                <line>910</line>
                                <numExecutions>0</numExecutions>
                                <time>-1.0</time>
                            </locationsNotCovered>
                              <locationsNotCovered>
                                <column>0</column>
                                <line>911</line>
                                <numExecutions>0</numExecutions>
                                <time>-1.0</time>
                            </locationsNotCovered>
                              <locationsNotCovered>
                                <column>0</column>
                                <line>912</line>
                                <numExecutions>0</numExecutions>
                                <time>-1.0</time>
                            </locationsNotCovered>
                              <locationsNotCovered>
                                <column>0</column>
                                <line>913</line>
                                <numExecutions>0</numExecutions>
                                <time>-1.0</time>
                            </locationsNotCovered>
                              <locationsNotCovered>
                                <column>0</column>
                                <line>914</line>
                                <numExecutions>0</numExecutions>
                                <time>-1.0</time>
                            </locationsNotCovered>
                              <locationsNotCovered>
                                <column>0</column>
                                <line>915</line>
                                <numExecutions>0</numExecutions>
                                <time>-1.0</time>
                            </locationsNotCovered>
                              <locationsNotCovered>
                                <column>0</column>
                                <line>916</line>
                                <numExecutions>0</numExecutions>
                                <time>-1.0</time>
                            </locationsNotCovered>
                              <locationsNotCovered>
                                <column>0</column>
                                <line>918</line>
                                <numExecutions>0</numExecutions>
                                <time>-1.0</time>
                            </locationsNotCovered>
                              <locationsNotCovered>
                                <column>0</column>
                                <line>919</line>
                                <numExecutions>0</numExecutions>
                                <time>-1.0</time>
                            </locationsNotCovered>
                              <locationsNotCovered>
                                <column>0</column>
                                <line>920</line>
                                <numExecutions>0</numExecutions>
                                <time>-1.0</time>
                            </locationsNotCovered>
                              <locationsNotCovered>
                                <column>0</column>
                                <line>921</line>
                                <numExecutions>0</numExecutions>
                                <time>-1.0</time>
                            </locationsNotCovered>
                              <locationsNotCovered>
                                <column>0</column>
                                <line>923</line>
                                <numExecutions>0</numExecutions>
                                <time>-1.0</time>
                            </locationsNotCovered>
                              <locationsNotCovered>
                                <column>0</column>
                                <line>924</line>
                                <numExecutions>0</numExecutions>
                                <time>-1.0</time>
                            </locationsNotCovered>
                              <locationsNotCovered>
                                <column>0</column>
                                <line>929</line>
                                <numExecutions>0</numExecutions>
                                <time>-1.0</time>
                            </locationsNotCovered>
                              <locationsNotCovered>
                                <column>0</column>
                                <line>934</line>
                                <numExecutions>0</numExecutions>
                                <time>-1.0</time>
                            </locationsNotCovered>
                              <locationsNotCovered>
                                <column>0</column>
                                <line>937</line>
                                <numExecutions>0</numExecutions>
                                <time>-1.0</time>
                            </locationsNotCovered>
                              <locationsNotCovered>
                                <column>0</column>
                                <line>938</line>
                                <numExecutions>0</numExecutions>
                                <time>-1.0</time>
                            </locationsNotCovered>
                              <locationsNotCovered>
                                <column>0</column>
                                <line>941</line>
                                <numExecutions>0</numExecutions>
                                <time>-1.0</time>
                            </locationsNotCovered>
                              <locationsNotCovered>
                                <column>0</column>
                                <line>942</line>
                                <numExecutions>0</numExecutions>
                                <time>-1.0</time>
                            </locationsNotCovered>
                              <locationsNotCovered>
                                <column>0</column>
                                <line>943</line>
                                <numExecutions>0</numExecutions>
                                <time>-1.0</time>
                            </locationsNotCovered>
                              <locationsNotCovered>
                                <column>0</column>
                                <line>946</line>
                                <numExecutions>0</numExecutions>
                                <time>-1.0</time>
                            </locationsNotCovered>
                              <locationsNotCovered>
                                <column>0</column>
                                <line>947</line>
                                <numExecutions>0</numExecutions>
                                <time>-1.0</time>
                            </locationsNotCovered>
                              <locationsNotCovered>
                                <column>0</column>
                                <line>948</line>
                                <numExecutions>0</numExecutions>
                                <time>-1.0</time>
                            </locationsNotCovered>
                              <locationsNotCovered>
                                <column>0</column>
                                <line>954</line>
                                <numExecutions>0</numExecutions>
                                <time>-1.0</time>
                            </locationsNotCovered>
                              <locationsNotCovered>
                                <column>0</column>
                                <line>956</line>
                                <numExecutions>0</numExecutions>
                                <time>-1.0</time>
                            </locationsNotCovered>
                              <locationsNotCovered>
                                <column>0</column>
                                <line>957</line>
                                <numExecutions>0</numExecutions>
                                <time>-1.0</time>
                            </locationsNotCovered>
                              <locationsNotCovered>
                                <column>0</column>
                                <line>959</line>
                                <numExecutions>0</numExecutions>
                                <time>-1.0</time>
                            </locationsNotCovered>
                              <locationsNotCovered>
                                <column>0</column>
                                <line>960</line>
                                <numExecutions>0</numExecutions>
                                <time>-1.0</time>
                            </locationsNotCovered>
                              <locationsNotCovered>
                                <column>0</column>
                                <line>963</line>
                                <numExecutions>0</numExecutions>
                                <time>-1.0</time>
                            </locationsNotCovered>
                              <locationsNotCovered>
                                <column>0</column>
                                <line>965</line>
                                <numExecutions>0</numExecutions>
                                <time>-1.0</time>
                            </locationsNotCovered>
                              <locationsNotCovered>
                                <column>0</column>
                                <line>966</line>
                                <numExecutions>0</numExecutions>
                                <time>-1.0</time>
                            </locationsNotCovered>
                              <locationsNotCovered>
                                <column>0</column>
                                <line>967</line>
                                <numExecutions>0</numExecutions>
                                <time>-1.0</time>
                            </locationsNotCovered>
                              <locationsNotCovered>
                                <column>0</column>
                                <line>968</line>
                                <numExecutions>0</numExecutions>
                                <time>-1.0</time>
                            </locationsNotCovered>
                              <locationsNotCovered>
                                <column>0</column>
                                <line>969</line>
                                <numExecutions>0</numExecutions>
                                <time>-1.0</time>
                            </locationsNotCovered>
                              <locationsNotCovered>
                                <column>0</column>
                                <line>972</line>
                                <numExecutions>0</numExecutions>
                                <time>-1.0</time>
                            </locationsNotCovered>
                              <locationsNotCovered>
                                <column>0</column>
                                <line>973</line>
                                <numExecutions>0</numExecutions>
                                <time>-1.0</time>
                            </locationsNotCovered>
                              <locationsNotCovered>
                                <column>0</column>
                                <line>974</line>
                                <numExecutions>0</numExecutions>
                                <time>-1.0</time>
                            </locationsNotCovered>
                              <locationsNotCovered>
                                <column>0</column>
                                <line>975</line>
                                <numExecutions>0</numExecutions>
                                <time>-1.0</time>
                            </locationsNotCovered>
                              <locationsNotCovered>
                                <column>0</column>
                                <line>976</line>
                                <numExecutions>0</numExecutions>
                                <time>-1.0</time>
                            </locationsNotCovered>
                              <locationsNotCovered>
                                <column>0</column>
                                <line>977</line>
                                <numExecutions>0</numExecutions>
                                <time>-1.0</time>
                            </locationsNotCovered>
                              <locationsNotCovered>
                                <column>0</column>
                                <line>978</line>
                                <numExecutions>0</numExecutions>
                                <time>-1.0</time>
                            </locationsNotCovered>
                              <locationsNotCovered>
                                <column>0</column>
                                <line>1030</line>
                                <numExecutions>0</numExecutions>
                                <time>-1.0</time>
                            </locationsNotCovered>
                              <locationsNotCovered>
                                <column>0</column>
                                <line>1031</line>
                                <numExecutions>0</numExecutions>
                                <time>-1.0</time>
                            </locationsNotCovered>
                              <locationsNotCovered>
                                <column>0</column>
                                <line>1033</line>
                                <numExecutions>0</numExecutions>
                                <time>-1.0</time>
                            </locationsNotCovered>
                              <locationsNotCovered>
                                <column>0</column>
                                <line>1034</line>
                                <numExecutions>0</numExecutions>
                                <time>-1.0</time>
                            </locationsNotCovered>
                              <locationsNotCovered>
                                <column>0</column>
                                <line>1038</line>
                                <numExecutions>0</numExecutions>
                                <time>-1.0</time>
                            </locationsNotCovered>
                              <locationsNotCovered>
                                <column>0</column>
                                <line>1041</line>
                                <numExecutions>0</numExecutions>
                                <time>-1.0</time>
                            </locationsNotCovered>
                              <locationsNotCovered>
                                <column>0</column>
                                <line>1043</line>
                                <numExecutions>0</numExecutions>
                                <time>-1.0</time>
                            </locationsNotCovered>
                              <locationsNotCovered>
                                <column>0</column>
                                <line>1045</line>
                                <numExecutions>0</numExecutions>
                                <time>-1.0</time>
                            </locationsNotCovered>
                              <locationsNotCovered>
                                <column>0</column>
                                <line>1046</line>
                                <numExecutions>0</numExecutions>
                                <time>-1.0</time>
                            </locationsNotCovered>
                              <locationsNotCovered>
                                <column>0</column>
                                <line>1048</line>
                                <numExecutions>0</numExecutions>
                                <time>-1.0</time>
                            </locationsNotCovered>
                              <locationsNotCovered>
                                <column>0</column>
                                <line>1049</line>
                                <numExecutions>0</numExecutions>
                                <time>-1.0</time>
                            </locationsNotCovered>
                              <locationsNotCovered>
                                <column>0</column>
                                <line>1050</line>
                                <numExecutions>0</numExecutions>
                                <time>-1.0</time>
                            </locationsNotCovered>
                              <locationsNotCovered>
                                <column>0</column>
                                <line>1052</line>
                                <numExecutions>0</numExecutions>
                                <time>-1.0</time>
                            </locationsNotCovered>
                              <locationsNotCovered>
                                <column>0</column>
                                <line>1053</line>
                                <numExecutions>0</numExecutions>
                                <time>-1.0</time>
                            </locationsNotCovered>
                              <locationsNotCovered>
                                <column>0</column>
                                <line>1054</line>
                                <numExecutions>0</numExecutions>
                                <time>-1.0</time>
                            </locationsNotCovered>
                              <locationsNotCovered>
                                <column>0</column>
                                <line>1055</line>
                                <numExecutions>0</numExecutions>
                                <time>-1.0</time>
                            </locationsNotCovered>
                              <locationsNotCovered>
                                <column>0</column>
                                <line>1057</line>
                                <numExecutions>0</numExecutions>
                                <time>-1.0</time>
                            </locationsNotCovered>
                              <locationsNotCovered>
                                <column>0</column>
                                <line>1058</line>
                                <numExecutions>0</numExecutions>
                                <time>-1.0</time>
                            </locationsNotCovered>
                              <locationsNotCovered>
                                <column>0</column>
                                <line>1064</line>
                                <numExecutions>0</numExecutions>
                                <time>-1.0</time>
                            </locationsNotCovered>
                              <locationsNotCovered>
                                <column>0</column>
                                <line>1070</line>
                                <numExecutions>0</numExecutions>
                                <time>-1.0</time>
                            </locationsNotCovered>
                              <locationsNotCovered>
                                <column>0</column>
                                <line>1072</line>
                                <numExecutions>0</numExecutions>
                                <time>-1.0</time>
                            </locationsNotCovered>
                              <locationsNotCovered>
                                <column>0</column>
                                <line>1073</line>
                                <numExecutions>0</numExecutions>
                                <time>-1.0</time>
                            </locationsNotCovered>
                              <locationsNotCovered>
                                <column>0</column>
                                <line>1074</line>
                                <numExecutions>0</numExecutions>
                                <time>-1.0</time>
                            </locationsNotCovered>
                              <locationsNotCovered>
                                <column>0</column>
                                <line>1075</line>
                                <numExecutions>0</numExecutions>
                                <time>-1.0</time>
                            </locationsNotCovered>
                              <locationsNotCovered>
                                <column>0</column>
                                <line>1076</line>
                                <numExecutions>0</numExecutions>
                                <time>-1.0</time>
                            </locationsNotCovered>
                              <locationsNotCovered>
                                <column>0</column>
                                <line>1077</line>
                                <numExecutions>0</numExecutions>
                                <time>-1.0</time>
                            </locationsNotCovered>
                              <locationsNotCovered>
                                <column>0</column>
                                <line>1078</line>
                                <numExecutions>0</numExecutions>
                                <time>-1.0</time>
                            </locationsNotCovered>
                              <locationsNotCovered>
                                <column>0</column>
                                <line>1081</line>
                                <numExecutions>0</numExecutions>
                                <time>-1.0</time>
                            </locationsNotCovered>
                              <locationsNotCovered>
                                <column>0</column>
                                <line>1083</line>
                                <numExecutions>0</numExecutions>
                                <time>-1.0</time>
                            </locationsNotCovered>
                              <locationsNotCovered>
                                <column>0</column>
                                <line>1084</line>
                                <numExecutions>0</numExecutions>
                                <time>-1.0</time>
                            </locationsNotCovered>
                              <locationsNotCovered>
                                <column>0</column>
                                <line>1085</line>
                                <numExecutions>0</numExecutions>
                                <time>-1.0</time>
                            </locationsNotCovered>
                              <locationsNotCovered>
                                <column>0</column>
                                <line>1086</line>
                                <numExecutions>0</numExecutions>
                                <time>-1.0</time>
                            </locationsNotCovered>
                              <locationsNotCovered>
                                <column>0</column>
                                <line>1087</line>
                                <numExecutions>0</numExecutions>
                                <time>-1.0</time>
                            </locationsNotCovered>
                              <locationsNotCovered>
                                <column>0</column>
                                <line>1090</line>
                                <numExecutions>0</numExecutions>
                                <time>-1.0</time>
                            </locationsNotCovered>
                              <locationsNotCovered>
                                <column>0</column>
                                <line>1091</line>
                                <numExecutions>0</numExecutions>
                                <time>-1.0</time>
                            </locationsNotCovered>
                              <locationsNotCovered>
                                <column>0</column>
                                <line>1094</line>
                                <numExecutions>0</numExecutions>
                                <time>-1.0</time>
                            </locationsNotCovered>
                              <locationsNotCovered>
                                <column>0</column>
                                <line>1098</line>
                                <numExecutions>0</numExecutions>
                                <time>-1.0</time>
                            </locationsNotCovered>
                              <locationsNotCovered>
                                <column>0</column>
                                <line>1100</line>
                                <numExecutions>0</numExecutions>
                                <time>-1.0</time>
                            </locationsNotCovered>
                              <locationsNotCovered>
                                <column>0</column>
                                <line>1101</line>
                                <numExecutions>0</numExecutions>
                                <time>-1.0</time>
                            </locationsNotCovered>
                              <locationsNotCovered>
                                <column>0</column>
                                <line>1103</line>
                                <numExecutions>0</numExecutions>
                                <time>-1.0</time>
                            </locationsNotCovered>
                              <locationsNotCovered>
                                <column>0</column>
                                <line>1104</line>
                                <numExecutions>0</numExecutions>
                                <time>-1.0</time>
                            </locationsNotCovered>
                              <locationsNotCovered>
                                <column>0</column>
                                <line>1105</line>
                                <numExecutions>0</numExecutions>
                                <time>-1.0</time>
                            </locationsNotCovered>
                              <locationsNotCovered>
                                <column>0</column>
                                <line>1107</line>
                                <numExecutions>0</numExecutions>
                                <time>-1.0</time>
                            </locationsNotCovered>
                              <locationsNotCovered>
                                <column>0</column>
                                <line>1110</line>
                                <numExecutions>0</numExecutions>
                                <time>-1.0</time>
                            </locationsNotCovered>
                              <locationsNotCovered>
                                <column>0</column>
                                <line>1111</line>
                                <numExecutions>0</numExecutions>
                                <time>-1.0</time>
                            </locationsNotCovered>
                              <locationsNotCovered>
                                <column>0</column>
                                <line>1113</line>
                                <numExecutions>0</numExecutions>
                                <time>-1.0</time>
                            </locationsNotCovered>
                              <locationsNotCovered>
                                <column>0</column>
                                <line>1115</line>
                                <numExecutions>0</numExecutions>
                                <time>-1.0</time>
                            </locationsNotCovered>
                              <locationsNotCovered>
                                <column>0</column>
                                <line>1116</line>
                                <numExecutions>0</numExecutions>
                                <time>-1.0</time>
                            </locationsNotCovered>
                              <locationsNotCovered>
                                <column>0</column>
                                <line>1117</line>
                                <numExecutions>0</numExecutions>
                                <time>-1.0</time>
                            </locationsNotCovered>
                              <locationsNotCovered>
                                <column>0</column>
                                <line>1120</line>
                                <numExecutions>0</numExecutions>
                                <time>-1.0</time>
                            </locationsNotCovered>
                              <locationsNotCovered>
                                <column>0</column>
                                <line>1122</line>
                                <numExecutions>0</numExecutions>
                                <time>-1.0</time>
                            </locationsNotCovered>
                              <locationsNotCovered>
                                <column>0</column>
                                <line>1125</line>
                                <numExecutions>0</numExecutions>
                                <time>-1.0</time>
                            </locationsNotCovered>
                              <locationsNotCovered>
                                <column>0</column>
                                <line>1126</line>
                                <numExecutions>0</numExecutions>
                                <time>-1.0</time>
                            </locationsNotCovered>
                              <locationsNotCovered>
                                <column>0</column>
                                <line>1128</line>
                                <numExecutions>0</numExecutions>
                                <time>-1.0</time>
                            </locationsNotCovered>
                              <locationsNotCovered>
                                <column>0</column>
                                <line>1129</line>
                                <numExecutions>0</numExecutions>
                                <time>-1.0</time>
                            </locationsNotCovered>
                              <locationsNotCovered>
                                <column>0</column>
                                <line>1130</line>
                                <numExecutions>0</numExecutions>
                                <time>-1.0</time>
                            </locationsNotCovered>
                              <locationsNotCovered>
                                <column>0</column>
                                <line>1132</line>
                                <numExecutions>0</numExecutions>
                                <time>-1.0</time>
                            </locationsNotCovered>
                              <locationsNotCovered>
                                <column>0</column>
                                <line>1133</line>
                                <numExecutions>0</numExecutions>
                                <time>-1.0</time>
                            </locationsNotCovered>
                              <locationsNotCovered>
                                <column>0</column>
                                <line>1134</line>
                                <numExecutions>0</numExecutions>
                                <time>-1.0</time>
                            </locationsNotCovered>
                              <locationsNotCovered>
                                <column>0</column>
                                <line>1135</line>
                                <numExecutions>0</numExecutions>
                                <time>-1.0</time>
                            </locationsNotCovered>
                              <locationsNotCovered>
                                <column>0</column>
                                <line>1136</line>
                                <numExecutions>0</numExecutions>
                                <time>-1.0</time>
                            </locationsNotCovered>
                              <locationsNotCovered>
                                <column>0</column>
                                <line>1138</line>
                                <numExecutions>0</numExecutions>
                                <time>-1.0</time>
                            </locationsNotCovered>
                              <locationsNotCovered>
                                <column>0</column>
                                <line>1144</line>
                                <numExecutions>0</numExecutions>
                                <time>-1.0</time>
                            </locationsNotCovered>
                              <locationsNotCovered>
                                <column>0</column>
                                <line>1145</line>
                                <numExecutions>0</numExecutions>
                                <time>-1.0</time>
                            </locationsNotCovered>
                              <locationsNotCovered>
                                <column>0</column>
                                <line>1148</line>
                                <numExecutions>0</numExecutions>
                                <time>-1.0</time>
                            </locationsNotCovered>
                              <locationsNotCovered>
                                <column>0</column>
                                <line>1151</line>
                                <numExecutions>0</numExecutions>
                                <time>-1.0</time>
                            </locationsNotCovered>
                              <locationsNotCovered>
                                <column>0</column>
                                <line>1152</line>
                                <numExecutions>0</numExecutions>
                                <time>-1.0</time>
                            </locationsNotCovered>
                              <locationsNotCovered>
                                <column>0</column>
                                <line>1153</line>
                                <numExecutions>0</numExecutions>
                                <time>-1.0</time>
                            </locationsNotCovered>
                              <locationsNotCovered>
                                <column>0</column>
                                <line>1154</line>
                                <numExecutions>0</numExecutions>
                                <time>-1.0</time>
                            </locationsNotCovered>
                              <locationsNotCovered>
                                <column>0</column>
                                <line>1155</line>
                                <numExecutions>0</numExecutions>
                                <time>-1.0</time>
                            </locationsNotCovered>
                              <locationsNotCovered>
                                <column>0</column>
                                <line>1156</line>
                                <numExecutions>0</numExecutions>
                                <time>-1.0</time>
                            </locationsNotCovered>
                              <locationsNotCovered>
                                <column>0</column>
                                <line>1157</line>
                                <numExecutions>0</numExecutions>
                                <time>-1.0</time>
                            </locationsNotCovered>
                              <locationsNotCovered>
                                <column>0</column>
                                <line>1158</line>
                                <numExecutions>0</numExecutions>
                                <time>-1.0</time>
                            </locationsNotCovered>
                              <locationsNotCovered>
                                <column>0</column>
                                <line>1161</line>
                                <numExecutions>0</numExecutions>
                                <time>-1.0</time>
                            </locationsNotCovered>
                              <locationsNotCovered>
                                <column>0</column>
                                <line>1164</line>
                                <numExecutions>0</numExecutions>
                                <time>-1.0</time>
                            </locationsNotCovered>
                              <locationsNotCovered>
                                <column>0</column>
                                <line>1165</line>
                                <numExecutions>0</numExecutions>
                                <time>-1.0</time>
                            </locationsNotCovered>
                              <locationsNotCovered>
                                <column>0</column>
                                <line>1166</line>
                                <numExecutions>0</numExecutions>
                                <time>-1.0</time>
                            </locationsNotCovered>
                              <locationsNotCovered>
                                <column>0</column>
                                <line>1169</line>
                                <numExecutions>0</numExecutions>
                                <time>-1.0</time>
                            </locationsNotCovered>
                              <locationsNotCovered>
                                <column>0</column>
                                <line>1171</line>
                                <numExecutions>0</numExecutions>
                                <time>-1.0</time>
                            </locationsNotCovered>
                              <locationsNotCovered>
                                <column>0</column>
                                <line>1172</line>
                                <numExecutions>0</numExecutions>
                                <time>-1.0</time>
                            </locationsNotCovered>
                              <locationsNotCovered>
                                <column>0</column>
                                <line>1173</line>
                                <numExecutions>0</numExecutions>
                                <time>-1.0</time>
                            </locationsNotCovered>
                              <locationsNotCovered>
                                <column>0</column>
                                <line>1174</line>
                                <numExecutions>0</numExecutions>
                                <time>-1.0</time>
                            </locationsNotCovered>
                              <locationsNotCovered>
                                <column>0</column>
                                <line>1175</line>
                                <numExecutions>0</numExecutions>
                                <time>-1.0</time>
                            </locationsNotCovered>
                              <locationsNotCovered>
                                <column>0</column>
                                <line>1179</line>
                                <numExecutions>0</numExecutions>
                                <time>-1.0</time>
                            </locationsNotCovered>
                              <locationsNotCovered>
                                <column>0</column>
                                <line>1180</line>
                                <numExecutions>0</numExecutions>
                                <time>-1.0</time>
                            </locationsNotCovered>
                              <locationsNotCovered>
                                <column>0</column>
                                <line>1181</line>
                                <numExecutions>0</numExecutions>
                                <time>-1.0</time>
                            </locationsNotCovered>
                              <locationsNotCovered>
                                <column>0</column>
                                <line>1185</line>
                                <numExecutions>0</numExecutions>
                                <time>-1.0</time>
                            </locationsNotCovered>
                              <locationsNotCovered>
                                <column>0</column>
                                <line>1190</line>
                                <numExecutions>0</numExecutions>
                                <time>-1.0</time>
                            </locationsNotCovered>
                              <locationsNotCovered>
                                <column>0</column>
                                <line>1191</line>
                                <numExecutions>0</numExecutions>
                                <time>-1.0</time>
                            </locationsNotCovered>
                              <locationsNotCovered>
                                <column>0</column>
                                <line>1192</line>
                                <numExecutions>0</numExecutions>
                                <time>-1.0</time>
                            </locationsNotCovered>
                              <locationsNotCovered>
                                <column>0</column>
                                <line>1194</line>
                                <numExecutions>0</numExecutions>
                                <time>-1.0</time>
                            </locationsNotCovered>
                              <locationsNotCovered>
                                <column>0</column>
                                <line>1195</line>
                                <numExecutions>0</numExecutions>
                                <time>-1.0</time>
                            </locationsNotCovered>
                              <locationsNotCovered>
                                <column>0</column>
                                <line>1197</line>
                                <numExecutions>0</numExecutions>
                                <time>-1.0</time>
                            </locationsNotCovered>
                              <locationsNotCovered>
                                <column>0</column>
                                <line>1198</line>
                                <numExecutions>0</numExecutions>
                                <time>-1.0</time>
                            </locationsNotCovered>
                              <locationsNotCovered>
                                <column>0</column>
                                <line>1199</line>
                                <numExecutions>0</numExecutions>
                                <time>-1.0</time>
                            </locationsNotCovered>
                              <locationsNotCovered>
                                <column>0</column>
                                <line>1200</line>
                                <numExecutions>0</numExecutions>
                                <time>-1.0</time>
                            </locationsNotCovered>
                              <locationsNotCovered>
                                <column>0</column>
                                <line>1201</line>
                                <numExecutions>0</numExecutions>
                                <time>-1.0</time>
                            </locationsNotCovered>
                              <locationsNotCovered>
                                <column>0</column>
                                <line>1202</line>
                                <numExecutions>0</numExecutions>
                                <time>-1.0</time>
                            </locationsNotCovered>
                              <locationsNotCovered>
                                <column>0</column>
                                <line>1205</line>
                                <numExecutions>0</numExecutions>
                                <time>-1.0</time>
                            </locationsNotCovered>
                              <locationsNotCovered>
                                <column>0</column>
                                <line>1206</line>
                                <numExecutions>0</numExecutions>
                                <time>-1.0</time>
                            </locationsNotCovered>
                              <locationsNotCovered>
                                <column>0</column>
                                <line>1207</line>
                                <numExecutions>0</numExecutions>
                                <time>-1.0</time>
                            </locationsNotCovered>
                              <locationsNotCovered>
                                <column>0</column>
                                <line>1208</line>
                                <numExecutions>0</numExecutions>
                                <time>-1.0</time>
                            </locationsNotCovered>
                              <locationsNotCovered>
                                <column>0</column>
                                <line>1209</line>
                                <numExecutions>0</numExecutions>
                                <time>-1.0</time>
                            </locationsNotCovered>
                              <locationsNotCovered>
                                <column>0</column>
                                <line>1213</line>
                                <numExecutions>0</numExecutions>
                                <time>-1.0</time>
                            </locationsNotCovered>
                              <locationsNotCovered>
                                <column>0</column>
                                <line>1215</line>
                                <numExecutions>0</numExecutions>
                                <time>-1.0</time>
                            </locationsNotCovered>
                              <locationsNotCovered>
                                <column>0</column>
                                <line>1217</line>
                                <numExecutions>0</numExecutions>
                                <time>-1.0</time>
                            </locationsNotCovered>
                              <locationsNotCovered>
                                <column>0</column>
                                <line>1222</line>
                                <numExecutions>0</numExecutions>
                                <time>-1.0</time>
                            </locationsNotCovered>
                              <locationsNotCovered>
                                <column>0</column>
                                <line>1223</line>
                                <numExecutions>0</numExecutions>
                                <time>-1.0</time>
                            </locationsNotCovered>
                              <locationsNotCovered>
                                <column>0</column>
                                <line>1226</line>
                                <numExecutions>0</numExecutions>
                                <time>-1.0</time>
                            </locationsNotCovered>
                              <locationsNotCovered>
                                <column>0</column>
                                <line>1227</line>
                                <numExecutions>0</numExecutions>
                                <time>-1.0</time>
                            </locationsNotCovered>
                              <locationsNotCovered>
                                <column>0</column>
                                <line>1228</line>
                                <numExecutions>0</numExecutions>
                                <time>-1.0</time>
                            </locationsNotCovered>
                              <locationsNotCovered>
                                <column>0</column>
                                <line>1229</line>
                                <numExecutions>0</numExecutions>
                                <time>-1.0</time>
                            </locationsNotCovered>
                              <locationsNotCovered>
                                <column>0</column>
                                <line>1230</line>
                                <numExecutions>0</numExecutions>
                                <time>-1.0</time>
                            </locationsNotCovered>
                              <locationsNotCovered>
                                <column>0</column>
                                <line>1231</line>
                                <numExecutions>0</numExecutions>
                                <time>-1.0</time>
                            </locationsNotCovered>
                              <locationsNotCovered>
                                <column>0</column>
                                <line>1232</line>
                                <numExecutions>0</numExecutions>
                                <time>-1.0</time>
                            </locationsNotCovered>
                              <locationsNotCovered>
                                <column>0</column>
                                <line>1236</line>
                                <numExecutions>0</numExecutions>
                                <time>-1.0</time>
                            </locationsNotCovered>
                              <locationsNotCovered>
                                <column>0</column>
                                <line>1237</line>
                                <numExecutions>0</numExecutions>
                                <time>-1.0</time>
                            </locationsNotCovered>
                              <locationsNotCovered>
                                <column>0</column>
                                <line>1238</line>
                                <numExecutions>0</numExecutions>
                                <time>-1.0</time>
                            </locationsNotCovered>
                              <locationsNotCovered>
                                <column>0</column>
                                <line>1239</line>
                                <numExecutions>0</numExecutions>
                                <time>-1.0</time>
                            </locationsNotCovered>
                              <locationsNotCovered>
                                <column>0</column>
                                <line>1240</line>
                                <numExecutions>0</numExecutions>
                                <time>-1.0</time>
                            </locationsNotCovered>
                              <locationsNotCovered>
                                <column>0</column>
                                <line>1241</line>
                                <numExecutions>0</numExecutions>
                                <time>-1.0</time>
                            </locationsNotCovered>
                              <locationsNotCovered>
                                <column>0</column>
                                <line>1244</line>
                                <numExecutions>0</numExecutions>
                                <time>-1.0</time>
                            </locationsNotCovered>
                              <locationsNotCovered>
                                <column>0</column>
                                <line>1247</line>
                                <numExecutions>0</numExecutions>
                                <time>-1.0</time>
                            </locationsNotCovered>
                              <locationsNotCovered>
                                <column>0</column>
                                <line>1248</line>
                                <numExecutions>0</numExecutions>
                                <time>-1.0</time>
                            </locationsNotCovered>
                              <locationsNotCovered>
                                <column>0</column>
                                <line>1249</line>
                                <numExecutions>0</numExecutions>
                                <time>-1.0</time>
                            </locationsNotCovered>
                              <locationsNotCovered>
                                <column>0</column>
                                <line>1250</line>
                                <numExecutions>0</numExecutions>
                                <time>-1.0</time>
                            </locationsNotCovered>
                              <locationsNotCovered>
                                <column>0</column>
                                <line>1251</line>
                                <numExecutions>0</numExecutions>
                                <time>-1.0</time>
                            </locationsNotCovered>
                              <locationsNotCovered>
                                <column>0</column>
                                <line>1254</line>
                                <numExecutions>0</numExecutions>
                                <time>-1.0</time>
                            </locationsNotCovered>
                              <locationsNotCovered>
                                <column>0</column>
                                <line>1256</line>
                                <numExecutions>0</numExecutions>
                                <time>-1.0</time>
                            </locationsNotCovered>
                              <locationsNotCovered>
                                <column>0</column>
                                <line>1258</line>
                                <numExecutions>0</numExecutions>
                                <time>-1.0</time>
                            </locationsNotCovered>
                              <locationsNotCovered>
                                <column>0</column>
                                <line>1259</line>
                                <numExecutions>0</numExecutions>
                                <time>-1.0</time>
                            </locationsNotCovered>
                              <locationsNotCovered>
                                <column>0</column>
                                <line>1260</line>
                                <numExecutions>0</numExecutions>
                                <time>-1.0</time>
                            </locationsNotCovered>
                              <locationsNotCovered>
                                <column>0</column>
                                <line>1264</line>
                                <numExecutions>0</numExecutions>
                                <time>-1.0</time>
                            </locationsNotCovered>
                              <locationsNotCovered>
                                <column>0</column>
                                <line>1265</line>
                                <numExecutions>0</numExecutions>
                                <time>-1.0</time>
                            </locationsNotCovered>
                              <locationsNotCovered>
                                <column>0</column>
                                <line>1269</line>
                                <numExecutions>0</numExecutions>
                                <time>-1.0</time>
                            </locationsNotCovered>
                              <locationsNotCovered>
                                <column>0</column>
                                <line>1270</line>
                                <numExecutions>0</numExecutions>
                                <time>-1.0</time>
                            </locationsNotCovered>
                              <locationsNotCovered>
                                <column>0</column>
                                <line>1271</line>
                                <numExecutions>0</numExecutions>
                                <time>-1.0</time>
                            </locationsNotCovered>
                              <locationsNotCovered>
                                <column>0</column>
                                <line>1273</line>
                                <numExecutions>0</numExecutions>
                                <time>-1.0</time>
                            </locationsNotCovered>
                              <locationsNotCovered>
                                <column>0</column>
                                <line>1276</line>
                                <numExecutions>0</numExecutions>
                                <time>-1.0</time>
                            </locationsNotCovered>
                              <locationsNotCovered>
                                <column>0</column>
                                <line>1277</line>
                                <numExecutions>0</numExecutions>
                                <time>-1.0</time>
                            </locationsNotCovered>
                              <locationsNotCovered>
                                <column>0</column>
                                <line>1280</line>
                                <numExecutions>0</numExecutions>
                                <time>-1.0</time>
                            </locationsNotCovered>
                              <locationsNotCovered>
                                <column>0</column>
                                <line>1283</line>
                                <numExecutions>0</numExecutions>
                                <time>-1.0</time>
                            </locationsNotCovered>
                              <locationsNotCovered>
                                <column>0</column>
                                <line>1284</line>
                                <numExecutions>0</numExecutions>
                                <time>-1.0</time>
                            </locationsNotCovered>
                              <locationsNotCovered>
                                <column>0</column>
                                <line>1285</line>
                                <numExecutions>0</numExecutions>
                                <time>-1.0</time>
                            </locationsNotCovered>
                              <locationsNotCovered>
                                <column>0</column>
                                <line>1286</line>
                                <numExecutions>0</numExecutions>
                                <time>-1.0</time>
                            </locationsNotCovered>
                              <locationsNotCovered>
                                <column>0</column>
                                <line>1287</line>
                                <numExecutions>0</numExecutions>
                                <time>-1.0</time>
                            </locationsNotCovered>
                              <locationsNotCovered>
                                <column>0</column>
                                <line>1288</line>
                                <numExecutions>0</numExecutions>
                                <time>-1.0</time>
                            </locationsNotCovered>
                              <locationsNotCovered>
                                <column>0</column>
                                <line>1292</line>
                                <numExecutions>0</numExecutions>
                                <time>-1.0</time>
                            </locationsNotCovered>
                              <locationsNotCovered>
                                <column>0</column>
                                <line>1293</line>
                                <numExecutions>0</numExecutions>
                                <time>-1.0</time>
                            </locationsNotCovered>
                              <locationsNotCovered>
                                <column>0</column>
                                <line>1294</line>
                                <numExecutions>0</numExecutions>
                                <time>-1.0</time>
                            </locationsNotCovered>
                              <locationsNotCovered>
                                <column>0</column>
                                <line>1295</line>
                                <numExecutions>0</numExecutions>
                                <time>-1.0</time>
                            </locationsNotCovered>
                              <locationsNotCovered>
                                <column>0</column>
                                <line>1296</line>
                                <numExecutions>0</numExecutions>
                                <time>-1.0</time>
                            </locationsNotCovered>
                              <locationsNotCovered>
                                <column>0</column>
                                <line>1299</line>
                                <numExecutions>0</numExecutions>
                                <time>-1.0</time>
                            </locationsNotCovered>
                              <locationsNotCovered>
                                <column>0</column>
                                <line>1300</line>
                                <numExecutions>0</numExecutions>
                                <time>-1.0</time>
                            </locationsNotCovered>
                              <locationsNotCovered>
                                <column>0</column>
                                <line>1301</line>
                                <numExecutions>0</numExecutions>
                                <time>-1.0</time>
                            </locationsNotCovered>
                              <locationsNotCovered>
                                <column>0</column>
                                <line>1302</line>
                                <numExecutions>0</numExecutions>
                                <time>-1.0</time>
                            </locationsNotCovered>
                              <locationsNotCovered>
                                <column>0</column>
                                <line>1306</line>
                                <numExecutions>0</numExecutions>
                                <time>-1.0</time>
                            </locationsNotCovered>
                              <locationsNotCovered>
                                <column>0</column>
                                <line>1307</line>
                                <numExecutions>0</numExecutions>
                                <time>-1.0</time>
                            </locationsNotCovered>
                              <locationsNotCovered>
                                <column>0</column>
                                <line>1308</line>
                                <numExecutions>0</numExecutions>
                                <time>-1.0</time>
                            </locationsNotCovered>
                              <locationsNotCovered>
                                <column>0</column>
                                <line>1310</line>
                                <numExecutions>0</numExecutions>
                                <time>-1.0</time>
                            </locationsNotCovered>
                              <locationsNotCovered>
                                <column>0</column>
                                <line>1312</line>
                                <numExecutions>0</numExecutions>
                                <time>-1.0</time>
                            </locationsNotCovered>
                              <locationsNotCovered>
                                <column>0</column>
                                <line>1314</line>
                                <numExecutions>0</numExecutions>
                                <time>-1.0</time>
                            </locationsNotCovered>
                              <locationsNotCovered>
                                <column>0</column>
                                <line>1315</line>
                                <numExecutions>0</numExecutions>
                                <time>-1.0</time>
                            </locationsNotCovered>
                              <locationsNotCovered>
                                <column>0</column>
                                <line>1317</line>
                                <numExecutions>0</numExecutions>
                                <time>-1.0</time>
                            </locationsNotCovered>
                              <locationsNotCovered>
                                <column>0</column>
                                <line>1318</line>
                                <numExecutions>0</numExecutions>
                                <time>-1.0</time>
                            </locationsNotCovered>
                              <locationsNotCovered>
                                <column>0</column>
                                <line>1319</line>
                                <numExecutions>0</numExecutions>
                                <time>-1.0</time>
                            </locationsNotCovered>
                              <locationsNotCovered>
                                <column>0</column>
                                <line>1321</line>
                                <numExecutions>0</numExecutions>
                                <time>-1.0</time>
                            </locationsNotCovered>
                              <locationsNotCovered>
                                <column>0</column>
                                <line>1322</line>
                                <numExecutions>0</numExecutions>
                                <time>-1.0</time>
                            </locationsNotCovered>
                              <locationsNotCovered>
                                <column>0</column>
                                <line>1326</line>
                                <numExecutions>0</numExecutions>
                                <time>-1.0</time>
                            </locationsNotCovered>
                              <locationsNotCovered>
                                <column>0</column>
                                <line>1327</line>
                                <numExecutions>0</numExecutions>
                                <time>-1.0</time>
                            </locationsNotCovered>
                              <locationsNotCovered>
                                <column>0</column>
                                <line>1328</line>
                                <numExecutions>0</numExecutions>
                                <time>-1.0</time>
                            </locationsNotCovered>
                              <locationsNotCovered>
                                <column>0</column>
                                <line>1329</line>
                                <numExecutions>0</numExecutions>
                                <time>-1.0</time>
                            </locationsNotCovered>
                              <locationsNotCovered>
                                <column>0</column>
                                <line>1331</line>
                                <numExecutions>0</numExecutions>
                                <time>-1.0</time>
                            </locationsNotCovered>
                              <locationsNotCovered>
                                <column>0</column>
                                <line>1332</line>
                                <numExecutions>0</numExecutions>
                                <time>-1.0</time>
                            </locationsNotCovered>
                              <locationsNotCovered>
                                <column>0</column>
                                <line>1333</line>
                                <numExecutions>0</numExecutions>
                                <time>-1.0</time>
                            </locationsNotCovered>
                              <locationsNotCovered>
                                <column>0</column>
                                <line>1334</line>
                                <numExecutions>0</numExecutions>
                                <time>-1.0</time>
                            </locationsNotCovered>
                              <locationsNotCovered>
                                <column>0</column>
                                <line>1335</line>
                                <numExecutions>0</numExecutions>
                                <time>-1.0</time>
                            </locationsNotCovered>
                              <locationsNotCovered>
                                <column>0</column>
                                <line>1339</line>
                                <numExecutions>0</numExecutions>
                                <time>-1.0</time>
                            </locationsNotCovered>
                              <locationsNotCovered>
                                <column>0</column>
                                <line>1347</line>
                                <numExecutions>0</numExecutions>
                                <time>-1.0</time>
                            </locationsNotCovered>
                              <locationsNotCovered>
                                <column>0</column>
                                <line>1348</line>
                                <numExecutions>0</numExecutions>
                                <time>-1.0</time>
                            </locationsNotCovered>
                              <locationsNotCovered>
                                <column>0</column>
                                <line>1350</line>
                                <numExecutions>0</numExecutions>
                                <time>-1.0</time>
                            </locationsNotCovered>
                              <locationsNotCovered>
                                <column>0</column>
                                <line>1351</line>
                                <numExecutions>0</numExecutions>
                                <time>-1.0</time>
                            </locationsNotCovered>
                              <locationsNotCovered>
                                <column>0</column>
                                <line>1352</line>
                                <numExecutions>0</numExecutions>
                                <time>-1.0</time>
                            </locationsNotCovered>
                              <locationsNotCovered>
                                <column>0</column>
                                <line>1353</line>
                                <numExecutions>0</numExecutions>
                                <time>-1.0</time>
                            </locationsNotCovered>
                              <locationsNotCovered>
                                <column>0</column>
                                <line>1354</line>
                                <numExecutions>0</numExecutions>
                                <time>-1.0</time>
                            </locationsNotCovered>
                              <locationsNotCovered>
                                <column>0</column>
                                <line>1355</line>
                                <numExecutions>0</numExecutions>
                                <time>-1.0</time>
                            </locationsNotCovered>
                              <locationsNotCovered>
                                <column>0</column>
                                <line>1356</line>
                                <numExecutions>0</numExecutions>
                                <time>-1.0</time>
                            </locationsNotCovered>
                              <locationsNotCovered>
                                <column>0</column>
                                <line>1357</line>
                                <numExecutions>0</numExecutions>
                                <time>-1.0</time>
                            </locationsNotCovered>
                              <locationsNotCovered>
                                <column>0</column>
                                <line>1358</line>
                                <numExecutions>0</numExecutions>
                                <time>-1.0</time>
                            </locationsNotCovered>
                              <locationsNotCovered>
                                <column>0</column>
                                <line>1359</line>
                                <numExecutions>0</numExecutions>
                                <time>-1.0</time>
                            </locationsNotCovered>
                              <locationsNotCovered>
                                <column>0</column>
                                <line>1360</line>
                                <numExecutions>0</numExecutions>
                                <time>-1.0</time>
                            </locationsNotCovered>
                              <locationsNotCovered>
                                <column>0</column>
                                <line>1363</line>
                                <numExecutions>0</numExecutions>
                                <time>-1.0</time>
                            </locationsNotCovered>
                              <locationsNotCovered>
                                <column>0</column>
                                <line>1364</line>
                                <numExecutions>0</numExecutions>
                                <time>-1.0</time>
                            </locationsNotCovered>
                              <locationsNotCovered>
                                <column>0</column>
                                <line>1367</line>
                                <numExecutions>0</numExecutions>
                                <time>-1.0</time>
                            </locationsNotCovered>
                              <locationsNotCovered>
                                <column>0</column>
                                <line>1369</line>
                                <numExecutions>0</numExecutions>
                                <time>-1.0</time>
                            </locationsNotCovered>
                              <locationsNotCovered>
                                <column>0</column>
                                <line>1372</line>
                                <numExecutions>0</numExecutions>
                                <time>-1.0</time>
                            </locationsNotCovered>
                              <locationsNotCovered>
                                <column>0</column>
                                <line>1375</line>
                                <numExecutions>0</numExecutions>
                                <time>-1.0</time>
                            </locationsNotCovered>
                              <locationsNotCovered>
                                <column>0</column>
                                <line>1378</line>
                                <numExecutions>0</numExecutions>
                                <time>-1.0</time>
                            </locationsNotCovered>
                              <locationsNotCovered>
                                <column>0</column>
                                <line>1379</line>
                                <numExecutions>0</numExecutions>
                                <time>-1.0</time>
                            </locationsNotCovered>
                              <locationsNotCovered>
                                <column>0</column>
                                <line>1382</line>
                                <numExecutions>0</numExecutions>
                                <time>-1.0</time>
                            </locationsNotCovered>
                              <locationsNotCovered>
                                <column>0</column>
                                <line>1385</line>
                                <numExecutions>0</numExecutions>
                                <time>-1.0</time>
                            </locationsNotCovered>
                              <locationsNotCovered>
                                <column>0</column>
                                <line>1388</line>
                                <numExecutions>0</numExecutions>
                                <time>-1.0</time>
                            </locationsNotCovered>
                              <locationsNotCovered>
                                <column>0</column>
                                <line>1391</line>
                                <numExecutions>0</numExecutions>
                                <time>-1.0</time>
                            </locationsNotCovered>
                              <locationsNotCovered>
                                <column>0</column>
                                <line>1392</line>
                                <numExecutions>0</numExecutions>
                                <time>-1.0</time>
                            </locationsNotCovered>
                              <locationsNotCovered>
                                <column>0</column>
                                <line>1395</line>
                                <numExecutions>0</numExecutions>
                                <time>-1.0</time>
                            </locationsNotCovered>
                              <locationsNotCovered>
                                <column>0</column>
                                <line>1398</line>
                                <numExecutions>0</numExecutions>
                                <time>-1.0</time>
                            </locationsNotCovered>
                              <locationsNotCovered>
                                <column>0</column>
                                <line>1400</line>
                                <numExecutions>0</numExecutions>
                                <time>-1.0</time>
                            </locationsNotCovered>
                              <locationsNotCovered>
                                <column>0</column>
                                <line>1401</line>
                                <numExecutions>0</numExecutions>
                                <time>-1.0</time>
                            </locationsNotCovered>
                              <locationsNotCovered>
                                <column>0</column>
                                <line>1403</line>
                                <numExecutions>0</numExecutions>
                                <time>-1.0</time>
                            </locationsNotCovered>
                              <locationsNotCovered>
                                <column>0</column>
                                <line>1404</line>
                                <numExecutions>0</numExecutions>
                                <time>-1.0</time>
                            </locationsNotCovered>
                              <locationsNotCovered>
                                <column>0</column>
                                <line>1405</line>
                                <numExecutions>0</numExecutions>
                                <time>-1.0</time>
                            </locationsNotCovered>
                              <locationsNotCovered>
                                <column>0</column>
                                <line>1406</line>
                                <numExecutions>0</numExecutions>
                                <time>-1.0</time>
                            </locationsNotCovered>
                              <locationsNotCovered>
                                <column>0</column>
                                <line>1409</line>
                                <numExecutions>0</numExecutions>
                                <time>-1.0</time>
                            </locationsNotCovered>
                              <locationsNotCovered>
                                <column>0</column>
                                <line>1415</line>
                                <numExecutions>0</numExecutions>
                                <time>-1.0</time>
                            </locationsNotCovered>
                              <locationsNotCovered>
                                <column>0</column>
                                <line>1416</line>
                                <numExecutions>0</numExecutions>
                                <time>-1.0</time>
                            </locationsNotCovered>
                              <locationsNotCovered>
                                <column>0</column>
                                <line>1418</line>
                                <numExecutions>0</numExecutions>
                                <time>-1.0</time>
                            </locationsNotCovered>
                              <locationsNotCovered>
                                <column>0</column>
                                <line>1419</line>
                                <numExecutions>0</numExecutions>
                                <time>-1.0</time>
                            </locationsNotCovered>
                              <locationsNotCovered>
                                <column>0</column>
                                <line>1422</line>
                                <numExecutions>0</numExecutions>
                                <time>-1.0</time>
                            </locationsNotCovered>
                              <locationsNotCovered>
                                <column>0</column>
                                <line>1423</line>
                                <numExecutions>0</numExecutions>
                                <time>-1.0</time>
                            </locationsNotCovered>
                              <locationsNotCovered>
                                <column>0</column>
                                <line>1426</line>
                                <numExecutions>0</numExecutions>
                                <time>-1.0</time>
                            </locationsNotCovered>
                              <locationsNotCovered>
                                <column>0</column>
                                <line>1427</line>
                                <numExecutions>0</numExecutions>
                                <time>-1.0</time>
                            </locationsNotCovered>
                              <locationsNotCovered>
                                <column>0</column>
                                <line>1428</line>
                                <numExecutions>0</numExecutions>
                                <time>-1.0</time>
                            </locationsNotCovered>
                              <locationsNotCovered>
                                <column>0</column>
                                <line>1451</line>
                                <numExecutions>0</numExecutions>
                                <time>-1.0</time>
                            </locationsNotCovered>
                              <locationsNotCovered>
                                <column>0</column>
                                <line>1452</line>
                                <numExecutions>0</numExecutions>
                                <time>-1.0</time>
                            </locationsNotCovered>
                              <locationsNotCovered>
                                <column>0</column>
                                <line>1453</line>
                                <numExecutions>0</numExecutions>
                                <time>-1.0</time>
                            </locationsNotCovered>
                              <locationsNotCovered>
                                <column>0</column>
                                <line>1454</line>
                                <numExecutions>0</numExecutions>
                                <time>-1.0</time>
                            </locationsNotCovered>
                              <locationsNotCovered>
                                <column>0</column>
                                <line>1455</line>
                                <numExecutions>0</numExecutions>
                                <time>-1.0</time>
                            </locationsNotCovered>
                              <locationsNotCovered>
                                <column>0</column>
                                <line>1483</line>
                                <numExecutions>0</numExecutions>
                                <time>-1.0</time>
                            </locationsNotCovered>
                              <locationsNotCovered>
                                <column>0</column>
                                <line>1484</line>
                                <numExecutions>0</numExecutions>
                                <time>-1.0</time>
                            </locationsNotCovered>
                              <locationsNotCovered>
                                <column>0</column>
                                <line>1485</line>
                                <numExecutions>0</numExecutions>
                                <time>-1.0</time>
                            </locationsNotCovered>
                              <locationsNotCovered>
                                <column>0</column>
                                <line>1486</line>
                                <numExecutions>0</numExecutions>
                                <time>-1.0</time>
                            </locationsNotCovered>
                              <locationsNotCovered>
                                <column>0</column>
                                <line>1487</line>
                                <numExecutions>0</numExecutions>
                                <time>-1.0</time>
                            </locationsNotCovered>
                              <locationsNotCovered>
                                <column>0</column>
                                <line>1495</line>
                                <numExecutions>0</numExecutions>
                                <time>-1.0</time>
                            </locationsNotCovered>
                              <name>CtrlRemoteCreationOfZendeskUsers</name>
                              <namespace>Zendesk</namespace>
                              <numLocations>791</numLocations>
                              <numLocationsNotCovered>680</numLocationsNotCovered>
                              <type>Class</type>
                          </codeCoverage>
                            <codeCoverage>
                              <id>01qL000000050HoIAI</id>
                              <name>ContactTrigger</name>
                              <namespace xsi:nil="true"/>
                                <numLocations>3</numLocations>
                                <numLocationsNotCovered>0</numLocationsNotCovered>
                                <type>Trigger</type>
                            </codeCoverage>
                              <codeCoverage>
                                <id>01pL0000000EUXxIAO</id>
                                <locationsNotCovered>
                                  <column>0</column>
                                  <line>9</line>
                                  <numExecutions>0</numExecutions>
                                  <time>-1.0</time>
                              </locationsNotCovered>
                                <locationsNotCovered>
                                  <column>0</column>
                                  <line>10</line>
                                  <numExecutions>0</numExecutions>
                                  <time>-1.0</time>
                              </locationsNotCovered>
                                <locationsNotCovered>
                                  <column>0</column>
                                  <line>11</line>
                                  <numExecutions>0</numExecutions>
                                  <time>-1.0</time>
                              </locationsNotCovered>
                                <locationsNotCovered>
                                  <column>0</column>
                                  <line>12</line>
                                  <numExecutions>0</numExecutions>
                                  <time>-1.0</time>
                              </locationsNotCovered>
                                <locationsNotCovered>
                                  <column>0</column>
                                  <line>13</line>
                                  <numExecutions>0</numExecutions>
                                  <time>-1.0</time>
                              </locationsNotCovered>
                                <locationsNotCovered>
                                  <column>0</column>
                                  <line>15</line>
                                  <numExecutions>0</numExecutions>
                                  <time>-1.0</time>
                              </locationsNotCovered>
                                <locationsNotCovered>
                                  <column>0</column>
                                  <line>18</line>
                                  <numExecutions>0</numExecutions>
                                  <time>-1.0</time>
                              </locationsNotCovered>
                                <locationsNotCovered>
                                  <column>0</column>
                                  <line>19</line>
                                  <numExecutions>0</numExecutions>
                                  <time>-1.0</time>
                              </locationsNotCovered>
                                <locationsNotCovered>
                                  <column>0</column>
                                  <line>20</line>
                                  <numExecutions>0</numExecutions>
                                  <time>-1.0</time>
                              </locationsNotCovered>
                                <locationsNotCovered>
                                  <column>0</column>
                                  <line>21</line>
                                  <numExecutions>0</numExecutions>
                                  <time>-1.0</time>
                              </locationsNotCovered>
                                <locationsNotCovered>
                                  <column>0</column>
                                  <line>22</line>
                                  <numExecutions>0</numExecutions>
                                  <time>-1.0</time>
                              </locationsNotCovered>
                                <locationsNotCovered>
                                  <column>0</column>
                                  <line>23</line>
                                  <numExecutions>0</numExecutions>
                                  <time>-1.0</time>
                              </locationsNotCovered>
                                <locationsNotCovered>
                                  <column>0</column>
                                  <line>26</line>
                                  <numExecutions>0</numExecutions>
                                  <time>-1.0</time>
                              </locationsNotCovered>
                                <locationsNotCovered>
                                  <column>0</column>
                                  <line>27</line>
                                  <numExecutions>0</numExecutions>
                                  <time>-1.0</time>
                              </locationsNotCovered>
                                <locationsNotCovered>
                                  <column>0</column>
                                  <line>28</line>
                                  <numExecutions>0</numExecutions>
                                  <time>-1.0</time>
                              </locationsNotCovered>
                                <locationsNotCovered>
                                  <column>0</column>
                                  <line>31</line>
                                  <numExecutions>0</numExecutions>
                                  <time>-1.0</time>
                              </locationsNotCovered>
                                <locationsNotCovered>
                                  <column>0</column>
                                  <line>32</line>
                                  <numExecutions>0</numExecutions>
                                  <time>-1.0</time>
                              </locationsNotCovered>
                                <locationsNotCovered>
                                  <column>0</column>
                                  <line>33</line>
                                  <numExecutions>0</numExecutions>
                                  <time>-1.0</time>
                              </locationsNotCovered>
                                <locationsNotCovered>
                                  <column>0</column>
                                  <line>36</line>
                                  <numExecutions>0</numExecutions>
                                  <time>-1.0</time>
                              </locationsNotCovered>
                                <locationsNotCovered>
                                  <column>0</column>
                                  <line>39</line>
                                  <numExecutions>0</numExecutions>
                                  <time>-1.0</time>
                              </locationsNotCovered>
                                <locationsNotCovered>
                                  <column>0</column>
                                  <line>40</line>
                                  <numExecutions>0</numExecutions>
                                  <time>-1.0</time>
                              </locationsNotCovered>
                                <locationsNotCovered>
                                  <column>0</column>
                                  <line>41</line>
                                  <numExecutions>0</numExecutions>
                                  <time>-1.0</time>
                              </locationsNotCovered>
                                <locationsNotCovered>
                                  <column>0</column>
                                  <line>42</line>
                                  <numExecutions>0</numExecutions>
                                  <time>-1.0</time>
                              </locationsNotCovered>
                                <name>UpdatePhoneNumberBatch</name>
                                <namespace xsi:nil="true"/>
                                  <numLocations>23</numLocations>
                                  <numLocationsNotCovered>23</numLocationsNotCovered>
                                  <type>Class</type>
                              </codeCoverage>
                                <codeCoverage>
                                  <id>01pD0000001Ia1YIAS</id>
                                  <locationsNotCovered>
                                    <column>0</column>
                                    <line>43</line>
                                    <numExecutions>0</numExecutions>
                                    <time>-1.0</time>
                                </locationsNotCovered>
                                  <name>QueryUtil</name>
                                  <namespace xsi:nil="true"/>
                                    <numLocations>19</numLocations>
                                    <numLocationsNotCovered>1</numLocationsNotCovered>
                                    <type>Class</type>
                                </codeCoverage>
                                  <codeCoverage>
                                    <id>01pL0000000E8VgIAK</id>
                                    <locationsNotCovered>
                                      <column>0</column>
                                      <line>9</line>
                                      <numExecutions>0</numExecutions>
                                      <time>-1.0</time>
                                  </locationsNotCovered>
                                    <locationsNotCovered>
                                      <column>0</column>
                                      <line>11</line>
                                      <numExecutions>0</numExecutions>
                                      <time>-1.0</time>
                                  </locationsNotCovered>
                                    <locationsNotCovered>
                                      <column>0</column>
                                      <line>12</line>
                                      <numExecutions>0</numExecutions>
                                      <time>-1.0</time>
                                  </locationsNotCovered>
                                    <locationsNotCovered>
                                      <column>0</column>
                                      <line>13</line>
                                      <numExecutions>0</numExecutions>
                                      <time>-1.0</time>
                                  </locationsNotCovered>
                                    <locationsNotCovered>
                                      <column>0</column>
                                      <line>16</line>
                                      <numExecutions>0</numExecutions>
                                      <time>-1.0</time>
                                  </locationsNotCovered>
                                    <locationsNotCovered>
                                      <column>0</column>
                                      <line>17</line>
                                      <numExecutions>0</numExecutions>
                                      <time>-1.0</time>
                                  </locationsNotCovered>
                                    <locationsNotCovered>
                                      <column>0</column>
                                      <line>20</line>
                                      <numExecutions>0</numExecutions>
                                      <time>-1.0</time>
                                  </locationsNotCovered>
                                    <locationsNotCovered>
                                      <column>0</column>
                                      <line>21</line>
                                      <numExecutions>0</numExecutions>
                                      <time>-1.0</time>
                                  </locationsNotCovered>
                                    <name>CtrlZendeskUserShedulableClass</name>
                                    <namespace>Zendesk</namespace>
                                    <numLocations>8</numLocations>
                                    <numLocationsNotCovered>8</numLocationsNotCovered>
                                    <type>Class</type>
                                </codeCoverage>
                                  <codeCoverage>
                                    <id>01pL0000000E8WKIA0</id>
                                    <locationsNotCovered>
                                      <column>0</column>
                                      <line>11</line>
                                      <numExecutions>0</numExecutions>
                                      <time>-1.0</time>
                                  </locationsNotCovered>
                                    <locationsNotCovered>
                                      <column>0</column>
                                      <line>34</line>
                                      <numExecutions>0</numExecutions>
                                      <time>-1.0</time>
                                  </locationsNotCovered>
                                    <locationsNotCovered>
                                      <column>0</column>
                                      <line>104</line>
                                      <numExecutions>0</numExecutions>
                                      <time>-1.0</time>
                                  </locationsNotCovered>
                                    <locationsNotCovered>
                                      <column>0</column>
                                      <line>107</line>
                                      <numExecutions>0</numExecutions>
                                      <time>-1.0</time>
                                  </locationsNotCovered>
                                    <locationsNotCovered>
                                      <column>0</column>
                                      <line>133</line>
                                      <numExecutions>0</numExecutions>
                                      <time>-1.0</time>
                                  </locationsNotCovered>
                                    <locationsNotCovered>
                                      <column>0</column>
                                      <line>134</line>
                                      <numExecutions>0</numExecutions>
                                      <time>-1.0</time>
                                  </locationsNotCovered>
                                    <locationsNotCovered>
                                      <column>0</column>
                                      <line>161</line>
                                      <numExecutions>0</numExecutions>
                                      <time>-1.0</time>
                                  </locationsNotCovered>
                                    <locationsNotCovered>
                                      <column>0</column>
                                      <line>245</line>
                                      <numExecutions>0</numExecutions>
                                      <time>-1.0</time>
                                  </locationsNotCovered>
                                    <locationsNotCovered>
                                      <column>0</column>
                                      <line>287</line>
                                      <numExecutions>0</numExecutions>
                                      <time>-1.0</time>
                                  </locationsNotCovered>
                                    <locationsNotCovered>
                                      <column>0</column>
                                      <line>322</line>
                                      <numExecutions>0</numExecutions>
                                      <time>-1.0</time>
                                  </locationsNotCovered>
                                    <locationsNotCovered>
                                      <column>0</column>
                                      <line>323</line>
                                      <numExecutions>0</numExecutions>
                                      <time>-1.0</time>
                                  </locationsNotCovered>
                                    <locationsNotCovered>
                                      <column>0</column>
                                      <line>372</line>
                                      <numExecutions>0</numExecutions>
                                      <time>-1.0</time>
                                  </locationsNotCovered>
                                    <locationsNotCovered>
                                      <column>0</column>
                                      <line>374</line>
                                      <numExecutions>0</numExecutions>
                                      <time>-1.0</time>
                                  </locationsNotCovered>
                                    <locationsNotCovered>
                                      <column>0</column>
                                      <line>376</line>
                                      <numExecutions>0</numExecutions>
                                      <time>-1.0</time>
                                  </locationsNotCovered>
                                    <locationsNotCovered>
                                      <column>0</column>
                                      <line>378</line>
                                      <numExecutions>0</numExecutions>
                                      <time>-1.0</time>
                                  </locationsNotCovered>
                                    <locationsNotCovered>
                                      <column>0</column>
                                      <line>437</line>
                                      <numExecutions>0</numExecutions>
                                      <time>-1.0</time>
                                  </locationsNotCovered>
                                    <locationsNotCovered>
                                      <column>0</column>
                                      <line>450</line>
                                      <numExecutions>0</numExecutions>
                                      <time>-1.0</time>
                                  </locationsNotCovered>
                                    <locationsNotCovered>
                                      <column>0</column>
                                      <line>503</line>
                                      <numExecutions>0</numExecutions>
                                      <time>-1.0</time>
                                  </locationsNotCovered>
                                    <locationsNotCovered>
                                      <column>0</column>
                                      <line>539</line>
                                      <numExecutions>0</numExecutions>
                                      <time>-1.0</time>
                                  </locationsNotCovered>
                                    <locationsNotCovered>
                                      <column>0</column>
                                      <line>548</line>
                                      <numExecutions>0</numExecutions>
                                      <time>-1.0</time>
                                  </locationsNotCovered>
                                    <locationsNotCovered>
                                      <column>0</column>
                                      <line>638</line>
                                      <numExecutions>0</numExecutions>
                                      <time>-1.0</time>
                                  </locationsNotCovered>
                                    <locationsNotCovered>
                                      <column>0</column>
                                      <line>639</line>
                                      <numExecutions>0</numExecutions>
                                      <time>-1.0</time>
                                  </locationsNotCovered>
                                    <locationsNotCovered>
                                      <column>0</column>
                                      <line>640</line>
                                      <numExecutions>0</numExecutions>
                                      <time>-1.0</time>
                                  </locationsNotCovered>
                                    <locationsNotCovered>
                                      <column>0</column>
                                      <line>641</line>
                                      <numExecutions>0</numExecutions>
                                      <time>-1.0</time>
                                  </locationsNotCovered>
                                    <locationsNotCovered>
                                      <column>0</column>
                                      <line>642</line>
                                      <numExecutions>0</numExecutions>
                                      <time>-1.0</time>
                                  </locationsNotCovered>
                                    <locationsNotCovered>
                                      <column>0</column>
                                      <line>696</line>
                                      <numExecutions>0</numExecutions>
                                      <time>-1.0</time>
                                  </locationsNotCovered>
                                    <name>ZendeskTicket</name>
                                    <namespace>Zendesk</namespace>
                                    <numLocations>463</numLocations>
                                    <numLocationsNotCovered>26</numLocationsNotCovered>
                                    <type>Class</type>
                                </codeCoverage>
                                  <codeCoverage>
                                    <id>01pD0000001IZaqIAG</id>
                                    <locationsNotCovered>
                                      <column>0</column>
                                      <line>15</line>
                                      <numExecutions>0</numExecutions>
                                      <time>-1.0</time>
                                  </locationsNotCovered>
                                    <name>ForgotPasswordController</name>
                                    <namespace xsi:nil="true"/>
                                      <numLocations>9</numLocations>
                                      <numLocationsNotCovered>1</numLocationsNotCovered>
                                      <type>Class</type>
                                  </codeCoverage>
                                    <codeCoverage>
                                      <id>01pL0000000M535IAC</id>
                                      <locationsNotCovered>
                                        <column>0</column>
                                        <line>72</line>
                                        <numExecutions>0</numExecutions>
                                        <time>-1.0</time>
                                    </locationsNotCovered>
                                      <name>AccountBatchSync</name>
                                      <namespace xsi:nil="true"/>
                                        <numLocations>13</numLocations>
                                        <numLocationsNotCovered>1</numLocationsNotCovered>
                                        <type>Class</type>
                                    </codeCoverage>
                                      <codeCoverage>
                                        <id>01pL0000000E8VoIAK</id>
                                        <locationsNotCovered>
                                          <column>0</column>
                                          <line>77</line>
                                          <numExecutions>0</numExecutions>
                                          <time>-1.0</time>
                                      </locationsNotCovered>
                                        <locationsNotCovered>
                                          <column>0</column>
                                          <line>79</line>
                                          <numExecutions>0</numExecutions>
                                          <time>-1.0</time>
                                      </locationsNotCovered>
                                        <locationsNotCovered>
                                          <column>0</column>
                                          <line>80</line>
                                          <numExecutions>0</numExecutions>
                                          <time>-1.0</time>
                                      </locationsNotCovered>
                                        <name>TG_XmlUtils</name>
                                        <namespace>Zendesk</namespace>
                                        <numLocations>93</numLocations>
                                        <numLocationsNotCovered>3</numLocationsNotCovered>
                                        <type>Class</type>
                                    </codeCoverage>
                                      <codeCoverage>
                                        <id>01pD0000001IZaJIAW</id>
                                        <locationsNotCovered>
                                          <column>0</column>
                                          <line>50</line>
                                          <numExecutions>0</numExecutions>
                                          <time>-1.0</time>
                                      </locationsNotCovered>
                                        <locationsNotCovered>
                                          <column>0</column>
                                          <line>51</line>
                                          <numExecutions>0</numExecutions>
                                          <time>-1.0</time>
                                      </locationsNotCovered>
                                        <locationsNotCovered>
                                          <column>0</column>
                                          <line>84</line>
                                          <numExecutions>0</numExecutions>
                                          <time>-1.0</time>
                                      </locationsNotCovered>
                                        <locationsNotCovered>
                                          <column>0</column>
                                          <line>93</line>
                                          <numExecutions>0</numExecutions>
                                          <time>-1.0</time>
                                      </locationsNotCovered>
                                        <locationsNotCovered>
                                          <column>0</column>
                                          <line>99</line>
                                          <numExecutions>0</numExecutions>
                                          <time>-1.0</time>
                                      </locationsNotCovered>
                                        <locationsNotCovered>
                                          <column>0</column>
                                          <line>104</line>
                                          <numExecutions>0</numExecutions>
                                          <time>-1.0</time>
                                      </locationsNotCovered>
                                        <name>TriggerUtil</name>
                                        <namespace xsi:nil="true"/>
                                          <numLocations>37</numLocations>
                                          <numLocationsNotCovered>6</numLocationsNotCovered>
                                          <type>Class</type>
                                      </codeCoverage>
                                        <codeCoverage>
                                          <id>01pD0000001IZaCIAW</id>
                                          <name>SelfServiceAccountFormData</name>
                                          <namespace xsi:nil="true"/>
                                            <numLocations>58</numLocations>
                                            <numLocationsNotCovered>0</numLocationsNotCovered>
                                            <type>Class</type>
                                        </codeCoverage>
                                          <codeCoverage>
                                            <id>01pL0000000EEn6IAG</id>
                                            <locationsNotCovered>
                                              <column>0</column>
                                              <line>12</line>
                                              <numExecutions>0</numExecutions>
                                              <time>-1.0</time>
                                          </locationsNotCovered>
                                            <locationsNotCovered>
                                              <column>0</column>
                                              <line>13</line>
                                              <numExecutions>0</numExecutions>
                                              <time>-1.0</time>
                                          </locationsNotCovered>
                                            <locationsNotCovered>
                                              <column>0</column>
                                              <line>14</line>
                                              <numExecutions>0</numExecutions>
                                              <time>-1.0</time>
                                          </locationsNotCovered>
                                            <locationsNotCovered>
                                              <column>0</column>
                                              <line>15</line>
                                              <numExecutions>0</numExecutions>
                                              <time>-1.0</time>
                                          </locationsNotCovered>
                                            <locationsNotCovered>
                                              <column>0</column>
                                              <line>16</line>
                                              <numExecutions>0</numExecutions>
                                              <time>-1.0</time>
                                          </locationsNotCovered>
                                            <locationsNotCovered>
                                              <column>0</column>
                                              <line>17</line>
                                              <numExecutions>0</numExecutions>
                                              <time>-1.0</time>
                                          </locationsNotCovered>
                                            <locationsNotCovered>
                                              <column>0</column>
                                              <line>18</line>
                                              <numExecutions>0</numExecutions>
                                              <time>-1.0</time>
                                          </locationsNotCovered>
                                            <locationsNotCovered>
                                              <column>0</column>
                                              <line>19</line>
                                              <numExecutions>0</numExecutions>
                                              <time>-1.0</time>
                                          </locationsNotCovered>
                                            <locationsNotCovered>
                                              <column>0</column>
                                              <line>22</line>
                                              <numExecutions>0</numExecutions>
                                              <time>-1.0</time>
                                          </locationsNotCovered>
                                            <locationsNotCovered>
                                              <column>0</column>
                                              <line>23</line>
                                              <numExecutions>0</numExecutions>
                                              <time>-1.0</time>
                                          </locationsNotCovered>
                                            <locationsNotCovered>
                                              <column>0</column>
                                              <line>25</line>
                                              <numExecutions>0</numExecutions>
                                              <time>-1.0</time>
                                          </locationsNotCovered>
                                            <locationsNotCovered>
                                              <column>0</column>
                                              <line>27</line>
                                              <numExecutions>0</numExecutions>
                                              <time>-1.0</time>
                                          </locationsNotCovered>
                                            <locationsNotCovered>
                                              <column>0</column>
                                              <line>28</line>
                                              <numExecutions>0</numExecutions>
                                              <time>-1.0</time>
                                          </locationsNotCovered>
                                            <locationsNotCovered>
                                              <column>0</column>
                                              <line>29</line>
                                              <numExecutions>0</numExecutions>
                                              <time>-1.0</time>
                                          </locationsNotCovered>
                                            <locationsNotCovered>
                                              <column>0</column>
                                              <line>32</line>
                                              <numExecutions>0</numExecutions>
                                              <time>-1.0</time>
                                          </locationsNotCovered>
                                            <locationsNotCovered>
                                              <column>0</column>
                                              <line>34</line>
                                              <numExecutions>0</numExecutions>
                                              <time>-1.0</time>
                                          </locationsNotCovered>
                                            <locationsNotCovered>
                                              <column>0</column>
                                              <line>46</line>
                                              <numExecutions>0</numExecutions>
                                              <time>-1.0</time>
                                          </locationsNotCovered>
                                            <locationsNotCovered>
                                              <column>0</column>
                                              <line>47</line>
                                              <numExecutions>0</numExecutions>
                                              <time>-1.0</time>
                                          </locationsNotCovered>
                                            <locationsNotCovered>
                                              <column>0</column>
                                              <line>51</line>
                                              <numExecutions>0</numExecutions>
                                              <time>-1.0</time>
                                          </locationsNotCovered>
                                            <locationsNotCovered>
                                              <column>0</column>
                                              <line>56</line>
                                              <numExecutions>0</numExecutions>
                                              <time>-1.0</time>
                                          </locationsNotCovered>
                                            <locationsNotCovered>
                                              <column>0</column>
                                              <line>57</line>
                                              <numExecutions>0</numExecutions>
                                              <time>-1.0</time>
                                          </locationsNotCovered>
                                            <locationsNotCovered>
                                              <column>0</column>
                                              <line>61</line>
                                              <numExecutions>0</numExecutions>
                                              <time>-1.0</time>
                                          </locationsNotCovered>
                                            <locationsNotCovered>
                                              <column>0</column>
                                              <line>63</line>
                                              <numExecutions>0</numExecutions>
                                              <time>-1.0</time>
                                          </locationsNotCovered>
                                            <locationsNotCovered>
                                              <column>0</column>
                                              <line>69</line>
                                              <numExecutions>0</numExecutions>
                                              <time>-1.0</time>
                                          </locationsNotCovered>
                                            <locationsNotCovered>
                                              <column>0</column>
                                              <line>70</line>
                                              <numExecutions>0</numExecutions>
                                              <time>-1.0</time>
                                          </locationsNotCovered>
                                            <locationsNotCovered>
                                              <column>0</column>
                                              <line>74</line>
                                              <numExecutions>0</numExecutions>
                                              <time>-1.0</time>
                                          </locationsNotCovered>
                                            <locationsNotCovered>
                                              <column>0</column>
                                              <line>76</line>
                                              <numExecutions>0</numExecutions>
                                              <time>-1.0</time>
                                          </locationsNotCovered>
                                            <locationsNotCovered>
                                              <column>0</column>
                                              <line>80</line>
                                              <numExecutions>0</numExecutions>
                                              <time>-1.0</time>
                                          </locationsNotCovered>
                                            <locationsNotCovered>
                                              <column>0</column>
                                              <line>81</line>
                                              <numExecutions>0</numExecutions>
                                              <time>-1.0</time>
                                          </locationsNotCovered>
                                            <locationsNotCovered>
                                              <column>0</column>
                                              <line>82</line>
                                              <numExecutions>0</numExecutions>
                                              <time>-1.0</time>
                                          </locationsNotCovered>
                                            <locationsNotCovered>
                                              <column>0</column>
                                              <line>85</line>
                                              <numExecutions>0</numExecutions>
                                              <time>-1.0</time>
                                          </locationsNotCovered>
                                            <locationsNotCovered>
                                              <column>0</column>
                                              <line>86</line>
                                              <numExecutions>0</numExecutions>
                                              <time>-1.0</time>
                                          </locationsNotCovered>
                                            <locationsNotCovered>
                                              <column>0</column>
                                              <line>90</line>
                                              <numExecutions>0</numExecutions>
                                              <time>-1.0</time>
                                          </locationsNotCovered>
                                            <locationsNotCovered>
                                              <column>0</column>
                                              <line>92</line>
                                              <numExecutions>0</numExecutions>
                                              <time>-1.0</time>
                                          </locationsNotCovered>
                                            <locationsNotCovered>
                                              <column>0</column>
                                              <line>95</line>
                                              <numExecutions>0</numExecutions>
                                              <time>-1.0</time>
                                          </locationsNotCovered>
                                            <locationsNotCovered>
                                              <column>0</column>
                                              <line>99</line>
                                              <numExecutions>0</numExecutions>
                                              <time>-1.0</time>
                                          </locationsNotCovered>
                                            <locationsNotCovered>
                                              <column>0</column>
                                              <line>100</line>
                                              <numExecutions>0</numExecutions>
                                              <time>-1.0</time>
                                          </locationsNotCovered>
                                            <locationsNotCovered>
                                              <column>0</column>
                                              <line>101</line>
                                              <numExecutions>0</numExecutions>
                                              <time>-1.0</time>
                                          </locationsNotCovered>
                                            <locationsNotCovered>
                                              <column>0</column>
                                              <line>105</line>
                                              <numExecutions>0</numExecutions>
                                              <time>-1.0</time>
                                          </locationsNotCovered>
                                            <locationsNotCovered>
                                              <column>0</column>
                                              <line>108</line>
                                              <numExecutions>0</numExecutions>
                                              <time>-1.0</time>
                                          </locationsNotCovered>
                                            <locationsNotCovered>
                                              <column>0</column>
                                              <line>109</line>
                                              <numExecutions>0</numExecutions>
                                              <time>-1.0</time>
                                          </locationsNotCovered>
                                            <locationsNotCovered>
                                              <column>0</column>
                                              <line>112</line>
                                              <numExecutions>0</numExecutions>
                                              <time>-1.0</time>
                                          </locationsNotCovered>
                                            <locationsNotCovered>
                                              <column>0</column>
                                              <line>113</line>
                                              <numExecutions>0</numExecutions>
                                              <time>-1.0</time>
                                          </locationsNotCovered>
                                            <locationsNotCovered>
                                              <column>0</column>
                                              <line>116</line>
                                              <numExecutions>0</numExecutions>
                                              <time>-1.0</time>
                                          </locationsNotCovered>
                                            <locationsNotCovered>
                                              <column>0</column>
                                              <line>117</line>
                                              <numExecutions>0</numExecutions>
                                              <time>-1.0</time>
                                          </locationsNotCovered>
                                            <locationsNotCovered>
                                              <column>0</column>
                                              <line>118</line>
                                              <numExecutions>0</numExecutions>
                                              <time>-1.0</time>
                                          </locationsNotCovered>
                                            <locationsNotCovered>
                                              <column>0</column>
                                              <line>119</line>
                                              <numExecutions>0</numExecutions>
                                              <time>-1.0</time>
                                          </locationsNotCovered>
                                            <locationsNotCovered>
                                              <column>0</column>
                                              <line>121</line>
                                              <numExecutions>0</numExecutions>
                                              <time>-1.0</time>
                                          </locationsNotCovered>
                                            <locationsNotCovered>
                                              <column>0</column>
                                              <line>124</line>
                                              <numExecutions>0</numExecutions>
                                              <time>-1.0</time>
                                          </locationsNotCovered>
                                            <locationsNotCovered>
                                              <column>0</column>
                                              <line>125</line>
                                              <numExecutions>0</numExecutions>
                                              <time>-1.0</time>
                                          </locationsNotCovered>
                                            <locationsNotCovered>
                                              <column>0</column>
                                              <line>126</line>
                                              <numExecutions>0</numExecutions>
                                              <time>-1.0</time>
                                          </locationsNotCovered>
                                            <locationsNotCovered>
                                              <column>0</column>
                                              <line>128</line>
                                              <numExecutions>0</numExecutions>
                                              <time>-1.0</time>
                                          </locationsNotCovered>
                                            <locationsNotCovered>
                                              <column>0</column>
                                              <line>136</line>
                                              <numExecutions>0</numExecutions>
                                              <time>-1.0</time>
                                          </locationsNotCovered>
                                            <locationsNotCovered>
                                              <column>0</column>
                                              <line>137</line>
                                              <numExecutions>0</numExecutions>
                                              <time>-1.0</time>
                                          </locationsNotCovered>
                                            <locationsNotCovered>
                                              <column>0</column>
                                              <line>138</line>
                                              <numExecutions>0</numExecutions>
                                              <time>-1.0</time>
                                          </locationsNotCovered>
                                            <locationsNotCovered>
                                              <column>0</column>
                                              <line>139</line>
                                              <numExecutions>0</numExecutions>
                                              <time>-1.0</time>
                                          </locationsNotCovered>
                                            <locationsNotCovered>
                                              <column>0</column>
                                              <line>140</line>
                                              <numExecutions>0</numExecutions>
                                              <time>-1.0</time>
                                          </locationsNotCovered>
                                            <locationsNotCovered>
                                              <column>0</column>
                                              <line>141</line>
                                              <numExecutions>0</numExecutions>
                                              <time>-1.0</time>
                                          </locationsNotCovered>
                                            <locationsNotCovered>
                                              <column>0</column>
                                              <line>142</line>
                                              <numExecutions>0</numExecutions>
                                              <time>-1.0</time>
                                          </locationsNotCovered>
                                            <locationsNotCovered>
                                              <column>0</column>
                                              <line>143</line>
                                              <numExecutions>0</numExecutions>
                                              <time>-1.0</time>
                                          </locationsNotCovered>
                                            <locationsNotCovered>
                                              <column>0</column>
                                              <line>145</line>
                                              <numExecutions>0</numExecutions>
                                              <time>-1.0</time>
                                          </locationsNotCovered>
                                            <locationsNotCovered>
                                              <column>0</column>
                                              <line>146</line>
                                              <numExecutions>0</numExecutions>
                                              <time>-1.0</time>
                                          </locationsNotCovered>
                                            <locationsNotCovered>
                                              <column>0</column>
                                              <line>148</line>
                                              <numExecutions>0</numExecutions>
                                              <time>-1.0</time>
                                          </locationsNotCovered>
                                            <locationsNotCovered>
                                              <column>0</column>
                                              <line>149</line>
                                              <numExecutions>0</numExecutions>
                                              <time>-1.0</time>
                                          </locationsNotCovered>
                                            <locationsNotCovered>
                                              <column>0</column>
                                              <line>151</line>
                                              <numExecutions>0</numExecutions>
                                              <time>-1.0</time>
                                          </locationsNotCovered>
                                            <locationsNotCovered>
                                              <column>0</column>
                                              <line>152</line>
                                              <numExecutions>0</numExecutions>
                                              <time>-1.0</time>
                                          </locationsNotCovered>
                                            <locationsNotCovered>
                                              <column>0</column>
                                              <line>154</line>
                                              <numExecutions>0</numExecutions>
                                              <time>-1.0</time>
                                          </locationsNotCovered>
                                            <locationsNotCovered>
                                              <column>0</column>
                                              <line>155</line>
                                              <numExecutions>0</numExecutions>
                                              <time>-1.0</time>
                                          </locationsNotCovered>
                                            <locationsNotCovered>
                                              <column>0</column>
                                              <line>157</line>
                                              <numExecutions>0</numExecutions>
                                              <time>-1.0</time>
                                          </locationsNotCovered>
                                            <locationsNotCovered>
                                              <column>0</column>
                                              <line>158</line>
                                              <numExecutions>0</numExecutions>
                                              <time>-1.0</time>
                                          </locationsNotCovered>
                                            <locationsNotCovered>
                                              <column>0</column>
                                              <line>160</line>
                                              <numExecutions>0</numExecutions>
                                              <time>-1.0</time>
                                          </locationsNotCovered>
                                            <locationsNotCovered>
                                              <column>0</column>
                                              <line>163</line>
                                              <numExecutions>0</numExecutions>
                                              <time>-1.0</time>
                                          </locationsNotCovered>
                                            <locationsNotCovered>
                                              <column>0</column>
                                              <line>164</line>
                                              <numExecutions>0</numExecutions>
                                              <time>-1.0</time>
                                          </locationsNotCovered>
                                            <locationsNotCovered>
                                              <column>0</column>
                                              <line>165</line>
                                              <numExecutions>0</numExecutions>
                                              <time>-1.0</time>
                                          </locationsNotCovered>
                                            <locationsNotCovered>
                                              <column>0</column>
                                              <line>166</line>
                                              <numExecutions>0</numExecutions>
                                              <time>-1.0</time>
                                          </locationsNotCovered>
                                            <locationsNotCovered>
                                              <column>0</column>
                                              <line>167</line>
                                              <numExecutions>0</numExecutions>
                                              <time>-1.0</time>
                                          </locationsNotCovered>
                                            <locationsNotCovered>
                                              <column>0</column>
                                              <line>170</line>
                                              <numExecutions>0</numExecutions>
                                              <time>-1.0</time>
                                          </locationsNotCovered>
                                            <locationsNotCovered>
                                              <column>0</column>
                                              <line>171</line>
                                              <numExecutions>0</numExecutions>
                                              <time>-1.0</time>
                                          </locationsNotCovered>
                                            <locationsNotCovered>
                                              <column>0</column>
                                              <line>172</line>
                                              <numExecutions>0</numExecutions>
                                              <time>-1.0</time>
                                          </locationsNotCovered>
                                            <locationsNotCovered>
                                              <column>0</column>
                                              <line>173</line>
                                              <numExecutions>0</numExecutions>
                                              <time>-1.0</time>
                                          </locationsNotCovered>
                                            <locationsNotCovered>
                                              <column>0</column>
                                              <line>174</line>
                                              <numExecutions>0</numExecutions>
                                              <time>-1.0</time>
                                          </locationsNotCovered>
                                            <locationsNotCovered>
                                              <column>0</column>
                                              <line>177</line>
                                              <numExecutions>0</numExecutions>
                                              <time>-1.0</time>
                                          </locationsNotCovered>
                                            <locationsNotCovered>
                                              <column>0</column>
                                              <line>179</line>
                                              <numExecutions>0</numExecutions>
                                              <time>-1.0</time>
                                          </locationsNotCovered>
                                            <locationsNotCovered>
                                              <column>0</column>
                                              <line>180</line>
                                              <numExecutions>0</numExecutions>
                                              <time>-1.0</time>
                                          </locationsNotCovered>
                                            <locationsNotCovered>
                                              <column>0</column>
                                              <line>181</line>
                                              <numExecutions>0</numExecutions>
                                              <time>-1.0</time>
                                          </locationsNotCovered>
                                            <locationsNotCovered>
                                              <column>0</column>
                                              <line>182</line>
                                              <numExecutions>0</numExecutions>
                                              <time>-1.0</time>
                                          </locationsNotCovered>
                                            <locationsNotCovered>
                                              <column>0</column>
                                              <line>183</line>
                                              <numExecutions>0</numExecutions>
                                              <time>-1.0</time>
                                          </locationsNotCovered>
                                            <locationsNotCovered>
                                              <column>0</column>
                                              <line>184</line>
                                              <numExecutions>0</numExecutions>
                                              <time>-1.0</time>
                                          </locationsNotCovered>
                                            <locationsNotCovered>
                                              <column>0</column>
                                              <line>187</line>
                                              <numExecutions>0</numExecutions>
                                              <time>-1.0</time>
                                          </locationsNotCovered>
                                            <locationsNotCovered>
                                              <column>0</column>
                                              <line>190</line>
                                              <numExecutions>0</numExecutions>
                                              <time>-1.0</time>
                                          </locationsNotCovered>
                                            <locationsNotCovered>
                                              <column>0</column>
                                              <line>192</line>
                                              <numExecutions>0</numExecutions>
                                              <time>-1.0</time>
                                          </locationsNotCovered>
                                            <locationsNotCovered>
                                              <column>0</column>
                                              <line>193</line>
                                              <numExecutions>0</numExecutions>
                                              <time>-1.0</time>
                                          </locationsNotCovered>
                                            <locationsNotCovered>
                                              <column>0</column>
                                              <line>194</line>
                                              <numExecutions>0</numExecutions>
                                              <time>-1.0</time>
                                          </locationsNotCovered>
                                            <locationsNotCovered>
                                              <column>0</column>
                                              <line>195</line>
                                              <numExecutions>0</numExecutions>
                                              <time>-1.0</time>
                                          </locationsNotCovered>
                                            <locationsNotCovered>
                                              <column>0</column>
                                              <line>197</line>
                                              <numExecutions>0</numExecutions>
                                              <time>-1.0</time>
                                          </locationsNotCovered>
                                            <locationsNotCovered>
                                              <column>0</column>
                                              <line>199</line>
                                              <numExecutions>0</numExecutions>
                                              <time>-1.0</time>
                                          </locationsNotCovered>
                                            <locationsNotCovered>
                                              <column>0</column>
                                              <line>200</line>
                                              <numExecutions>0</numExecutions>
                                              <time>-1.0</time>
                                          </locationsNotCovered>
                                            <locationsNotCovered>
                                              <column>0</column>
                                              <line>201</line>
                                              <numExecutions>0</numExecutions>
                                              <time>-1.0</time>
                                          </locationsNotCovered>
                                            <locationsNotCovered>
                                              <column>0</column>
                                              <line>202</line>
                                              <numExecutions>0</numExecutions>
                                              <time>-1.0</time>
                                          </locationsNotCovered>
                                            <locationsNotCovered>
                                              <column>0</column>
                                              <line>203</line>
                                              <numExecutions>0</numExecutions>
                                              <time>-1.0</time>
                                          </locationsNotCovered>
                                            <locationsNotCovered>
                                              <column>0</column>
                                              <line>208</line>
                                              <numExecutions>0</numExecutions>
                                              <time>-1.0</time>
                                          </locationsNotCovered>
                                            <locationsNotCovered>
                                              <column>0</column>
                                              <line>209</line>
                                              <numExecutions>0</numExecutions>
                                              <time>-1.0</time>
                                          </locationsNotCovered>
                                            <locationsNotCovered>
                                              <column>0</column>
                                              <line>210</line>
                                              <numExecutions>0</numExecutions>
                                              <time>-1.0</time>
                                          </locationsNotCovered>
                                            <locationsNotCovered>
                                              <column>0</column>
                                              <line>211</line>
                                              <numExecutions>0</numExecutions>
                                              <time>-1.0</time>
                                          </locationsNotCovered>
                                            <locationsNotCovered>
                                              <column>0</column>
                                              <line>212</line>
                                              <numExecutions>0</numExecutions>
                                              <time>-1.0</time>
                                          </locationsNotCovered>
                                            <locationsNotCovered>
                                              <column>0</column>
                                              <line>213</line>
                                              <numExecutions>0</numExecutions>
                                              <time>-1.0</time>
                                          </locationsNotCovered>
                                            <locationsNotCovered>
                                              <column>0</column>
                                              <line>218</line>
                                              <numExecutions>0</numExecutions>
                                              <time>-1.0</time>
                                          </locationsNotCovered>
                                            <locationsNotCovered>
                                              <column>0</column>
                                              <line>219</line>
                                              <numExecutions>0</numExecutions>
                                              <time>-1.0</time>
                                          </locationsNotCovered>
                                            <locationsNotCovered>
                                              <column>0</column>
                                              <line>220</line>
                                              <numExecutions>0</numExecutions>
                                              <time>-1.0</time>
                                          </locationsNotCovered>
                                            <locationsNotCovered>
                                              <column>0</column>
                                              <line>221</line>
                                              <numExecutions>0</numExecutions>
                                              <time>-1.0</time>
                                          </locationsNotCovered>
                                            <locationsNotCovered>
                                              <column>0</column>
                                              <line>222</line>
                                              <numExecutions>0</numExecutions>
                                              <time>-1.0</time>
                                          </locationsNotCovered>
                                            <locationsNotCovered>
                                              <column>0</column>
                                              <line>223</line>
                                              <numExecutions>0</numExecutions>
                                              <time>-1.0</time>
                                          </locationsNotCovered>
                                            <locationsNotCovered>
                                              <column>0</column>
                                              <line>226</line>
                                              <numExecutions>0</numExecutions>
                                              <time>-1.0</time>
                                          </locationsNotCovered>
                                            <locationsNotCovered>
                                              <column>0</column>
                                              <line>228</line>
                                              <numExecutions>0</numExecutions>
                                              <time>-1.0</time>
                                          </locationsNotCovered>
                                            <locationsNotCovered>
                                              <column>0</column>
                                              <line>229</line>
                                              <numExecutions>0</numExecutions>
                                              <time>-1.0</time>
                                          </locationsNotCovered>
                                            <locationsNotCovered>
                                              <column>0</column>
                                              <line>230</line>
                                              <numExecutions>0</numExecutions>
                                              <time>-1.0</time>
                                          </locationsNotCovered>
                                            <locationsNotCovered>
                                              <column>0</column>
                                              <line>231</line>
                                              <numExecutions>0</numExecutions>
                                              <time>-1.0</time>
                                          </locationsNotCovered>
                                            <locationsNotCovered>
                                              <column>0</column>
                                              <line>233</line>
                                              <numExecutions>0</numExecutions>
                                              <time>-1.0</time>
                                          </locationsNotCovered>
                                            <locationsNotCovered>
                                              <column>0</column>
                                              <line>235</line>
                                              <numExecutions>0</numExecutions>
                                              <time>-1.0</time>
                                          </locationsNotCovered>
                                            <locationsNotCovered>
                                              <column>0</column>
                                              <line>236</line>
                                              <numExecutions>0</numExecutions>
                                              <time>-1.0</time>
                                          </locationsNotCovered>
                                            <locationsNotCovered>
                                              <column>0</column>
                                              <line>237</line>
                                              <numExecutions>0</numExecutions>
                                              <time>-1.0</time>
                                          </locationsNotCovered>
                                            <locationsNotCovered>
                                              <column>0</column>
                                              <line>238</line>
                                              <numExecutions>0</numExecutions>
                                              <time>-1.0</time>
                                          </locationsNotCovered>
                                            <locationsNotCovered>
                                              <column>0</column>
                                              <line>239</line>
                                              <numExecutions>0</numExecutions>
                                              <time>-1.0</time>
                                          </locationsNotCovered>
                                            <locationsNotCovered>
                                              <column>0</column>
                                              <line>244</line>
                                              <numExecutions>0</numExecutions>
                                              <time>-1.0</time>
                                          </locationsNotCovered>
                                            <locationsNotCovered>
                                              <column>0</column>
                                              <line>245</line>
                                              <numExecutions>0</numExecutions>
                                              <time>-1.0</time>
                                          </locationsNotCovered>
                                            <locationsNotCovered>
                                              <column>0</column>
                                              <line>246</line>
                                              <numExecutions>0</numExecutions>
                                              <time>-1.0</time>
                                          </locationsNotCovered>
                                            <locationsNotCovered>
                                              <column>0</column>
                                              <line>247</line>
                                              <numExecutions>0</numExecutions>
                                              <time>-1.0</time>
                                          </locationsNotCovered>
                                            <locationsNotCovered>
                                              <column>0</column>
                                              <line>248</line>
                                              <numExecutions>0</numExecutions>
                                              <time>-1.0</time>
                                          </locationsNotCovered>
                                            <locationsNotCovered>
                                              <column>0</column>
                                              <line>249</line>
                                              <numExecutions>0</numExecutions>
                                              <time>-1.0</time>
                                          </locationsNotCovered>
                                            <locationsNotCovered>
                                              <column>0</column>
                                              <line>254</line>
                                              <numExecutions>0</numExecutions>
                                              <time>-1.0</time>
                                          </locationsNotCovered>
                                            <locationsNotCovered>
                                              <column>0</column>
                                              <line>255</line>
                                              <numExecutions>0</numExecutions>
                                              <time>-1.0</time>
                                          </locationsNotCovered>
                                            <locationsNotCovered>
                                              <column>0</column>
                                              <line>256</line>
                                              <numExecutions>0</numExecutions>
                                              <time>-1.0</time>
                                          </locationsNotCovered>
                                            <locationsNotCovered>
                                              <column>0</column>
                                              <line>257</line>
                                              <numExecutions>0</numExecutions>
                                              <time>-1.0</time>
                                          </locationsNotCovered>
                                            <locationsNotCovered>
                                              <column>0</column>
                                              <line>258</line>
                                              <numExecutions>0</numExecutions>
                                              <time>-1.0</time>
                                          </locationsNotCovered>
                                            <locationsNotCovered>
                                              <column>0</column>
                                              <line>259</line>
                                              <numExecutions>0</numExecutions>
                                              <time>-1.0</time>
                                          </locationsNotCovered>
                                            <locationsNotCovered>
                                              <column>0</column>
                                              <line>262</line>
                                              <numExecutions>0</numExecutions>
                                              <time>-1.0</time>
                                          </locationsNotCovered>
                                            <locationsNotCovered>
                                              <column>0</column>
                                              <line>264</line>
                                              <numExecutions>0</numExecutions>
                                              <time>-1.0</time>
                                          </locationsNotCovered>
                                            <locationsNotCovered>
                                              <column>0</column>
                                              <line>265</line>
                                              <numExecutions>0</numExecutions>
                                              <time>-1.0</time>
                                          </locationsNotCovered>
                                            <locationsNotCovered>
                                              <column>0</column>
                                              <line>266</line>
                                              <numExecutions>0</numExecutions>
                                              <time>-1.0</time>
                                          </locationsNotCovered>
                                            <locationsNotCovered>
                                              <column>0</column>
                                              <line>267</line>
                                              <numExecutions>0</numExecutions>
                                              <time>-1.0</time>
                                          </locationsNotCovered>
                                            <locationsNotCovered>
                                              <column>0</column>
                                              <line>268</line>
                                              <numExecutions>0</numExecutions>
                                              <time>-1.0</time>
                                          </locationsNotCovered>
                                            <locationsNotCovered>
                                              <column>0</column>
                                              <line>270</line>
                                              <numExecutions>0</numExecutions>
                                              <time>-1.0</time>
                                          </locationsNotCovered>
                                            <locationsNotCovered>
                                              <column>0</column>
                                              <line>272</line>
                                              <numExecutions>0</numExecutions>
                                              <time>-1.0</time>
                                          </locationsNotCovered>
                                            <locationsNotCovered>
                                              <column>0</column>
                                              <line>273</line>
                                              <numExecutions>0</numExecutions>
                                              <time>-1.0</time>
                                          </locationsNotCovered>
                                            <locationsNotCovered>
                                              <column>0</column>
                                              <line>274</line>
                                              <numExecutions>0</numExecutions>
                                              <time>-1.0</time>
                                          </locationsNotCovered>
                                            <locationsNotCovered>
                                              <column>0</column>
                                              <line>275</line>
                                              <numExecutions>0</numExecutions>
                                              <time>-1.0</time>
                                          </locationsNotCovered>
                                            <locationsNotCovered>
                                              <column>0</column>
                                              <line>276</line>
                                              <numExecutions>0</numExecutions>
                                              <time>-1.0</time>
                                          </locationsNotCovered>
                                            <locationsNotCovered>
                                              <column>0</column>
                                              <line>281</line>
                                              <numExecutions>0</numExecutions>
                                              <time>-1.0</time>
                                          </locationsNotCovered>
                                            <locationsNotCovered>
                                              <column>0</column>
                                              <line>282</line>
                                              <numExecutions>0</numExecutions>
                                              <time>-1.0</time>
                                          </locationsNotCovered>
                                            <locationsNotCovered>
                                              <column>0</column>
                                              <line>283</line>
                                              <numExecutions>0</numExecutions>
                                              <time>-1.0</time>
                                          </locationsNotCovered>
                                            <locationsNotCovered>
                                              <column>0</column>
                                              <line>284</line>
                                              <numExecutions>0</numExecutions>
                                              <time>-1.0</time>
                                          </locationsNotCovered>
                                            <locationsNotCovered>
                                              <column>0</column>
                                              <line>285</line>
                                              <numExecutions>0</numExecutions>
                                              <time>-1.0</time>
                                          </locationsNotCovered>
                                            <locationsNotCovered>
                                              <column>0</column>
                                              <line>286</line>
                                              <numExecutions>0</numExecutions>
                                              <time>-1.0</time>
                                          </locationsNotCovered>
                                            <locationsNotCovered>
                                              <column>0</column>
                                              <line>291</line>
                                              <numExecutions>0</numExecutions>
                                              <time>-1.0</time>
                                          </locationsNotCovered>
                                            <locationsNotCovered>
                                              <column>0</column>
                                              <line>292</line>
                                              <numExecutions>0</numExecutions>
                                              <time>-1.0</time>
                                          </locationsNotCovered>
                                            <locationsNotCovered>
                                              <column>0</column>
                                              <line>293</line>
                                              <numExecutions>0</numExecutions>
                                              <time>-1.0</time>
                                          </locationsNotCovered>
                                            <locationsNotCovered>
                                              <column>0</column>
                                              <line>294</line>
                                              <numExecutions>0</numExecutions>
                                              <time>-1.0</time>
                                          </locationsNotCovered>
                                            <locationsNotCovered>
                                              <column>0</column>
                                              <line>295</line>
                                              <numExecutions>0</numExecutions>
                                              <time>-1.0</time>
                                          </locationsNotCovered>
                                            <locationsNotCovered>
                                              <column>0</column>
                                              <line>298</line>
                                              <numExecutions>0</numExecutions>
                                              <time>-1.0</time>
                                          </locationsNotCovered>
                                            <locationsNotCovered>
                                              <column>0</column>
                                              <line>299</line>
                                              <numExecutions>0</numExecutions>
                                              <time>-1.0</time>
                                          </locationsNotCovered>
                                            <locationsNotCovered>
                                              <column>0</column>
                                              <line>300</line>
                                              <numExecutions>0</numExecutions>
                                              <time>-1.0</time>
                                          </locationsNotCovered>
                                            <locationsNotCovered>
                                              <column>0</column>
                                              <line>301</line>
                                              <numExecutions>0</numExecutions>
                                              <time>-1.0</time>
                                          </locationsNotCovered>
                                            <locationsNotCovered>
                                              <column>0</column>
                                              <line>302</line>
                                              <numExecutions>0</numExecutions>
                                              <time>-1.0</time>
                                          </locationsNotCovered>
                                            <locationsNotCovered>
                                              <column>0</column>
                                              <line>303</line>
                                              <numExecutions>0</numExecutions>
                                              <time>-1.0</time>
                                          </locationsNotCovered>
                                            <locationsNotCovered>
                                              <column>0</column>
                                              <line>305</line>
                                              <numExecutions>0</numExecutions>
                                              <time>-1.0</time>
                                          </locationsNotCovered>
                                            <locationsNotCovered>
                                              <column>0</column>
                                              <line>307</line>
                                              <numExecutions>0</numExecutions>
                                              <time>-1.0</time>
                                          </locationsNotCovered>
                                            <locationsNotCovered>
                                              <column>0</column>
                                              <line>308</line>
                                              <numExecutions>0</numExecutions>
                                              <time>-1.0</time>
                                          </locationsNotCovered>
                                            <locationsNotCovered>
                                              <column>0</column>
                                              <line>309</line>
                                              <numExecutions>0</numExecutions>
                                              <time>-1.0</time>
                                          </locationsNotCovered>
                                            <locationsNotCovered>
                                              <column>0</column>
                                              <line>310</line>
                                              <numExecutions>0</numExecutions>
                                              <time>-1.0</time>
                                          </locationsNotCovered>
                                            <locationsNotCovered>
                                              <column>0</column>
                                              <line>311</line>
                                              <numExecutions>0</numExecutions>
                                              <time>-1.0</time>
                                          </locationsNotCovered>
                                            <locationsNotCovered>
                                              <column>0</column>
                                              <line>316</line>
                                              <numExecutions>0</numExecutions>
                                              <time>-1.0</time>
                                          </locationsNotCovered>
                                            <locationsNotCovered>
                                              <column>0</column>
                                              <line>317</line>
                                              <numExecutions>0</numExecutions>
                                              <time>-1.0</time>
                                          </locationsNotCovered>
                                            <locationsNotCovered>
                                              <column>0</column>
                                              <line>318</line>
                                              <numExecutions>0</numExecutions>
                                              <time>-1.0</time>
                                          </locationsNotCovered>
                                            <locationsNotCovered>
                                              <column>0</column>
                                              <line>319</line>
                                              <numExecutions>0</numExecutions>
                                              <time>-1.0</time>
                                          </locationsNotCovered>
                                            <locationsNotCovered>
                                              <column>0</column>
                                              <line>320</line>
                                              <numExecutions>0</numExecutions>
                                              <time>-1.0</time>
                                          </locationsNotCovered>
                                            <locationsNotCovered>
                                              <column>0</column>
                                              <line>321</line>
                                              <numExecutions>0</numExecutions>
                                              <time>-1.0</time>
                                          </locationsNotCovered>
                                            <locationsNotCovered>
                                              <column>0</column>
                                              <line>326</line>
                                              <numExecutions>0</numExecutions>
                                              <time>-1.0</time>
                                          </locationsNotCovered>
                                            <locationsNotCovered>
                                              <column>0</column>
                                              <line>327</line>
                                              <numExecutions>0</numExecutions>
                                              <time>-1.0</time>
                                          </locationsNotCovered>
                                            <locationsNotCovered>
                                              <column>0</column>
                                              <line>328</line>
                                              <numExecutions>0</numExecutions>
                                              <time>-1.0</time>
                                          </locationsNotCovered>
                                            <locationsNotCovered>
                                              <column>0</column>
                                              <line>329</line>
                                              <numExecutions>0</numExecutions>
                                              <time>-1.0</time>
                                          </locationsNotCovered>
                                            <locationsNotCovered>
                                              <column>0</column>
                                              <line>332</line>
                                              <numExecutions>0</numExecutions>
                                              <time>-1.0</time>
                                          </locationsNotCovered>
                                            <locationsNotCovered>
                                              <column>0</column>
                                              <line>333</line>
                                              <numExecutions>0</numExecutions>
                                              <time>-1.0</time>
                                          </locationsNotCovered>
                                            <locationsNotCovered>
                                              <column>0</column>
                                              <line>335</line>
                                              <numExecutions>0</numExecutions>
                                              <time>-1.0</time>
                                          </locationsNotCovered>
                                            <locationsNotCovered>
                                              <column>0</column>
                                              <line>336</line>
                                              <numExecutions>0</numExecutions>
                                              <time>-1.0</time>
                                          </locationsNotCovered>
                                            <locationsNotCovered>
                                              <column>0</column>
                                              <line>337</line>
                                              <numExecutions>0</numExecutions>
                                              <time>-1.0</time>
                                          </locationsNotCovered>
                                            <locationsNotCovered>
                                              <column>0</column>
                                              <line>338</line>
                                              <numExecutions>0</numExecutions>
                                              <time>-1.0</time>
                                          </locationsNotCovered>
                                            <locationsNotCovered>
                                              <column>0</column>
                                              <line>340</line>
                                              <numExecutions>0</numExecutions>
                                              <time>-1.0</time>
                                          </locationsNotCovered>
                                            <locationsNotCovered>
                                              <column>0</column>
                                              <line>342</line>
                                              <numExecutions>0</numExecutions>
                                              <time>-1.0</time>
                                          </locationsNotCovered>
                                            <locationsNotCovered>
                                              <column>0</column>
                                              <line>343</line>
                                              <numExecutions>0</numExecutions>
                                              <time>-1.0</time>
                                          </locationsNotCovered>
                                            <locationsNotCovered>
                                              <column>0</column>
                                              <line>344</line>
                                              <numExecutions>0</numExecutions>
                                              <time>-1.0</time>
                                          </locationsNotCovered>
                                            <locationsNotCovered>
                                              <column>0</column>
                                              <line>345</line>
                                              <numExecutions>0</numExecutions>
                                              <time>-1.0</time>
                                          </locationsNotCovered>
                                            <locationsNotCovered>
                                              <column>0</column>
                                              <line>346</line>
                                              <numExecutions>0</numExecutions>
                                              <time>-1.0</time>
                                          </locationsNotCovered>
                                            <locationsNotCovered>
                                              <column>0</column>
                                              <line>351</line>
                                              <numExecutions>0</numExecutions>
                                              <time>-1.0</time>
                                          </locationsNotCovered>
                                            <locationsNotCovered>
                                              <column>0</column>
                                              <line>352</line>
                                              <numExecutions>0</numExecutions>
                                              <time>-1.0</time>
                                          </locationsNotCovered>
                                            <locationsNotCovered>
                                              <column>0</column>
                                              <line>353</line>
                                              <numExecutions>0</numExecutions>
                                              <time>-1.0</time>
                                          </locationsNotCovered>
                                            <locationsNotCovered>
                                              <column>0</column>
                                              <line>354</line>
                                              <numExecutions>0</numExecutions>
                                              <time>-1.0</time>
                                          </locationsNotCovered>
                                            <locationsNotCovered>
                                              <column>0</column>
                                              <line>355</line>
                                              <numExecutions>0</numExecutions>
                                              <time>-1.0</time>
                                          </locationsNotCovered>
                                            <locationsNotCovered>
                                              <column>0</column>
                                              <line>356</line>
                                              <numExecutions>0</numExecutions>
                                              <time>-1.0</time>
                                          </locationsNotCovered>
                                            <locationsNotCovered>
                                              <column>0</column>
                                              <line>361</line>
                                              <numExecutions>0</numExecutions>
                                              <time>-1.0</time>
                                          </locationsNotCovered>
                                            <locationsNotCovered>
                                              <column>0</column>
                                              <line>362</line>
                                              <numExecutions>0</numExecutions>
                                              <time>-1.0</time>
                                          </locationsNotCovered>
                                            <locationsNotCovered>
                                              <column>0</column>
                                              <line>363</line>
                                              <numExecutions>0</numExecutions>
                                              <time>-1.0</time>
                                          </locationsNotCovered>
                                            <locationsNotCovered>
                                              <column>0</column>
                                              <line>364</line>
                                              <numExecutions>0</numExecutions>
                                              <time>-1.0</time>
                                          </locationsNotCovered>
                                            <locationsNotCovered>
                                              <column>0</column>
                                              <line>367</line>
                                              <numExecutions>0</numExecutions>
                                              <time>-1.0</time>
                                          </locationsNotCovered>
                                            <locationsNotCovered>
                                              <column>0</column>
                                              <line>369</line>
                                              <numExecutions>0</numExecutions>
                                              <time>-1.0</time>
                                          </locationsNotCovered>
                                            <locationsNotCovered>
                                              <column>0</column>
                                              <line>370</line>
                                              <numExecutions>0</numExecutions>
                                              <time>-1.0</time>
                                          </locationsNotCovered>
                                            <locationsNotCovered>
                                              <column>0</column>
                                              <line>371</line>
                                              <numExecutions>0</numExecutions>
                                              <time>-1.0</time>
                                          </locationsNotCovered>
                                            <locationsNotCovered>
                                              <column>0</column>
                                              <line>372</line>
                                              <numExecutions>0</numExecutions>
                                              <time>-1.0</time>
                                          </locationsNotCovered>
                                            <locationsNotCovered>
                                              <column>0</column>
                                              <line>373</line>
                                              <numExecutions>0</numExecutions>
                                              <time>-1.0</time>
                                          </locationsNotCovered>
                                            <locationsNotCovered>
                                              <column>0</column>
                                              <line>375</line>
                                              <numExecutions>0</numExecutions>
                                              <time>-1.0</time>
                                          </locationsNotCovered>
                                            <locationsNotCovered>
                                              <column>0</column>
                                              <line>377</line>
                                              <numExecutions>0</numExecutions>
                                              <time>-1.0</time>
                                          </locationsNotCovered>
                                            <locationsNotCovered>
                                              <column>0</column>
                                              <line>378</line>
                                              <numExecutions>0</numExecutions>
                                              <time>-1.0</time>
                                          </locationsNotCovered>
                                            <locationsNotCovered>
                                              <column>0</column>
                                              <line>379</line>
                                              <numExecutions>0</numExecutions>
                                              <time>-1.0</time>
                                          </locationsNotCovered>
                                            <locationsNotCovered>
                                              <column>0</column>
                                              <line>380</line>
                                              <numExecutions>0</numExecutions>
                                              <time>-1.0</time>
                                          </locationsNotCovered>
                                            <locationsNotCovered>
                                              <column>0</column>
                                              <line>381</line>
                                              <numExecutions>0</numExecutions>
                                              <time>-1.0</time>
                                          </locationsNotCovered>
                                            <locationsNotCovered>
                                              <column>0</column>
                                              <line>386</line>
                                              <numExecutions>0</numExecutions>
                                              <time>-1.0</time>
                                          </locationsNotCovered>
                                            <locationsNotCovered>
                                              <column>0</column>
                                              <line>387</line>
                                              <numExecutions>0</numExecutions>
                                              <time>-1.0</time>
                                          </locationsNotCovered>
                                            <locationsNotCovered>
                                              <column>0</column>
                                              <line>388</line>
                                              <numExecutions>0</numExecutions>
                                              <time>-1.0</time>
                                          </locationsNotCovered>
                                            <locationsNotCovered>
                                              <column>0</column>
                                              <line>389</line>
                                              <numExecutions>0</numExecutions>
                                              <time>-1.0</time>
                                          </locationsNotCovered>
                                            <locationsNotCovered>
                                              <column>0</column>
                                              <line>390</line>
                                              <numExecutions>0</numExecutions>
                                              <time>-1.0</time>
                                          </locationsNotCovered>
                                            <locationsNotCovered>
                                              <column>0</column>
                                              <line>391</line>
                                              <numExecutions>0</numExecutions>
                                              <time>-1.0</time>
                                          </locationsNotCovered>
                                            <locationsNotCovered>
                                              <column>0</column>
                                              <line>396</line>
                                              <numExecutions>0</numExecutions>
                                              <time>-1.0</time>
                                          </locationsNotCovered>
                                            <locationsNotCovered>
                                              <column>0</column>
                                              <line>397</line>
                                              <numExecutions>0</numExecutions>
                                              <time>-1.0</time>
                                          </locationsNotCovered>
                                            <locationsNotCovered>
                                              <column>0</column>
                                              <line>398</line>
                                              <numExecutions>0</numExecutions>
                                              <time>-1.0</time>
                                          </locationsNotCovered>
                                            <locationsNotCovered>
                                              <column>0</column>
                                              <line>399</line>
                                              <numExecutions>0</numExecutions>
                                              <time>-1.0</time>
                                          </locationsNotCovered>
                                            <locationsNotCovered>
                                              <column>0</column>
                                              <line>400</line>
                                              <numExecutions>0</numExecutions>
                                              <time>-1.0</time>
                                          </locationsNotCovered>
                                            <locationsNotCovered>
                                              <column>0</column>
                                              <line>403</line>
                                              <numExecutions>0</numExecutions>
                                              <time>-1.0</time>
                                          </locationsNotCovered>
                                            <locationsNotCovered>
                                              <column>0</column>
                                              <line>404</line>
                                              <numExecutions>0</numExecutions>
                                              <time>-1.0</time>
                                          </locationsNotCovered>
                                            <locationsNotCovered>
                                              <column>0</column>
                                              <line>405</line>
                                              <numExecutions>0</numExecutions>
                                              <time>-1.0</time>
                                          </locationsNotCovered>
                                            <locationsNotCovered>
                                              <column>0</column>
                                              <line>406</line>
                                              <numExecutions>0</numExecutions>
                                              <time>-1.0</time>
                                          </locationsNotCovered>
                                            <locationsNotCovered>
                                              <column>0</column>
                                              <line>407</line>
                                              <numExecutions>0</numExecutions>
                                              <time>-1.0</time>
                                          </locationsNotCovered>
                                            <locationsNotCovered>
                                              <column>0</column>
                                              <line>408</line>
                                              <numExecutions>0</numExecutions>
                                              <time>-1.0</time>
                                          </locationsNotCovered>
                                            <locationsNotCovered>
                                              <column>0</column>
                                              <line>410</line>
                                              <numExecutions>0</numExecutions>
                                              <time>-1.0</time>
                                          </locationsNotCovered>
                                            <locationsNotCovered>
                                              <column>0</column>
                                              <line>412</line>
                                              <numExecutions>0</numExecutions>
                                              <time>-1.0</time>
                                          </locationsNotCovered>
                                            <locationsNotCovered>
                                              <column>0</column>
                                              <line>413</line>
                                              <numExecutions>0</numExecutions>
                                              <time>-1.0</time>
                                          </locationsNotCovered>
                                            <locationsNotCovered>
                                              <column>0</column>
                                              <line>414</line>
                                              <numExecutions>0</numExecutions>
                                              <time>-1.0</time>
                                          </locationsNotCovered>
                                            <locationsNotCovered>
                                              <column>0</column>
                                              <line>415</line>
                                              <numExecutions>0</numExecutions>
                                              <time>-1.0</time>
                                          </locationsNotCovered>
                                            <locationsNotCovered>
                                              <column>0</column>
                                              <line>416</line>
                                              <numExecutions>0</numExecutions>
                                              <time>-1.0</time>
                                          </locationsNotCovered>
                                            <locationsNotCovered>
                                              <column>0</column>
                                              <line>421</line>
                                              <numExecutions>0</numExecutions>
                                              <time>-1.0</time>
                                          </locationsNotCovered>
                                            <locationsNotCovered>
                                              <column>0</column>
                                              <line>422</line>
                                              <numExecutions>0</numExecutions>
                                              <time>-1.0</time>
                                          </locationsNotCovered>
                                            <locationsNotCovered>
                                              <column>0</column>
                                              <line>423</line>
                                              <numExecutions>0</numExecutions>
                                              <time>-1.0</time>
                                          </locationsNotCovered>
                                            <locationsNotCovered>
                                              <column>0</column>
                                              <line>424</line>
                                              <numExecutions>0</numExecutions>
                                              <time>-1.0</time>
                                          </locationsNotCovered>
                                            <locationsNotCovered>
                                              <column>0</column>
                                              <line>425</line>
                                              <numExecutions>0</numExecutions>
                                              <time>-1.0</time>
                                          </locationsNotCovered>
                                            <locationsNotCovered>
                                              <column>0</column>
                                              <line>426</line>
                                              <numExecutions>0</numExecutions>
                                              <time>-1.0</time>
                                          </locationsNotCovered>
                                            <locationsNotCovered>
                                              <column>0</column>
                                              <line>431</line>
                                              <numExecutions>0</numExecutions>
                                              <time>-1.0</time>
                                          </locationsNotCovered>
                                            <locationsNotCovered>
                                              <column>0</column>
                                              <line>432</line>
                                              <numExecutions>0</numExecutions>
                                              <time>-1.0</time>
                                          </locationsNotCovered>
                                            <locationsNotCovered>
                                              <column>0</column>
                                              <line>433</line>
                                              <numExecutions>0</numExecutions>
                                              <time>-1.0</time>
                                          </locationsNotCovered>
                                            <locationsNotCovered>
                                              <column>0</column>
                                              <line>434</line>
                                              <numExecutions>0</numExecutions>
                                              <time>-1.0</time>
                                          </locationsNotCovered>
                                            <locationsNotCovered>
                                              <column>0</column>
                                              <line>437</line>
                                              <numExecutions>0</numExecutions>
                                              <time>-1.0</time>
                                          </locationsNotCovered>
                                            <locationsNotCovered>
                                              <column>0</column>
                                              <line>438</line>
                                              <numExecutions>0</numExecutions>
                                              <time>-1.0</time>
                                          </locationsNotCovered>
                                            <locationsNotCovered>
                                              <column>0</column>
                                              <line>440</line>
                                              <numExecutions>0</numExecutions>
                                              <time>-1.0</time>
                                          </locationsNotCovered>
                                            <locationsNotCovered>
                                              <column>0</column>
                                              <line>441</line>
                                              <numExecutions>0</numExecutions>
                                              <time>-1.0</time>
                                          </locationsNotCovered>
                                            <locationsNotCovered>
                                              <column>0</column>
                                              <line>442</line>
                                              <numExecutions>0</numExecutions>
                                              <time>-1.0</time>
                                          </locationsNotCovered>
                                            <locationsNotCovered>
                                              <column>0</column>
                                              <line>443</line>
                                              <numExecutions>0</numExecutions>
                                              <time>-1.0</time>
                                          </locationsNotCovered>
                                            <locationsNotCovered>
                                              <column>0</column>
                                              <line>445</line>
                                              <numExecutions>0</numExecutions>
                                              <time>-1.0</time>
                                          </locationsNotCovered>
                                            <locationsNotCovered>
                                              <column>0</column>
                                              <line>447</line>
                                              <numExecutions>0</numExecutions>
                                              <time>-1.0</time>
                                          </locationsNotCovered>
                                            <locationsNotCovered>
                                              <column>0</column>
                                              <line>448</line>
                                              <numExecutions>0</numExecutions>
                                              <time>-1.0</time>
                                          </locationsNotCovered>
                                            <locationsNotCovered>
                                              <column>0</column>
                                              <line>449</line>
                                              <numExecutions>0</numExecutions>
                                              <time>-1.0</time>
                                          </locationsNotCovered>
                                            <locationsNotCovered>
                                              <column>0</column>
                                              <line>450</line>
                                              <numExecutions>0</numExecutions>
                                              <time>-1.0</time>
                                          </locationsNotCovered>
                                            <locationsNotCovered>
                                              <column>0</column>
                                              <line>451</line>
                                              <numExecutions>0</numExecutions>
                                              <time>-1.0</time>
                                          </locationsNotCovered>
                                            <locationsNotCovered>
                                              <column>0</column>
                                              <line>456</line>
                                              <numExecutions>0</numExecutions>
                                              <time>-1.0</time>
                                          </locationsNotCovered>
                                            <locationsNotCovered>
                                              <column>0</column>
                                              <line>457</line>
                                              <numExecutions>0</numExecutions>
                                              <time>-1.0</time>
                                          </locationsNotCovered>
                                            <locationsNotCovered>
                                              <column>0</column>
                                              <line>458</line>
                                              <numExecutions>0</numExecutions>
                                              <time>-1.0</time>
                                          </locationsNotCovered>
                                            <locationsNotCovered>
                                              <column>0</column>
                                              <line>459</line>
                                              <numExecutions>0</numExecutions>
                                              <time>-1.0</time>
                                          </locationsNotCovered>
                                            <locationsNotCovered>
                                              <column>0</column>
                                              <line>460</line>
                                              <numExecutions>0</numExecutions>
                                              <time>-1.0</time>
                                          </locationsNotCovered>
                                            <locationsNotCovered>
                                              <column>0</column>
                                              <line>461</line>
                                              <numExecutions>0</numExecutions>
                                              <time>-1.0</time>
                                          </locationsNotCovered>
                                            <locationsNotCovered>
                                              <column>0</column>
                                              <line>466</line>
                                              <numExecutions>0</numExecutions>
                                              <time>-1.0</time>
                                          </locationsNotCovered>
                                            <locationsNotCovered>
                                              <column>0</column>
                                              <line>467</line>
                                              <numExecutions>0</numExecutions>
                                              <time>-1.0</time>
                                          </locationsNotCovered>
                                            <locationsNotCovered>
                                              <column>0</column>
                                              <line>468</line>
                                              <numExecutions>0</numExecutions>
                                              <time>-1.0</time>
                                          </locationsNotCovered>
                                            <locationsNotCovered>
                                              <column>0</column>
                                              <line>469</line>
                                              <numExecutions>0</numExecutions>
                                              <time>-1.0</time>
                                          </locationsNotCovered>
                                            <locationsNotCovered>
                                              <column>0</column>
                                              <line>473</line>
                                              <numExecutions>0</numExecutions>
                                              <time>-1.0</time>
                                          </locationsNotCovered>
                                            <locationsNotCovered>
                                              <column>0</column>
                                              <line>474</line>
                                              <numExecutions>0</numExecutions>
                                              <time>-1.0</time>
                                          </locationsNotCovered>
                                            <locationsNotCovered>
                                              <column>0</column>
                                              <line>478</line>
                                              <numExecutions>0</numExecutions>
                                              <time>-1.0</time>
                                          </locationsNotCovered>
                                            <locationsNotCovered>
                                              <column>0</column>
                                              <line>479</line>
                                              <numExecutions>0</numExecutions>
                                              <time>-1.0</time>
                                          </locationsNotCovered>
                                            <locationsNotCovered>
                                              <column>0</column>
                                              <line>480</line>
                                              <numExecutions>0</numExecutions>
                                              <time>-1.0</time>
                                          </locationsNotCovered>
                                            <locationsNotCovered>
                                              <column>0</column>
                                              <line>481</line>
                                              <numExecutions>0</numExecutions>
                                              <time>-1.0</time>
                                          </locationsNotCovered>
                                            <locationsNotCovered>
                                              <column>0</column>
                                              <line>482</line>
                                              <numExecutions>0</numExecutions>
                                              <time>-1.0</time>
                                          </locationsNotCovered>
                                            <name>OpportunityProductService</name>
                                            <namespace xsi:nil="true"/>
                                              <numLocations>276</numLocations>
                                              <numLocationsNotCovered>276</numLocationsNotCovered>
                                              <type>Class</type>
                                          </codeCoverage>
                                            <codeCoverage>
                                              <id>01pL0000000E8WCIA0</id>
                                              <locationsNotCovered>
                                                <column>0</column>
                                                <line>21</line>
                                                <numExecutions>0</numExecutions>
                                                <time>-1.0</time>
                                            </locationsNotCovered>
                                              <locationsNotCovered>
                                                <column>0</column>
                                                <line>22</line>
                                                <numExecutions>0</numExecutions>
                                                <time>-1.0</time>
                                            </locationsNotCovered>
                                              <locationsNotCovered>
                                                <column>0</column>
                                                <line>25</line>
                                                <numExecutions>0</numExecutions>
                                                <time>-1.0</time>
                                            </locationsNotCovered>
                                              <locationsNotCovered>
                                                <column>0</column>
                                                <line>26</line>
                                                <numExecutions>0</numExecutions>
                                                <time>-1.0</time>
                                            </locationsNotCovered>
                                              <locationsNotCovered>
                                                <column>0</column>
                                                <line>33</line>
                                                <numExecutions>0</numExecutions>
                                                <time>-1.0</time>
                                            </locationsNotCovered>
                                              <locationsNotCovered>
                                                <column>0</column>
                                                <line>34</line>
                                                <numExecutions>0</numExecutions>
                                                <time>-1.0</time>
                                            </locationsNotCovered>
                                              <locationsNotCovered>
                                                <column>0</column>
                                                <line>35</line>
                                                <numExecutions>0</numExecutions>
                                                <time>-1.0</time>
                                            </locationsNotCovered>
                                              <locationsNotCovered>
                                                <column>0</column>
                                                <line>122</line>
                                                <numExecutions>0</numExecutions>
                                                <time>-1.0</time>
                                            </locationsNotCovered>
                                              <locationsNotCovered>
                                                <column>0</column>
                                                <line>124</line>
                                                <numExecutions>0</numExecutions>
                                                <time>-1.0</time>
                                            </locationsNotCovered>
                                              <locationsNotCovered>
                                                <column>0</column>
                                                <line>127</line>
                                                <numExecutions>0</numExecutions>
                                                <time>-1.0</time>
                                            </locationsNotCovered>
                                              <locationsNotCovered>
                                                <column>0</column>
                                                <line>128</line>
                                                <numExecutions>0</numExecutions>
                                                <time>-1.0</time>
                                            </locationsNotCovered>
                                              <locationsNotCovered>
                                                <column>0</column>
                                                <line>129</line>
                                                <numExecutions>0</numExecutions>
                                                <time>-1.0</time>
                                            </locationsNotCovered>
                                              <locationsNotCovered>
                                                <column>0</column>
                                                <line>130</line>
                                                <numExecutions>0</numExecutions>
                                                <time>-1.0</time>
                                            </locationsNotCovered>
                                              <locationsNotCovered>
                                                <column>0</column>
                                                <line>133</line>
                                                <numExecutions>0</numExecutions>
                                                <time>-1.0</time>
                                            </locationsNotCovered>
                                              <locationsNotCovered>
                                                <column>0</column>
                                                <line>147</line>
                                                <numExecutions>0</numExecutions>
                                                <time>-1.0</time>
                                            </locationsNotCovered>
                                              <locationsNotCovered>
                                                <column>0</column>
                                                <line>156</line>
                                                <numExecutions>0</numExecutions>
                                                <time>-1.0</time>
                                            </locationsNotCovered>
                                              <locationsNotCovered>
                                                <column>0</column>
                                                <line>157</line>
                                                <numExecutions>0</numExecutions>
                                                <time>-1.0</time>
                                            </locationsNotCovered>
                                              <locationsNotCovered>
                                                <column>0</column>
                                                <line>160</line>
                                                <numExecutions>0</numExecutions>
                                                <time>-1.0</time>
                                            </locationsNotCovered>
                                              <name>ZendeskSyncOrgsCreateMany</name>
                                              <namespace>Zendesk</namespace>
                                              <numLocations>76</numLocations>
                                              <numLocationsNotCovered>18</numLocationsNotCovered>
                                              <type>Class</type>
                                          </codeCoverage>
                                            <codeCoverage>
                                              <id>01pL0000000E8VzIAK</id>
                                              <locationsNotCovered>
                                                <column>0</column>
                                                <line>2</line>
                                                <numExecutions>0</numExecutions>
                                                <time>-1.0</time>
                                            </locationsNotCovered>
                                              <locationsNotCovered>
                                                <column>0</column>
                                                <line>4</line>
                                                <numExecutions>0</numExecutions>
                                                <time>-1.0</time>
                                            </locationsNotCovered>
                                              <locationsNotCovered>
                                                <column>0</column>
                                                <line>5</line>
                                                <numExecutions>0</numExecutions>
                                                <time>-1.0</time>
                                            </locationsNotCovered>
                                              <locationsNotCovered>
                                                <column>0</column>
                                                <line>6</line>
                                                <numExecutions>0</numExecutions>
                                                <time>-1.0</time>
                                            </locationsNotCovered>
                                              <locationsNotCovered>
                                                <column>0</column>
                                                <line>7</line>
                                                <numExecutions>0</numExecutions>
                                                <time>-1.0</time>
                                            </locationsNotCovered>
                                              <locationsNotCovered>
                                                <column>0</column>
                                                <line>17</line>
                                                <numExecutions>0</numExecutions>
                                                <time>-1.0</time>
                                            </locationsNotCovered>
                                              <locationsNotCovered>
                                                <column>0</column>
                                                <line>18</line>
                                                <numExecutions>0</numExecutions>
                                                <time>-1.0</time>
                                            </locationsNotCovered>
                                              <locationsNotCovered>
                                                <column>0</column>
                                                <line>19</line>
                                                <numExecutions>0</numExecutions>
                                                <time>-1.0</time>
                                            </locationsNotCovered>
                                              <locationsNotCovered>
                                                <column>0</column>
                                                <line>20</line>
                                                <numExecutions>0</numExecutions>
                                                <time>-1.0</time>
                                            </locationsNotCovered>
                                              <locationsNotCovered>
                                                <column>0</column>
                                                <line>32</line>
                                                <numExecutions>0</numExecutions>
                                                <time>-1.0</time>
                                            </locationsNotCovered>
                                              <locationsNotCovered>
                                                <column>0</column>
                                                <line>33</line>
                                                <numExecutions>0</numExecutions>
                                                <time>-1.0</time>
                                            </locationsNotCovered>
                                              <locationsNotCovered>
                                                <column>0</column>
                                                <line>34</line>
                                                <numExecutions>0</numExecutions>
                                                <time>-1.0</time>
                                            </locationsNotCovered>
                                              <locationsNotCovered>
                                                <column>0</column>
                                                <line>35</line>
                                                <numExecutions>0</numExecutions>
                                                <time>-1.0</time>
                                            </locationsNotCovered>
                                              <locationsNotCovered>
                                                <column>0</column>
                                                <line>36</line>
                                                <numExecutions>0</numExecutions>
                                                <time>-1.0</time>
                                            </locationsNotCovered>
                                              <locationsNotCovered>
                                                <column>0</column>
                                                <line>38</line>
                                                <numExecutions>0</numExecutions>
                                                <time>-1.0</time>
                                            </locationsNotCovered>
                                              <locationsNotCovered>
                                                <column>0</column>
                                                <line>41</line>
                                                <numExecutions>0</numExecutions>
                                                <time>-1.0</time>
                                            </locationsNotCovered>
                                              <locationsNotCovered>
                                                <column>0</column>
                                                <line>42</line>
                                                <numExecutions>0</numExecutions>
                                                <time>-1.0</time>
                                            </locationsNotCovered>
                                              <locationsNotCovered>
                                                <column>0</column>
                                                <line>47</line>
                                                <numExecutions>0</numExecutions>
                                                <time>-1.0</time>
                                            </locationsNotCovered>
                                              <locationsNotCovered>
                                                <column>0</column>
                                                <line>48</line>
                                                <numExecutions>0</numExecutions>
                                                <time>-1.0</time>
                                            </locationsNotCovered>
                                              <locationsNotCovered>
                                                <column>0</column>
                                                <line>49</line>
                                                <numExecutions>0</numExecutions>
                                                <time>-1.0</time>
                                            </locationsNotCovered>
                                              <locationsNotCovered>
                                                <column>0</column>
                                                <line>50</line>
                                                <numExecutions>0</numExecutions>
                                                <time>-1.0</time>
                                            </locationsNotCovered>
                                              <locationsNotCovered>
                                                <column>0</column>
                                                <line>53</line>
                                                <numExecutions>0</numExecutions>
                                                <time>-1.0</time>
                                            </locationsNotCovered>
                                              <locationsNotCovered>
                                                <column>0</column>
                                                <line>54</line>
                                                <numExecutions>0</numExecutions>
                                                <time>-1.0</time>
                                            </locationsNotCovered>
                                              <locationsNotCovered>
                                                <column>0</column>
                                                <line>56</line>
                                                <numExecutions>0</numExecutions>
                                                <time>-1.0</time>
                                            </locationsNotCovered>
                                              <locationsNotCovered>
                                                <column>0</column>
                                                <line>60</line>
                                                <numExecutions>0</numExecutions>
                                                <time>-1.0</time>
                                            </locationsNotCovered>
                                              <locationsNotCovered>
                                                <column>0</column>
                                                <line>61</line>
                                                <numExecutions>0</numExecutions>
                                                <time>-1.0</time>
                                            </locationsNotCovered>
                                              <locationsNotCovered>
                                                <column>0</column>
                                                <line>62</line>
                                                <numExecutions>0</numExecutions>
                                                <time>-1.0</time>
                                            </locationsNotCovered>
                                              <locationsNotCovered>
                                                <column>0</column>
                                                <line>63</line>
                                                <numExecutions>0</numExecutions>
                                                <time>-1.0</time>
                                            </locationsNotCovered>
                                              <locationsNotCovered>
                                                <column>0</column>
                                                <line>64</line>
                                                <numExecutions>0</numExecutions>
                                                <time>-1.0</time>
                                            </locationsNotCovered>
                                              <locationsNotCovered>
                                                <column>0</column>
                                                <line>65</line>
                                                <numExecutions>0</numExecutions>
                                                <time>-1.0</time>
                                            </locationsNotCovered>
                                              <locationsNotCovered>
                                                <column>0</column>
                                                <line>66</line>
                                                <numExecutions>0</numExecutions>
                                                <time>-1.0</time>
                                            </locationsNotCovered>
                                              <locationsNotCovered>
                                                <column>0</column>
                                                <line>67</line>
                                                <numExecutions>0</numExecutions>
                                                <time>-1.0</time>
                                            </locationsNotCovered>
                                              <locationsNotCovered>
                                                <column>0</column>
                                                <line>68</line>
                                                <numExecutions>0</numExecutions>
                                                <time>-1.0</time>
                                            </locationsNotCovered>
                                              <locationsNotCovered>
                                                <column>0</column>
                                                <line>69</line>
                                                <numExecutions>0</numExecutions>
                                                <time>-1.0</time>
                                            </locationsNotCovered>
                                              <locationsNotCovered>
                                                <column>0</column>
                                                <line>71</line>
                                                <numExecutions>0</numExecutions>
                                                <time>-1.0</time>
                                            </locationsNotCovered>
                                              <name>ZendeskDeserialize</name>
                                              <namespace>Zendesk</namespace>
                                              <numLocations>45</numLocations>
                                              <numLocationsNotCovered>35</numLocationsNotCovered>
                                              <type>Class</type>
                                          </codeCoverage>
                                            <codeCoverage>
                                              <id>01pL0000000E8W1IAK</id>
                                              <name>ZendeskMultiSelectList</name>
                                              <namespace>Zendesk</namespace>
                                              <numLocations>0</numLocations>
                                              <numLocationsNotCovered>0</numLocationsNotCovered>
                                              <type>Class</type>
                                          </codeCoverage>
                                            <codeCoverage>
                                              <id>01pL0000000E8VSIA0</id>
                                              <locationsNotCovered>
                                                <column>0</column>
                                                <line>8</line>
                                                <numExecutions>0</numExecutions>
                                                <time>-1.0</time>
                                            </locationsNotCovered>
                                              <locationsNotCovered>
                                                <column>0</column>
                                                <line>9</line>
                                                <numExecutions>0</numExecutions>
                                                <time>-1.0</time>
                                            </locationsNotCovered>
                                              <locationsNotCovered>
                                                <column>0</column>
                                                <line>10</line>
                                                <numExecutions>0</numExecutions>
                                                <time>-1.0</time>
                                            </locationsNotCovered>
                                              <name>CtrlFirstTimeSyncOfAccountsAndZendeskOrg</name>
                                              <namespace>Zendesk</namespace>
                                              <numLocations>12</numLocations>
                                              <numLocationsNotCovered>3</numLocationsNotCovered>
                                              <type>Class</type>
                                          </codeCoverage>
                                            <codeCoverage>
                                              <id>01qL00000008fbQIAQ</id>
                                              <locationsNotCovered>
                                                <column>0</column>
                                                <line>30</line>
                                                <numExecutions>0</numExecutions>
                                                <time>-1.0</time>
                                            </locationsNotCovered>
                                              <locationsNotCovered>
                                                <column>0</column>
                                                <line>48</line>
                                                <numExecutions>0</numExecutions>
                                                <time>-1.0</time>
                                            </locationsNotCovered>
                                              <locationsNotCovered>
                                                <column>0</column>
                                                <line>52</line>
                                                <numExecutions>0</numExecutions>
                                                <time>-1.0</time>
                                            </locationsNotCovered>
                                              <locationsNotCovered>
                                                <column>0</column>
                                                <line>55</line>
                                                <numExecutions>0</numExecutions>
                                                <time>-1.0</time>
                                            </locationsNotCovered>
                                              <locationsNotCovered>
                                                <column>0</column>
                                                <line>58</line>
                                                <numExecutions>0</numExecutions>
                                                <time>-1.0</time>
                                            </locationsNotCovered>
                                              <locationsNotCovered>
                                                <column>0</column>
                                                <line>59</line>
                                                <numExecutions>0</numExecutions>
                                                <time>-1.0</time>
                                            </locationsNotCovered>
                                              <locationsNotCovered>
                                                <column>0</column>
                                                <line>60</line>
                                                <numExecutions>0</numExecutions>
                                                <time>-1.0</time>
                                            </locationsNotCovered>
                                              <locationsNotCovered>
                                                <column>0</column>
                                                <line>61</line>
                                                <numExecutions>0</numExecutions>
                                                <time>-1.0</time>
                                            </locationsNotCovered>
                                              <locationsNotCovered>
                                                <column>0</column>
                                                <line>62</line>
                                                <numExecutions>0</numExecutions>
                                                <time>-1.0</time>
                                            </locationsNotCovered>
                                              <locationsNotCovered>
                                                <column>0</column>
                                                <line>65</line>
                                                <numExecutions>0</numExecutions>
                                                <time>-1.0</time>
                                            </locationsNotCovered>
                                              <locationsNotCovered>
                                                <column>0</column>
                                                <line>68</line>
                                                <numExecutions>0</numExecutions>
                                                <time>-1.0</time>
                                            </locationsNotCovered>
                                              <locationsNotCovered>
                                                <column>0</column>
                                                <line>72</line>
                                                <numExecutions>0</numExecutions>
                                                <time>-1.0</time>
                                            </locationsNotCovered>
                                              <locationsNotCovered>
                                                <column>0</column>
                                                <line>73</line>
                                                <numExecutions>0</numExecutions>
                                                <time>-1.0</time>
                                            </locationsNotCovered>
                                              <locationsNotCovered>
                                                <column>0</column>
                                                <line>74</line>
                                                <numExecutions>0</numExecutions>
                                                <time>-1.0</time>
                                            </locationsNotCovered>
                                              <locationsNotCovered>
                                                <column>0</column>
                                                <line>75</line>
                                                <numExecutions>0</numExecutions>
                                                <time>-1.0</time>
                                            </locationsNotCovered>
                                              <locationsNotCovered>
                                                <column>0</column>
                                                <line>76</line>
                                                <numExecutions>0</numExecutions>
                                                <time>-1.0</time>
                                            </locationsNotCovered>
                                              <locationsNotCovered>
                                                <column>0</column>
                                                <line>78</line>
                                                <numExecutions>0</numExecutions>
                                                <time>-1.0</time>
                                            </locationsNotCovered>
                                              <locationsNotCovered>
                                                <column>0</column>
                                                <line>80</line>
                                                <numExecutions>0</numExecutions>
                                                <time>-1.0</time>
                                            </locationsNotCovered>
                                              <locationsNotCovered>
                                                <column>0</column>
                                                <line>81</line>
                                                <numExecutions>0</numExecutions>
                                                <time>-1.0</time>
                                            </locationsNotCovered>
                                              <locationsNotCovered>
                                                <column>0</column>
                                                <line>82</line>
                                                <numExecutions>0</numExecutions>
                                                <time>-1.0</time>
                                            </locationsNotCovered>
                                              <locationsNotCovered>
                                                <column>0</column>
                                                <line>84</line>
                                                <numExecutions>0</numExecutions>
                                                <time>-1.0</time>
                                            </locationsNotCovered>
                                              <locationsNotCovered>
                                                <column>0</column>
                                                <line>85</line>
                                                <numExecutions>0</numExecutions>
                                                <time>-1.0</time>
                                            </locationsNotCovered>
                                              <locationsNotCovered>
                                                <column>0</column>
                                                <line>88</line>
                                                <numExecutions>0</numExecutions>
                                                <time>-1.0</time>
                                            </locationsNotCovered>
                                              <locationsNotCovered>
                                                <column>0</column>
                                                <line>94</line>
                                                <numExecutions>0</numExecutions>
                                                <time>-1.0</time>
                                            </locationsNotCovered>
                                              <locationsNotCovered>
                                                <column>0</column>
                                                <line>95</line>
                                                <numExecutions>0</numExecutions>
                                                <time>-1.0</time>
                                            </locationsNotCovered>
                                              <locationsNotCovered>
                                                <column>0</column>
                                                <line>97</line>
                                                <numExecutions>0</numExecutions>
                                                <time>-1.0</time>
                                            </locationsNotCovered>
                                              <locationsNotCovered>
                                                <column>0</column>
                                                <line>99</line>
                                                <numExecutions>0</numExecutions>
                                                <time>-1.0</time>
                                            </locationsNotCovered>
                                              <locationsNotCovered>
                                                <column>0</column>
                                                <line>100</line>
                                                <numExecutions>0</numExecutions>
                                                <time>-1.0</time>
                                            </locationsNotCovered>
                                              <locationsNotCovered>
                                                <column>0</column>
                                                <line>102</line>
                                                <numExecutions>0</numExecutions>
                                                <time>-1.0</time>
                                            </locationsNotCovered>
                                              <locationsNotCovered>
                                                <column>0</column>
                                                <line>103</line>
                                                <numExecutions>0</numExecutions>
                                                <time>-1.0</time>
                                            </locationsNotCovered>
                                              <locationsNotCovered>
                                                <column>0</column>
                                                <line>104</line>
                                                <numExecutions>0</numExecutions>
                                                <time>-1.0</time>
                                            </locationsNotCovered>
                                              <locationsNotCovered>
                                                <column>0</column>
                                                <line>105</line>
                                                <numExecutions>0</numExecutions>
                                                <time>-1.0</time>
                                            </locationsNotCovered>
                                              <locationsNotCovered>
                                                <column>0</column>
                                                <line>106</line>
                                                <numExecutions>0</numExecutions>
                                                <time>-1.0</time>
                                            </locationsNotCovered>
                                              <locationsNotCovered>
                                                <column>0</column>
                                                <line>107</line>
                                                <numExecutions>0</numExecutions>
                                                <time>-1.0</time>
                                            </locationsNotCovered>
                                              <locationsNotCovered>
                                                <column>0</column>
                                                <line>112</line>
                                                <numExecutions>0</numExecutions>
                                                <time>-1.0</time>
                                            </locationsNotCovered>
                                              <locationsNotCovered>
                                                <column>0</column>
                                                <line>114</line>
                                                <numExecutions>0</numExecutions>
                                                <time>-1.0</time>
                                            </locationsNotCovered>
                                              <locationsNotCovered>
                                                <column>0</column>
                                                <line>115</line>
                                                <numExecutions>0</numExecutions>
                                                <time>-1.0</time>
                                            </locationsNotCovered>
                                              <locationsNotCovered>
                                                <column>0</column>
                                                <line>117</line>
                                                <numExecutions>0</numExecutions>
                                                <time>-1.0</time>
                                            </locationsNotCovered>
                                              <locationsNotCovered>
                                                <column>0</column>
                                                <line>119</line>
                                                <numExecutions>0</numExecutions>
                                                <time>-1.0</time>
                                            </locationsNotCovered>
                                              <locationsNotCovered>
                                                <column>0</column>
                                                <line>125</line>
                                                <numExecutions>0</numExecutions>
                                                <time>-1.0</time>
                                            </locationsNotCovered>
                                              <locationsNotCovered>
                                                <column>0</column>
                                                <line>126</line>
                                                <numExecutions>0</numExecutions>
                                                <time>-1.0</time>
                                            </locationsNotCovered>
                                              <locationsNotCovered>
                                                <column>0</column>
                                                <line>127</line>
                                                <numExecutions>0</numExecutions>
                                                <time>-1.0</time>
                                            </locationsNotCovered>
                                              <locationsNotCovered>
                                                <column>0</column>
                                                <line>129</line>
                                                <numExecutions>0</numExecutions>
                                                <time>-1.0</time>
                                            </locationsNotCovered>
                                              <locationsNotCovered>
                                                <column>0</column>
                                                <line>130</line>
                                                <numExecutions>0</numExecutions>
                                                <time>-1.0</time>
                                            </locationsNotCovered>
                                              <name>TrgrZendeskUserFromLead</name>
                                              <namespace>Zendesk</namespace>
                                              <numLocations>68</numLocations>
                                              <numLocationsNotCovered>44</numLocationsNotCovered>
                                              <type>Trigger</type>
                                          </codeCoverage>
                                            <codeCoverage>
                                              <id>01pL0000000E8WNIA0</id>
                                              <locationsNotCovered>
                                                <column>0</column>
                                                <line>58</line>
                                                <numExecutions>0</numExecutions>
                                                <time>-1.0</time>
                                            </locationsNotCovered>
                                              <locationsNotCovered>
                                                <column>0</column>
                                                <line>89</line>
                                                <numExecutions>0</numExecutions>
                                                <time>-1.0</time>
                                            </locationsNotCovered>
                                              <locationsNotCovered>
                                                <column>0</column>
                                                <line>116</line>
                                                <numExecutions>0</numExecutions>
                                                <time>-1.0</time>
                                            </locationsNotCovered>
                                              <locationsNotCovered>
                                                <column>0</column>
                                                <line>205</line>
                                                <numExecutions>0</numExecutions>
                                                <time>-1.0</time>
                                            </locationsNotCovered>
                                              <locationsNotCovered>
                                                <column>0</column>
                                                <line>207</line>
                                                <numExecutions>0</numExecutions>
                                                <time>-1.0</time>
                                            </locationsNotCovered>
                                              <locationsNotCovered>
                                                <column>0</column>
                                                <line>208</line>
                                                <numExecutions>0</numExecutions>
                                                <time>-1.0</time>
                                            </locationsNotCovered>
                                              <locationsNotCovered>
                                                <column>0</column>
                                                <line>211</line>
                                                <numExecutions>0</numExecutions>
                                                <time>-1.0</time>
                                            </locationsNotCovered>
                                              <locationsNotCovered>
                                                <column>0</column>
                                                <line>212</line>
                                                <numExecutions>0</numExecutions>
                                                <time>-1.0</time>
                                            </locationsNotCovered>
                                              <locationsNotCovered>
                                                <column>0</column>
                                                <line>215</line>
                                                <numExecutions>0</numExecutions>
                                                <time>-1.0</time>
                                            </locationsNotCovered>
                                              <locationsNotCovered>
                                                <column>0</column>
                                                <line>216</line>
                                                <numExecutions>0</numExecutions>
                                                <time>-1.0</time>
                                            </locationsNotCovered>
                                              <locationsNotCovered>
                                                <column>0</column>
                                                <line>219</line>
                                                <numExecutions>0</numExecutions>
                                                <time>-1.0</time>
                                            </locationsNotCovered>
                                              <locationsNotCovered>
                                                <column>0</column>
                                                <line>220</line>
                                                <numExecutions>0</numExecutions>
                                                <time>-1.0</time>
                                            </locationsNotCovered>
                                              <locationsNotCovered>
                                                <column>0</column>
                                                <line>222</line>
                                                <numExecutions>0</numExecutions>
                                                <time>-1.0</time>
                                            </locationsNotCovered>
                                              <locationsNotCovered>
                                                <column>0</column>
                                                <line>289</line>
                                                <numExecutions>0</numExecutions>
                                                <time>-1.0</time>
                                            </locationsNotCovered>
                                              <locationsNotCovered>
                                                <column>0</column>
                                                <line>311</line>
                                                <numExecutions>0</numExecutions>
                                                <time>-1.0</time>
                                            </locationsNotCovered>
                                              <locationsNotCovered>
                                                <column>0</column>
                                                <line>316</line>
                                                <numExecutions>0</numExecutions>
                                                <time>-1.0</time>
                                            </locationsNotCovered>
                                              <locationsNotCovered>
                                                <column>0</column>
                                                <line>337</line>
                                                <numExecutions>0</numExecutions>
                                                <time>-1.0</time>
                                            </locationsNotCovered>
                                              <locationsNotCovered>
                                                <column>0</column>
                                                <line>350</line>
                                                <numExecutions>0</numExecutions>
                                                <time>-1.0</time>
                                            </locationsNotCovered>
                                              <locationsNotCovered>
                                                <column>0</column>
                                                <line>375</line>
                                                <numExecutions>0</numExecutions>
                                                <time>-1.0</time>
                                            </locationsNotCovered>
                                              <locationsNotCovered>
                                                <column>0</column>
                                                <line>378</line>
                                                <numExecutions>0</numExecutions>
                                                <time>-1.0</time>
                                            </locationsNotCovered>
                                              <locationsNotCovered>
                                                <column>0</column>
                                                <line>379</line>
                                                <numExecutions>0</numExecutions>
                                                <time>-1.0</time>
                                            </locationsNotCovered>
                                              <locationsNotCovered>
                                                <column>0</column>
                                                <line>383</line>
                                                <numExecutions>0</numExecutions>
                                                <time>-1.0</time>
                                            </locationsNotCovered>
                                              <locationsNotCovered>
                                                <column>0</column>
                                                <line>386</line>
                                                <numExecutions>0</numExecutions>
                                                <time>-1.0</time>
                                            </locationsNotCovered>
                                              <locationsNotCovered>
                                                <column>0</column>
                                                <line>389</line>
                                                <numExecutions>0</numExecutions>
                                                <time>-1.0</time>
                                            </locationsNotCovered>
                                              <locationsNotCovered>
                                                <column>0</column>
                                                <line>392</line>
                                                <numExecutions>0</numExecutions>
                                                <time>-1.0</time>
                                            </locationsNotCovered>
                                              <locationsNotCovered>
                                                <column>0</column>
                                                <line>395</line>
                                                <numExecutions>0</numExecutions>
                                                <time>-1.0</time>
                                            </locationsNotCovered>
                                              <locationsNotCovered>
                                                <column>0</column>
                                                <line>396</line>
                                                <numExecutions>0</numExecutions>
                                                <time>-1.0</time>
                                            </locationsNotCovered>
                                              <locationsNotCovered>
                                                <column>0</column>
                                                <line>397</line>
                                                <numExecutions>0</numExecutions>
                                                <time>-1.0</time>
                                            </locationsNotCovered>
                                              <locationsNotCovered>
                                                <column>0</column>
                                                <line>401</line>
                                                <numExecutions>0</numExecutions>
                                                <time>-1.0</time>
                                            </locationsNotCovered>
                                              <locationsNotCovered>
                                                <column>0</column>
                                                <line>403</line>
                                                <numExecutions>0</numExecutions>
                                                <time>-1.0</time>
                                            </locationsNotCovered>
                                              <locationsNotCovered>
                                                <column>0</column>
                                                <line>404</line>
                                                <numExecutions>0</numExecutions>
                                                <time>-1.0</time>
                                            </locationsNotCovered>
                                              <locationsNotCovered>
                                                <column>0</column>
                                                <line>406</line>
                                                <numExecutions>0</numExecutions>
                                                <time>-1.0</time>
                                            </locationsNotCovered>
                                              <locationsNotCovered>
                                                <column>0</column>
                                                <line>410</line>
                                                <numExecutions>0</numExecutions>
                                                <time>-1.0</time>
                                            </locationsNotCovered>
                                              <locationsNotCovered>
                                                <column>0</column>
                                                <line>411</line>
                                                <numExecutions>0</numExecutions>
                                                <time>-1.0</time>
                                            </locationsNotCovered>
                                              <locationsNotCovered>
                                                <column>0</column>
                                                <line>413</line>
                                                <numExecutions>0</numExecutions>
                                                <time>-1.0</time>
                                            </locationsNotCovered>
                                              <locationsNotCovered>
                                                <column>0</column>
                                                <line>416</line>
                                                <numExecutions>0</numExecutions>
                                                <time>-1.0</time>
                                            </locationsNotCovered>
                                              <locationsNotCovered>
                                                <column>0</column>
                                                <line>417</line>
                                                <numExecutions>0</numExecutions>
                                                <time>-1.0</time>
                                            </locationsNotCovered>
                                              <locationsNotCovered>
                                                <column>0</column>
                                                <line>447</line>
                                                <numExecutions>0</numExecutions>
                                                <time>-1.0</time>
                                            </locationsNotCovered>
                                              <locationsNotCovered>
                                                <column>0</column>
                                                <line>450</line>
                                                <numExecutions>0</numExecutions>
                                                <time>-1.0</time>
                                            </locationsNotCovered>
                                              <locationsNotCovered>
                                                <column>0</column>
                                                <line>453</line>
                                                <numExecutions>0</numExecutions>
                                                <time>-1.0</time>
                                            </locationsNotCovered>
                                              <locationsNotCovered>
                                                <column>0</column>
                                                <line>454</line>
                                                <numExecutions>0</numExecutions>
                                                <time>-1.0</time>
                                            </locationsNotCovered>
                                              <locationsNotCovered>
                                                <column>0</column>
                                                <line>457</line>
                                                <numExecutions>0</numExecutions>
                                                <time>-1.0</time>
                                            </locationsNotCovered>
                                              <locationsNotCovered>
                                                <column>0</column>
                                                <line>458</line>
                                                <numExecutions>0</numExecutions>
                                                <time>-1.0</time>
                                            </locationsNotCovered>
                                              <locationsNotCovered>
                                                <column>0</column>
                                                <line>459</line>
                                                <numExecutions>0</numExecutions>
                                                <time>-1.0</time>
                                            </locationsNotCovered>
                                              <locationsNotCovered>
                                                <column>0</column>
                                                <line>460</line>
                                                <numExecutions>0</numExecutions>
                                                <time>-1.0</time>
                                            </locationsNotCovered>
                                              <locationsNotCovered>
                                                <column>0</column>
                                                <line>461</line>
                                                <numExecutions>0</numExecutions>
                                                <time>-1.0</time>
                                            </locationsNotCovered>
                                              <locationsNotCovered>
                                                <column>0</column>
                                                <line>463</line>
                                                <numExecutions>0</numExecutions>
                                                <time>-1.0</time>
                                            </locationsNotCovered>
                                              <locationsNotCovered>
                                                <column>0</column>
                                                <line>467</line>
                                                <numExecutions>0</numExecutions>
                                                <time>-1.0</time>
                                            </locationsNotCovered>
                                              <locationsNotCovered>
                                                <column>0</column>
                                                <line>528</line>
                                                <numExecutions>0</numExecutions>
                                                <time>-1.0</time>
                                            </locationsNotCovered>
                                              <locationsNotCovered>
                                                <column>0</column>
                                                <line>532</line>
                                                <numExecutions>0</numExecutions>
                                                <time>-1.0</time>
                                            </locationsNotCovered>
                                              <locationsNotCovered>
                                                <column>0</column>
                                                <line>533</line>
                                                <numExecutions>0</numExecutions>
                                                <time>-1.0</time>
                                            </locationsNotCovered>
                                              <locationsNotCovered>
                                                <column>0</column>
                                                <line>534</line>
                                                <numExecutions>0</numExecutions>
                                                <time>-1.0</time>
                                            </locationsNotCovered>
                                              <locationsNotCovered>
                                                <column>0</column>
                                                <line>536</line>
                                                <numExecutions>0</numExecutions>
                                                <time>-1.0</time>
                                            </locationsNotCovered>
                                              <locationsNotCovered>
                                                <column>0</column>
                                                <line>537</line>
                                                <numExecutions>0</numExecutions>
                                                <time>-1.0</time>
                                            </locationsNotCovered>
                                              <name>ZendeskValidation</name>
                                              <namespace>Zendesk</namespace>
                                              <numLocations>228</numLocations>
                                              <numLocationsNotCovered>54</numLocationsNotCovered>
                                              <type>Class</type>
                                          </codeCoverage>
                                            <codeCoverage>
                                              <id>01pD0000001IbKPIA0</id>
                                              <locationsNotCovered>
                                                <column>0</column>
                                                <line>40</line>
                                                <numExecutions>0</numExecutions>
                                                <time>-1.0</time>
                                            </locationsNotCovered>
                                              <locationsNotCovered>
                                                <column>0</column>
                                                <line>41</line>
                                                <numExecutions>0</numExecutions>
                                                <time>-1.0</time>
                                            </locationsNotCovered>
                                              <locationsNotCovered>
                                                <column>0</column>
                                                <line>46</line>
                                                <numExecutions>0</numExecutions>
                                                <time>-1.0</time>
                                            </locationsNotCovered>
                                              <locationsNotCovered>
                                                <column>0</column>
                                                <line>47</line>
                                                <numExecutions>0</numExecutions>
                                                <time>-1.0</time>
                                            </locationsNotCovered>
                                              <locationsNotCovered>
                                                <column>0</column>
                                                <line>49</line>
                                                <numExecutions>0</numExecutions>
                                                <time>-1.0</time>
                                            </locationsNotCovered>
                                              <locationsNotCovered>
                                                <column>0</column>
                                                <line>66</line>
                                                <numExecutions>0</numExecutions>
                                                <time>-1.0</time>
                                            </locationsNotCovered>
                                              <locationsNotCovered>
                                                <column>0</column>
                                                <line>67</line>
                                                <numExecutions>0</numExecutions>
                                                <time>-1.0</time>
                                            </locationsNotCovered>
                                              <locationsNotCovered>
                                                <column>0</column>
                                                <line>72</line>
                                                <numExecutions>0</numExecutions>
                                                <time>-1.0</time>
                                            </locationsNotCovered>
                                              <locationsNotCovered>
                                                <column>0</column>
                                                <line>73</line>
                                                <numExecutions>0</numExecutions>
                                                <time>-1.0</time>
                                            </locationsNotCovered>
                                              <locationsNotCovered>
                                                <column>0</column>
                                                <line>75</line>
                                                <numExecutions>0</numExecutions>
                                                <time>-1.0</time>
                                            </locationsNotCovered>
                                              <name>OrderSendStatusController</name>
                                              <namespace xsi:nil="true"/>
                                                <numLocations>48</numLocations>
                                                <numLocationsNotCovered>10</numLocationsNotCovered>
                                                <type>Class</type>
                                            </codeCoverage>
                                              <codeCoverage>
                                                <id>01pL0000000E8W9IAK</id>
                                                <locationsNotCovered>
                                                  <column>0</column>
                                                  <line>165</line>
                                                  <numExecutions>0</numExecutions>
                                                  <time>-1.0</time>
                                              </locationsNotCovered>
                                                <locationsNotCovered>
                                                  <column>0</column>
                                                  <line>168</line>
                                                  <numExecutions>0</numExecutions>
                                                  <time>-1.0</time>
                                              </locationsNotCovered>
                                                <locationsNotCovered>
                                                  <column>0</column>
                                                  <line>313</line>
                                                  <numExecutions>0</numExecutions>
                                                  <time>-1.0</time>
                                              </locationsNotCovered>
                                                <name>ZendeskStructure</name>
                                                <namespace>Zendesk</namespace>
                                                <numLocations>293</numLocations>
                                                <numLocationsNotCovered>3</numLocationsNotCovered>
                                                <type>Class</type>
                                            </codeCoverage>
                                              <codeCoverage>
                                                <id>01pD0000001IZa3IAG</id>
                                                <locationsNotCovered>
                                                  <column>0</column>
                                                  <line>40</line>
                                                  <numExecutions>0</numExecutions>
                                                  <time>-1.0</time>
                                              </locationsNotCovered>
                                                <locationsNotCovered>
                                                  <column>0</column>
                                                  <line>41</line>
                                                  <numExecutions>0</numExecutions>
                                                  <time>-1.0</time>
                                              </locationsNotCovered>
                                                <locationsNotCovered>
                                                  <column>0</column>
                                                  <line>46</line>
                                                  <numExecutions>0</numExecutions>
                                                  <time>-1.0</time>
                                              </locationsNotCovered>
                                                <locationsNotCovered>
                                                  <column>0</column>
                                                  <line>47</line>
                                                  <numExecutions>0</numExecutions>
                                                  <time>-1.0</time>
                                              </locationsNotCovered>
                                                <locationsNotCovered>
                                                  <column>0</column>
                                                  <line>49</line>
                                                  <numExecutions>0</numExecutions>
                                                  <time>-1.0</time>
                                              </locationsNotCovered>
                                                <locationsNotCovered>
                                                  <column>0</column>
                                                  <line>66</line>
                                                  <numExecutions>0</numExecutions>
                                                  <time>-1.0</time>
                                              </locationsNotCovered>
                                                <locationsNotCovered>
                                                  <column>0</column>
                                                  <line>67</line>
                                                  <numExecutions>0</numExecutions>
                                                  <time>-1.0</time>
                                              </locationsNotCovered>
                                                <locationsNotCovered>
                                                  <column>0</column>
                                                  <line>72</line>
                                                  <numExecutions>0</numExecutions>
                                                  <time>-1.0</time>
                                              </locationsNotCovered>
                                                <locationsNotCovered>
                                                  <column>0</column>
                                                  <line>73</line>
                                                  <numExecutions>0</numExecutions>
                                                  <time>-1.0</time>
                                              </locationsNotCovered>
                                                <locationsNotCovered>
                                                  <column>0</column>
                                                  <line>75</line>
                                                  <numExecutions>0</numExecutions>
                                                  <time>-1.0</time>
                                              </locationsNotCovered>
                                                <name>OpportunitySendQuoteController</name>
                                                <namespace xsi:nil="true"/>
                                                  <numLocations>48</numLocations>
                                                  <numLocationsNotCovered>10</numLocationsNotCovered>
                                                  <type>Class</type>
                                              </codeCoverage>
                                                <codeCoverage>
                                                  <id>01pL0000000E8VjIAK</id>
                                                  <locationsNotCovered>
                                                    <column>0</column>
                                                    <line>3</line>
                                                    <numExecutions>0</numExecutions>
                                                    <time>-1.0</time>
                                                </locationsNotCovered>
                                                  <name>PostInstallClassForZendesk</name>
                                                  <namespace>Zendesk</namespace>
                                                  <numLocations>1</numLocations>
                                                  <numLocationsNotCovered>1</numLocationsNotCovered>
                                                  <type>Class</type>
                                              </codeCoverage>
                                                <codeCoverage>
                                                  <id>01pL0000000E8VbIAK</id>
                                                  <name>CtrlZendeskOrgUserMappingSyncing</name>
                                                  <namespace>Zendesk</namespace>
                                                  <numLocations>1</numLocations>
                                                  <numLocationsNotCovered>0</numLocationsNotCovered>
                                                  <type>Class</type>
                                              </codeCoverage>
                                                <codeCoverage>
                                                  <id>01pL0000000E8VuIAK</id>
                                                  <locationsNotCovered>
                                                    <column>0</column>
                                                    <line>3</line>
                                                    <numExecutions>0</numExecutions>
                                                    <time>-1.0</time>
                                                </locationsNotCovered>
                                                  <locationsNotCovered>
                                                    <column>0</column>
                                                    <line>4</line>
                                                    <numExecutions>0</numExecutions>
                                                    <time>-1.0</time>
                                                </locationsNotCovered>
                                                  <locationsNotCovered>
                                                    <column>0</column>
                                                    <line>35</line>
                                                    <numExecutions>0</numExecutions>
                                                    <time>-1.0</time>
                                                </locationsNotCovered>
                                                  <locationsNotCovered>
                                                    <column>0</column>
                                                    <line>36</line>
                                                    <numExecutions>0</numExecutions>
                                                    <time>-1.0</time>
                                                </locationsNotCovered>
                                                  <locationsNotCovered>
                                                    <column>0</column>
                                                    <line>61</line>
                                                    <numExecutions>0</numExecutions>
                                                    <time>-1.0</time>
                                                </locationsNotCovered>
                                                  <locationsNotCovered>
                                                    <column>0</column>
                                                    <line>73</line>
                                                    <numExecutions>0</numExecutions>
                                                    <time>-1.0</time>
                                                </locationsNotCovered>
                                                  <locationsNotCovered>
                                                    <column>0</column>
                                                    <line>92</line>
                                                    <numExecutions>0</numExecutions>
                                                    <time>-1.0</time>
                                                </locationsNotCovered>
                                                  <locationsNotCovered>
                                                    <column>0</column>
                                                    <line>97</line>
                                                    <numExecutions>0</numExecutions>
                                                    <time>-1.0</time>
                                                </locationsNotCovered>
                                                  <locationsNotCovered>
                                                    <column>0</column>
                                                    <line>102</line>
                                                    <numExecutions>0</numExecutions>
                                                    <time>-1.0</time>
                                                </locationsNotCovered>
                                                  <locationsNotCovered>
                                                    <column>0</column>
                                                    <line>107</line>
                                                    <numExecutions>0</numExecutions>
                                                    <time>-1.0</time>
                                                </locationsNotCovered>
                                                  <name>ZendeskAPI</name>
                                                  <namespace>Zendesk</namespace>
                                                  <numLocations>74</numLocations>
                                                  <numLocationsNotCovered>10</numLocationsNotCovered>
                                                  <type>Class</type>
                                              </codeCoverage>
                                                <codeCoverage>
                                                  <id>01pD0000001IZZxIAO</id>
                                                  <locationsNotCovered>
                                                    <column>0</column>
                                                    <line>21</line>
                                                    <numExecutions>0</numExecutions>
                                                    <time>-1.0</time>
                                                </locationsNotCovered>
                                                  <locationsNotCovered>
                                                    <column>0</column>
                                                    <line>49</line>
                                                    <numExecutions>0</numExecutions>
                                                    <time>-1.0</time>
                                                </locationsNotCovered>
                                                  <locationsNotCovered>
                                                    <column>0</column>
                                                    <line>56</line>
                                                    <numExecutions>0</numExecutions>
                                                    <time>-1.0</time>
                                                </locationsNotCovered>
                                                  <locationsNotCovered>
                                                    <column>0</column>
                                                    <line>57</line>
                                                    <numExecutions>0</numExecutions>
                                                    <time>-1.0</time>
                                                </locationsNotCovered>
                                                  <locationsNotCovered>
                                                    <column>0</column>
                                                    <line>58</line>
                                                    <numExecutions>0</numExecutions>
                                                    <time>-1.0</time>
                                                </locationsNotCovered>
                                                  <locationsNotCovered>
                                                    <column>0</column>
                                                    <line>59</line>
                                                    <numExecutions>0</numExecutions>
                                                    <time>-1.0</time>
                                                </locationsNotCovered>
                                                  <locationsNotCovered>
                                                    <column>0</column>
                                                    <line>60</line>
                                                    <numExecutions>0</numExecutions>
                                                    <time>-1.0</time>
                                                </locationsNotCovered>
                                                  <locationsNotCovered>
                                                    <column>0</column>
                                                    <line>63</line>
                                                    <numExecutions>0</numExecutions>
                                                    <time>-1.0</time>
                                                </locationsNotCovered>
                                                  <locationsNotCovered>
                                                    <column>0</column>
                                                    <line>64</line>
                                                    <numExecutions>0</numExecutions>
                                                    <time>-1.0</time>
                                                </locationsNotCovered>
                                                  <name>OpportunityLineItemTL_ReductionOrder</name>
                                                  <namespace xsi:nil="true"/>
                                                    <numLocations>32</numLocations>
                                                    <numLocationsNotCovered>9</numLocationsNotCovered>
                                                    <type>Class</type>
                                                </codeCoverage>
                                                  <codeCoverage>
                                                    <id>01pL0000000E8WFIA0</id>
                                                    <locationsNotCovered>
                                                      <column>0</column>
                                                      <line>3</line>
                                                      <numExecutions>0</numExecutions>
                                                      <time>-1.0</time>
                                                  </locationsNotCovered>
                                                    <locationsNotCovered>
                                                      <column>0</column>
                                                      <line>4</line>
                                                      <numExecutions>0</numExecutions>
                                                      <time>-1.0</time>
                                                  </locationsNotCovered>
                                                    <locationsNotCovered>
                                                      <column>0</column>
                                                      <line>47</line>
                                                      <numExecutions>0</numExecutions>
                                                      <time>-1.0</time>
                                                  </locationsNotCovered>
                                                    <locationsNotCovered>
                                                      <column>0</column>
                                                      <line>74</line>
                                                      <numExecutions>0</numExecutions>
                                                      <time>-1.0</time>
                                                  </locationsNotCovered>
                                                    <locationsNotCovered>
                                                      <column>0</column>
                                                      <line>92</line>
                                                      <numExecutions>0</numExecutions>
                                                      <time>-1.0</time>
                                                  </locationsNotCovered>
                                                    <locationsNotCovered>
                                                      <column>0</column>
                                                      <line>93</line>
                                                      <numExecutions>0</numExecutions>
                                                      <time>-1.0</time>
                                                  </locationsNotCovered>
                                                    <locationsNotCovered>
                                                      <column>0</column>
                                                      <line>104</line>
                                                      <numExecutions>0</numExecutions>
                                                      <time>-1.0</time>
                                                  </locationsNotCovered>
                                                    <name>ZendeskSyncStatus</name>
                                                    <namespace>Zendesk</namespace>
                                                    <numLocations>84</numLocations>
                                                    <numLocationsNotCovered>7</numLocationsNotCovered>
                                                    <type>Class</type>
                                                </codeCoverage>
                                                  <codeCoverage>
                                                    <id>01pL0000000E8VXIA0</id>
                                                    <locationsNotCovered>
                                                      <column>0</column>
                                                      <line>27</line>
                                                      <numExecutions>0</numExecutions>
                                                      <time>-1.0</time>
                                                  </locationsNotCovered>
                                                    <locationsNotCovered>
                                                      <column>0</column>
                                                      <line>32</line>
                                                      <numExecutions>0</numExecutions>
                                                      <time>-1.0</time>
                                                  </locationsNotCovered>
                                                    <name>CtrlSyncContactsAndZendeskUsersScheduled</name>
                                                    <namespace>Zendesk</namespace>
                                                    <numLocations>6</numLocations>
                                                    <numLocationsNotCovered>2</numLocationsNotCovered>
                                                    <type>Class</type>
                                                </codeCoverage>
                                                  <codeCoverage>
                                                    <id>01pL0000000EUfIIAW</id>
                                                    <locationsNotCovered>
                                                      <column>0</column>
                                                      <line>33</line>
                                                      <numExecutions>0</numExecutions>
                                                      <time>-1.0</time>
                                                  </locationsNotCovered>
                                                    <locationsNotCovered>
                                                      <column>0</column>
                                                      <line>34</line>
                                                      <numExecutions>0</numExecutions>
                                                      <time>-1.0</time>
                                                  </locationsNotCovered>
                                                    <locationsNotCovered>
                                                      <column>0</column>
                                                      <line>36</line>
                                                      <numExecutions>0</numExecutions>
                                                      <time>-1.0</time>
                                                  </locationsNotCovered>
                                                    <locationsNotCovered>
                                                      <column>0</column>
                                                      <line>37</line>
                                                      <numExecutions>0</numExecutions>
                                                      <time>-1.0</time>
                                                  </locationsNotCovered>
                                                    <locationsNotCovered>
                                                      <column>0</column>
                                                      <line>38</line>
                                                      <numExecutions>0</numExecutions>
                                                      <time>-1.0</time>
                                                  </locationsNotCovered>
                                                    <locationsNotCovered>
                                                      <column>0</column>
                                                      <line>49</line>
                                                      <numExecutions>0</numExecutions>
                                                      <time>-1.0</time>
                                                  </locationsNotCovered>
                                                    <locationsNotCovered>
                                                      <column>0</column>
                                                      <line>50</line>
                                                      <numExecutions>0</numExecutions>
                                                      <time>-1.0</time>
                                                  </locationsNotCovered>
                                                    <locationsNotCovered>
                                                      <column>0</column>
                                                      <line>51</line>
                                                      <numExecutions>0</numExecutions>
                                                      <time>-1.0</time>
                                                  </locationsNotCovered>
                                                    <locationsNotCovered>
                                                      <column>0</column>
                                                      <line>52</line>
                                                      <numExecutions>0</numExecutions>
                                                      <time>-1.0</time>
                                                  </locationsNotCovered>
                                                    <locationsNotCovered>
                                                      <column>0</column>
                                                      <line>53</line>
                                                      <numExecutions>0</numExecutions>
                                                      <time>-1.0</time>
                                                  </locationsNotCovered>
                                                    <locationsNotCovered>
                                                      <column>0</column>
                                                      <line>56</line>
                                                      <numExecutions>0</numExecutions>
                                                      <time>-1.0</time>
                                                  </locationsNotCovered>
                                                    <locationsNotCovered>
                                                      <column>0</column>
                                                      <line>69</line>
                                                      <numExecutions>0</numExecutions>
                                                      <time>-1.0</time>
                                                  </locationsNotCovered>
                                                    <locationsNotCovered>
                                                      <column>0</column>
                                                      <line>70</line>
                                                      <numExecutions>0</numExecutions>
                                                      <time>-1.0</time>
                                                  </locationsNotCovered>
                                                    <locationsNotCovered>
                                                      <column>0</column>
                                                      <line>88</line>
                                                      <numExecutions>0</numExecutions>
                                                      <time>-1.0</time>
                                                  </locationsNotCovered>
                                                    <locationsNotCovered>
                                                      <column>0</column>
                                                      <line>89</line>
                                                      <numExecutions>0</numExecutions>
                                                      <time>-1.0</time>
                                                  </locationsNotCovered>
                                                    <locationsNotCovered>
                                                      <column>0</column>
                                                      <line>90</line>
                                                      <numExecutions>0</numExecutions>
                                                      <time>-1.0</time>
                                                  </locationsNotCovered>
                                                    <locationsNotCovered>
                                                      <column>0</column>
                                                      <line>128</line>
                                                      <numExecutions>0</numExecutions>
                                                      <time>-1.0</time>
                                                  </locationsNotCovered>
                                                    <locationsNotCovered>
                                                      <column>0</column>
                                                      <line>129</line>
                                                      <numExecutions>0</numExecutions>
                                                      <time>-1.0</time>
                                                  </locationsNotCovered>
                                                    <locationsNotCovered>
                                                      <column>0</column>
                                                      <line>148</line>
                                                      <numExecutions>0</numExecutions>
                                                      <time>-1.0</time>
                                                  </locationsNotCovered>
                                                    <locationsNotCovered>
                                                      <column>0</column>
                                                      <line>149</line>
                                                      <numExecutions>0</numExecutions>
                                                      <time>-1.0</time>
                                                  </locationsNotCovered>
                                                    <locationsNotCovered>
                                                      <column>0</column>
                                                      <line>150</line>
                                                      <numExecutions>0</numExecutions>
                                                      <time>-1.0</time>
                                                  </locationsNotCovered>
                                                    <locationsNotCovered>
                                                      <column>0</column>
                                                      <line>152</line>
                                                      <numExecutions>0</numExecutions>
                                                      <time>-1.0</time>
                                                  </locationsNotCovered>
                                                    <locationsNotCovered>
                                                      <column>0</column>
                                                      <line>153</line>
                                                      <numExecutions>0</numExecutions>
                                                      <time>-1.0</time>
                                                  </locationsNotCovered>
                                                    <locationsNotCovered>
                                                      <column>0</column>
                                                      <line>163</line>
                                                      <numExecutions>0</numExecutions>
                                                      <time>-1.0</time>
                                                  </locationsNotCovered>
                                                    <locationsNotCovered>
                                                      <column>0</column>
                                                      <line>164</line>
                                                      <numExecutions>0</numExecutions>
                                                      <time>-1.0</time>
                                                  </locationsNotCovered>
                                                    <locationsNotCovered>
                                                      <column>0</column>
                                                      <line>165</line>
                                                      <numExecutions>0</numExecutions>
                                                      <time>-1.0</time>
                                                  </locationsNotCovered>
                                                    <locationsNotCovered>
                                                      <column>0</column>
                                                      <line>166</line>
                                                      <numExecutions>0</numExecutions>
                                                      <time>-1.0</time>
                                                  </locationsNotCovered>
                                                    <locationsNotCovered>
                                                      <column>0</column>
                                                      <line>167</line>
                                                      <numExecutions>0</numExecutions>
                                                      <time>-1.0</time>
                                                  </locationsNotCovered>
                                                    <locationsNotCovered>
                                                      <column>0</column>
                                                      <line>168</line>
                                                      <numExecutions>0</numExecutions>
                                                      <time>-1.0</time>
                                                  </locationsNotCovered>
                                                    <locationsNotCovered>
                                                      <column>0</column>
                                                      <line>169</line>
                                                      <numExecutions>0</numExecutions>
                                                      <time>-1.0</time>
                                                  </locationsNotCovered>
                                                    <locationsNotCovered>
                                                      <column>0</column>
                                                      <line>176</line>
                                                      <numExecutions>0</numExecutions>
                                                      <time>-1.0</time>
                                                  </locationsNotCovered>
                                                    <locationsNotCovered>
                                                      <column>0</column>
                                                      <line>177</line>
                                                      <numExecutions>0</numExecutions>
                                                      <time>-1.0</time>
                                                  </locationsNotCovered>
                                                    <locationsNotCovered>
                                                      <column>0</column>
                                                      <line>178</line>
                                                      <numExecutions>0</numExecutions>
                                                      <time>-1.0</time>
                                                  </locationsNotCovered>
                                                    <locationsNotCovered>
                                                      <column>0</column>
                                                      <line>179</line>
                                                      <numExecutions>0</numExecutions>
                                                      <time>-1.0</time>
                                                  </locationsNotCovered>
                                                    <locationsNotCovered>
                                                      <column>0</column>
                                                      <line>180</line>
                                                      <numExecutions>0</numExecutions>
                                                      <time>-1.0</time>
                                                  </locationsNotCovered>
                                                    <name>OrderAssetService</name>
                                                    <namespace xsi:nil="true"/>
                                                      <numLocations>102</numLocations>
                                                      <numLocationsNotCovered>35</numLocationsNotCovered>
                                                      <type>Class</type>
                                                  </codeCoverage>
                                                    <codeCoverage>
                                                      <id>01pL0000000E8WQIA0</id>
                                                      <locationsNotCovered>
                                                        <column>0</column>
                                                        <line>93</line>
                                                        <numExecutions>0</numExecutions>
                                                        <time>-1.0</time>
                                                    </locationsNotCovered>
                                                      <locationsNotCovered>
                                                        <column>0</column>
                                                        <line>95</line>
                                                        <numExecutions>0</numExecutions>
                                                        <time>-1.0</time>
                                                    </locationsNotCovered>
                                                      <locationsNotCovered>
                                                        <column>0</column>
                                                        <line>96</line>
                                                        <numExecutions>0</numExecutions>
                                                        <time>-1.0</time>
                                                    </locationsNotCovered>
                                                      <locationsNotCovered>
                                                        <column>0</column>
                                                        <line>97</line>
                                                        <numExecutions>0</numExecutions>
                                                        <time>-1.0</time>
                                                    </locationsNotCovered>
                                                      <locationsNotCovered>
                                                        <column>0</column>
                                                        <line>99</line>
                                                        <numExecutions>0</numExecutions>
                                                        <time>-1.0</time>
                                                    </locationsNotCovered>
                                                      <locationsNotCovered>
                                                        <column>0</column>
                                                        <line>123</line>
                                                        <numExecutions>0</numExecutions>
                                                        <time>-1.0</time>
                                                    </locationsNotCovered>
                                                      <locationsNotCovered>
                                                        <column>0</column>
                                                        <line>129</line>
                                                        <numExecutions>0</numExecutions>
                                                        <time>-1.0</time>
                                                    </locationsNotCovered>
                                                      <locationsNotCovered>
                                                        <column>0</column>
                                                        <line>145</line>
                                                        <numExecutions>0</numExecutions>
                                                        <time>-1.0</time>
                                                    </locationsNotCovered>
                                                      <locationsNotCovered>
                                                        <column>0</column>
                                                        <line>148</line>
                                                        <numExecutions>0</numExecutions>
                                                        <time>-1.0</time>
                                                    </locationsNotCovered>
                                                      <locationsNotCovered>
                                                        <column>0</column>
                                                        <line>149</line>
                                                        <numExecutions>0</numExecutions>
                                                        <time>-1.0</time>
                                                    </locationsNotCovered>
                                                      <locationsNotCovered>
                                                        <column>0</column>
                                                        <line>150</line>
                                                        <numExecutions>0</numExecutions>
                                                        <time>-1.0</time>
                                                    </locationsNotCovered>
                                                      <locationsNotCovered>
                                                        <column>0</column>
                                                        <line>183</line>
                                                        <numExecutions>0</numExecutions>
                                                        <time>-1.0</time>
                                                    </locationsNotCovered>
                                                      <locationsNotCovered>
                                                        <column>0</column>
                                                        <line>325</line>
                                                        <numExecutions>0</numExecutions>
                                                        <time>-1.0</time>
                                                    </locationsNotCovered>
                                                      <locationsNotCovered>
                                                        <column>0</column>
                                                        <line>326</line>
                                                        <numExecutions>0</numExecutions>
                                                        <time>-1.0</time>
                                                    </locationsNotCovered>
                                                      <locationsNotCovered>
                                                        <column>0</column>
                                                        <line>350</line>
                                                        <numExecutions>0</numExecutions>
                                                        <time>-1.0</time>
                                                    </locationsNotCovered>
                                                      <locationsNotCovered>
                                                        <column>0</column>
                                                        <line>351</line>
                                                        <numExecutions>0</numExecutions>
                                                        <time>-1.0</time>
                                                    </locationsNotCovered>
                                                      <locationsNotCovered>
                                                        <column>0</column>
                                                        <line>361</line>
                                                        <numExecutions>0</numExecutions>
                                                        <time>-1.0</time>
                                                    </locationsNotCovered>
                                                      <locationsNotCovered>
                                                        <column>0</column>
                                                        <line>363</line>
                                                        <numExecutions>0</numExecutions>
                                                        <time>-1.0</time>
                                                    </locationsNotCovered>
                                                      <locationsNotCovered>
                                                        <column>0</column>
                                                        <line>365</line>
                                                        <numExecutions>0</numExecutions>
                                                        <time>-1.0</time>
                                                    </locationsNotCovered>
                                                      <locationsNotCovered>
                                                        <column>0</column>
                                                        <line>366</line>
                                                        <numExecutions>0</numExecutions>
                                                        <time>-1.0</time>
                                                    </locationsNotCovered>
                                                      <locationsNotCovered>
                                                        <column>0</column>
                                                        <line>368</line>
                                                        <numExecutions>0</numExecutions>
                                                        <time>-1.0</time>
                                                    </locationsNotCovered>
                                                      <locationsNotCovered>
                                                        <column>0</column>
                                                        <line>369</line>
                                                        <numExecutions>0</numExecutions>
                                                        <time>-1.0</time>
                                                    </locationsNotCovered>
                                                      <locationsNotCovered>
                                                        <column>0</column>
                                                        <line>370</line>
                                                        <numExecutions>0</numExecutions>
                                                        <time>-1.0</time>
                                                    </locationsNotCovered>
                                                      <locationsNotCovered>
                                                        <column>0</column>
                                                        <line>372</line>
                                                        <numExecutions>0</numExecutions>
                                                        <time>-1.0</time>
                                                    </locationsNotCovered>
                                                      <locationsNotCovered>
                                                        <column>0</column>
                                                        <line>373</line>
                                                        <numExecutions>0</numExecutions>
                                                        <time>-1.0</time>
                                                    </locationsNotCovered>
                                                      <locationsNotCovered>
                                                        <column>0</column>
                                                        <line>374</line>
                                                        <numExecutions>0</numExecutions>
                                                        <time>-1.0</time>
                                                    </locationsNotCovered>
                                                      <locationsNotCovered>
                                                        <column>0</column>
                                                        <line>376</line>
                                                        <numExecutions>0</numExecutions>
                                                        <time>-1.0</time>
                                                    </locationsNotCovered>
                                                      <locationsNotCovered>
                                                        <column>0</column>
                                                        <line>377</line>
                                                        <numExecutions>0</numExecutions>
                                                        <time>-1.0</time>
                                                    </locationsNotCovered>
                                                      <locationsNotCovered>
                                                        <column>0</column>
                                                        <line>378</line>
                                                        <numExecutions>0</numExecutions>
                                                        <time>-1.0</time>
                                                    </locationsNotCovered>
                                                      <locationsNotCovered>
                                                        <column>0</column>
                                                        <line>379</line>
                                                        <numExecutions>0</numExecutions>
                                                        <time>-1.0</time>
                                                    </locationsNotCovered>
                                                      <locationsNotCovered>
                                                        <column>0</column>
                                                        <line>380</line>
                                                        <numExecutions>0</numExecutions>
                                                        <time>-1.0</time>
                                                    </locationsNotCovered>
                                                      <locationsNotCovered>
                                                        <column>0</column>
                                                        <line>381</line>
                                                        <numExecutions>0</numExecutions>
                                                        <time>-1.0</time>
                                                    </locationsNotCovered>
                                                      <locationsNotCovered>
                                                        <column>0</column>
                                                        <line>382</line>
                                                        <numExecutions>0</numExecutions>
                                                        <time>-1.0</time>
                                                    </locationsNotCovered>
                                                      <locationsNotCovered>
                                                        <column>0</column>
                                                        <line>388</line>
                                                        <numExecutions>0</numExecutions>
                                                        <time>-1.0</time>
                                                    </locationsNotCovered>
                                                      <locationsNotCovered>
                                                        <column>0</column>
                                                        <line>401</line>
                                                        <numExecutions>0</numExecutions>
                                                        <time>-1.0</time>
                                                    </locationsNotCovered>
                                                      <locationsNotCovered>
                                                        <column>0</column>
                                                        <line>402</line>
                                                        <numExecutions>0</numExecutions>
                                                        <time>-1.0</time>
                                                    </locationsNotCovered>
                                                      <locationsNotCovered>
                                                        <column>0</column>
                                                        <line>403</line>
                                                        <numExecutions>0</numExecutions>
                                                        <time>-1.0</time>
                                                    </locationsNotCovered>
                                                      <locationsNotCovered>
                                                        <column>0</column>
                                                        <line>462</line>
                                                        <numExecutions>0</numExecutions>
                                                        <time>-1.0</time>
                                                    </locationsNotCovered>
                                                      <locationsNotCovered>
                                                        <column>0</column>
                                                        <line>463</line>
                                                        <numExecutions>0</numExecutions>
                                                        <time>-1.0</time>
                                                    </locationsNotCovered>
                                                      <locationsNotCovered>
                                                        <column>0</column>
                                                        <line>464</line>
                                                        <numExecutions>0</numExecutions>
                                                        <time>-1.0</time>
                                                    </locationsNotCovered>
                                                      <locationsNotCovered>
                                                        <column>0</column>
                                                        <line>496</line>
                                                        <numExecutions>0</numExecutions>
                                                        <time>-1.0</time>
                                                    </locationsNotCovered>
                                                      <name>Zintegration</name>
                                                      <namespace>Zendesk</namespace>
                                                      <numLocations>185</numLocations>
                                                      <numLocationsNotCovered>41</numLocationsNotCovered>
                                                      <type>Class</type>
                                                  </codeCoverage>
                                                    <codeCoverage>
                                                      <id>01pL0000000E8W6IAK</id>
                                                      <locationsNotCovered>
                                                        <column>0</column>
                                                        <line>72</line>
                                                        <numExecutions>0</numExecutions>
                                                        <time>-1.0</time>
                                                    </locationsNotCovered>
                                                      <locationsNotCovered>
                                                        <column>0</column>
                                                        <line>74</line>
                                                        <numExecutions>0</numExecutions>
                                                        <time>-1.0</time>
                                                    </locationsNotCovered>
                                                      <locationsNotCovered>
                                                        <column>0</column>
                                                        <line>75</line>
                                                        <numExecutions>0</numExecutions>
                                                        <time>-1.0</time>
                                                    </locationsNotCovered>
                                                      <locationsNotCovered>
                                                        <column>0</column>
                                                        <line>78</line>
                                                        <numExecutions>0</numExecutions>
                                                        <time>-1.0</time>
                                                    </locationsNotCovered>
                                                      <locationsNotCovered>
                                                        <column>0</column>
                                                        <line>80</line>
                                                        <numExecutions>0</numExecutions>
                                                        <time>-1.0</time>
                                                    </locationsNotCovered>
                                                      <locationsNotCovered>
                                                        <column>0</column>
                                                        <line>81</line>
                                                        <numExecutions>0</numExecutions>
                                                        <time>-1.0</time>
                                                    </locationsNotCovered>
                                                      <locationsNotCovered>
                                                        <column>0</column>
                                                        <line>84</line>
                                                        <numExecutions>0</numExecutions>
                                                        <time>-1.0</time>
                                                    </locationsNotCovered>
                                                      <locationsNotCovered>
                                                        <column>0</column>
                                                        <line>86</line>
                                                        <numExecutions>0</numExecutions>
                                                        <time>-1.0</time>
                                                    </locationsNotCovered>
                                                      <locationsNotCovered>
                                                        <column>0</column>
                                                        <line>87</line>
                                                        <numExecutions>0</numExecutions>
                                                        <time>-1.0</time>
                                                    </locationsNotCovered>
                                                      <locationsNotCovered>
                                                        <column>0</column>
                                                        <line>89</line>
                                                        <numExecutions>0</numExecutions>
                                                        <time>-1.0</time>
                                                    </locationsNotCovered>
                                                      <locationsNotCovered>
                                                        <column>0</column>
                                                        <line>147</line>
                                                        <numExecutions>0</numExecutions>
                                                        <time>-1.0</time>
                                                    </locationsNotCovered>
                                                      <locationsNotCovered>
                                                        <column>0</column>
                                                        <line>148</line>
                                                        <numExecutions>0</numExecutions>
                                                        <time>-1.0</time>
                                                    </locationsNotCovered>
                                                      <locationsNotCovered>
                                                        <column>0</column>
                                                        <line>150</line>
                                                        <numExecutions>0</numExecutions>
                                                        <time>-1.0</time>
                                                    </locationsNotCovered>
                                                      <locationsNotCovered>
                                                        <column>0</column>
                                                        <line>170</line>
                                                        <numExecutions>0</numExecutions>
                                                        <time>-1.0</time>
                                                    </locationsNotCovered>
                                                      <locationsNotCovered>
                                                        <column>0</column>
                                                        <line>178</line>
                                                        <numExecutions>0</numExecutions>
                                                        <time>-1.0</time>
                                                    </locationsNotCovered>
                                                      <locationsNotCovered>
                                                        <column>0</column>
                                                        <line>205</line>
                                                        <numExecutions>0</numExecutions>
                                                        <time>-1.0</time>
                                                    </locationsNotCovered>
                                                      <locationsNotCovered>
                                                        <column>0</column>
                                                        <line>223</line>
                                                        <numExecutions>0</numExecutions>
                                                        <time>-1.0</time>
                                                    </locationsNotCovered>
                                                      <locationsNotCovered>
                                                        <column>0</column>
                                                        <line>224</line>
                                                        <numExecutions>0</numExecutions>
                                                        <time>-1.0</time>
                                                    </locationsNotCovered>
                                                      <locationsNotCovered>
                                                        <column>0</column>
                                                        <line>225</line>
                                                        <numExecutions>0</numExecutions>
                                                        <time>-1.0</time>
                                                    </locationsNotCovered>
                                                      <locationsNotCovered>
                                                        <column>0</column>
                                                        <line>226</line>
                                                        <numExecutions>0</numExecutions>
                                                        <time>-1.0</time>
                                                    </locationsNotCovered>
                                                      <locationsNotCovered>
                                                        <column>0</column>
                                                        <line>228</line>
                                                        <numExecutions>0</numExecutions>
                                                        <time>-1.0</time>
                                                    </locationsNotCovered>
                                                      <locationsNotCovered>
                                                        <column>0</column>
                                                        <line>231</line>
                                                        <numExecutions>0</numExecutions>
                                                        <time>-1.0</time>
                                                    </locationsNotCovered>
                                                      <locationsNotCovered>
                                                        <column>0</column>
                                                        <line>232</line>
                                                        <numExecutions>0</numExecutions>
                                                        <time>-1.0</time>
                                                    </locationsNotCovered>
                                                      <locationsNotCovered>
                                                        <column>0</column>
                                                        <line>233</line>
                                                        <numExecutions>0</numExecutions>
                                                        <time>-1.0</time>
                                                    </locationsNotCovered>
                                                      <locationsNotCovered>
                                                        <column>0</column>
                                                        <line>234</line>
                                                        <numExecutions>0</numExecutions>
                                                        <time>-1.0</time>
                                                    </locationsNotCovered>
                                                      <locationsNotCovered>
                                                        <column>0</column>
                                                        <line>246</line>
                                                        <numExecutions>0</numExecutions>
                                                        <time>-1.0</time>
                                                    </locationsNotCovered>
                                                      <locationsNotCovered>
                                                        <column>0</column>
                                                        <line>256</line>
                                                        <numExecutions>0</numExecutions>
                                                        <time>-1.0</time>
                                                    </locationsNotCovered>
                                                      <locationsNotCovered>
                                                        <column>0</column>
                                                        <line>270</line>
                                                        <numExecutions>0</numExecutions>
                                                        <time>-1.0</time>
                                                    </locationsNotCovered>
                                                      <name>ZendeskSetting</name>
                                                      <namespace>Zendesk</namespace>
                                                      <numLocations>203</numLocations>
                                                      <numLocationsNotCovered>28</numLocationsNotCovered>
                                                      <type>Class</type>
                                                  </codeCoverage>
                                                    <codeCoverage>
                                                      <id>01pD0000001IZa0IAG</id>
                                                      <locationsNotCovered>
                                                        <column>0</column>
                                                        <line>5</line>
                                                        <numExecutions>0</numExecutions>
                                                        <time>-1.0</time>
                                                    </locationsNotCovered>
                                                      <locationsNotCovered>
                                                        <column>0</column>
                                                        <line>6</line>
                                                        <numExecutions>0</numExecutions>
                                                        <time>-1.0</time>
                                                    </locationsNotCovered>
                                                      <locationsNotCovered>
                                                        <column>0</column>
                                                        <line>10</line>
                                                        <numExecutions>0</numExecutions>
                                                        <time>-1.0</time>
                                                    </locationsNotCovered>
                                                      <locationsNotCovered>
                                                        <column>0</column>
                                                        <line>11</line>
                                                        <numExecutions>0</numExecutions>
                                                        <time>-1.0</time>
                                                    </locationsNotCovered>
                                                      <name>OpportunityProductRedirectExtension</name>
                                                      <namespace xsi:nil="true"/>
                                                        <numLocations>4</numLocations>
                                                        <numLocationsNotCovered>4</numLocationsNotCovered>
                                                        <type>Class</type>
                                                    </codeCoverage>
                                                      <codeCoverage>
                                                        <id>01qD0000000IMvxIAG</id>
                                                        <name>LeadTrigger</name>
                                                        <namespace xsi:nil="true"/>
                                                          <numLocations>3</numLocations>
                                                          <numLocationsNotCovered>0</numLocationsNotCovered>
                                                          <type>Trigger</type>
                                                      </codeCoverage>
                                                        <codeCoverage>
                                                          <id>01pD0000001IZasIAG</id>
                                                          <locationsNotCovered>
                                                            <column>0</column>
                                                            <line>21</line>
                                                            <numExecutions>0</numExecutions>
                                                            <time>-1.0</time>
                                                        </locationsNotCovered>
                                                          <locationsNotCovered>
                                                            <column>0</column>
                                                            <line>35</line>
                                                            <numExecutions>0</numExecutions>
                                                            <time>-1.0</time>
                                                        </locationsNotCovered>
                                                          <locationsNotCovered>
                                                            <column>0</column>
                                                            <line>41</line>
                                                            <numExecutions>0</numExecutions>
                                                            <time>-1.0</time>
                                                        </locationsNotCovered>
                                                          <locationsNotCovered>
                                                            <column>0</column>
                                                            <line>44</line>
                                                            <numExecutions>0</numExecutions>
                                                            <time>-1.0</time>
                                                        </locationsNotCovered>
                                                          <locationsNotCovered>
                                                            <column>0</column>
                                                            <line>45</line>
                                                            <numExecutions>0</numExecutions>
                                                            <time>-1.0</time>
                                                        </locationsNotCovered>
                                                          <name>MyProfilePageController</name>
                                                          <namespace xsi:nil="true"/>
                                                            <numLocations>41</numLocations>
                                                            <numLocationsNotCovered>5</numLocationsNotCovered>
                                                            <type>Class</type>
                                                        </codeCoverage>
                                                          <codeCoverage>
                                                            <id>01pL0000000ESPiIAO</id>
                                                            <locationsNotCovered>
                                                              <column>0</column>
                                                              <line>23</line>
                                                              <numExecutions>0</numExecutions>
                                                              <time>-1.0</time>
                                                          </locationsNotCovered>
                                                            <name>ProcessAssetsBatch</name>
                                                            <namespace xsi:nil="true"/>
                                                              <numLocations>28</numLocations>
                                                              <numLocationsNotCovered>1</numLocationsNotCovered>
                                                              <type>Class</type>
                                                          </codeCoverage>
                                                            <codeCoverage>
                                                              <id>01pL0000000E8VeIAK</id>
                                                              <locationsNotCovered>
                                                                <column>0</column>
                                                                <line>6</line>
                                                                <numExecutions>0</numExecutions>
                                                                <time>-1.0</time>
                                                            </locationsNotCovered>
                                                              <locationsNotCovered>
                                                                <column>0</column>
                                                                <line>7</line>
                                                                <numExecutions>0</numExecutions>
                                                                <time>-1.0</time>
                                                            </locationsNotCovered>
                                                              <locationsNotCovered>
                                                                <column>0</column>
                                                                <line>9</line>
                                                                <numExecutions>0</numExecutions>
                                                                <time>-1.0</time>
                                                            </locationsNotCovered>
                                                              <locationsNotCovered>
                                                                <column>0</column>
                                                                <line>13</line>
                                                                <numExecutions>0</numExecutions>
                                                                <time>-1.0</time>
                                                            </locationsNotCovered>
                                                              <locationsNotCovered>
                                                                <column>0</column>
                                                                <line>16</line>
                                                                <numExecutions>0</numExecutions>
                                                                <time>-1.0</time>
                                                            </locationsNotCovered>
                                                              <locationsNotCovered>
                                                                <column>0</column>
                                                                <line>17</line>
                                                                <numExecutions>0</numExecutions>
                                                                <time>-1.0</time>
                                                            </locationsNotCovered>
                                                              <locationsNotCovered>
                                                                <column>0</column>
                                                                <line>20</line>
                                                                <numExecutions>0</numExecutions>
                                                                <time>-1.0</time>
                                                            </locationsNotCovered>
                                                              <locationsNotCovered>
                                                                <column>0</column>
                                                                <line>21</line>
                                                                <numExecutions>0</numExecutions>
                                                                <time>-1.0</time>
                                                            </locationsNotCovered>
                                                              <locationsNotCovered>
                                                                <column>0</column>
                                                                <line>24</line>
                                                                <numExecutions>0</numExecutions>
                                                                <time>-1.0</time>
                                                            </locationsNotCovered>
                                                              <locationsNotCovered>
                                                                <column>0</column>
                                                                <line>30</line>
                                                                <numExecutions>0</numExecutions>
                                                                <time>-1.0</time>
                                                            </locationsNotCovered>
                                                              <locationsNotCovered>
                                                                <column>0</column>
                                                                <line>33</line>
                                                                <numExecutions>0</numExecutions>
                                                                <time>-1.0</time>
                                                            </locationsNotCovered>
                                                              <locationsNotCovered>
                                                                <column>0</column>
                                                                <line>34</line>
                                                                <numExecutions>0</numExecutions>
                                                                <time>-1.0</time>
                                                            </locationsNotCovered>
                                                              <locationsNotCovered>
                                                                <column>0</column>
                                                                <line>37</line>
                                                                <numExecutions>0</numExecutions>
                                                                <time>-1.0</time>
                                                            </locationsNotCovered>
                                                              <locationsNotCovered>
                                                                <column>0</column>
                                                                <line>38</line>
                                                                <numExecutions>0</numExecutions>
                                                                <time>-1.0</time>
                                                            </locationsNotCovered>
                                                              <locationsNotCovered>
                                                                <column>0</column>
                                                                <line>41</line>
                                                                <numExecutions>0</numExecutions>
                                                                <time>-1.0</time>
                                                            </locationsNotCovered>
                                                              <locationsNotCovered>
                                                                <column>0</column>
                                                                <line>78</line>
                                                                <numExecutions>0</numExecutions>
                                                                <time>-1.0</time>
                                                            </locationsNotCovered>
                                                              <locationsNotCovered>
                                                                <column>0</column>
                                                                <line>79</line>
                                                                <numExecutions>0</numExecutions>
                                                                <time>-1.0</time>
                                                            </locationsNotCovered>
                                                              <locationsNotCovered>
                                                                <column>0</column>
                                                                <line>100</line>
                                                                <numExecutions>0</numExecutions>
                                                                <time>-1.0</time>
                                                            </locationsNotCovered>
                                                              <locationsNotCovered>
                                                                <column>0</column>
                                                                <line>129</line>
                                                                <numExecutions>0</numExecutions>
                                                                <time>-1.0</time>
                                                            </locationsNotCovered>
                                                              <locationsNotCovered>
                                                                <column>0</column>
                                                                <line>194</line>
                                                                <numExecutions>0</numExecutions>
                                                                <time>-1.0</time>
                                                            </locationsNotCovered>
                                                              <locationsNotCovered>
                                                                <column>0</column>
                                                                <line>196</line>
                                                                <numExecutions>0</numExecutions>
                                                                <time>-1.0</time>
                                                            </locationsNotCovered>
                                                              <locationsNotCovered>
                                                                <column>0</column>
                                                                <line>213</line>
                                                                <numExecutions>0</numExecutions>
                                                                <time>-1.0</time>
                                                            </locationsNotCovered>
                                                              <locationsNotCovered>
                                                                <column>0</column>
                                                                <line>215</line>
                                                                <numExecutions>0</numExecutions>
                                                                <time>-1.0</time>
                                                            </locationsNotCovered>
                                                              <locationsNotCovered>
                                                                <column>0</column>
                                                                <line>216</line>
                                                                <numExecutions>0</numExecutions>
                                                                <time>-1.0</time>
                                                            </locationsNotCovered>
                                                              <locationsNotCovered>
                                                                <column>0</column>
                                                                <line>240</line>
                                                                <numExecutions>0</numExecutions>
                                                                <time>-1.0</time>
                                                            </locationsNotCovered>
                                                              <locationsNotCovered>
                                                                <column>0</column>
                                                                <line>241</line>
                                                                <numExecutions>0</numExecutions>
                                                                <time>-1.0</time>
                                                            </locationsNotCovered>
                                                              <locationsNotCovered>
                                                                <column>0</column>
                                                                <line>242</line>
                                                                <numExecutions>0</numExecutions>
                                                                <time>-1.0</time>
                                                            </locationsNotCovered>
                                                              <locationsNotCovered>
                                                                <column>0</column>
                                                                <line>245</line>
                                                                <numExecutions>0</numExecutions>
                                                                <time>-1.0</time>
                                                            </locationsNotCovered>
                                                              <locationsNotCovered>
                                                                <column>0</column>
                                                                <line>247</line>
                                                                <numExecutions>0</numExecutions>
                                                                <time>-1.0</time>
                                                            </locationsNotCovered>
                                                              <locationsNotCovered>
                                                                <column>0</column>
                                                                <line>256</line>
                                                                <numExecutions>0</numExecutions>
                                                                <time>-1.0</time>
                                                            </locationsNotCovered>
                                                              <locationsNotCovered>
                                                                <column>0</column>
                                                                <line>268</line>
                                                                <numExecutions>0</numExecutions>
                                                                <time>-1.0</time>
                                                            </locationsNotCovered>
                                                              <locationsNotCovered>
                                                                <column>0</column>
                                                                <line>272</line>
                                                                <numExecutions>0</numExecutions>
                                                                <time>-1.0</time>
                                                            </locationsNotCovered>
                                                              <locationsNotCovered>
                                                                <column>0</column>
                                                                <line>273</line>
                                                                <numExecutions>0</numExecutions>
                                                                <time>-1.0</time>
                                                            </locationsNotCovered>
                                                              <name>CtrlZendeskTicketmapping</name>
                                                              <namespace>Zendesk</namespace>
                                                              <numLocations>154</numLocations>
                                                              <numLocationsNotCovered>33</numLocationsNotCovered>
                                                              <type>Class</type>
                                                          </codeCoverage>
                                                            <codeCoverage>
                                                              <id>01pD0000001IZaHIAW</id>
                                                              <locationsNotCovered>
                                                                <column>0</column>
                                                                <line>16</line>
                                                                <numExecutions>0</numExecutions>
                                                                <time>-1.0</time>
                                                            </locationsNotCovered>
                                                              <locationsNotCovered>
                                                                <column>0</column>
                                                                <line>17</line>
                                                                <numExecutions>0</numExecutions>
                                                                <time>-1.0</time>
                                                            </locationsNotCovered>
                                                              <locationsNotCovered>
                                                                <column>0</column>
                                                                <line>19</line>
                                                                <numExecutions>0</numExecutions>
                                                                <time>-1.0</time>
                                                            </locationsNotCovered>
                                                              <name>SelfServiceLeadEmailController</name>
                                                              <namespace xsi:nil="true"/>
                                                                <numLocations>26</numLocations>
                                                                <numLocationsNotCovered>3</numLocationsNotCovered>
                                                                <type>Class</type>
                                                            </codeCoverage>
                                                              <codeCoverage>
                                                                <id>01pD0000001IZakIAG</id>
                                                                <name>SiteLoginController</name>
                                                                <namespace xsi:nil="true"/>
                                                                  <numLocations>6</numLocations>
                                                                  <numLocationsNotCovered>0</numLocationsNotCovered>
                                                                  <type>Class</type>
                                                              </codeCoverage>
                                                                <codeCoverage>
                                                                  <id>01pL0000000E8VmIAK</id>
                                                                  <name>TG_XmlDom</name>
                                                                  <namespace>Zendesk</namespace>
                                                                  <numLocations>21</numLocations>
                                                                  <numLocationsNotCovered>0</numLocationsNotCovered>
                                                                  <type>Class</type>
                                                              </codeCoverage>
                                                                <codeCoverage>
                                                                  <id>01pD0000001IZaAIAW</id>
                                                                  <locationsNotCovered>
                                                                    <column>0</column>
                                                                    <line>82</line>
                                                                    <numExecutions>0</numExecutions>
                                                                    <time>-1.0</time>
                                                                </locationsNotCovered>
                                                                  <locationsNotCovered>
                                                                    <column>0</column>
                                                                    <line>87</line>
                                                                    <numExecutions>0</numExecutions>
                                                                    <time>-1.0</time>
                                                                </locationsNotCovered>
                                                                  <locationsNotCovered>
                                                                    <column>0</column>
                                                                    <line>107</line>
                                                                    <numExecutions>0</numExecutions>
                                                                    <time>-1.0</time>
                                                                </locationsNotCovered>
                                                                  <locationsNotCovered>
                                                                    <column>0</column>
                                                                    <line>112</line>
                                                                    <numExecutions>0</numExecutions>
                                                                    <time>-1.0</time>
                                                                </locationsNotCovered>
                                                                  <locationsNotCovered>
                                                                    <column>0</column>
                                                                    <line>113</line>
                                                                    <numExecutions>0</numExecutions>
                                                                    <time>-1.0</time>
                                                                </locationsNotCovered>
                                                                  <locationsNotCovered>
                                                                    <column>0</column>
                                                                    <line>117</line>
                                                                    <numExecutions>0</numExecutions>
                                                                    <time>-1.0</time>
                                                                </locationsNotCovered>
                                                                  <locationsNotCovered>
                                                                    <column>0</column>
                                                                    <line>121</line>
                                                                    <numExecutions>0</numExecutions>
                                                                    <time>-1.0</time>
                                                                </locationsNotCovered>
                                                                  <locationsNotCovered>
                                                                    <column>0</column>
                                                                    <line>128</line>
                                                                    <numExecutions>0</numExecutions>
                                                                    <time>-1.0</time>
                                                                </locationsNotCovered>
                                                                  <locationsNotCovered>
                                                                    <column>0</column>
                                                                    <line>129</line>
                                                                    <numExecutions>0</numExecutions>
                                                                    <time>-1.0</time>
                                                                </locationsNotCovered>
                                                                  <locationsNotCovered>
                                                                    <column>0</column>
                                                                    <line>130</line>
                                                                    <numExecutions>0</numExecutions>
                                                                    <time>-1.0</time>
                                                                </locationsNotCovered>
                                                                  <locationsNotCovered>
                                                                    <column>0</column>
                                                                    <line>131</line>
                                                                    <numExecutions>0</numExecutions>
                                                                    <time>-1.0</time>
                                                                </locationsNotCovered>
                                                                  <locationsNotCovered>
                                                                    <column>0</column>
                                                                    <line>133</line>
                                                                    <numExecutions>0</numExecutions>
                                                                    <time>-1.0</time>
                                                                </locationsNotCovered>
                                                                  <locationsNotCovered>
                                                                    <column>0</column>
                                                                    <line>134</line>
                                                                    <numExecutions>0</numExecutions>
                                                                    <time>-1.0</time>
                                                                </locationsNotCovered>
                                                                  <locationsNotCovered>
                                                                    <column>0</column>
                                                                    <line>137</line>
                                                                    <numExecutions>0</numExecutions>
                                                                    <time>-1.0</time>
                                                                </locationsNotCovered>
                                                                  <locationsNotCovered>
                                                                    <column>0</column>
                                                                    <line>139</line>
                                                                    <numExecutions>0</numExecutions>
                                                                    <time>-1.0</time>
                                                                </locationsNotCovered>
                                                                  <locationsNotCovered>
                                                                    <column>0</column>
                                                                    <line>141</line>
                                                                    <numExecutions>0</numExecutions>
                                                                    <time>-1.0</time>
                                                                </locationsNotCovered>
                                                                  <locationsNotCovered>
                                                                    <column>0</column>
                                                                    <line>142</line>
                                                                    <numExecutions>0</numExecutions>
                                                                    <time>-1.0</time>
                                                                </locationsNotCovered>
                                                                  <locationsNotCovered>
                                                                    <column>0</column>
                                                                    <line>144</line>
                                                                    <numExecutions>0</numExecutions>
                                                                    <time>-1.0</time>
                                                                </locationsNotCovered>
                                                                  <locationsNotCovered>
                                                                    <column>0</column>
                                                                    <line>145</line>
                                                                    <numExecutions>0</numExecutions>
                                                                    <time>-1.0</time>
                                                                </locationsNotCovered>
                                                                  <locationsNotCovered>
                                                                    <column>0</column>
                                                                    <line>146</line>
                                                                    <numExecutions>0</numExecutions>
                                                                    <time>-1.0</time>
                                                                </locationsNotCovered>
                                                                  <locationsNotCovered>
                                                                    <column>0</column>
                                                                    <line>149</line>
                                                                    <numExecutions>0</numExecutions>
                                                                    <time>-1.0</time>
                                                                </locationsNotCovered>
                                                                  <locationsNotCovered>
                                                                    <column>0</column>
                                                                    <line>158</line>
                                                                    <numExecutions>0</numExecutions>
                                                                    <time>-1.0</time>
                                                                </locationsNotCovered>
                                                                  <locationsNotCovered>
                                                                    <column>0</column>
                                                                    <line>187</line>
                                                                    <numExecutions>0</numExecutions>
                                                                    <time>-1.0</time>
                                                                </locationsNotCovered>
                                                                  <locationsNotCovered>
                                                                    <column>0</column>
                                                                    <line>188</line>
                                                                    <numExecutions>0</numExecutions>
                                                                    <time>-1.0</time>
                                                                </locationsNotCovered>
                                                                  <locationsNotCovered>
                                                                    <column>0</column>
                                                                    <line>190</line>
                                                                    <numExecutions>0</numExecutions>
                                                                    <time>-1.0</time>
                                                                </locationsNotCovered>
                                                                  <locationsNotCovered>
                                                                    <column>0</column>
                                                                    <line>192</line>
                                                                    <numExecutions>0</numExecutions>
                                                                    <time>-1.0</time>
                                                                </locationsNotCovered>
                                                                  <locationsNotCovered>
                                                                    <column>0</column>
                                                                    <line>193</line>
                                                                    <numExecutions>0</numExecutions>
                                                                    <time>-1.0</time>
                                                                </locationsNotCovered>
                                                                  <locationsNotCovered>
                                                                    <column>0</column>
                                                                    <line>198</line>
                                                                    <numExecutions>0</numExecutions>
                                                                    <time>-1.0</time>
                                                                </locationsNotCovered>
                                                                  <locationsNotCovered>
                                                                    <column>0</column>
                                                                    <line>199</line>
                                                                    <numExecutions>0</numExecutions>
                                                                    <time>-1.0</time>
                                                                </locationsNotCovered>
                                                                  <locationsNotCovered>
                                                                    <column>0</column>
                                                                    <line>202</line>
                                                                    <numExecutions>0</numExecutions>
                                                                    <time>-1.0</time>
                                                                </locationsNotCovered>
                                                                  <locationsNotCovered>
                                                                    <column>0</column>
                                                                    <line>203</line>
                                                                    <numExecutions>0</numExecutions>
                                                                    <time>-1.0</time>
                                                                </locationsNotCovered>
                                                                  <locationsNotCovered>
                                                                    <column>0</column>
                                                                    <line>206</line>
                                                                    <numExecutions>0</numExecutions>
                                                                    <time>-1.0</time>
                                                                </locationsNotCovered>
                                                                  <locationsNotCovered>
                                                                    <column>0</column>
                                                                    <line>207</line>
                                                                    <numExecutions>0</numExecutions>
                                                                    <time>-1.0</time>
                                                                </locationsNotCovered>
                                                                  <locationsNotCovered>
                                                                    <column>0</column>
                                                                    <line>210</line>
                                                                    <numExecutions>0</numExecutions>
                                                                    <time>-1.0</time>
                                                                </locationsNotCovered>
                                                                  <locationsNotCovered>
                                                                    <column>0</column>
                                                                    <line>213</line>
                                                                    <numExecutions>0</numExecutions>
                                                                    <time>-1.0</time>
                                                                </locationsNotCovered>
                                                                  <locationsNotCovered>
                                                                    <column>0</column>
                                                                    <line>214</line>
                                                                    <numExecutions>0</numExecutions>
                                                                    <time>-1.0</time>
                                                                </locationsNotCovered>
                                                                  <locationsNotCovered>
                                                                    <column>0</column>
                                                                    <line>217</line>
                                                                    <numExecutions>0</numExecutions>
                                                                    <time>-1.0</time>
                                                                </locationsNotCovered>
                                                                  <locationsNotCovered>
                                                                    <column>0</column>
                                                                    <line>218</line>
                                                                    <numExecutions>0</numExecutions>
                                                                    <time>-1.0</time>
                                                                </locationsNotCovered>
                                                                  <locationsNotCovered>
                                                                    <column>0</column>
                                                                    <line>221</line>
                                                                    <numExecutions>0</numExecutions>
                                                                    <time>-1.0</time>
                                                                </locationsNotCovered>
                                                                  <locationsNotCovered>
                                                                    <column>0</column>
                                                                    <line>222</line>
                                                                    <numExecutions>0</numExecutions>
                                                                    <time>-1.0</time>
                                                                </locationsNotCovered>
                                                                  <locationsNotCovered>
                                                                    <column>0</column>
                                                                    <line>225</line>
                                                                    <numExecutions>0</numExecutions>
                                                                    <time>-1.0</time>
                                                                </locationsNotCovered>
                                                                  <name>SelfServiceAccountFormController</name>
                                                                  <namespace xsi:nil="true"/>
                                                                    <numLocations>117</numLocations>
                                                                    <numLocationsNotCovered>41</numLocationsNotCovered>
                                                                    <type>Class</type>
                                                                </codeCoverage>
                                                                  <codeCoverage>
                                                                    <id>01pD0000001IZa9IAG</id>
                                                                    <locationsNotCovered>
                                                                      <column>0</column>
                                                                      <line>13</line>
                                                                      <numExecutions>0</numExecutions>
                                                                      <time>-1.0</time>
                                                                  </locationsNotCovered>
                                                                    <locationsNotCovered>
                                                                      <column>0</column>
                                                                      <line>14</line>
                                                                      <numExecutions>0</numExecutions>
                                                                      <time>-1.0</time>
                                                                  </locationsNotCovered>
                                                                    <locationsNotCovered>
                                                                      <column>0</column>
                                                                      <line>15</line>
                                                                      <numExecutions>0</numExecutions>
                                                                      <time>-1.0</time>
                                                                  </locationsNotCovered>
                                                                    <locationsNotCovered>
                                                                      <column>0</column>
                                                                      <line>17</line>
                                                                      <numExecutions>0</numExecutions>
                                                                      <time>-1.0</time>
                                                                  </locationsNotCovered>
                                                                    <locationsNotCovered>
                                                                      <column>0</column>
                                                                      <line>18</line>
                                                                      <numExecutions>0</numExecutions>
                                                                      <time>-1.0</time>
                                                                  </locationsNotCovered>
                                                                    <name>ScheduleOpportunityScheduleExtend</name>
                                                                    <namespace xsi:nil="true"/>
                                                                      <numLocations>5</numLocations>
                                                                      <numLocationsNotCovered>5</numLocationsNotCovered>
                                                                      <type>Class</type>
                                                                  </codeCoverage>
                                                                    <codeCoverage>
                                                                      <id>01pL0000000E8VxIAK</id>
                                                                      <locationsNotCovered>
                                                                        <column>0</column>
                                                                        <line>15</line>
                                                                        <numExecutions>0</numExecutions>
                                                                        <time>-1.0</time>
                                                                    </locationsNotCovered>
                                                                      <locationsNotCovered>
                                                                        <column>0</column>
                                                                        <line>45</line>
                                                                        <numExecutions>0</numExecutions>
                                                                        <time>-1.0</time>
                                                                    </locationsNotCovered>
                                                                      <locationsNotCovered>
                                                                        <column>0</column>
                                                                        <line>52</line>
                                                                        <numExecutions>0</numExecutions>
                                                                        <time>-1.0</time>
                                                                    </locationsNotCovered>
                                                                      <locationsNotCovered>
                                                                        <column>0</column>
                                                                        <line>54</line>
                                                                        <numExecutions>0</numExecutions>
                                                                        <time>-1.0</time>
                                                                    </locationsNotCovered>
                                                                      <locationsNotCovered>
                                                                        <column>0</column>
                                                                        <line>55</line>
                                                                        <numExecutions>0</numExecutions>
                                                                        <time>-1.0</time>
                                                                    </locationsNotCovered>
                                                                      <locationsNotCovered>
                                                                        <column>0</column>
                                                                        <line>58</line>
                                                                        <numExecutions>0</numExecutions>
                                                                        <time>-1.0</time>
                                                                    </locationsNotCovered>
                                                                      <locationsNotCovered>
                                                                        <column>0</column>
                                                                        <line>64</line>
                                                                        <numExecutions>0</numExecutions>
                                                                        <time>-1.0</time>
                                                                    </locationsNotCovered>
                                                                      <locationsNotCovered>
                                                                        <column>0</column>
                                                                        <line>65</line>
                                                                        <numExecutions>0</numExecutions>
                                                                        <time>-1.0</time>
                                                                    </locationsNotCovered>
                                                                      <locationsNotCovered>
                                                                        <column>0</column>
                                                                        <line>66</line>
                                                                        <numExecutions>0</numExecutions>
                                                                        <time>-1.0</time>
                                                                    </locationsNotCovered>
                                                                      <locationsNotCovered>
                                                                        <column>0</column>
                                                                        <line>74</line>
                                                                        <numExecutions>0</numExecutions>
                                                                        <time>-1.0</time>
                                                                    </locationsNotCovered>
                                                                      <locationsNotCovered>
                                                                        <column>0</column>
                                                                        <line>75</line>
                                                                        <numExecutions>0</numExecutions>
                                                                        <time>-1.0</time>
                                                                    </locationsNotCovered>
                                                                      <locationsNotCovered>
                                                                        <column>0</column>
                                                                        <line>76</line>
                                                                        <numExecutions>0</numExecutions>
                                                                        <time>-1.0</time>
                                                                    </locationsNotCovered>
                                                                      <locationsNotCovered>
                                                                        <column>0</column>
                                                                        <line>117</line>
                                                                        <numExecutions>0</numExecutions>
                                                                        <time>-1.0</time>
                                                                    </locationsNotCovered>
                                                                      <locationsNotCovered>
                                                                        <column>0</column>
                                                                        <line>120</line>
                                                                        <numExecutions>0</numExecutions>
                                                                        <time>-1.0</time>
                                                                    </locationsNotCovered>
                                                                      <locationsNotCovered>
                                                                        <column>0</column>
                                                                        <line>121</line>
                                                                        <numExecutions>0</numExecutions>
                                                                        <time>-1.0</time>
                                                                    </locationsNotCovered>
                                                                      <locationsNotCovered>
                                                                        <column>0</column>
                                                                        <line>122</line>
                                                                        <numExecutions>0</numExecutions>
                                                                        <time>-1.0</time>
                                                                    </locationsNotCovered>
                                                                      <locationsNotCovered>
                                                                        <column>0</column>
                                                                        <line>123</line>
                                                                        <numExecutions>0</numExecutions>
                                                                        <time>-1.0</time>
                                                                    </locationsNotCovered>
                                                                      <locationsNotCovered>
                                                                        <column>0</column>
                                                                        <line>124</line>
                                                                        <numExecutions>0</numExecutions>
                                                                        <time>-1.0</time>
                                                                    </locationsNotCovered>
                                                                      <locationsNotCovered>
                                                                        <column>0</column>
                                                                        <line>125</line>
                                                                        <numExecutions>0</numExecutions>
                                                                        <time>-1.0</time>
                                                                    </locationsNotCovered>
                                                                      <locationsNotCovered>
                                                                        <column>0</column>
                                                                        <line>129</line>
                                                                        <numExecutions>0</numExecutions>
                                                                        <time>-1.0</time>
                                                                    </locationsNotCovered>
                                                                      <locationsNotCovered>
                                                                        <column>0</column>
                                                                        <line>135</line>
                                                                        <numExecutions>0</numExecutions>
                                                                        <time>-1.0</time>
                                                                    </locationsNotCovered>
                                                                      <locationsNotCovered>
                                                                        <column>0</column>
                                                                        <line>154</line>
                                                                        <numExecutions>0</numExecutions>
                                                                        <time>-1.0</time>
                                                                    </locationsNotCovered>
                                                                      <locationsNotCovered>
                                                                        <column>0</column>
                                                                        <line>156</line>
                                                                        <numExecutions>0</numExecutions>
                                                                        <time>-1.0</time>
                                                                    </locationsNotCovered>
                                                                      <locationsNotCovered>
                                                                        <column>0</column>
                                                                        <line>168</line>
                                                                        <numExecutions>0</numExecutions>
                                                                        <time>-1.0</time>
                                                                    </locationsNotCovered>
                                                                      <locationsNotCovered>
                                                                        <column>0</column>
                                                                        <line>169</line>
                                                                        <numExecutions>0</numExecutions>
                                                                        <time>-1.0</time>
                                                                    </locationsNotCovered>
                                                                      <locationsNotCovered>
                                                                        <column>0</column>
                                                                        <line>170</line>
                                                                        <numExecutions>0</numExecutions>
                                                                        <time>-1.0</time>
                                                                    </locationsNotCovered>
                                                                      <locationsNotCovered>
                                                                        <column>0</column>
                                                                        <line>172</line>
                                                                        <numExecutions>0</numExecutions>
                                                                        <time>-1.0</time>
                                                                    </locationsNotCovered>
                                                                      <locationsNotCovered>
                                                                        <column>0</column>
                                                                        <line>173</line>
                                                                        <numExecutions>0</numExecutions>
                                                                        <time>-1.0</time>
                                                                    </locationsNotCovered>
                                                                      <locationsNotCovered>
                                                                        <column>0</column>
                                                                        <line>176</line>
                                                                        <numExecutions>0</numExecutions>
                                                                        <time>-1.0</time>
                                                                    </locationsNotCovered>
                                                                      <locationsNotCovered>
                                                                        <column>0</column>
                                                                        <line>177</line>
                                                                        <numExecutions>0</numExecutions>
                                                                        <time>-1.0</time>
                                                                    </locationsNotCovered>
                                                                      <locationsNotCovered>
                                                                        <column>0</column>
                                                                        <line>178</line>
                                                                        <numExecutions>0</numExecutions>
                                                                        <time>-1.0</time>
                                                                    </locationsNotCovered>
                                                                      <locationsNotCovered>
                                                                        <column>0</column>
                                                                        <line>179</line>
                                                                        <numExecutions>0</numExecutions>
                                                                        <time>-1.0</time>
                                                                    </locationsNotCovered>
                                                                      <locationsNotCovered>
                                                                        <column>0</column>
                                                                        <line>182</line>
                                                                        <numExecutions>0</numExecutions>
                                                                        <time>-1.0</time>
                                                                    </locationsNotCovered>
                                                                      <locationsNotCovered>
                                                                        <column>0</column>
                                                                        <line>184</line>
                                                                        <numExecutions>0</numExecutions>
                                                                        <time>-1.0</time>
                                                                    </locationsNotCovered>
                                                                      <locationsNotCovered>
                                                                        <column>0</column>
                                                                        <line>187</line>
                                                                        <numExecutions>0</numExecutions>
                                                                        <time>-1.0</time>
                                                                    </locationsNotCovered>
                                                                      <locationsNotCovered>
                                                                        <column>0</column>
                                                                        <line>188</line>
                                                                        <numExecutions>0</numExecutions>
                                                                        <time>-1.0</time>
                                                                    </locationsNotCovered>
                                                                      <locationsNotCovered>
                                                                        <column>0</column>
                                                                        <line>190</line>
                                                                        <numExecutions>0</numExecutions>
                                                                        <time>-1.0</time>
                                                                    </locationsNotCovered>
                                                                      <locationsNotCovered>
                                                                        <column>0</column>
                                                                        <line>192</line>
                                                                        <numExecutions>0</numExecutions>
                                                                        <time>-1.0</time>
                                                                    </locationsNotCovered>
                                                                      <locationsNotCovered>
                                                                        <column>0</column>
                                                                        <line>196</line>
                                                                        <numExecutions>0</numExecutions>
                                                                        <time>-1.0</time>
                                                                    </locationsNotCovered>
                                                                      <locationsNotCovered>
                                                                        <column>0</column>
                                                                        <line>199</line>
                                                                        <numExecutions>0</numExecutions>
                                                                        <time>-1.0</time>
                                                                    </locationsNotCovered>
                                                                      <locationsNotCovered>
                                                                        <column>0</column>
                                                                        <line>262</line>
                                                                        <numExecutions>0</numExecutions>
                                                                        <time>-1.0</time>
                                                                    </locationsNotCovered>
                                                                      <locationsNotCovered>
                                                                        <column>0</column>
                                                                        <line>264</line>
                                                                        <numExecutions>0</numExecutions>
                                                                        <time>-1.0</time>
                                                                    </locationsNotCovered>
                                                                      <locationsNotCovered>
                                                                        <column>0</column>
                                                                        <line>268</line>
                                                                        <numExecutions>0</numExecutions>
                                                                        <time>-1.0</time>
                                                                    </locationsNotCovered>
                                                                      <locationsNotCovered>
                                                                        <column>0</column>
                                                                        <line>307</line>
                                                                        <numExecutions>0</numExecutions>
                                                                        <time>-1.0</time>
                                                                    </locationsNotCovered>
                                                                      <locationsNotCovered>
                                                                        <column>0</column>
                                                                        <line>324</line>
                                                                        <numExecutions>0</numExecutions>
                                                                        <time>-1.0</time>
                                                                    </locationsNotCovered>
                                                                      <locationsNotCovered>
                                                                        <column>0</column>
                                                                        <line>326</line>
                                                                        <numExecutions>0</numExecutions>
                                                                        <time>-1.0</time>
                                                                    </locationsNotCovered>
                                                                      <locationsNotCovered>
                                                                        <column>0</column>
                                                                        <line>330</line>
                                                                        <numExecutions>0</numExecutions>
                                                                        <time>-1.0</time>
                                                                    </locationsNotCovered>
                                                                      <locationsNotCovered>
                                                                        <column>0</column>
                                                                        <line>358</line>
                                                                        <numExecutions>0</numExecutions>
                                                                        <time>-1.0</time>
                                                                    </locationsNotCovered>
                                                                      <locationsNotCovered>
                                                                        <column>0</column>
                                                                        <line>362</line>
                                                                        <numExecutions>0</numExecutions>
                                                                        <time>-1.0</time>
                                                                    </locationsNotCovered>
                                                                      <locationsNotCovered>
                                                                        <column>0</column>
                                                                        <line>364</line>
                                                                        <numExecutions>0</numExecutions>
                                                                        <time>-1.0</time>
                                                                    </locationsNotCovered>
                                                                      <locationsNotCovered>
                                                                        <column>0</column>
                                                                        <line>368</line>
                                                                        <numExecutions>0</numExecutions>
                                                                        <time>-1.0</time>
                                                                    </locationsNotCovered>
                                                                      <locationsNotCovered>
                                                                        <column>0</column>
                                                                        <line>396</line>
                                                                        <numExecutions>0</numExecutions>
                                                                        <time>-1.0</time>
                                                                    </locationsNotCovered>
                                                                      <locationsNotCovered>
                                                                        <column>0</column>
                                                                        <line>400</line>
                                                                        <numExecutions>0</numExecutions>
                                                                        <time>-1.0</time>
                                                                    </locationsNotCovered>
                                                                      <locationsNotCovered>
                                                                        <column>0</column>
                                                                        <line>402</line>
                                                                        <numExecutions>0</numExecutions>
                                                                        <time>-1.0</time>
                                                                    </locationsNotCovered>
                                                                      <locationsNotCovered>
                                                                        <column>0</column>
                                                                        <line>406</line>
                                                                        <numExecutions>0</numExecutions>
                                                                        <time>-1.0</time>
                                                                    </locationsNotCovered>
                                                                      <locationsNotCovered>
                                                                        <column>0</column>
                                                                        <line>432</line>
                                                                        <numExecutions>0</numExecutions>
                                                                        <time>-1.0</time>
                                                                    </locationsNotCovered>
                                                                      <locationsNotCovered>
                                                                        <column>0</column>
                                                                        <line>434</line>
                                                                        <numExecutions>0</numExecutions>
                                                                        <time>-1.0</time>
                                                                    </locationsNotCovered>
                                                                      <locationsNotCovered>
                                                                        <column>0</column>
                                                                        <line>438</line>
                                                                        <numExecutions>0</numExecutions>
                                                                        <time>-1.0</time>
                                                                    </locationsNotCovered>
                                                                      <locationsNotCovered>
                                                                        <column>0</column>
                                                                        <line>484</line>
                                                                        <numExecutions>0</numExecutions>
                                                                        <time>-1.0</time>
                                                                    </locationsNotCovered>
                                                                      <locationsNotCovered>
                                                                        <column>0</column>
                                                                        <line>486</line>
                                                                        <numExecutions>0</numExecutions>
                                                                        <time>-1.0</time>
                                                                    </locationsNotCovered>
                                                                      <locationsNotCovered>
                                                                        <column>0</column>
                                                                        <line>490</line>
                                                                        <numExecutions>0</numExecutions>
                                                                        <time>-1.0</time>
                                                                    </locationsNotCovered>
                                                                      <locationsNotCovered>
                                                                        <column>0</column>
                                                                        <line>521</line>
                                                                        <numExecutions>0</numExecutions>
                                                                        <time>-1.0</time>
                                                                    </locationsNotCovered>
                                                                      <locationsNotCovered>
                                                                        <column>0</column>
                                                                        <line>523</line>
                                                                        <numExecutions>0</numExecutions>
                                                                        <time>-1.0</time>
                                                                    </locationsNotCovered>
                                                                      <locationsNotCovered>
                                                                        <column>0</column>
                                                                        <line>527</line>
                                                                        <numExecutions>0</numExecutions>
                                                                        <time>-1.0</time>
                                                                    </locationsNotCovered>
                                                                      <locationsNotCovered>
                                                                        <column>0</column>
                                                                        <line>544</line>
                                                                        <numExecutions>0</numExecutions>
                                                                        <time>-1.0</time>
                                                                    </locationsNotCovered>
                                                                      <locationsNotCovered>
                                                                        <column>0</column>
                                                                        <line>568</line>
                                                                        <numExecutions>0</numExecutions>
                                                                        <time>-1.0</time>
                                                                    </locationsNotCovered>
                                                                      <locationsNotCovered>
                                                                        <column>0</column>
                                                                        <line>575</line>
                                                                        <numExecutions>0</numExecutions>
                                                                        <time>-1.0</time>
                                                                    </locationsNotCovered>
                                                                      <locationsNotCovered>
                                                                        <column>0</column>
                                                                        <line>576</line>
                                                                        <numExecutions>0</numExecutions>
                                                                        <time>-1.0</time>
                                                                    </locationsNotCovered>
                                                                      <locationsNotCovered>
                                                                        <column>0</column>
                                                                        <line>594</line>
                                                                        <numExecutions>0</numExecutions>
                                                                        <time>-1.0</time>
                                                                    </locationsNotCovered>
                                                                      <locationsNotCovered>
                                                                        <column>0</column>
                                                                        <line>612</line>
                                                                        <numExecutions>0</numExecutions>
                                                                        <time>-1.0</time>
                                                                    </locationsNotCovered>
                                                                      <locationsNotCovered>
                                                                        <column>0</column>
                                                                        <line>614</line>
                                                                        <numExecutions>0</numExecutions>
                                                                        <time>-1.0</time>
                                                                    </locationsNotCovered>
                                                                      <locationsNotCovered>
                                                                        <column>0</column>
                                                                        <line>644</line>
                                                                        <numExecutions>0</numExecutions>
                                                                        <time>-1.0</time>
                                                                    </locationsNotCovered>
                                                                      <locationsNotCovered>
                                                                        <column>0</column>
                                                                        <line>646</line>
                                                                        <numExecutions>0</numExecutions>
                                                                        <time>-1.0</time>
                                                                    </locationsNotCovered>
                                                                      <locationsNotCovered>
                                                                        <column>0</column>
                                                                        <line>650</line>
                                                                        <numExecutions>0</numExecutions>
                                                                        <time>-1.0</time>
                                                                    </locationsNotCovered>
                                                                      <locationsNotCovered>
                                                                        <column>0</column>
                                                                        <line>667</line>
                                                                        <numExecutions>0</numExecutions>
                                                                        <time>-1.0</time>
                                                                    </locationsNotCovered>
                                                                      <locationsNotCovered>
                                                                        <column>0</column>
                                                                        <line>682</line>
                                                                        <numExecutions>0</numExecutions>
                                                                        <time>-1.0</time>
                                                                    </locationsNotCovered>
                                                                      <locationsNotCovered>
                                                                        <column>0</column>
                                                                        <line>683</line>
                                                                        <numExecutions>0</numExecutions>
                                                                        <time>-1.0</time>
                                                                    </locationsNotCovered>
                                                                      <locationsNotCovered>
                                                                        <column>0</column>
                                                                        <line>685</line>
                                                                        <numExecutions>0</numExecutions>
                                                                        <time>-1.0</time>
                                                                    </locationsNotCovered>
                                                                      <locationsNotCovered>
                                                                        <column>0</column>
                                                                        <line>686</line>
                                                                        <numExecutions>0</numExecutions>
                                                                        <time>-1.0</time>
                                                                    </locationsNotCovered>
                                                                      <locationsNotCovered>
                                                                        <column>0</column>
                                                                        <line>687</line>
                                                                        <numExecutions>0</numExecutions>
                                                                        <time>-1.0</time>
                                                                    </locationsNotCovered>
                                                                      <locationsNotCovered>
                                                                        <column>0</column>
                                                                        <line>688</line>
                                                                        <numExecutions>0</numExecutions>
                                                                        <time>-1.0</time>
                                                                    </locationsNotCovered>
                                                                      <locationsNotCovered>
                                                                        <column>0</column>
                                                                        <line>699</line>
                                                                        <numExecutions>0</numExecutions>
                                                                        <time>-1.0</time>
                                                                    </locationsNotCovered>
                                                                      <locationsNotCovered>
                                                                        <column>0</column>
                                                                        <line>706</line>
                                                                        <numExecutions>0</numExecutions>
                                                                        <time>-1.0</time>
                                                                    </locationsNotCovered>
                                                                      <locationsNotCovered>
                                                                        <column>0</column>
                                                                        <line>725</line>
                                                                        <numExecutions>0</numExecutions>
                                                                        <time>-1.0</time>
                                                                    </locationsNotCovered>
                                                                      <locationsNotCovered>
                                                                        <column>0</column>
                                                                        <line>726</line>
                                                                        <numExecutions>0</numExecutions>
                                                                        <time>-1.0</time>
                                                                    </locationsNotCovered>
                                                                      <locationsNotCovered>
                                                                        <column>0</column>
                                                                        <line>727</line>
                                                                        <numExecutions>0</numExecutions>
                                                                        <time>-1.0</time>
                                                                    </locationsNotCovered>
                                                                      <locationsNotCovered>
                                                                        <column>0</column>
                                                                        <line>752</line>
                                                                        <numExecutions>0</numExecutions>
                                                                        <time>-1.0</time>
                                                                    </locationsNotCovered>
                                                                      <locationsNotCovered>
                                                                        <column>0</column>
                                                                        <line>800</line>
                                                                        <numExecutions>0</numExecutions>
                                                                        <time>-1.0</time>
                                                                    </locationsNotCovered>
                                                                      <locationsNotCovered>
                                                                        <column>0</column>
                                                                        <line>805</line>
                                                                        <numExecutions>0</numExecutions>
                                                                        <time>-1.0</time>
                                                                    </locationsNotCovered>
                                                                      <locationsNotCovered>
                                                                        <column>0</column>
                                                                        <line>807</line>
                                                                        <numExecutions>0</numExecutions>
                                                                        <time>-1.0</time>
                                                                    </locationsNotCovered>
                                                                      <locationsNotCovered>
                                                                        <column>0</column>
                                                                        <line>816</line>
                                                                        <numExecutions>0</numExecutions>
                                                                        <time>-1.0</time>
                                                                    </locationsNotCovered>
                                                                      <locationsNotCovered>
                                                                        <column>0</column>
                                                                        <line>817</line>
                                                                        <numExecutions>0</numExecutions>
                                                                        <time>-1.0</time>
                                                                    </locationsNotCovered>
                                                                      <locationsNotCovered>
                                                                        <column>0</column>
                                                                        <line>818</line>
                                                                        <numExecutions>0</numExecutions>
                                                                        <time>-1.0</time>
                                                                    </locationsNotCovered>
                                                                      <locationsNotCovered>
                                                                        <column>0</column>
                                                                        <line>870</line>
                                                                        <numExecutions>0</numExecutions>
                                                                        <time>-1.0</time>
                                                                    </locationsNotCovered>
                                                                      <locationsNotCovered>
                                                                        <column>0</column>
                                                                        <line>871</line>
                                                                        <numExecutions>0</numExecutions>
                                                                        <time>-1.0</time>
                                                                    </locationsNotCovered>
                                                                      <locationsNotCovered>
                                                                        <column>0</column>
                                                                        <line>872</line>
                                                                        <numExecutions>0</numExecutions>
                                                                        <time>-1.0</time>
                                                                    </locationsNotCovered>
                                                                      <locationsNotCovered>
                                                                        <column>0</column>
                                                                        <line>873</line>
                                                                        <numExecutions>0</numExecutions>
                                                                        <time>-1.0</time>
                                                                    </locationsNotCovered>
                                                                      <locationsNotCovered>
                                                                        <column>0</column>
                                                                        <line>874</line>
                                                                        <numExecutions>0</numExecutions>
                                                                        <time>-1.0</time>
                                                                    </locationsNotCovered>
                                                                      <locationsNotCovered>
                                                                        <column>0</column>
                                                                        <line>875</line>
                                                                        <numExecutions>0</numExecutions>
                                                                        <time>-1.0</time>
                                                                    </locationsNotCovered>
                                                                      <locationsNotCovered>
                                                                        <column>0</column>
                                                                        <line>876</line>
                                                                        <numExecutions>0</numExecutions>
                                                                        <time>-1.0</time>
                                                                    </locationsNotCovered>
                                                                      <locationsNotCovered>
                                                                        <column>0</column>
                                                                        <line>878</line>
                                                                        <numExecutions>0</numExecutions>
                                                                        <time>-1.0</time>
                                                                    </locationsNotCovered>
                                                                      <locationsNotCovered>
                                                                        <column>0</column>
                                                                        <line>879</line>
                                                                        <numExecutions>0</numExecutions>
                                                                        <time>-1.0</time>
                                                                    </locationsNotCovered>
                                                                      <locationsNotCovered>
                                                                        <column>0</column>
                                                                        <line>881</line>
                                                                        <numExecutions>0</numExecutions>
                                                                        <time>-1.0</time>
                                                                    </locationsNotCovered>
                                                                      <name>ZendeskConnector</name>
                                                                      <namespace>Zendesk</namespace>
                                                                      <numLocations>462</numLocations>
                                                                      <numLocationsNotCovered>103</numLocationsNotCovered>
                                                                      <type>Class</type>
                                                                  </codeCoverage>
                                                                    <codeCoverage>
                                                                      <id>01pL0000000E8WIIA0</id>
                                                                      <locationsNotCovered>
                                                                        <column>0</column>
                                                                        <line>3</line>
                                                                        <numExecutions>0</numExecutions>
                                                                        <time>-1.0</time>
                                                                    </locationsNotCovered>
                                                                      <locationsNotCovered>
                                                                        <column>0</column>
                                                                        <line>4</line>
                                                                        <numExecutions>0</numExecutions>
                                                                        <time>-1.0</time>
                                                                    </locationsNotCovered>
                                                                      <locationsNotCovered>
                                                                        <column>0</column>
                                                                        <line>8</line>
                                                                        <numExecutions>0</numExecutions>
                                                                        <time>-1.0</time>
                                                                    </locationsNotCovered>
                                                                      <locationsNotCovered>
                                                                        <column>0</column>
                                                                        <line>9</line>
                                                                        <numExecutions>0</numExecutions>
                                                                        <time>-1.0</time>
                                                                    </locationsNotCovered>
                                                                      <locationsNotCovered>
                                                                        <column>0</column>
                                                                        <line>12</line>
                                                                        <numExecutions>0</numExecutions>
                                                                        <time>-1.0</time>
                                                                    </locationsNotCovered>
                                                                      <locationsNotCovered>
                                                                        <column>0</column>
                                                                        <line>13</line>
                                                                        <numExecutions>0</numExecutions>
                                                                        <time>-1.0</time>
                                                                    </locationsNotCovered>
                                                                      <locationsNotCovered>
                                                                        <column>0</column>
                                                                        <line>14</line>
                                                                        <numExecutions>0</numExecutions>
                                                                        <time>-1.0</time>
                                                                    </locationsNotCovered>
                                                                      <locationsNotCovered>
                                                                        <column>0</column>
                                                                        <line>16</line>
                                                                        <numExecutions>0</numExecutions>
                                                                        <time>-1.0</time>
                                                                    </locationsNotCovered>
                                                                      <locationsNotCovered>
                                                                        <column>0</column>
                                                                        <line>17</line>
                                                                        <numExecutions>0</numExecutions>
                                                                        <time>-1.0</time>
                                                                    </locationsNotCovered>
                                                                      <locationsNotCovered>
                                                                        <column>0</column>
                                                                        <line>18</line>
                                                                        <numExecutions>0</numExecutions>
                                                                        <time>-1.0</time>
                                                                    </locationsNotCovered>
                                                                      <locationsNotCovered>
                                                                        <column>0</column>
                                                                        <line>21</line>
                                                                        <numExecutions>0</numExecutions>
                                                                        <time>-1.0</time>
                                                                    </locationsNotCovered>
                                                                      <locationsNotCovered>
                                                                        <column>0</column>
                                                                        <line>22</line>
                                                                        <numExecutions>0</numExecutions>
                                                                        <time>-1.0</time>
                                                                    </locationsNotCovered>
                                                                      <locationsNotCovered>
                                                                        <column>0</column>
                                                                        <line>24</line>
                                                                        <numExecutions>0</numExecutions>
                                                                        <time>-1.0</time>
                                                                    </locationsNotCovered>
                                                                      <locationsNotCovered>
                                                                        <column>0</column>
                                                                        <line>25</line>
                                                                        <numExecutions>0</numExecutions>
                                                                        <time>-1.0</time>
                                                                    </locationsNotCovered>
                                                                      <locationsNotCovered>
                                                                        <column>0</column>
                                                                        <line>28</line>
                                                                        <numExecutions>0</numExecutions>
                                                                        <time>-1.0</time>
                                                                    </locationsNotCovered>
                                                                      <locationsNotCovered>
                                                                        <column>0</column>
                                                                        <line>29</line>
                                                                        <numExecutions>0</numExecutions>
                                                                        <time>-1.0</time>
                                                                    </locationsNotCovered>
                                                                      <locationsNotCovered>
                                                                        <column>0</column>
                                                                        <line>32</line>
                                                                        <numExecutions>0</numExecutions>
                                                                        <time>-1.0</time>
                                                                    </locationsNotCovered>
                                                                      <locationsNotCovered>
                                                                        <column>0</column>
                                                                        <line>33</line>
                                                                        <numExecutions>0</numExecutions>
                                                                        <time>-1.0</time>
                                                                    </locationsNotCovered>
                                                                      <locationsNotCovered>
                                                                        <column>0</column>
                                                                        <line>34</line>
                                                                        <numExecutions>0</numExecutions>
                                                                        <time>-1.0</time>
                                                                    </locationsNotCovered>
                                                                      <locationsNotCovered>
                                                                        <column>0</column>
                                                                        <line>37</line>
                                                                        <numExecutions>0</numExecutions>
                                                                        <time>-1.0</time>
                                                                    </locationsNotCovered>
                                                                      <locationsNotCovered>
                                                                        <column>0</column>
                                                                        <line>41</line>
                                                                        <numExecutions>0</numExecutions>
                                                                        <time>-1.0</time>
                                                                    </locationsNotCovered>
                                                                      <locationsNotCovered>
                                                                        <column>0</column>
                                                                        <line>42</line>
                                                                        <numExecutions>0</numExecutions>
                                                                        <time>-1.0</time>
                                                                    </locationsNotCovered>
                                                                      <locationsNotCovered>
                                                                        <column>0</column>
                                                                        <line>43</line>
                                                                        <numExecutions>0</numExecutions>
                                                                        <time>-1.0</time>
                                                                    </locationsNotCovered>
                                                                      <locationsNotCovered>
                                                                        <column>0</column>
                                                                        <line>44</line>
                                                                        <numExecutions>0</numExecutions>
                                                                        <time>-1.0</time>
                                                                    </locationsNotCovered>
                                                                      <locationsNotCovered>
                                                                        <column>0</column>
                                                                        <line>46</line>
                                                                        <numExecutions>0</numExecutions>
                                                                        <time>-1.0</time>
                                                                    </locationsNotCovered>
                                                                      <locationsNotCovered>
                                                                        <column>0</column>
                                                                        <line>48</line>
                                                                        <numExecutions>0</numExecutions>
                                                                        <time>-1.0</time>
                                                                    </locationsNotCovered>
                                                                      <locationsNotCovered>
                                                                        <column>0</column>
                                                                        <line>51</line>
                                                                        <numExecutions>0</numExecutions>
                                                                        <time>-1.0</time>
                                                                    </locationsNotCovered>
                                                                      <locationsNotCovered>
                                                                        <column>0</column>
                                                                        <line>52</line>
                                                                        <numExecutions>0</numExecutions>
                                                                        <time>-1.0</time>
                                                                    </locationsNotCovered>
                                                                      <locationsNotCovered>
                                                                        <column>0</column>
                                                                        <line>53</line>
                                                                        <numExecutions>0</numExecutions>
                                                                        <time>-1.0</time>
                                                                    </locationsNotCovered>
                                                                      <locationsNotCovered>
                                                                        <column>0</column>
                                                                        <line>54</line>
                                                                        <numExecutions>0</numExecutions>
                                                                        <time>-1.0</time>
                                                                    </locationsNotCovered>
                                                                      <locationsNotCovered>
                                                                        <column>0</column>
                                                                        <line>55</line>
                                                                        <numExecutions>0</numExecutions>
                                                                        <time>-1.0</time>
                                                                    </locationsNotCovered>
                                                                      <name>ZendeskSyncUsersCreateManyIterable</name>
                                                                      <namespace>Zendesk</namespace>
                                                                      <numLocations>31</numLocations>
                                                                      <numLocationsNotCovered>31</numLocationsNotCovered>
                                                                      <type>Class</type>
                                                                  </codeCoverage>
                                                                    <codeCoverage>
                                                                      <id>01qL00000008fbOIAQ</id>
                                                                      <locationsNotCovered>
                                                                        <column>0</column>
                                                                        <line>34</line>
                                                                        <numExecutions>0</numExecutions>
                                                                        <time>-1.0</time>
                                                                    </locationsNotCovered>
                                                                      <locationsNotCovered>
                                                                        <column>0</column>
                                                                        <line>53</line>
                                                                        <numExecutions>0</numExecutions>
                                                                        <time>-1.0</time>
                                                                    </locationsNotCovered>
                                                                      <locationsNotCovered>
                                                                        <column>0</column>
                                                                        <line>56</line>
                                                                        <numExecutions>0</numExecutions>
                                                                        <time>-1.0</time>
                                                                    </locationsNotCovered>
                                                                      <locationsNotCovered>
                                                                        <column>0</column>
                                                                        <line>57</line>
                                                                        <numExecutions>0</numExecutions>
                                                                        <time>-1.0</time>
                                                                    </locationsNotCovered>
                                                                      <locationsNotCovered>
                                                                        <column>0</column>
                                                                        <line>58</line>
                                                                        <numExecutions>0</numExecutions>
                                                                        <time>-1.0</time>
                                                                    </locationsNotCovered>
                                                                      <locationsNotCovered>
                                                                        <column>0</column>
                                                                        <line>59</line>
                                                                        <numExecutions>0</numExecutions>
                                                                        <time>-1.0</time>
                                                                    </locationsNotCovered>
                                                                      <locationsNotCovered>
                                                                        <column>0</column>
                                                                        <line>60</line>
                                                                        <numExecutions>0</numExecutions>
                                                                        <time>-1.0</time>
                                                                    </locationsNotCovered>
                                                                      <locationsNotCovered>
                                                                        <column>0</column>
                                                                        <line>63</line>
                                                                        <numExecutions>0</numExecutions>
                                                                        <time>-1.0</time>
                                                                    </locationsNotCovered>
                                                                      <locationsNotCovered>
                                                                        <column>0</column>
                                                                        <line>64</line>
                                                                        <numExecutions>0</numExecutions>
                                                                        <time>-1.0</time>
                                                                    </locationsNotCovered>
                                                                      <locationsNotCovered>
                                                                        <column>0</column>
                                                                        <line>69</line>
                                                                        <numExecutions>0</numExecutions>
                                                                        <time>-1.0</time>
                                                                    </locationsNotCovered>
                                                                      <locationsNotCovered>
                                                                        <column>0</column>
                                                                        <line>70</line>
                                                                        <numExecutions>0</numExecutions>
                                                                        <time>-1.0</time>
                                                                    </locationsNotCovered>
                                                                      <locationsNotCovered>
                                                                        <column>0</column>
                                                                        <line>71</line>
                                                                        <numExecutions>0</numExecutions>
                                                                        <time>-1.0</time>
                                                                    </locationsNotCovered>
                                                                      <locationsNotCovered>
                                                                        <column>0</column>
                                                                        <line>72</line>
                                                                        <numExecutions>0</numExecutions>
                                                                        <time>-1.0</time>
                                                                    </locationsNotCovered>
                                                                      <locationsNotCovered>
                                                                        <column>0</column>
                                                                        <line>74</line>
                                                                        <numExecutions>0</numExecutions>
                                                                        <time>-1.0</time>
                                                                    </locationsNotCovered>
                                                                      <locationsNotCovered>
                                                                        <column>0</column>
                                                                        <line>76</line>
                                                                        <numExecutions>0</numExecutions>
                                                                        <time>-1.0</time>
                                                                    </locationsNotCovered>
                                                                      <locationsNotCovered>
                                                                        <column>0</column>
                                                                        <line>77</line>
                                                                        <numExecutions>0</numExecutions>
                                                                        <time>-1.0</time>
                                                                    </locationsNotCovered>
                                                                      <locationsNotCovered>
                                                                        <column>0</column>
                                                                        <line>78</line>
                                                                        <numExecutions>0</numExecutions>
                                                                        <time>-1.0</time>
                                                                    </locationsNotCovered>
                                                                      <locationsNotCovered>
                                                                        <column>0</column>
                                                                        <line>80</line>
                                                                        <numExecutions>0</numExecutions>
                                                                        <time>-1.0</time>
                                                                    </locationsNotCovered>
                                                                      <locationsNotCovered>
                                                                        <column>0</column>
                                                                        <line>81</line>
                                                                        <numExecutions>0</numExecutions>
                                                                        <time>-1.0</time>
                                                                    </locationsNotCovered>
                                                                      <locationsNotCovered>
                                                                        <column>0</column>
                                                                        <line>83</line>
                                                                        <numExecutions>0</numExecutions>
                                                                        <time>-1.0</time>
                                                                    </locationsNotCovered>
                                                                      <locationsNotCovered>
                                                                        <column>0</column>
                                                                        <line>97</line>
                                                                        <numExecutions>0</numExecutions>
                                                                        <time>-1.0</time>
                                                                    </locationsNotCovered>
                                                                      <locationsNotCovered>
                                                                        <column>0</column>
                                                                        <line>99</line>
                                                                        <numExecutions>0</numExecutions>
                                                                        <time>-1.0</time>
                                                                    </locationsNotCovered>
                                                                      <locationsNotCovered>
                                                                        <column>0</column>
                                                                        <line>100</line>
                                                                        <numExecutions>0</numExecutions>
                                                                        <time>-1.0</time>
                                                                    </locationsNotCovered>
                                                                      <locationsNotCovered>
                                                                        <column>0</column>
                                                                        <line>101</line>
                                                                        <numExecutions>0</numExecutions>
                                                                        <time>-1.0</time>
                                                                    </locationsNotCovered>
                                                                      <locationsNotCovered>
                                                                        <column>0</column>
                                                                        <line>102</line>
                                                                        <numExecutions>0</numExecutions>
                                                                        <time>-1.0</time>
                                                                    </locationsNotCovered>
                                                                      <locationsNotCovered>
                                                                        <column>0</column>
                                                                        <line>103</line>
                                                                        <numExecutions>0</numExecutions>
                                                                        <time>-1.0</time>
                                                                    </locationsNotCovered>
                                                                      <locationsNotCovered>
                                                                        <column>0</column>
                                                                        <line>104</line>
                                                                        <numExecutions>0</numExecutions>
                                                                        <time>-1.0</time>
                                                                    </locationsNotCovered>
                                                                      <locationsNotCovered>
                                                                        <column>0</column>
                                                                        <line>105</line>
                                                                        <numExecutions>0</numExecutions>
                                                                        <time>-1.0</time>
                                                                    </locationsNotCovered>
                                                                      <locationsNotCovered>
                                                                        <column>0</column>
                                                                        <line>106</line>
                                                                        <numExecutions>0</numExecutions>
                                                                        <time>-1.0</time>
                                                                    </locationsNotCovered>
                                                                      <locationsNotCovered>
                                                                        <column>0</column>
                                                                        <line>107</line>
                                                                        <numExecutions>0</numExecutions>
                                                                        <time>-1.0</time>
                                                                    </locationsNotCovered>
                                                                      <locationsNotCovered>
                                                                        <column>0</column>
                                                                        <line>109</line>
                                                                        <numExecutions>0</numExecutions>
                                                                        <time>-1.0</time>
                                                                    </locationsNotCovered>
                                                                      <locationsNotCovered>
                                                                        <column>0</column>
                                                                        <line>116</line>
                                                                        <numExecutions>0</numExecutions>
                                                                        <time>-1.0</time>
                                                                    </locationsNotCovered>
                                                                      <locationsNotCovered>
                                                                        <column>0</column>
                                                                        <line>117</line>
                                                                        <numExecutions>0</numExecutions>
                                                                        <time>-1.0</time>
                                                                    </locationsNotCovered>
                                                                      <locationsNotCovered>
                                                                        <column>0</column>
                                                                        <line>118</line>
                                                                        <numExecutions>0</numExecutions>
                                                                        <time>-1.0</time>
                                                                    </locationsNotCovered>
                                                                      <locationsNotCovered>
                                                                        <column>0</column>
                                                                        <line>120</line>
                                                                        <numExecutions>0</numExecutions>
                                                                        <time>-1.0</time>
                                                                    </locationsNotCovered>
                                                                      <locationsNotCovered>
                                                                        <column>0</column>
                                                                        <line>125</line>
                                                                        <numExecutions>0</numExecutions>
                                                                        <time>-1.0</time>
                                                                    </locationsNotCovered>
                                                                      <locationsNotCovered>
                                                                        <column>0</column>
                                                                        <line>126</line>
                                                                        <numExecutions>0</numExecutions>
                                                                        <time>-1.0</time>
                                                                    </locationsNotCovered>
                                                                      <locationsNotCovered>
                                                                        <column>0</column>
                                                                        <line>130</line>
                                                                        <numExecutions>0</numExecutions>
                                                                        <time>-1.0</time>
                                                                    </locationsNotCovered>
                                                                      <name>TrgrZendeskOrganization</name>
                                                                      <namespace>Zendesk</namespace>
                                                                      <numLocations>70</numLocations>
                                                                      <numLocationsNotCovered>38</numLocationsNotCovered>
                                                                      <type>Trigger</type>
                                                                  </codeCoverage>
                                                                    <codeCoverage>
                                                                      <id>01pL0000000E8WAIA0</id>
                                                                      <locationsNotCovered>
                                                                        <column>0</column>
                                                                        <line>6</line>
                                                                        <numExecutions>0</numExecutions>
                                                                        <time>-1.0</time>
                                                                    </locationsNotCovered>
                                                                      <locationsNotCovered>
                                                                        <column>0</column>
                                                                        <line>60</line>
                                                                        <numExecutions>0</numExecutions>
                                                                        <time>-1.0</time>
                                                                    </locationsNotCovered>
                                                                      <locationsNotCovered>
                                                                        <column>0</column>
                                                                        <line>123</line>
                                                                        <numExecutions>0</numExecutions>
                                                                        <time>-1.0</time>
                                                                    </locationsNotCovered>
                                                                      <locationsNotCovered>
                                                                        <column>0</column>
                                                                        <line>124</line>
                                                                        <numExecutions>0</numExecutions>
                                                                        <time>-1.0</time>
                                                                    </locationsNotCovered>
                                                                      <locationsNotCovered>
                                                                        <column>0</column>
                                                                        <line>125</line>
                                                                        <numExecutions>0</numExecutions>
                                                                        <time>-1.0</time>
                                                                    </locationsNotCovered>
                                                                      <locationsNotCovered>
                                                                        <column>0</column>
                                                                        <line>126</line>
                                                                        <numExecutions>0</numExecutions>
                                                                        <time>-1.0</time>
                                                                    </locationsNotCovered>
                                                                      <locationsNotCovered>
                                                                        <column>0</column>
                                                                        <line>208</line>
                                                                        <numExecutions>0</numExecutions>
                                                                        <time>-1.0</time>
                                                                    </locationsNotCovered>
                                                                      <locationsNotCovered>
                                                                        <column>0</column>
                                                                        <line>213</line>
                                                                        <numExecutions>0</numExecutions>
                                                                        <time>-1.0</time>
                                                                    </locationsNotCovered>
                                                                      <locationsNotCovered>
                                                                        <column>0</column>
                                                                        <line>249</line>
                                                                        <numExecutions>0</numExecutions>
                                                                        <time>-1.0</time>
                                                                    </locationsNotCovered>
                                                                      <locationsNotCovered>
                                                                        <column>0</column>
                                                                        <line>250</line>
                                                                        <numExecutions>0</numExecutions>
                                                                        <time>-1.0</time>
                                                                    </locationsNotCovered>
                                                                      <locationsNotCovered>
                                                                        <column>0</column>
                                                                        <line>251</line>
                                                                        <numExecutions>0</numExecutions>
                                                                        <time>-1.0</time>
                                                                    </locationsNotCovered>
                                                                      <locationsNotCovered>
                                                                        <column>0</column>
                                                                        <line>256</line>
                                                                        <numExecutions>0</numExecutions>
                                                                        <time>-1.0</time>
                                                                    </locationsNotCovered>
                                                                      <locationsNotCovered>
                                                                        <column>0</column>
                                                                        <line>280</line>
                                                                        <numExecutions>0</numExecutions>
                                                                        <time>-1.0</time>
                                                                    </locationsNotCovered>
                                                                      <locationsNotCovered>
                                                                        <column>0</column>
                                                                        <line>281</line>
                                                                        <numExecutions>0</numExecutions>
                                                                        <time>-1.0</time>
                                                                    </locationsNotCovered>
                                                                      <locationsNotCovered>
                                                                        <column>0</column>
                                                                        <line>357</line>
                                                                        <numExecutions>0</numExecutions>
                                                                        <time>-1.0</time>
                                                                    </locationsNotCovered>
                                                                      <locationsNotCovered>
                                                                        <column>0</column>
                                                                        <line>436</line>
                                                                        <numExecutions>0</numExecutions>
                                                                        <time>-1.0</time>
                                                                    </locationsNotCovered>
                                                                      <locationsNotCovered>
                                                                        <column>0</column>
                                                                        <line>508</line>
                                                                        <numExecutions>0</numExecutions>
                                                                        <time>-1.0</time>
                                                                    </locationsNotCovered>
                                                                      <locationsNotCovered>
                                                                        <column>0</column>
                                                                        <line>581</line>
                                                                        <numExecutions>0</numExecutions>
                                                                        <time>-1.0</time>
                                                                    </locationsNotCovered>
                                                                      <locationsNotCovered>
                                                                        <column>0</column>
                                                                        <line>582</line>
                                                                        <numExecutions>0</numExecutions>
                                                                        <time>-1.0</time>
                                                                    </locationsNotCovered>
                                                                      <locationsNotCovered>
                                                                        <column>0</column>
                                                                        <line>583</line>
                                                                        <numExecutions>0</numExecutions>
                                                                        <time>-1.0</time>
                                                                    </locationsNotCovered>
                                                                      <name>ZendeskSyncCore</name>
                                                                      <namespace>Zendesk</namespace>
                                                                      <numLocations>310</numLocations>
                                                                      <numLocationsNotCovered>20</numLocationsNotCovered>
                                                                      <type>Class</type>
                                                                  </codeCoverage>
                                                                    <codeCoverage>
                                                                      <id>01pD0000001Ia1WIAS</id>
                                                                      <locationsNotCovered>
                                                                        <column>0</column>
                                                                        <line>112</line>
                                                                        <numExecutions>0</numExecutions>
                                                                        <time>-1.0</time>
                                                                    </locationsNotCovered>
                                                                      <locationsNotCovered>
                                                                        <column>0</column>
                                                                        <line>113</line>
                                                                        <numExecutions>0</numExecutions>
                                                                        <time>-1.0</time>
                                                                    </locationsNotCovered>
                                                                      <locationsNotCovered>
                                                                        <column>0</column>
                                                                        <line>114</line>
                                                                        <numExecutions>0</numExecutions>
                                                                        <time>-1.0</time>
                                                                    </locationsNotCovered>
                                                                      <locationsNotCovered>
                                                                        <column>0</column>
                                                                        <line>115</line>
                                                                        <numExecutions>0</numExecutions>
                                                                        <time>-1.0</time>
                                                                    </locationsNotCovered>
                                                                      <locationsNotCovered>
                                                                        <column>0</column>
                                                                        <line>118</line>
                                                                        <numExecutions>0</numExecutions>
                                                                        <time>-1.0</time>
                                                                    </locationsNotCovered>
                                                                      <name>OpportunityCloneController</name>
                                                                      <namespace xsi:nil="true"/>
                                                                        <numLocations>57</numLocations>
                                                                        <numLocationsNotCovered>5</numLocationsNotCovered>
                                                                        <type>Class</type>
                                                                    </codeCoverage>
                                                                      <codeCoverage>
                                                                        <id>01pL0000000ELTwIAO</id>
                                                                        <name>TaskAccountTL_LastActivityDate</name>
                                                                        <namespace xsi:nil="true"/>
                                                                          <numLocations>31</numLocations>
                                                                          <numLocationsNotCovered>0</numLocationsNotCovered>
                                                                          <type>Class</type>
                                                                      </codeCoverage>
                                                                        <codeCoverage>
                                                                          <id>01pL0000000E8W3IAK</id>
                                                                          <name>ZendeskPageUrl</name>
                                                                          <namespace>Zendesk</namespace>
                                                                          <numLocations>4</numLocations>
                                                                          <numLocationsNotCovered>0</numLocationsNotCovered>
                                                                          <type>Class</type>
                                                                      </codeCoverage>
                                                                        <codeCoverage>
                                                                          <id>01pL0000000E8VUIA0</id>
                                                                          <locationsNotCovered>
                                                                            <column>0</column>
                                                                            <line>21</line>
                                                                            <numExecutions>0</numExecutions>
                                                                            <time>-1.0</time>
                                                                        </locationsNotCovered>
                                                                          <locationsNotCovered>
                                                                            <column>0</column>
                                                                            <line>22</line>
                                                                            <numExecutions>0</numExecutions>
                                                                            <time>-1.0</time>
                                                                        </locationsNotCovered>
                                                                          <locationsNotCovered>
                                                                            <column>0</column>
                                                                            <line>23</line>
                                                                            <numExecutions>0</numExecutions>
                                                                            <time>-1.0</time>
                                                                        </locationsNotCovered>
                                                                          <locationsNotCovered>
                                                                            <column>0</column>
                                                                            <line>24</line>
                                                                            <numExecutions>0</numExecutions>
                                                                            <time>-1.0</time>
                                                                        </locationsNotCovered>
                                                                          <locationsNotCovered>
                                                                            <column>0</column>
                                                                            <line>26</line>
                                                                            <numExecutions>0</numExecutions>
                                                                            <time>-1.0</time>
                                                                        </locationsNotCovered>
                                                                          <locationsNotCovered>
                                                                            <column>0</column>
                                                                            <line>27</line>
                                                                            <numExecutions>0</numExecutions>
                                                                            <time>-1.0</time>
                                                                        </locationsNotCovered>
                                                                          <locationsNotCovered>
                                                                            <column>0</column>
                                                                            <line>28</line>
                                                                            <numExecutions>0</numExecutions>
                                                                            <time>-1.0</time>
                                                                        </locationsNotCovered>
                                                                          <locationsNotCovered>
                                                                            <column>0</column>
                                                                            <line>35</line>
                                                                            <numExecutions>0</numExecutions>
                                                                            <time>-1.0</time>
                                                                        </locationsNotCovered>
                                                                          <locationsNotCovered>
                                                                            <column>0</column>
                                                                            <line>44</line>
                                                                            <numExecutions>0</numExecutions>
                                                                            <time>-1.0</time>
                                                                        </locationsNotCovered>
                                                                          <locationsNotCovered>
                                                                            <column>0</column>
                                                                            <line>45</line>
                                                                            <numExecutions>0</numExecutions>
                                                                            <time>-1.0</time>
                                                                        </locationsNotCovered>
                                                                          <locationsNotCovered>
                                                                            <column>0</column>
                                                                            <line>93</line>
                                                                            <numExecutions>0</numExecutions>
                                                                            <time>-1.0</time>
                                                                        </locationsNotCovered>
                                                                          <locationsNotCovered>
                                                                            <column>0</column>
                                                                            <line>94</line>
                                                                            <numExecutions>0</numExecutions>
                                                                            <time>-1.0</time>
                                                                        </locationsNotCovered>
                                                                          <locationsNotCovered>
                                                                            <column>0</column>
                                                                            <line>95</line>
                                                                            <numExecutions>0</numExecutions>
                                                                            <time>-1.0</time>
                                                                        </locationsNotCovered>
                                                                          <locationsNotCovered>
                                                                            <column>0</column>
                                                                            <line>96</line>
                                                                            <numExecutions>0</numExecutions>
                                                                            <time>-1.0</time>
                                                                        </locationsNotCovered>
                                                                          <locationsNotCovered>
                                                                            <column>0</column>
                                                                            <line>97</line>
                                                                            <numExecutions>0</numExecutions>
                                                                            <time>-1.0</time>
                                                                        </locationsNotCovered>
                                                                          <locationsNotCovered>
                                                                            <column>0</column>
                                                                            <line>98</line>
                                                                            <numExecutions>0</numExecutions>
                                                                            <time>-1.0</time>
                                                                        </locationsNotCovered>
                                                                          <locationsNotCovered>
                                                                            <column>0</column>
                                                                            <line>99</line>
                                                                            <numExecutions>0</numExecutions>
                                                                            <time>-1.0</time>
                                                                        </locationsNotCovered>
                                                                          <locationsNotCovered>
                                                                            <column>0</column>
                                                                            <line>104</line>
                                                                            <numExecutions>0</numExecutions>
                                                                            <time>-1.0</time>
                                                                        </locationsNotCovered>
                                                                          <locationsNotCovered>
                                                                            <column>0</column>
                                                                            <line>137</line>
                                                                            <numExecutions>0</numExecutions>
                                                                            <time>-1.0</time>
                                                                        </locationsNotCovered>
                                                                          <locationsNotCovered>
                                                                            <column>0</column>
                                                                            <line>155</line>
                                                                            <numExecutions>0</numExecutions>
                                                                            <time>-1.0</time>
                                                                        </locationsNotCovered>
                                                                          <locationsNotCovered>
                                                                            <column>0</column>
                                                                            <line>187</line>
                                                                            <numExecutions>0</numExecutions>
                                                                            <time>-1.0</time>
                                                                        </locationsNotCovered>
                                                                          <locationsNotCovered>
                                                                            <column>0</column>
                                                                            <line>193</line>
                                                                            <numExecutions>0</numExecutions>
                                                                            <time>-1.0</time>
                                                                        </locationsNotCovered>
                                                                          <locationsNotCovered>
                                                                            <column>0</column>
                                                                            <line>194</line>
                                                                            <numExecutions>0</numExecutions>
                                                                            <time>-1.0</time>
                                                                        </locationsNotCovered>
                                                                          <locationsNotCovered>
                                                                            <column>0</column>
                                                                            <line>195</line>
                                                                            <numExecutions>0</numExecutions>
                                                                            <time>-1.0</time>
                                                                        </locationsNotCovered>
                                                                          <locationsNotCovered>
                                                                            <column>0</column>
                                                                            <line>197</line>
                                                                            <numExecutions>0</numExecutions>
                                                                            <time>-1.0</time>
                                                                        </locationsNotCovered>
                                                                          <locationsNotCovered>
                                                                            <column>0</column>
                                                                            <line>198</line>
                                                                            <numExecutions>0</numExecutions>
                                                                            <time>-1.0</time>
                                                                        </locationsNotCovered>
                                                                          <locationsNotCovered>
                                                                            <column>0</column>
                                                                            <line>199</line>
                                                                            <numExecutions>0</numExecutions>
                                                                            <time>-1.0</time>
                                                                        </locationsNotCovered>
                                                                          <locationsNotCovered>
                                                                            <column>0</column>
                                                                            <line>200</line>
                                                                            <numExecutions>0</numExecutions>
                                                                            <time>-1.0</time>
                                                                        </locationsNotCovered>
                                                                          <locationsNotCovered>
                                                                            <column>0</column>
                                                                            <line>203</line>
                                                                            <numExecutions>0</numExecutions>
                                                                            <time>-1.0</time>
                                                                        </locationsNotCovered>
                                                                          <locationsNotCovered>
                                                                            <column>0</column>
                                                                            <line>204</line>
                                                                            <numExecutions>0</numExecutions>
                                                                            <time>-1.0</time>
                                                                        </locationsNotCovered>
                                                                          <locationsNotCovered>
                                                                            <column>0</column>
                                                                            <line>207</line>
                                                                            <numExecutions>0</numExecutions>
                                                                            <time>-1.0</time>
                                                                        </locationsNotCovered>
                                                                          <locationsNotCovered>
                                                                            <column>0</column>
                                                                            <line>208</line>
                                                                            <numExecutions>0</numExecutions>
                                                                            <time>-1.0</time>
                                                                        </locationsNotCovered>
                                                                          <locationsNotCovered>
                                                                            <column>0</column>
                                                                            <line>209</line>
                                                                            <numExecutions>0</numExecutions>
                                                                            <time>-1.0</time>
                                                                        </locationsNotCovered>
                                                                          <locationsNotCovered>
                                                                            <column>0</column>
                                                                            <line>211</line>
                                                                            <numExecutions>0</numExecutions>
                                                                            <time>-1.0</time>
                                                                        </locationsNotCovered>
                                                                          <locationsNotCovered>
                                                                            <column>0</column>
                                                                            <line>212</line>
                                                                            <numExecutions>0</numExecutions>
                                                                            <time>-1.0</time>
                                                                        </locationsNotCovered>
                                                                          <locationsNotCovered>
                                                                            <column>0</column>
                                                                            <line>213</line>
                                                                            <numExecutions>0</numExecutions>
                                                                            <time>-1.0</time>
                                                                        </locationsNotCovered>
                                                                          <locationsNotCovered>
                                                                            <column>0</column>
                                                                            <line>214</line>
                                                                            <numExecutions>0</numExecutions>
                                                                            <time>-1.0</time>
                                                                        </locationsNotCovered>
                                                                          <locationsNotCovered>
                                                                            <column>0</column>
                                                                            <line>215</line>
                                                                            <numExecutions>0</numExecutions>
                                                                            <time>-1.0</time>
                                                                        </locationsNotCovered>
                                                                          <locationsNotCovered>
                                                                            <column>0</column>
                                                                            <line>216</line>
                                                                            <numExecutions>0</numExecutions>
                                                                            <time>-1.0</time>
                                                                        </locationsNotCovered>
                                                                          <locationsNotCovered>
                                                                            <column>0</column>
                                                                            <line>218</line>
                                                                            <numExecutions>0</numExecutions>
                                                                            <time>-1.0</time>
                                                                        </locationsNotCovered>
                                                                          <locationsNotCovered>
                                                                            <column>0</column>
                                                                            <line>220</line>
                                                                            <numExecutions>0</numExecutions>
                                                                            <time>-1.0</time>
                                                                        </locationsNotCovered>
                                                                          <locationsNotCovered>
                                                                            <column>0</column>
                                                                            <line>230</line>
                                                                            <numExecutions>0</numExecutions>
                                                                            <time>-1.0</time>
                                                                        </locationsNotCovered>
                                                                          <locationsNotCovered>
                                                                            <column>0</column>
                                                                            <line>244</line>
                                                                            <numExecutions>0</numExecutions>
                                                                            <time>-1.0</time>
                                                                        </locationsNotCovered>
                                                                          <locationsNotCovered>
                                                                            <column>0</column>
                                                                            <line>245</line>
                                                                            <numExecutions>0</numExecutions>
                                                                            <time>-1.0</time>
                                                                        </locationsNotCovered>
                                                                          <name>CtrlRemoteCreationOfOrganization</name>
                                                                          <namespace>Zendesk</namespace>
                                                                          <numLocations>107</numLocations>
                                                                          <numLocationsNotCovered>44</numLocationsNotCovered>
                                                                          <type>Class</type>
                                                                      </codeCoverage>
                                                                        <codeCoverage>
                                                                          <id>01pL0000000EUf8IAG</id>
                                                                          <locationsNotCovered>
                                                                            <column>0</column>
                                                                            <line>20</line>
                                                                            <numExecutions>0</numExecutions>
                                                                            <time>-1.0</time>
                                                                        </locationsNotCovered>
                                                                          <locationsNotCovered>
                                                                            <column>0</column>
                                                                            <line>21</line>
                                                                            <numExecutions>0</numExecutions>
                                                                            <time>-1.0</time>
                                                                        </locationsNotCovered>
                                                                          <locationsNotCovered>
                                                                            <column>0</column>
                                                                            <line>23</line>
                                                                            <numExecutions>0</numExecutions>
                                                                            <time>-1.0</time>
                                                                        </locationsNotCovered>
                                                                          <locationsNotCovered>
                                                                            <column>0</column>
                                                                            <line>24</line>
                                                                            <numExecutions>0</numExecutions>
                                                                            <time>-1.0</time>
                                                                        </locationsNotCovered>
                                                                          <locationsNotCovered>
                                                                            <column>0</column>
                                                                            <line>25</line>
                                                                            <numExecutions>0</numExecutions>
                                                                            <time>-1.0</time>
                                                                        </locationsNotCovered>
                                                                          <name>OrderTL_VehicleLimit</name>
                                                                          <namespace xsi:nil="true"/>
                                                                            <numLocations>17</numLocations>
                                                                            <numLocationsNotCovered>5</numLocationsNotCovered>
                                                                            <type>Class</type>
                                                                        </codeCoverage>
                                                                          <codeCoverage>
                                                                            <id>01pL0000000DtWxIAK</id>
                                                                            <locationsNotCovered>
                                                                              <column>0</column>
                                                                              <line>135</line>
                                                                              <numExecutions>0</numExecutions>
                                                                              <time>-1.0</time>
                                                                          </locationsNotCovered>
                                                                            <locationsNotCovered>
                                                                              <column>0</column>
                                                                              <line>136</line>
                                                                              <numExecutions>0</numExecutions>
                                                                              <time>-1.0</time>
                                                                          </locationsNotCovered>
                                                                            <locationsNotCovered>
                                                                              <column>0</column>
                                                                              <line>137</line>
                                                                              <numExecutions>0</numExecutions>
                                                                              <time>-1.0</time>
                                                                          </locationsNotCovered>
                                                                            <locationsNotCovered>
                                                                              <column>0</column>
                                                                              <line>143</line>
                                                                              <numExecutions>0</numExecutions>
                                                                              <time>-1.0</time>
                                                                          </locationsNotCovered>
                                                                            <locationsNotCovered>
                                                                              <column>0</column>
                                                                              <line>149</line>
                                                                              <numExecutions>0</numExecutions>
                                                                              <time>-1.0</time>
                                                                          </locationsNotCovered>
                                                                            <locationsNotCovered>
                                                                              <column>0</column>
                                                                              <line>155</line>
                                                                              <numExecutions>0</numExecutions>
                                                                              <time>-1.0</time>
                                                                          </locationsNotCovered>
                                                                            <locationsNotCovered>
                                                                              <column>0</column>
                                                                              <line>161</line>
                                                                              <numExecutions>0</numExecutions>
                                                                              <time>-1.0</time>
                                                                          </locationsNotCovered>
                                                                            <locationsNotCovered>
                                                                              <column>0</column>
                                                                              <line>167</line>
                                                                              <numExecutions>0</numExecutions>
                                                                              <time>-1.0</time>
                                                                          </locationsNotCovered>
                                                                            <locationsNotCovered>
                                                                              <column>0</column>
                                                                              <line>173</line>
                                                                              <numExecutions>0</numExecutions>
                                                                              <time>-1.0</time>
                                                                          </locationsNotCovered>
                                                                            <locationsNotCovered>
                                                                              <column>0</column>
                                                                              <line>179</line>
                                                                              <numExecutions>0</numExecutions>
                                                                              <time>-1.0</time>
                                                                          </locationsNotCovered>
                                                                            <locationsNotCovered>
                                                                              <column>0</column>
                                                                              <line>185</line>
                                                                              <numExecutions>0</numExecutions>
                                                                              <time>-1.0</time>
                                                                          </locationsNotCovered>
                                                                            <locationsNotCovered>
                                                                              <column>0</column>
                                                                              <line>191</line>
                                                                              <numExecutions>0</numExecutions>
                                                                              <time>-1.0</time>
                                                                          </locationsNotCovered>
                                                                            <locationsNotCovered>
                                                                              <column>0</column>
                                                                              <line>200</line>
                                                                              <numExecutions>0</numExecutions>
                                                                              <time>-1.0</time>
                                                                          </locationsNotCovered>
                                                                            <locationsNotCovered>
                                                                              <column>0</column>
                                                                              <line>205</line>
                                                                              <numExecutions>0</numExecutions>
                                                                              <time>-1.0</time>
                                                                          </locationsNotCovered>
                                                                            <locationsNotCovered>
                                                                              <column>0</column>
                                                                              <line>209</line>
                                                                              <numExecutions>0</numExecutions>
                                                                              <time>-1.0</time>
                                                                          </locationsNotCovered>
                                                                            <locationsNotCovered>
                                                                              <column>0</column>
                                                                              <line>210</line>
                                                                              <numExecutions>0</numExecutions>
                                                                              <time>-1.0</time>
                                                                          </locationsNotCovered>
                                                                            <locationsNotCovered>
                                                                              <column>0</column>
                                                                              <line>211</line>
                                                                              <numExecutions>0</numExecutions>
                                                                              <time>-1.0</time>
                                                                          </locationsNotCovered>
                                                                            <locationsNotCovered>
                                                                              <column>0</column>
                                                                              <line>215</line>
                                                                              <numExecutions>0</numExecutions>
                                                                              <time>-1.0</time>
                                                                          </locationsNotCovered>
                                                                            <locationsNotCovered>
                                                                              <column>0</column>
                                                                              <line>216</line>
                                                                              <numExecutions>0</numExecutions>
                                                                              <time>-1.0</time>
                                                                          </locationsNotCovered>
                                                                            <locationsNotCovered>
                                                                              <column>0</column>
                                                                              <line>217</line>
                                                                              <numExecutions>0</numExecutions>
                                                                              <time>-1.0</time>
                                                                          </locationsNotCovered>
                                                                            <locationsNotCovered>
                                                                              <column>0</column>
                                                                              <line>221</line>
                                                                              <numExecutions>0</numExecutions>
                                                                              <time>-1.0</time>
                                                                          </locationsNotCovered>
                                                                            <locationsNotCovered>
                                                                              <column>0</column>
                                                                              <line>222</line>
                                                                              <numExecutions>0</numExecutions>
                                                                              <time>-1.0</time>
                                                                          </locationsNotCovered>
                                                                            <locationsNotCovered>
                                                                              <column>0</column>
                                                                              <line>223</line>
                                                                              <numExecutions>0</numExecutions>
                                                                              <time>-1.0</time>
                                                                          </locationsNotCovered>
                                                                            <locationsNotCovered>
                                                                              <column>0</column>
                                                                              <line>227</line>
                                                                              <numExecutions>0</numExecutions>
                                                                              <time>-1.0</time>
                                                                          </locationsNotCovered>
                                                                            <locationsNotCovered>
                                                                              <column>0</column>
                                                                              <line>228</line>
                                                                              <numExecutions>0</numExecutions>
                                                                              <time>-1.0</time>
                                                                          </locationsNotCovered>
                                                                            <locationsNotCovered>
                                                                              <column>0</column>
                                                                              <line>229</line>
                                                                              <numExecutions>0</numExecutions>
                                                                              <time>-1.0</time>
                                                                          </locationsNotCovered>
                                                                            <locationsNotCovered>
                                                                              <column>0</column>
                                                                              <line>255</line>
                                                                              <numExecutions>0</numExecutions>
                                                                              <time>-1.0</time>
                                                                          </locationsNotCovered>
                                                                            <locationsNotCovered>
                                                                              <column>0</column>
                                                                              <line>283</line>
                                                                              <numExecutions>0</numExecutions>
                                                                              <time>-1.0</time>
                                                                          </locationsNotCovered>
                                                                            <locationsNotCovered>
                                                                              <column>0</column>
                                                                              <line>385</line>
                                                                              <numExecutions>0</numExecutions>
                                                                              <time>-1.0</time>
                                                                          </locationsNotCovered>
                                                                            <locationsNotCovered>
                                                                              <column>0</column>
                                                                              <line>417</line>
                                                                              <numExecutions>0</numExecutions>
                                                                              <time>-1.0</time>
                                                                          </locationsNotCovered>
                                                                            <locationsNotCovered>
                                                                              <column>0</column>
                                                                              <line>430</line>
                                                                              <numExecutions>0</numExecutions>
                                                                              <time>-1.0</time>
                                                                          </locationsNotCovered>
                                                                            <locationsNotCovered>
                                                                              <column>0</column>
                                                                              <line>431</line>
                                                                              <numExecutions>0</numExecutions>
                                                                              <time>-1.0</time>
                                                                          </locationsNotCovered>
                                                                            <locationsNotCovered>
                                                                              <column>0</column>
                                                                              <line>433</line>
                                                                              <numExecutions>0</numExecutions>
                                                                              <time>-1.0</time>
                                                                          </locationsNotCovered>
                                                                            <locationsNotCovered>
                                                                              <column>0</column>
                                                                              <line>445</line>
                                                                              <numExecutions>0</numExecutions>
                                                                              <time>-1.0</time>
                                                                          </locationsNotCovered>
                                                                            <locationsNotCovered>
                                                                              <column>0</column>
                                                                              <line>446</line>
                                                                              <numExecutions>0</numExecutions>
                                                                              <time>-1.0</time>
                                                                          </locationsNotCovered>
                                                                            <locationsNotCovered>
                                                                              <column>0</column>
                                                                              <line>448</line>
                                                                              <numExecutions>0</numExecutions>
                                                                              <time>-1.0</time>
                                                                          </locationsNotCovered>
                                                                            <locationsNotCovered>
                                                                              <column>0</column>
                                                                              <line>452</line>
                                                                              <numExecutions>0</numExecutions>
                                                                              <time>-1.0</time>
                                                                          </locationsNotCovered>
                                                                            <locationsNotCovered>
                                                                              <column>0</column>
                                                                              <line>473</line>
                                                                              <numExecutions>0</numExecutions>
                                                                              <time>-1.0</time>
                                                                          </locationsNotCovered>
                                                                            <locationsNotCovered>
                                                                              <column>0</column>
                                                                              <line>480</line>
                                                                              <numExecutions>0</numExecutions>
                                                                              <time>-1.0</time>
                                                                          </locationsNotCovered>
                                                                            <locationsNotCovered>
                                                                              <column>0</column>
                                                                              <line>481</line>
                                                                              <numExecutions>0</numExecutions>
                                                                              <time>-1.0</time>
                                                                          </locationsNotCovered>
                                                                            <locationsNotCovered>
                                                                              <column>0</column>
                                                                              <line>482</line>
                                                                              <numExecutions>0</numExecutions>
                                                                              <time>-1.0</time>
                                                                          </locationsNotCovered>
                                                                            <locationsNotCovered>
                                                                              <column>0</column>
                                                                              <line>484</line>
                                                                              <numExecutions>0</numExecutions>
                                                                              <time>-1.0</time>
                                                                          </locationsNotCovered>
                                                                            <locationsNotCovered>
                                                                              <column>0</column>
                                                                              <line>506</line>
                                                                              <numExecutions>0</numExecutions>
                                                                              <time>-1.0</time>
                                                                          </locationsNotCovered>
                                                                            <locationsNotCovered>
                                                                              <column>0</column>
                                                                              <line>507</line>
                                                                              <numExecutions>0</numExecutions>
                                                                              <time>-1.0</time>
                                                                          </locationsNotCovered>
                                                                            <locationsNotCovered>
                                                                              <column>0</column>
                                                                              <line>508</line>
                                                                              <numExecutions>0</numExecutions>
                                                                              <time>-1.0</time>
                                                                          </locationsNotCovered>
                                                                            <locationsNotCovered>
                                                                              <column>0</column>
                                                                              <line>509</line>
                                                                              <numExecutions>0</numExecutions>
                                                                              <time>-1.0</time>
                                                                          </locationsNotCovered>
                                                                            <locationsNotCovered>
                                                                              <column>0</column>
                                                                              <line>510</line>
                                                                              <numExecutions>0</numExecutions>
                                                                              <time>-1.0</time>
                                                                          </locationsNotCovered>
                                                                            <locationsNotCovered>
                                                                              <column>0</column>
                                                                              <line>565</line>
                                                                              <numExecutions>0</numExecutions>
                                                                              <time>-1.0</time>
                                                                          </locationsNotCovered>
                                                                            <locationsNotCovered>
                                                                              <column>0</column>
                                                                              <line>567</line>
                                                                              <numExecutions>0</numExecutions>
                                                                              <time>-1.0</time>
                                                                          </locationsNotCovered>
                                                                            <locationsNotCovered>
                                                                              <column>0</column>
                                                                              <line>568</line>
                                                                              <numExecutions>0</numExecutions>
                                                                              <time>-1.0</time>
                                                                          </locationsNotCovered>
                                                                            <locationsNotCovered>
                                                                              <column>0</column>
                                                                              <line>570</line>
                                                                              <numExecutions>0</numExecutions>
                                                                              <time>-1.0</time>
                                                                          </locationsNotCovered>
                                                                            <locationsNotCovered>
                                                                              <column>0</column>
                                                                              <line>571</line>
                                                                              <numExecutions>0</numExecutions>
                                                                              <time>-1.0</time>
                                                                          </locationsNotCovered>
                                                                            <locationsNotCovered>
                                                                              <column>0</column>
                                                                              <line>572</line>
                                                                              <numExecutions>0</numExecutions>
                                                                              <time>-1.0</time>
                                                                          </locationsNotCovered>
                                                                            <locationsNotCovered>
                                                                              <column>0</column>
                                                                              <line>574</line>
                                                                              <numExecutions>0</numExecutions>
                                                                              <time>-1.0</time>
                                                                          </locationsNotCovered>
                                                                            <locationsNotCovered>
                                                                              <column>0</column>
                                                                              <line>575</line>
                                                                              <numExecutions>0</numExecutions>
                                                                              <time>-1.0</time>
                                                                          </locationsNotCovered>
                                                                            <locationsNotCovered>
                                                                              <column>0</column>
                                                                              <line>578</line>
                                                                              <numExecutions>0</numExecutions>
                                                                              <time>-1.0</time>
                                                                          </locationsNotCovered>
                                                                            <locationsNotCovered>
                                                                              <column>0</column>
                                                                              <line>579</line>
                                                                              <numExecutions>0</numExecutions>
                                                                              <time>-1.0</time>
                                                                          </locationsNotCovered>
                                                                            <locationsNotCovered>
                                                                              <column>0</column>
                                                                              <line>681</line>
                                                                              <numExecutions>0</numExecutions>
                                                                              <time>-1.0</time>
                                                                          </locationsNotCovered>
                                                                            <locationsNotCovered>
                                                                              <column>0</column>
                                                                              <line>695</line>
                                                                              <numExecutions>0</numExecutions>
                                                                              <time>-1.0</time>
                                                                          </locationsNotCovered>
                                                                            <locationsNotCovered>
                                                                              <column>0</column>
                                                                              <line>699</line>
                                                                              <numExecutions>0</numExecutions>
                                                                              <time>-1.0</time>
                                                                          </locationsNotCovered>
                                                                            <locationsNotCovered>
                                                                              <column>0</column>
                                                                              <line>705</line>
                                                                              <numExecutions>0</numExecutions>
                                                                              <time>-1.0</time>
                                                                          </locationsNotCovered>
                                                                            <locationsNotCovered>
                                                                              <column>0</column>
                                                                              <line>706</line>
                                                                              <numExecutions>0</numExecutions>
                                                                              <time>-1.0</time>
                                                                          </locationsNotCovered>
                                                                            <locationsNotCovered>
                                                                              <column>0</column>
                                                                              <line>707</line>
                                                                              <numExecutions>0</numExecutions>
                                                                              <time>-1.0</time>
                                                                          </locationsNotCovered>
                                                                            <locationsNotCovered>
                                                                              <column>0</column>
                                                                              <line>709</line>
                                                                              <numExecutions>0</numExecutions>
                                                                              <time>-1.0</time>
                                                                          </locationsNotCovered>
                                                                            <locationsNotCovered>
                                                                              <column>0</column>
                                                                              <line>711</line>
                                                                              <numExecutions>0</numExecutions>
                                                                              <time>-1.0</time>
                                                                          </locationsNotCovered>
                                                                            <locationsNotCovered>
                                                                              <column>0</column>
                                                                              <line>712</line>
                                                                              <numExecutions>0</numExecutions>
                                                                              <time>-1.0</time>
                                                                          </locationsNotCovered>
                                                                            <locationsNotCovered>
                                                                              <column>0</column>
                                                                              <line>732</line>
                                                                              <numExecutions>0</numExecutions>
                                                                              <time>-1.0</time>
                                                                          </locationsNotCovered>
                                                                            <locationsNotCovered>
                                                                              <column>0</column>
                                                                              <line>733</line>
                                                                              <numExecutions>0</numExecutions>
                                                                              <time>-1.0</time>
                                                                          </locationsNotCovered>
                                                                            <locationsNotCovered>
                                                                              <column>0</column>
                                                                              <line>734</line>
                                                                              <numExecutions>0</numExecutions>
                                                                              <time>-1.0</time>
                                                                          </locationsNotCovered>
                                                                            <locationsNotCovered>
                                                                              <column>0</column>
                                                                              <line>735</line>
                                                                              <numExecutions>0</numExecutions>
                                                                              <time>-1.0</time>
                                                                          </locationsNotCovered>
                                                                            <locationsNotCovered>
                                                                              <column>0</column>
                                                                              <line>736</line>
                                                                              <numExecutions>0</numExecutions>
                                                                              <time>-1.0</time>
                                                                          </locationsNotCovered>
                                                                            <locationsNotCovered>
                                                                              <column>0</column>
                                                                              <line>747</line>
                                                                              <numExecutions>0</numExecutions>
                                                                              <time>-1.0</time>
                                                                          </locationsNotCovered>
                                                                            <locationsNotCovered>
                                                                              <column>0</column>
                                                                              <line>748</line>
                                                                              <numExecutions>0</numExecutions>
                                                                              <time>-1.0</time>
                                                                          </locationsNotCovered>
                                                                            <locationsNotCovered>
                                                                              <column>0</column>
                                                                              <line>765</line>
                                                                              <numExecutions>0</numExecutions>
                                                                              <time>-1.0</time>
                                                                          </locationsNotCovered>
                                                                            <locationsNotCovered>
                                                                              <column>0</column>
                                                                              <line>766</line>
                                                                              <numExecutions>0</numExecutions>
                                                                              <time>-1.0</time>
                                                                          </locationsNotCovered>
                                                                            <locationsNotCovered>
                                                                              <column>0</column>
                                                                              <line>768</line>
                                                                              <numExecutions>0</numExecutions>
                                                                              <time>-1.0</time>
                                                                          </locationsNotCovered>
                                                                            <locationsNotCovered>
                                                                              <column>0</column>
                                                                              <line>772</line>
                                                                              <numExecutions>0</numExecutions>
                                                                              <time>-1.0</time>
                                                                          </locationsNotCovered>
                                                                            <locationsNotCovered>
                                                                              <column>0</column>
                                                                              <line>773</line>
                                                                              <numExecutions>0</numExecutions>
                                                                              <time>-1.0</time>
                                                                          </locationsNotCovered>
                                                                            <locationsNotCovered>
                                                                              <column>0</column>
                                                                              <line>775</line>
                                                                              <numExecutions>0</numExecutions>
                                                                              <time>-1.0</time>
                                                                          </locationsNotCovered>
                                                                            <locationsNotCovered>
                                                                              <column>0</column>
                                                                              <line>776</line>
                                                                              <numExecutions>0</numExecutions>
                                                                              <time>-1.0</time>
                                                                          </locationsNotCovered>
                                                                            <locationsNotCovered>
                                                                              <column>0</column>
                                                                              <line>778</line>
                                                                              <numExecutions>0</numExecutions>
                                                                              <time>-1.0</time>
                                                                          </locationsNotCovered>
                                                                            <locationsNotCovered>
                                                                              <column>0</column>
                                                                              <line>779</line>
                                                                              <numExecutions>0</numExecutions>
                                                                              <time>-1.0</time>
                                                                          </locationsNotCovered>
                                                                            <locationsNotCovered>
                                                                              <column>0</column>
                                                                              <line>780</line>
                                                                              <numExecutions>0</numExecutions>
                                                                              <time>-1.0</time>
                                                                          </locationsNotCovered>
                                                                            <locationsNotCovered>
                                                                              <column>0</column>
                                                                              <line>781</line>
                                                                              <numExecutions>0</numExecutions>
                                                                              <time>-1.0</time>
                                                                          </locationsNotCovered>
                                                                            <locationsNotCovered>
                                                                              <column>0</column>
                                                                              <line>783</line>
                                                                              <numExecutions>0</numExecutions>
                                                                              <time>-1.0</time>
                                                                          </locationsNotCovered>
                                                                            <locationsNotCovered>
                                                                              <column>0</column>
                                                                              <line>784</line>
                                                                              <numExecutions>0</numExecutions>
                                                                              <time>-1.0</time>
                                                                          </locationsNotCovered>
                                                                            <locationsNotCovered>
                                                                              <column>0</column>
                                                                              <line>785</line>
                                                                              <numExecutions>0</numExecutions>
                                                                              <time>-1.0</time>
                                                                          </locationsNotCovered>
                                                                            <locationsNotCovered>
                                                                              <column>0</column>
                                                                              <line>786</line>
                                                                              <numExecutions>0</numExecutions>
                                                                              <time>-1.0</time>
                                                                          </locationsNotCovered>
                                                                            <locationsNotCovered>
                                                                              <column>0</column>
                                                                              <line>787</line>
                                                                              <numExecutions>0</numExecutions>
                                                                              <time>-1.0</time>
                                                                          </locationsNotCovered>
                                                                            <locationsNotCovered>
                                                                              <column>0</column>
                                                                              <line>792</line>
                                                                              <numExecutions>0</numExecutions>
                                                                              <time>-1.0</time>
                                                                          </locationsNotCovered>
                                                                            <locationsNotCovered>
                                                                              <column>0</column>
                                                                              <line>794</line>
                                                                              <numExecutions>0</numExecutions>
                                                                              <time>-1.0</time>
                                                                          </locationsNotCovered>
                                                                            <locationsNotCovered>
                                                                              <column>0</column>
                                                                              <line>795</line>
                                                                              <numExecutions>0</numExecutions>
                                                                              <time>-1.0</time>
                                                                          </locationsNotCovered>
                                                                            <locationsNotCovered>
                                                                              <column>0</column>
                                                                              <line>796</line>
                                                                              <numExecutions>0</numExecutions>
                                                                              <time>-1.0</time>
                                                                          </locationsNotCovered>
                                                                            <locationsNotCovered>
                                                                              <column>0</column>
                                                                              <line>797</line>
                                                                              <numExecutions>0</numExecutions>
                                                                              <time>-1.0</time>
                                                                          </locationsNotCovered>
                                                                            <locationsNotCovered>
                                                                              <column>0</column>
                                                                              <line>798</line>
                                                                              <numExecutions>0</numExecutions>
                                                                              <time>-1.0</time>
                                                                          </locationsNotCovered>
                                                                            <locationsNotCovered>
                                                                              <column>0</column>
                                                                              <line>799</line>
                                                                              <numExecutions>0</numExecutions>
                                                                              <time>-1.0</time>
                                                                          </locationsNotCovered>
                                                                            <locationsNotCovered>
                                                                              <column>0</column>
                                                                              <line>803</line>
                                                                              <numExecutions>0</numExecutions>
                                                                              <time>-1.0</time>
                                                                          </locationsNotCovered>
                                                                            <locationsNotCovered>
                                                                              <column>0</column>
                                                                              <line>804</line>
                                                                              <numExecutions>0</numExecutions>
                                                                              <time>-1.0</time>
                                                                          </locationsNotCovered>
                                                                            <locationsNotCovered>
                                                                              <column>0</column>
                                                                              <line>806</line>
                                                                              <numExecutions>0</numExecutions>
                                                                              <time>-1.0</time>
                                                                          </locationsNotCovered>
                                                                            <locationsNotCovered>
                                                                              <column>0</column>
                                                                              <line>807</line>
                                                                              <numExecutions>0</numExecutions>
                                                                              <time>-1.0</time>
                                                                          </locationsNotCovered>
                                                                            <locationsNotCovered>
                                                                              <column>0</column>
                                                                              <line>808</line>
                                                                              <numExecutions>0</numExecutions>
                                                                              <time>-1.0</time>
                                                                          </locationsNotCovered>
                                                                            <locationsNotCovered>
                                                                              <column>0</column>
                                                                              <line>809</line>
                                                                              <numExecutions>0</numExecutions>
                                                                              <time>-1.0</time>
                                                                          </locationsNotCovered>
                                                                            <locationsNotCovered>
                                                                              <column>0</column>
                                                                              <line>810</line>
                                                                              <numExecutions>0</numExecutions>
                                                                              <time>-1.0</time>
                                                                          </locationsNotCovered>
                                                                            <locationsNotCovered>
                                                                              <column>0</column>
                                                                              <line>811</line>
                                                                              <numExecutions>0</numExecutions>
                                                                              <time>-1.0</time>
                                                                          </locationsNotCovered>
                                                                            <locationsNotCovered>
                                                                              <column>0</column>
                                                                              <line>813</line>
                                                                              <numExecutions>0</numExecutions>
                                                                              <time>-1.0</time>
                                                                          </locationsNotCovered>
                                                                            <locationsNotCovered>
                                                                              <column>0</column>
                                                                              <line>816</line>
                                                                              <numExecutions>0</numExecutions>
                                                                              <time>-1.0</time>
                                                                          </locationsNotCovered>
                                                                            <locationsNotCovered>
                                                                              <column>0</column>
                                                                              <line>817</line>
                                                                              <numExecutions>0</numExecutions>
                                                                              <time>-1.0</time>
                                                                          </locationsNotCovered>
                                                                            <locationsNotCovered>
                                                                              <column>0</column>
                                                                              <line>819</line>
                                                                              <numExecutions>0</numExecutions>
                                                                              <time>-1.0</time>
                                                                          </locationsNotCovered>
                                                                            <locationsNotCovered>
                                                                              <column>0</column>
                                                                              <line>821</line>
                                                                              <numExecutions>0</numExecutions>
                                                                              <time>-1.0</time>
                                                                          </locationsNotCovered>
                                                                            <locationsNotCovered>
                                                                              <column>0</column>
                                                                              <line>838</line>
                                                                              <numExecutions>0</numExecutions>
                                                                              <time>-1.0</time>
                                                                          </locationsNotCovered>
                                                                            <locationsNotCovered>
                                                                              <column>0</column>
                                                                              <line>839</line>
                                                                              <numExecutions>0</numExecutions>
                                                                              <time>-1.0</time>
                                                                          </locationsNotCovered>
                                                                            <locationsNotCovered>
                                                                              <column>0</column>
                                                                              <line>841</line>
                                                                              <numExecutions>0</numExecutions>
                                                                              <time>-1.0</time>
                                                                          </locationsNotCovered>
                                                                            <locationsNotCovered>
                                                                              <column>0</column>
                                                                              <line>844</line>
                                                                              <numExecutions>0</numExecutions>
                                                                              <time>-1.0</time>
                                                                          </locationsNotCovered>
                                                                            <locationsNotCovered>
                                                                              <column>0</column>
                                                                              <line>845</line>
                                                                              <numExecutions>0</numExecutions>
                                                                              <time>-1.0</time>
                                                                          </locationsNotCovered>
                                                                            <locationsNotCovered>
                                                                              <column>0</column>
                                                                              <line>874</line>
                                                                              <numExecutions>0</numExecutions>
                                                                              <time>-1.0</time>
                                                                          </locationsNotCovered>
                                                                            <locationsNotCovered>
                                                                              <column>0</column>
                                                                              <line>893</line>
                                                                              <numExecutions>0</numExecutions>
                                                                              <time>-1.0</time>
                                                                          </locationsNotCovered>
                                                                            <locationsNotCovered>
                                                                              <column>0</column>
                                                                              <line>894</line>
                                                                              <numExecutions>0</numExecutions>
                                                                              <time>-1.0</time>
                                                                          </locationsNotCovered>
                                                                            <locationsNotCovered>
                                                                              <column>0</column>
                                                                              <line>895</line>
                                                                              <numExecutions>0</numExecutions>
                                                                              <time>-1.0</time>
                                                                          </locationsNotCovered>
                                                                            <locationsNotCovered>
                                                                              <column>0</column>
                                                                              <line>896</line>
                                                                              <numExecutions>0</numExecutions>
                                                                              <time>-1.0</time>
                                                                          </locationsNotCovered>
                                                                            <locationsNotCovered>
                                                                              <column>0</column>
                                                                              <line>898</line>
                                                                              <numExecutions>0</numExecutions>
                                                                              <time>-1.0</time>
                                                                          </locationsNotCovered>
                                                                            <locationsNotCovered>
                                                                              <column>0</column>
                                                                              <line>899</line>
                                                                              <numExecutions>0</numExecutions>
                                                                              <time>-1.0</time>
                                                                          </locationsNotCovered>
                                                                            <locationsNotCovered>
                                                                              <column>0</column>
                                                                              <line>900</line>
                                                                              <numExecutions>0</numExecutions>
                                                                              <time>-1.0</time>
                                                                          </locationsNotCovered>
                                                                            <locationsNotCovered>
                                                                              <column>0</column>
                                                                              <line>901</line>
                                                                              <numExecutions>0</numExecutions>
                                                                              <time>-1.0</time>
                                                                          </locationsNotCovered>
                                                                            <locationsNotCovered>
                                                                              <column>0</column>
                                                                              <line>903</line>
                                                                              <numExecutions>0</numExecutions>
                                                                              <time>-1.0</time>
                                                                          </locationsNotCovered>
                                                                            <locationsNotCovered>
                                                                              <column>0</column>
                                                                              <line>904</line>
                                                                              <numExecutions>0</numExecutions>
                                                                              <time>-1.0</time>
                                                                          </locationsNotCovered>
                                                                            <locationsNotCovered>
                                                                              <column>0</column>
                                                                              <line>906</line>
                                                                              <numExecutions>0</numExecutions>
                                                                              <time>-1.0</time>
                                                                          </locationsNotCovered>
                                                                            <locationsNotCovered>
                                                                              <column>0</column>
                                                                              <line>907</line>
                                                                              <numExecutions>0</numExecutions>
                                                                              <time>-1.0</time>
                                                                          </locationsNotCovered>
                                                                            <locationsNotCovered>
                                                                              <column>0</column>
                                                                              <line>908</line>
                                                                              <numExecutions>0</numExecutions>
                                                                              <time>-1.0</time>
                                                                          </locationsNotCovered>
                                                                            <locationsNotCovered>
                                                                              <column>0</column>
                                                                              <line>912</line>
                                                                              <numExecutions>0</numExecutions>
                                                                              <time>-1.0</time>
                                                                          </locationsNotCovered>
                                                                            <locationsNotCovered>
                                                                              <column>0</column>
                                                                              <line>913</line>
                                                                              <numExecutions>0</numExecutions>
                                                                              <time>-1.0</time>
                                                                          </locationsNotCovered>
                                                                            <locationsNotCovered>
                                                                              <column>0</column>
                                                                              <line>914</line>
                                                                              <numExecutions>0</numExecutions>
                                                                              <time>-1.0</time>
                                                                          </locationsNotCovered>
                                                                            <locationsNotCovered>
                                                                              <column>0</column>
                                                                              <line>915</line>
                                                                              <numExecutions>0</numExecutions>
                                                                              <time>-1.0</time>
                                                                          </locationsNotCovered>
                                                                            <locationsNotCovered>
                                                                              <column>0</column>
                                                                              <line>916</line>
                                                                              <numExecutions>0</numExecutions>
                                                                              <time>-1.0</time>
                                                                          </locationsNotCovered>
                                                                            <locationsNotCovered>
                                                                              <column>0</column>
                                                                              <line>917</line>
                                                                              <numExecutions>0</numExecutions>
                                                                              <time>-1.0</time>
                                                                          </locationsNotCovered>
                                                                            <locationsNotCovered>
                                                                              <column>0</column>
                                                                              <line>920</line>
                                                                              <numExecutions>0</numExecutions>
                                                                              <time>-1.0</time>
                                                                          </locationsNotCovered>
                                                                            <locationsNotCovered>
                                                                              <column>0</column>
                                                                              <line>922</line>
                                                                              <numExecutions>0</numExecutions>
                                                                              <time>-1.0</time>
                                                                          </locationsNotCovered>
                                                                            <locationsNotCovered>
                                                                              <column>0</column>
                                                                              <line>929</line>
                                                                              <numExecutions>0</numExecutions>
                                                                              <time>-1.0</time>
                                                                          </locationsNotCovered>
                                                                            <locationsNotCovered>
                                                                              <column>0</column>
                                                                              <line>1000</line>
                                                                              <numExecutions>0</numExecutions>
                                                                              <time>-1.0</time>
                                                                          </locationsNotCovered>
                                                                            <locationsNotCovered>
                                                                              <column>0</column>
                                                                              <line>1001</line>
                                                                              <numExecutions>0</numExecutions>
                                                                              <time>-1.0</time>
                                                                          </locationsNotCovered>
                                                                            <locationsNotCovered>
                                                                              <column>0</column>
                                                                              <line>1011</line>
                                                                              <numExecutions>0</numExecutions>
                                                                              <time>-1.0</time>
                                                                          </locationsNotCovered>
                                                                            <locationsNotCovered>
                                                                              <column>0</column>
                                                                              <line>1012</line>
                                                                              <numExecutions>0</numExecutions>
                                                                              <time>-1.0</time>
                                                                          </locationsNotCovered>
                                                                            <locationsNotCovered>
                                                                              <column>0</column>
                                                                              <line>1013</line>
                                                                              <numExecutions>0</numExecutions>
                                                                              <time>-1.0</time>
                                                                          </locationsNotCovered>
                                                                            <locationsNotCovered>
                                                                              <column>0</column>
                                                                              <line>1015</line>
                                                                              <numExecutions>0</numExecutions>
                                                                              <time>-1.0</time>
                                                                          </locationsNotCovered>
                                                                            <locationsNotCovered>
                                                                              <column>0</column>
                                                                              <line>1016</line>
                                                                              <numExecutions>0</numExecutions>
                                                                              <time>-1.0</time>
                                                                          </locationsNotCovered>
                                                                            <locationsNotCovered>
                                                                              <column>0</column>
                                                                              <line>1019</line>
                                                                              <numExecutions>0</numExecutions>
                                                                              <time>-1.0</time>
                                                                          </locationsNotCovered>
                                                                            <locationsNotCovered>
                                                                              <column>0</column>
                                                                              <line>1025</line>
                                                                              <numExecutions>0</numExecutions>
                                                                              <time>-1.0</time>
                                                                          </locationsNotCovered>
                                                                            <locationsNotCovered>
                                                                              <column>0</column>
                                                                              <line>1026</line>
                                                                              <numExecutions>0</numExecutions>
                                                                              <time>-1.0</time>
                                                                          </locationsNotCovered>
                                                                            <locationsNotCovered>
                                                                              <column>0</column>
                                                                              <line>1027</line>
                                                                              <numExecutions>0</numExecutions>
                                                                              <time>-1.0</time>
                                                                          </locationsNotCovered>
                                                                            <locationsNotCovered>
                                                                              <column>0</column>
                                                                              <line>1036</line>
                                                                              <numExecutions>0</numExecutions>
                                                                              <time>-1.0</time>
                                                                          </locationsNotCovered>
                                                                            <locationsNotCovered>
                                                                              <column>0</column>
                                                                              <line>1037</line>
                                                                              <numExecutions>0</numExecutions>
                                                                              <time>-1.0</time>
                                                                          </locationsNotCovered>
                                                                            <locationsNotCovered>
                                                                              <column>0</column>
                                                                              <line>1038</line>
                                                                              <numExecutions>0</numExecutions>
                                                                              <time>-1.0</time>
                                                                          </locationsNotCovered>
                                                                            <locationsNotCovered>
                                                                              <column>0</column>
                                                                              <line>1039</line>
                                                                              <numExecutions>0</numExecutions>
                                                                              <time>-1.0</time>
                                                                          </locationsNotCovered>
                                                                            <locationsNotCovered>
                                                                              <column>0</column>
                                                                              <line>1040</line>
                                                                              <numExecutions>0</numExecutions>
                                                                              <time>-1.0</time>
                                                                          </locationsNotCovered>
                                                                            <locationsNotCovered>
                                                                              <column>0</column>
                                                                              <line>1043</line>
                                                                              <numExecutions>0</numExecutions>
                                                                              <time>-1.0</time>
                                                                          </locationsNotCovered>
                                                                            <locationsNotCovered>
                                                                              <column>0</column>
                                                                              <line>1046</line>
                                                                              <numExecutions>0</numExecutions>
                                                                              <time>-1.0</time>
                                                                          </locationsNotCovered>
                                                                            <locationsNotCovered>
                                                                              <column>0</column>
                                                                              <line>1073</line>
                                                                              <numExecutions>0</numExecutions>
                                                                              <time>-1.0</time>
                                                                          </locationsNotCovered>
                                                                            <locationsNotCovered>
                                                                              <column>0</column>
                                                                              <line>1074</line>
                                                                              <numExecutions>0</numExecutions>
                                                                              <time>-1.0</time>
                                                                          </locationsNotCovered>
                                                                            <locationsNotCovered>
                                                                              <column>0</column>
                                                                              <line>1075</line>
                                                                              <numExecutions>0</numExecutions>
                                                                              <time>-1.0</time>
                                                                          </locationsNotCovered>
                                                                            <locationsNotCovered>
                                                                              <column>0</column>
                                                                              <line>1077</line>
                                                                              <numExecutions>0</numExecutions>
                                                                              <time>-1.0</time>
                                                                          </locationsNotCovered>
                                                                            <locationsNotCovered>
                                                                              <column>0</column>
                                                                              <line>1083</line>
                                                                              <numExecutions>0</numExecutions>
                                                                              <time>-1.0</time>
                                                                          </locationsNotCovered>
                                                                            <locationsNotCovered>
                                                                              <column>0</column>
                                                                              <line>1112</line>
                                                                              <numExecutions>0</numExecutions>
                                                                              <time>-1.0</time>
                                                                          </locationsNotCovered>
                                                                            <locationsNotCovered>
                                                                              <column>0</column>
                                                                              <line>1113</line>
                                                                              <numExecutions>0</numExecutions>
                                                                              <time>-1.0</time>
                                                                          </locationsNotCovered>
                                                                            <locationsNotCovered>
                                                                              <column>0</column>
                                                                              <line>1114</line>
                                                                              <numExecutions>0</numExecutions>
                                                                              <time>-1.0</time>
                                                                          </locationsNotCovered>
                                                                            <locationsNotCovered>
                                                                              <column>0</column>
                                                                              <line>1130</line>
                                                                              <numExecutions>0</numExecutions>
                                                                              <time>-1.0</time>
                                                                          </locationsNotCovered>
                                                                            <locationsNotCovered>
                                                                              <column>0</column>
                                                                              <line>1131</line>
                                                                              <numExecutions>0</numExecutions>
                                                                              <time>-1.0</time>
                                                                          </locationsNotCovered>
                                                                            <locationsNotCovered>
                                                                              <column>0</column>
                                                                              <line>1132</line>
                                                                              <numExecutions>0</numExecutions>
                                                                              <time>-1.0</time>
                                                                          </locationsNotCovered>
                                                                            <locationsNotCovered>
                                                                              <column>0</column>
                                                                              <line>1133</line>
                                                                              <numExecutions>0</numExecutions>
                                                                              <time>-1.0</time>
                                                                          </locationsNotCovered>
                                                                            <locationsNotCovered>
                                                                              <column>0</column>
                                                                              <line>1134</line>
                                                                              <numExecutions>0</numExecutions>
                                                                              <time>-1.0</time>
                                                                          </locationsNotCovered>
                                                                            <locationsNotCovered>
                                                                              <column>0</column>
                                                                              <line>1136</line>
                                                                              <numExecutions>0</numExecutions>
                                                                              <time>-1.0</time>
                                                                          </locationsNotCovered>
                                                                            <locationsNotCovered>
                                                                              <column>0</column>
                                                                              <line>1137</line>
                                                                              <numExecutions>0</numExecutions>
                                                                              <time>-1.0</time>
                                                                          </locationsNotCovered>
                                                                            <locationsNotCovered>
                                                                              <column>0</column>
                                                                              <line>1139</line>
                                                                              <numExecutions>0</numExecutions>
                                                                              <time>-1.0</time>
                                                                          </locationsNotCovered>
                                                                            <locationsNotCovered>
                                                                              <column>0</column>
                                                                              <line>1140</line>
                                                                              <numExecutions>0</numExecutions>
                                                                              <time>-1.0</time>
                                                                          </locationsNotCovered>
                                                                            <locationsNotCovered>
                                                                              <column>0</column>
                                                                              <line>1141</line>
                                                                              <numExecutions>0</numExecutions>
                                                                              <time>-1.0</time>
                                                                          </locationsNotCovered>
                                                                            <locationsNotCovered>
                                                                              <column>0</column>
                                                                              <line>1142</line>
                                                                              <numExecutions>0</numExecutions>
                                                                              <time>-1.0</time>
                                                                          </locationsNotCovered>
                                                                            <locationsNotCovered>
                                                                              <column>0</column>
                                                                              <line>1143</line>
                                                                              <numExecutions>0</numExecutions>
                                                                              <time>-1.0</time>
                                                                          </locationsNotCovered>
                                                                            <locationsNotCovered>
                                                                              <column>0</column>
                                                                              <line>1144</line>
                                                                              <numExecutions>0</numExecutions>
                                                                              <time>-1.0</time>
                                                                          </locationsNotCovered>
                                                                            <locationsNotCovered>
                                                                              <column>0</column>
                                                                              <line>1145</line>
                                                                              <numExecutions>0</numExecutions>
                                                                              <time>-1.0</time>
                                                                          </locationsNotCovered>
                                                                            <locationsNotCovered>
                                                                              <column>0</column>
                                                                              <line>1146</line>
                                                                              <numExecutions>0</numExecutions>
                                                                              <time>-1.0</time>
                                                                          </locationsNotCovered>
                                                                            <locationsNotCovered>
                                                                              <column>0</column>
                                                                              <line>1147</line>
                                                                              <numExecutions>0</numExecutions>
                                                                              <time>-1.0</time>
                                                                          </locationsNotCovered>
                                                                            <locationsNotCovered>
                                                                              <column>0</column>
                                                                              <line>1149</line>
                                                                              <numExecutions>0</numExecutions>
                                                                              <time>-1.0</time>
                                                                          </locationsNotCovered>
                                                                            <locationsNotCovered>
                                                                              <column>0</column>
                                                                              <line>1150</line>
                                                                              <numExecutions>0</numExecutions>
                                                                              <time>-1.0</time>
                                                                          </locationsNotCovered>
                                                                            <locationsNotCovered>
                                                                              <column>0</column>
                                                                              <line>1151</line>
                                                                              <numExecutions>0</numExecutions>
                                                                              <time>-1.0</time>
                                                                          </locationsNotCovered>
                                                                            <locationsNotCovered>
                                                                              <column>0</column>
                                                                              <line>1152</line>
                                                                              <numExecutions>0</numExecutions>
                                                                              <time>-1.0</time>
                                                                          </locationsNotCovered>
                                                                            <locationsNotCovered>
                                                                              <column>0</column>
                                                                              <line>1153</line>
                                                                              <numExecutions>0</numExecutions>
                                                                              <time>-1.0</time>
                                                                          </locationsNotCovered>
                                                                            <locationsNotCovered>
                                                                              <column>0</column>
                                                                              <line>1154</line>
                                                                              <numExecutions>0</numExecutions>
                                                                              <time>-1.0</time>
                                                                          </locationsNotCovered>
                                                                            <locationsNotCovered>
                                                                              <column>0</column>
                                                                              <line>1155</line>
                                                                              <numExecutions>0</numExecutions>
                                                                              <time>-1.0</time>
                                                                          </locationsNotCovered>
                                                                            <locationsNotCovered>
                                                                              <column>0</column>
                                                                              <line>1157</line>
                                                                              <numExecutions>0</numExecutions>
                                                                              <time>-1.0</time>
                                                                          </locationsNotCovered>
                                                                            <locationsNotCovered>
                                                                              <column>0</column>
                                                                              <line>1160</line>
                                                                              <numExecutions>0</numExecutions>
                                                                              <time>-1.0</time>
                                                                          </locationsNotCovered>
                                                                            <locationsNotCovered>
                                                                              <column>0</column>
                                                                              <line>1167</line>
                                                                              <numExecutions>0</numExecutions>
                                                                              <time>-1.0</time>
                                                                          </locationsNotCovered>
                                                                            <locationsNotCovered>
                                                                              <column>0</column>
                                                                              <line>1168</line>
                                                                              <numExecutions>0</numExecutions>
                                                                              <time>-1.0</time>
                                                                          </locationsNotCovered>
                                                                            <locationsNotCovered>
                                                                              <column>0</column>
                                                                              <line>1169</line>
                                                                              <numExecutions>0</numExecutions>
                                                                              <time>-1.0</time>
                                                                          </locationsNotCovered>
                                                                            <locationsNotCovered>
                                                                              <column>0</column>
                                                                              <line>1170</line>
                                                                              <numExecutions>0</numExecutions>
                                                                              <time>-1.0</time>
                                                                          </locationsNotCovered>
                                                                            <locationsNotCovered>
                                                                              <column>0</column>
                                                                              <line>1171</line>
                                                                              <numExecutions>0</numExecutions>
                                                                              <time>-1.0</time>
                                                                          </locationsNotCovered>
                                                                            <locationsNotCovered>
                                                                              <column>0</column>
                                                                              <line>1172</line>
                                                                              <numExecutions>0</numExecutions>
                                                                              <time>-1.0</time>
                                                                          </locationsNotCovered>
                                                                            <locationsNotCovered>
                                                                              <column>0</column>
                                                                              <line>1173</line>
                                                                              <numExecutions>0</numExecutions>
                                                                              <time>-1.0</time>
                                                                          </locationsNotCovered>
                                                                            <locationsNotCovered>
                                                                              <column>0</column>
                                                                              <line>1174</line>
                                                                              <numExecutions>0</numExecutions>
                                                                              <time>-1.0</time>
                                                                          </locationsNotCovered>
                                                                            <locationsNotCovered>
                                                                              <column>0</column>
                                                                              <line>1175</line>
                                                                              <numExecutions>0</numExecutions>
                                                                              <time>-1.0</time>
                                                                          </locationsNotCovered>
                                                                            <locationsNotCovered>
                                                                              <column>0</column>
                                                                              <line>1177</line>
                                                                              <numExecutions>0</numExecutions>
                                                                              <time>-1.0</time>
                                                                          </locationsNotCovered>
                                                                            <locationsNotCovered>
                                                                              <column>0</column>
                                                                              <line>1189</line>
                                                                              <numExecutions>0</numExecutions>
                                                                              <time>-1.0</time>
                                                                          </locationsNotCovered>
                                                                            <locationsNotCovered>
                                                                              <column>0</column>
                                                                              <line>1190</line>
                                                                              <numExecutions>0</numExecutions>
                                                                              <time>-1.0</time>
                                                                          </locationsNotCovered>
                                                                            <locationsNotCovered>
                                                                              <column>0</column>
                                                                              <line>1191</line>
                                                                              <numExecutions>0</numExecutions>
                                                                              <time>-1.0</time>
                                                                          </locationsNotCovered>
                                                                            <locationsNotCovered>
                                                                              <column>0</column>
                                                                              <line>1192</line>
                                                                              <numExecutions>0</numExecutions>
                                                                              <time>-1.0</time>
                                                                          </locationsNotCovered>
                                                                            <locationsNotCovered>
                                                                              <column>0</column>
                                                                              <line>1193</line>
                                                                              <numExecutions>0</numExecutions>
                                                                              <time>-1.0</time>
                                                                          </locationsNotCovered>
                                                                            <locationsNotCovered>
                                                                              <column>0</column>
                                                                              <line>1196</line>
                                                                              <numExecutions>0</numExecutions>
                                                                              <time>-1.0</time>
                                                                          </locationsNotCovered>
                                                                            <locationsNotCovered>
                                                                              <column>0</column>
                                                                              <line>1197</line>
                                                                              <numExecutions>0</numExecutions>
                                                                              <time>-1.0</time>
                                                                          </locationsNotCovered>
                                                                            <locationsNotCovered>
                                                                              <column>0</column>
                                                                              <line>1199</line>
                                                                              <numExecutions>0</numExecutions>
                                                                              <time>-1.0</time>
                                                                          </locationsNotCovered>
                                                                            <locationsNotCovered>
                                                                              <column>0</column>
                                                                              <line>1200</line>
                                                                              <numExecutions>0</numExecutions>
                                                                              <time>-1.0</time>
                                                                          </locationsNotCovered>
                                                                            <locationsNotCovered>
                                                                              <column>0</column>
                                                                              <line>1201</line>
                                                                              <numExecutions>0</numExecutions>
                                                                              <time>-1.0</time>
                                                                          </locationsNotCovered>
                                                                            <locationsNotCovered>
                                                                              <column>0</column>
                                                                              <line>1202</line>
                                                                              <numExecutions>0</numExecutions>
                                                                              <time>-1.0</time>
                                                                          </locationsNotCovered>
                                                                            <locationsNotCovered>
                                                                              <column>0</column>
                                                                              <line>1203</line>
                                                                              <numExecutions>0</numExecutions>
                                                                              <time>-1.0</time>
                                                                          </locationsNotCovered>
                                                                            <locationsNotCovered>
                                                                              <column>0</column>
                                                                              <line>1204</line>
                                                                              <numExecutions>0</numExecutions>
                                                                              <time>-1.0</time>
                                                                          </locationsNotCovered>
                                                                            <locationsNotCovered>
                                                                              <column>0</column>
                                                                              <line>1205</line>
                                                                              <numExecutions>0</numExecutions>
                                                                              <time>-1.0</time>
                                                                          </locationsNotCovered>
                                                                            <locationsNotCovered>
                                                                              <column>0</column>
                                                                              <line>1206</line>
                                                                              <numExecutions>0</numExecutions>
                                                                              <time>-1.0</time>
                                                                          </locationsNotCovered>
                                                                            <locationsNotCovered>
                                                                              <column>0</column>
                                                                              <line>1207</line>
                                                                              <numExecutions>0</numExecutions>
                                                                              <time>-1.0</time>
                                                                          </locationsNotCovered>
                                                                            <locationsNotCovered>
                                                                              <column>0</column>
                                                                              <line>1208</line>
                                                                              <numExecutions>0</numExecutions>
                                                                              <time>-1.0</time>
                                                                          </locationsNotCovered>
                                                                            <locationsNotCovered>
                                                                              <column>0</column>
                                                                              <line>1209</line>
                                                                              <numExecutions>0</numExecutions>
                                                                              <time>-1.0</time>
                                                                          </locationsNotCovered>
                                                                            <locationsNotCovered>
                                                                              <column>0</column>
                                                                              <line>1210</line>
                                                                              <numExecutions>0</numExecutions>
                                                                              <time>-1.0</time>
                                                                          </locationsNotCovered>
                                                                            <locationsNotCovered>
                                                                              <column>0</column>
                                                                              <line>1211</line>
                                                                              <numExecutions>0</numExecutions>
                                                                              <time>-1.0</time>
                                                                          </locationsNotCovered>
                                                                            <locationsNotCovered>
                                                                              <column>0</column>
                                                                              <line>1212</line>
                                                                              <numExecutions>0</numExecutions>
                                                                              <time>-1.0</time>
                                                                          </locationsNotCovered>
                                                                            <locationsNotCovered>
                                                                              <column>0</column>
                                                                              <line>1213</line>
                                                                              <numExecutions>0</numExecutions>
                                                                              <time>-1.0</time>
                                                                          </locationsNotCovered>
                                                                            <locationsNotCovered>
                                                                              <column>0</column>
                                                                              <line>1215</line>
                                                                              <numExecutions>0</numExecutions>
                                                                              <time>-1.0</time>
                                                                          </locationsNotCovered>
                                                                            <locationsNotCovered>
                                                                              <column>0</column>
                                                                              <line>1217</line>
                                                                              <numExecutions>0</numExecutions>
                                                                              <time>-1.0</time>
                                                                          </locationsNotCovered>
                                                                            <locationsNotCovered>
                                                                              <column>0</column>
                                                                              <line>1218</line>
                                                                              <numExecutions>0</numExecutions>
                                                                              <time>-1.0</time>
                                                                          </locationsNotCovered>
                                                                            <locationsNotCovered>
                                                                              <column>0</column>
                                                                              <line>1219</line>
                                                                              <numExecutions>0</numExecutions>
                                                                              <time>-1.0</time>
                                                                          </locationsNotCovered>
                                                                            <locationsNotCovered>
                                                                              <column>0</column>
                                                                              <line>1220</line>
                                                                              <numExecutions>0</numExecutions>
                                                                              <time>-1.0</time>
                                                                          </locationsNotCovered>
                                                                            <locationsNotCovered>
                                                                              <column>0</column>
                                                                              <line>1221</line>
                                                                              <numExecutions>0</numExecutions>
                                                                              <time>-1.0</time>
                                                                          </locationsNotCovered>
                                                                            <locationsNotCovered>
                                                                              <column>0</column>
                                                                              <line>1222</line>
                                                                              <numExecutions>0</numExecutions>
                                                                              <time>-1.0</time>
                                                                          </locationsNotCovered>
                                                                            <locationsNotCovered>
                                                                              <column>0</column>
                                                                              <line>1223</line>
                                                                              <numExecutions>0</numExecutions>
                                                                              <time>-1.0</time>
                                                                          </locationsNotCovered>
                                                                            <locationsNotCovered>
                                                                              <column>0</column>
                                                                              <line>1224</line>
                                                                              <numExecutions>0</numExecutions>
                                                                              <time>-1.0</time>
                                                                          </locationsNotCovered>
                                                                            <locationsNotCovered>
                                                                              <column>0</column>
                                                                              <line>1225</line>
                                                                              <numExecutions>0</numExecutions>
                                                                              <time>-1.0</time>
                                                                          </locationsNotCovered>
                                                                            <locationsNotCovered>
                                                                              <column>0</column>
                                                                              <line>1226</line>
                                                                              <numExecutions>0</numExecutions>
                                                                              <time>-1.0</time>
                                                                          </locationsNotCovered>
                                                                            <locationsNotCovered>
                                                                              <column>0</column>
                                                                              <line>1227</line>
                                                                              <numExecutions>0</numExecutions>
                                                                              <time>-1.0</time>
                                                                          </locationsNotCovered>
                                                                            <locationsNotCovered>
                                                                              <column>0</column>
                                                                              <line>1228</line>
                                                                              <numExecutions>0</numExecutions>
                                                                              <time>-1.0</time>
                                                                          </locationsNotCovered>
                                                                            <locationsNotCovered>
                                                                              <column>0</column>
                                                                              <line>1229</line>
                                                                              <numExecutions>0</numExecutions>
                                                                              <time>-1.0</time>
                                                                          </locationsNotCovered>
                                                                            <locationsNotCovered>
                                                                              <column>0</column>
                                                                              <line>1231</line>
                                                                              <numExecutions>0</numExecutions>
                                                                              <time>-1.0</time>
                                                                          </locationsNotCovered>
                                                                            <locationsNotCovered>
                                                                              <column>0</column>
                                                                              <line>1235</line>
                                                                              <numExecutions>0</numExecutions>
                                                                              <time>-1.0</time>
                                                                          </locationsNotCovered>
                                                                            <locationsNotCovered>
                                                                              <column>0</column>
                                                                              <line>1239</line>
                                                                              <numExecutions>0</numExecutions>
                                                                              <time>-1.0</time>
                                                                          </locationsNotCovered>
                                                                            <locationsNotCovered>
                                                                              <column>0</column>
                                                                              <line>1241</line>
                                                                              <numExecutions>0</numExecutions>
                                                                              <time>-1.0</time>
                                                                          </locationsNotCovered>
                                                                            <locationsNotCovered>
                                                                              <column>0</column>
                                                                              <line>1242</line>
                                                                              <numExecutions>0</numExecutions>
                                                                              <time>-1.0</time>
                                                                          </locationsNotCovered>
                                                                            <locationsNotCovered>
                                                                              <column>0</column>
                                                                              <line>1243</line>
                                                                              <numExecutions>0</numExecutions>
                                                                              <time>-1.0</time>
                                                                          </locationsNotCovered>
                                                                            <locationsNotCovered>
                                                                              <column>0</column>
                                                                              <line>1244</line>
                                                                              <numExecutions>0</numExecutions>
                                                                              <time>-1.0</time>
                                                                          </locationsNotCovered>
                                                                            <locationsNotCovered>
                                                                              <column>0</column>
                                                                              <line>1246</line>
                                                                              <numExecutions>0</numExecutions>
                                                                              <time>-1.0</time>
                                                                          </locationsNotCovered>
                                                                            <locationsNotCovered>
                                                                              <column>0</column>
                                                                              <line>1248</line>
                                                                              <numExecutions>0</numExecutions>
                                                                              <time>-1.0</time>
                                                                          </locationsNotCovered>
                                                                            <locationsNotCovered>
                                                                              <column>0</column>
                                                                              <line>1249</line>
                                                                              <numExecutions>0</numExecutions>
                                                                              <time>-1.0</time>
                                                                          </locationsNotCovered>
                                                                            <locationsNotCovered>
                                                                              <column>0</column>
                                                                              <line>1250</line>
                                                                              <numExecutions>0</numExecutions>
                                                                              <time>-1.0</time>
                                                                          </locationsNotCovered>
                                                                            <locationsNotCovered>
                                                                              <column>0</column>
                                                                              <line>1251</line>
                                                                              <numExecutions>0</numExecutions>
                                                                              <time>-1.0</time>
                                                                          </locationsNotCovered>
                                                                            <locationsNotCovered>
                                                                              <column>0</column>
                                                                              <line>1255</line>
                                                                              <numExecutions>0</numExecutions>
                                                                              <time>-1.0</time>
                                                                          </locationsNotCovered>
                                                                            <locationsNotCovered>
                                                                              <column>0</column>
                                                                              <line>1256</line>
                                                                              <numExecutions>0</numExecutions>
                                                                              <time>-1.0</time>
                                                                          </locationsNotCovered>
                                                                            <locationsNotCovered>
                                                                              <column>0</column>
                                                                              <line>1257</line>
                                                                              <numExecutions>0</numExecutions>
                                                                              <time>-1.0</time>
                                                                          </locationsNotCovered>
                                                                            <locationsNotCovered>
                                                                              <column>0</column>
                                                                              <line>1262</line>
                                                                              <numExecutions>0</numExecutions>
                                                                              <time>-1.0</time>
                                                                          </locationsNotCovered>
                                                                            <locationsNotCovered>
                                                                              <column>0</column>
                                                                              <line>1263</line>
                                                                              <numExecutions>0</numExecutions>
                                                                              <time>-1.0</time>
                                                                          </locationsNotCovered>
                                                                            <name>ABMSIntegrationService</name>
                                                                            <namespace xsi:nil="true"/>
                                                                              <numLocations>701</numLocations>
                                                                              <numLocationsNotCovered>251</numLocationsNotCovered>
                                                                              <type>Class</type>
                                                                          </codeCoverage>
                                                                            <codeCoverage>
                                                                              <id>01pD0000001IZa1IAG</id>
                                                                              <locationsNotCovered>
                                                                                <column>0</column>
                                                                                <line>45</line>
                                                                                <numExecutions>0</numExecutions>
                                                                                <time>-1.0</time>
                                                                            </locationsNotCovered>
                                                                              <locationsNotCovered>
                                                                                <column>0</column>
                                                                                <line>67</line>
                                                                                <numExecutions>0</numExecutions>
                                                                                <time>-1.0</time>
                                                                            </locationsNotCovered>
                                                                              <name>OpportunityScheduleExtend</name>
                                                                              <namespace xsi:nil="true"/>
                                                                                <numLocations>40</numLocations>
                                                                                <numLocationsNotCovered>2</numLocationsNotCovered>
                                                                                <type>Class</type>
                                                                            </codeCoverage>
                                                                              <codeCoverage>
                                                                                <id>01pL0000000ESPhIAO</id>
                                                                                <locationsNotCovered>
                                                                                  <column>0</column>
                                                                                  <line>31</line>
                                                                                  <numExecutions>0</numExecutions>
                                                                                  <time>-1.0</time>
                                                                              </locationsNotCovered>
                                                                                <locationsNotCovered>
                                                                                  <column>0</column>
                                                                                  <line>32</line>
                                                                                  <numExecutions>0</numExecutions>
                                                                                  <time>-1.0</time>
                                                                              </locationsNotCovered>
                                                                                <locationsNotCovered>
                                                                                  <column>0</column>
                                                                                  <line>33</line>
                                                                                  <numExecutions>0</numExecutions>
                                                                                  <time>-1.0</time>
                                                                              </locationsNotCovered>
                                                                                <locationsNotCovered>
                                                                                  <column>0</column>
                                                                                  <line>34</line>
                                                                                  <numExecutions>0</numExecutions>
                                                                                  <time>-1.0</time>
                                                                              </locationsNotCovered>
                                                                                <locationsNotCovered>
                                                                                  <column>0</column>
                                                                                  <line>35</line>
                                                                                  <numExecutions>0</numExecutions>
                                                                                  <time>-1.0</time>
                                                                              </locationsNotCovered>
                                                                                <locationsNotCovered>
                                                                                  <column>0</column>
                                                                                  <line>36</line>
                                                                                  <numExecutions>0</numExecutions>
                                                                                  <time>-1.0</time>
                                                                              </locationsNotCovered>
                                                                                <locationsNotCovered>
                                                                                  <column>0</column>
                                                                                  <line>37</line>
                                                                                  <numExecutions>0</numExecutions>
                                                                                  <time>-1.0</time>
                                                                              </locationsNotCovered>
                                                                                <locationsNotCovered>
                                                                                  <column>0</column>
                                                                                  <line>40</line>
                                                                                  <numExecutions>0</numExecutions>
                                                                                  <time>-1.0</time>
                                                                              </locationsNotCovered>
                                                                                <locationsNotCovered>
                                                                                  <column>0</column>
                                                                                  <line>41</line>
                                                                                  <numExecutions>0</numExecutions>
                                                                                  <time>-1.0</time>
                                                                              </locationsNotCovered>
                                                                                <locationsNotCovered>
                                                                                  <column>0</column>
                                                                                  <line>42</line>
                                                                                  <numExecutions>0</numExecutions>
                                                                                  <time>-1.0</time>
                                                                              </locationsNotCovered>
                                                                                <locationsNotCovered>
                                                                                  <column>0</column>
                                                                                  <line>43</line>
                                                                                  <numExecutions>0</numExecutions>
                                                                                  <time>-1.0</time>
                                                                              </locationsNotCovered>
                                                                                <locationsNotCovered>
                                                                                  <column>0</column>
                                                                                  <line>44</line>
                                                                                  <numExecutions>0</numExecutions>
                                                                                  <time>-1.0</time>
                                                                              </locationsNotCovered>
                                                                                <locationsNotCovered>
                                                                                  <column>0</column>
                                                                                  <line>45</line>
                                                                                  <numExecutions>0</numExecutions>
                                                                                  <time>-1.0</time>
                                                                              </locationsNotCovered>
                                                                                <name>ProcessAccountBatch</name>
                                                                                <namespace xsi:nil="true"/>
                                                                                  <numLocations>52</numLocations>
                                                                                  <numLocationsNotCovered>13</numLocationsNotCovered>
                                                                                  <type>Class</type>
                                                                              </codeCoverage>
                                                                                <codeCoverage>
                                                                                  <id>01pL0000000E8WLIA0</id>
                                                                                  <locationsNotCovered>
                                                                                    <column>0</column>
                                                                                    <line>11</line>
                                                                                    <numExecutions>0</numExecutions>
                                                                                    <time>-1.0</time>
                                                                                </locationsNotCovered>
                                                                                  <locationsNotCovered>
                                                                                    <column>0</column>
                                                                                    <line>62</line>
                                                                                    <numExecutions>0</numExecutions>
                                                                                    <time>-1.0</time>
                                                                                </locationsNotCovered>
                                                                                  <locationsNotCovered>
                                                                                    <column>0</column>
                                                                                    <line>63</line>
                                                                                    <numExecutions>0</numExecutions>
                                                                                    <time>-1.0</time>
                                                                                </locationsNotCovered>
                                                                                  <locationsNotCovered>
                                                                                    <column>0</column>
                                                                                    <line>64</line>
                                                                                    <numExecutions>0</numExecutions>
                                                                                    <time>-1.0</time>
                                                                                </locationsNotCovered>
                                                                                  <locationsNotCovered>
                                                                                    <column>0</column>
                                                                                    <line>70</line>
                                                                                    <numExecutions>0</numExecutions>
                                                                                    <time>-1.0</time>
                                                                                </locationsNotCovered>
                                                                                  <locationsNotCovered>
                                                                                    <column>0</column>
                                                                                    <line>71</line>
                                                                                    <numExecutions>0</numExecutions>
                                                                                    <time>-1.0</time>
                                                                                </locationsNotCovered>
                                                                                  <locationsNotCovered>
                                                                                    <column>0</column>
                                                                                    <line>78</line>
                                                                                    <numExecutions>0</numExecutions>
                                                                                    <time>-1.0</time>
                                                                                </locationsNotCovered>
                                                                                  <locationsNotCovered>
                                                                                    <column>0</column>
                                                                                    <line>83</line>
                                                                                    <numExecutions>0</numExecutions>
                                                                                    <time>-1.0</time>
                                                                                </locationsNotCovered>
                                                                                  <locationsNotCovered>
                                                                                    <column>0</column>
                                                                                    <line>95</line>
                                                                                    <numExecutions>0</numExecutions>
                                                                                    <time>-1.0</time>
                                                                                </locationsNotCovered>
                                                                                  <locationsNotCovered>
                                                                                    <column>0</column>
                                                                                    <line>121</line>
                                                                                    <numExecutions>0</numExecutions>
                                                                                    <time>-1.0</time>
                                                                                </locationsNotCovered>
                                                                                  <locationsNotCovered>
                                                                                    <column>0</column>
                                                                                    <line>139</line>
                                                                                    <numExecutions>0</numExecutions>
                                                                                    <time>-1.0</time>
                                                                                </locationsNotCovered>
                                                                                  <locationsNotCovered>
                                                                                    <column>0</column>
                                                                                    <line>150</line>
                                                                                    <numExecutions>0</numExecutions>
                                                                                    <time>-1.0</time>
                                                                                </locationsNotCovered>
                                                                                  <locationsNotCovered>
                                                                                    <column>0</column>
                                                                                    <line>151</line>
                                                                                    <numExecutions>0</numExecutions>
                                                                                    <time>-1.0</time>
                                                                                </locationsNotCovered>
                                                                                  <locationsNotCovered>
                                                                                    <column>0</column>
                                                                                    <line>153</line>
                                                                                    <numExecutions>0</numExecutions>
                                                                                    <time>-1.0</time>
                                                                                </locationsNotCovered>
                                                                                  <locationsNotCovered>
                                                                                    <column>0</column>
                                                                                    <line>154</line>
                                                                                    <numExecutions>0</numExecutions>
                                                                                    <time>-1.0</time>
                                                                                </locationsNotCovered>
                                                                                  <locationsNotCovered>
                                                                                    <column>0</column>
                                                                                    <line>205</line>
                                                                                    <numExecutions>0</numExecutions>
                                                                                    <time>-1.0</time>
                                                                                </locationsNotCovered>
                                                                                  <locationsNotCovered>
                                                                                    <column>0</column>
                                                                                    <line>216</line>
                                                                                    <numExecutions>0</numExecutions>
                                                                                    <time>-1.0</time>
                                                                                </locationsNotCovered>
                                                                                  <locationsNotCovered>
                                                                                    <column>0</column>
                                                                                    <line>223</line>
                                                                                    <numExecutions>0</numExecutions>
                                                                                    <time>-1.0</time>
                                                                                </locationsNotCovered>
                                                                                  <locationsNotCovered>
                                                                                    <column>0</column>
                                                                                    <line>232</line>
                                                                                    <numExecutions>0</numExecutions>
                                                                                    <time>-1.0</time>
                                                                                </locationsNotCovered>
                                                                                  <locationsNotCovered>
                                                                                    <column>0</column>
                                                                                    <line>242</line>
                                                                                    <numExecutions>0</numExecutions>
                                                                                    <time>-1.0</time>
                                                                                </locationsNotCovered>
                                                                                  <locationsNotCovered>
                                                                                    <column>0</column>
                                                                                    <line>246</line>
                                                                                    <numExecutions>0</numExecutions>
                                                                                    <time>-1.0</time>
                                                                                </locationsNotCovered>
                                                                                  <locationsNotCovered>
                                                                                    <column>0</column>
                                                                                    <line>297</line>
                                                                                    <numExecutions>0</numExecutions>
                                                                                    <time>-1.0</time>
                                                                                </locationsNotCovered>
                                                                                  <locationsNotCovered>
                                                                                    <column>0</column>
                                                                                    <line>299</line>
                                                                                    <numExecutions>0</numExecutions>
                                                                                    <time>-1.0</time>
                                                                                </locationsNotCovered>
                                                                                  <locationsNotCovered>
                                                                                    <column>0</column>
                                                                                    <line>301</line>
                                                                                    <numExecutions>0</numExecutions>
                                                                                    <time>-1.0</time>
                                                                                </locationsNotCovered>
                                                                                  <locationsNotCovered>
                                                                                    <column>0</column>
                                                                                    <line>302</line>
                                                                                    <numExecutions>0</numExecutions>
                                                                                    <time>-1.0</time>
                                                                                </locationsNotCovered>
                                                                                  <locationsNotCovered>
                                                                                    <column>0</column>
                                                                                    <line>303</line>
                                                                                    <numExecutions>0</numExecutions>
                                                                                    <time>-1.0</time>
                                                                                </locationsNotCovered>
                                                                                  <locationsNotCovered>
                                                                                    <column>0</column>
                                                                                    <line>312</line>
                                                                                    <numExecutions>0</numExecutions>
                                                                                    <time>-1.0</time>
                                                                                </locationsNotCovered>
                                                                                  <locationsNotCovered>
                                                                                    <column>0</column>
                                                                                    <line>328</line>
                                                                                    <numExecutions>0</numExecutions>
                                                                                    <time>-1.0</time>
                                                                                </locationsNotCovered>
                                                                                  <locationsNotCovered>
                                                                                    <column>0</column>
                                                                                    <line>329</line>
                                                                                    <numExecutions>0</numExecutions>
                                                                                    <time>-1.0</time>
                                                                                </locationsNotCovered>
                                                                                  <locationsNotCovered>
                                                                                    <column>0</column>
                                                                                    <line>330</line>
                                                                                    <numExecutions>0</numExecutions>
                                                                                    <time>-1.0</time>
                                                                                </locationsNotCovered>
                                                                                  <locationsNotCovered>
                                                                                    <column>0</column>
                                                                                    <line>331</line>
                                                                                    <numExecutions>0</numExecutions>
                                                                                    <time>-1.0</time>
                                                                                </locationsNotCovered>
                                                                                  <locationsNotCovered>
                                                                                    <column>0</column>
                                                                                    <line>335</line>
                                                                                    <numExecutions>0</numExecutions>
                                                                                    <time>-1.0</time>
                                                                                </locationsNotCovered>
                                                                                  <locationsNotCovered>
                                                                                    <column>0</column>
                                                                                    <line>336</line>
                                                                                    <numExecutions>0</numExecutions>
                                                                                    <time>-1.0</time>
                                                                                </locationsNotCovered>
                                                                                  <locationsNotCovered>
                                                                                    <column>0</column>
                                                                                    <line>338</line>
                                                                                    <numExecutions>0</numExecutions>
                                                                                    <time>-1.0</time>
                                                                                </locationsNotCovered>
                                                                                  <locationsNotCovered>
                                                                                    <column>0</column>
                                                                                    <line>340</line>
                                                                                    <numExecutions>0</numExecutions>
                                                                                    <time>-1.0</time>
                                                                                </locationsNotCovered>
                                                                                  <locationsNotCovered>
                                                                                    <column>0</column>
                                                                                    <line>346</line>
                                                                                    <numExecutions>0</numExecutions>
                                                                                    <time>-1.0</time>
                                                                                </locationsNotCovered>
                                                                                  <locationsNotCovered>
                                                                                    <column>0</column>
                                                                                    <line>347</line>
                                                                                    <numExecutions>0</numExecutions>
                                                                                    <time>-1.0</time>
                                                                                </locationsNotCovered>
                                                                                  <locationsNotCovered>
                                                                                    <column>0</column>
                                                                                    <line>386</line>
                                                                                    <numExecutions>0</numExecutions>
                                                                                    <time>-1.0</time>
                                                                                </locationsNotCovered>
                                                                                  <locationsNotCovered>
                                                                                    <column>0</column>
                                                                                    <line>388</line>
                                                                                    <numExecutions>0</numExecutions>
                                                                                    <time>-1.0</time>
                                                                                </locationsNotCovered>
                                                                                  <locationsNotCovered>
                                                                                    <column>0</column>
                                                                                    <line>389</line>
                                                                                    <numExecutions>0</numExecutions>
                                                                                    <time>-1.0</time>
                                                                                </locationsNotCovered>
                                                                                  <name>ZendeskTicketController</name>
                                                                                  <namespace>Zendesk</namespace>
                                                                                  <numLocations>246</numLocations>
                                                                                  <numLocationsNotCovered>40</numLocationsNotCovered>
                                                                                  <type>Class</type>
                                                                              </codeCoverage>
                                                                                <codeCoverage>
                                                                                  <id>01pD0000001IbbuIAC</id>
                                                                                  <locationsNotCovered>
                                                                                    <column>0</column>
                                                                                    <line>8</line>
                                                                                    <numExecutions>0</numExecutions>
                                                                                    <time>-1.0</time>
                                                                                </locationsNotCovered>
                                                                                  <locationsNotCovered>
                                                                                    <column>0</column>
                                                                                    <line>10</line>
                                                                                    <numExecutions>0</numExecutions>
                                                                                    <time>-1.0</time>
                                                                                </locationsNotCovered>
                                                                                  <locationsNotCovered>
                                                                                    <column>0</column>
                                                                                    <line>12</line>
                                                                                    <numExecutions>0</numExecutions>
                                                                                    <time>-1.0</time>
                                                                                </locationsNotCovered>
                                                                                  <locationsNotCovered>
                                                                                    <column>0</column>
                                                                                    <line>13</line>
                                                                                    <numExecutions>0</numExecutions>
                                                                                    <time>-1.0</time>
                                                                                </locationsNotCovered>
                                                                                  <locationsNotCovered>
                                                                                    <column>0</column>
                                                                                    <line>16</line>
                                                                                    <numExecutions>0</numExecutions>
                                                                                    <time>-1.0</time>
                                                                                </locationsNotCovered>
                                                                                  <locationsNotCovered>
                                                                                    <column>0</column>
                                                                                    <line>17</line>
                                                                                    <numExecutions>0</numExecutions>
                                                                                    <time>-1.0</time>
                                                                                </locationsNotCovered>
                                                                                  <locationsNotCovered>
                                                                                    <column>0</column>
                                                                                    <line>19</line>
                                                                                    <numExecutions>0</numExecutions>
                                                                                    <time>-1.0</time>
                                                                                </locationsNotCovered>
                                                                                  <locationsNotCovered>
                                                                                    <column>0</column>
                                                                                    <line>25</line>
                                                                                    <numExecutions>0</numExecutions>
                                                                                    <time>-1.0</time>
                                                                                </locationsNotCovered>
                                                                                  <locationsNotCovered>
                                                                                    <column>0</column>
                                                                                    <line>27</line>
                                                                                    <numExecutions>0</numExecutions>
                                                                                    <time>-1.0</time>
                                                                                </locationsNotCovered>
                                                                                  <locationsNotCovered>
                                                                                    <column>0</column>
                                                                                    <line>28</line>
                                                                                    <numExecutions>0</numExecutions>
                                                                                    <time>-1.0</time>
                                                                                </locationsNotCovered>
                                                                                  <locationsNotCovered>
                                                                                    <column>0</column>
                                                                                    <line>29</line>
                                                                                    <numExecutions>0</numExecutions>
                                                                                    <time>-1.0</time>
                                                                                </locationsNotCovered>
                                                                                  <locationsNotCovered>
                                                                                    <column>0</column>
                                                                                    <line>30</line>
                                                                                    <numExecutions>0</numExecutions>
                                                                                    <time>-1.0</time>
                                                                                </locationsNotCovered>
                                                                                  <locationsNotCovered>
                                                                                    <column>0</column>
                                                                                    <line>33</line>
                                                                                    <numExecutions>0</numExecutions>
                                                                                    <time>-1.0</time>
                                                                                </locationsNotCovered>
                                                                                  <locationsNotCovered>
                                                                                    <column>0</column>
                                                                                    <line>34</line>
                                                                                    <numExecutions>0</numExecutions>
                                                                                    <time>-1.0</time>
                                                                                </locationsNotCovered>
                                                                                  <locationsNotCovered>
                                                                                    <column>0</column>
                                                                                    <line>35</line>
                                                                                    <numExecutions>0</numExecutions>
                                                                                    <time>-1.0</time>
                                                                                </locationsNotCovered>
                                                                                  <locationsNotCovered>
                                                                                    <column>0</column>
                                                                                    <line>36</line>
                                                                                    <numExecutions>0</numExecutions>
                                                                                    <time>-1.0</time>
                                                                                </locationsNotCovered>
                                                                                  <locationsNotCovered>
                                                                                    <column>0</column>
                                                                                    <line>37</line>
                                                                                    <numExecutions>0</numExecutions>
                                                                                    <time>-1.0</time>
                                                                                </locationsNotCovered>
                                                                                  <locationsNotCovered>
                                                                                    <column>0</column>
                                                                                    <line>38</line>
                                                                                    <numExecutions>0</numExecutions>
                                                                                    <time>-1.0</time>
                                                                                </locationsNotCovered>
                                                                                  <locationsNotCovered>
                                                                                    <column>0</column>
                                                                                    <line>39</line>
                                                                                    <numExecutions>0</numExecutions>
                                                                                    <time>-1.0</time>
                                                                                </locationsNotCovered>
                                                                                  <locationsNotCovered>
                                                                                    <column>0</column>
                                                                                    <line>40</line>
                                                                                    <numExecutions>0</numExecutions>
                                                                                    <time>-1.0</time>
                                                                                </locationsNotCovered>
                                                                                  <locationsNotCovered>
                                                                                    <column>0</column>
                                                                                    <line>41</line>
                                                                                    <numExecutions>0</numExecutions>
                                                                                    <time>-1.0</time>
                                                                                </locationsNotCovered>
                                                                                  <locationsNotCovered>
                                                                                    <column>0</column>
                                                                                    <line>42</line>
                                                                                    <numExecutions>0</numExecutions>
                                                                                    <time>-1.0</time>
                                                                                </locationsNotCovered>
                                                                                  <locationsNotCovered>
                                                                                    <column>0</column>
                                                                                    <line>45</line>
                                                                                    <numExecutions>0</numExecutions>
                                                                                    <time>-1.0</time>
                                                                                </locationsNotCovered>
                                                                                  <locationsNotCovered>
                                                                                    <column>0</column>
                                                                                    <line>48</line>
                                                                                    <numExecutions>0</numExecutions>
                                                                                    <time>-1.0</time>
                                                                                </locationsNotCovered>
                                                                                  <locationsNotCovered>
                                                                                    <column>0</column>
                                                                                    <line>49</line>
                                                                                    <numExecutions>0</numExecutions>
                                                                                    <time>-1.0</time>
                                                                                </locationsNotCovered>
                                                                                  <name>SelfServiceAccountEmailController</name>
                                                                                  <namespace xsi:nil="true"/>
                                                                                    <numLocations>25</numLocations>
                                                                                    <numLocationsNotCovered>25</numLocationsNotCovered>
                                                                                    <type>Class</type>
                                                                                </codeCoverage>
                                                                                  <codeCoverage>
                                                                                    <id>01pL0000000E8VhIAK</id>
                                                                                    <locationsNotCovered>
                                                                                      <column>0</column>
                                                                                      <line>5</line>
                                                                                      <numExecutions>0</numExecutions>
                                                                                      <time>-1.0</time>
                                                                                  </locationsNotCovered>
                                                                                    <locationsNotCovered>
                                                                                      <column>0</column>
                                                                                      <line>13</line>
                                                                                      <numExecutions>0</numExecutions>
                                                                                      <time>-1.0</time>
                                                                                  </locationsNotCovered>
                                                                                    <locationsNotCovered>
                                                                                      <column>0</column>
                                                                                      <line>16</line>
                                                                                      <numExecutions>0</numExecutions>
                                                                                      <time>-1.0</time>
                                                                                  </locationsNotCovered>
                                                                                    <locationsNotCovered>
                                                                                      <column>0</column>
                                                                                      <line>17</line>
                                                                                      <numExecutions>0</numExecutions>
                                                                                      <time>-1.0</time>
                                                                                  </locationsNotCovered>
                                                                                    <locationsNotCovered>
                                                                                      <column>0</column>
                                                                                      <line>20</line>
                                                                                      <numExecutions>0</numExecutions>
                                                                                      <time>-1.0</time>
                                                                                  </locationsNotCovered>
                                                                                    <locationsNotCovered>
                                                                                      <column>0</column>
                                                                                      <line>21</line>
                                                                                      <numExecutions>0</numExecutions>
                                                                                      <time>-1.0</time>
                                                                                  </locationsNotCovered>
                                                                                    <locationsNotCovered>
                                                                                      <column>0</column>
                                                                                      <line>24</line>
                                                                                      <numExecutions>0</numExecutions>
                                                                                      <time>-1.0</time>
                                                                                  </locationsNotCovered>
                                                                                    <locationsNotCovered>
                                                                                      <column>0</column>
                                                                                      <line>35</line>
                                                                                      <numExecutions>0</numExecutions>
                                                                                      <time>-1.0</time>
                                                                                  </locationsNotCovered>
                                                                                    <locationsNotCovered>
                                                                                      <column>0</column>
                                                                                      <line>53</line>
                                                                                      <numExecutions>0</numExecutions>
                                                                                      <time>-1.0</time>
                                                                                  </locationsNotCovered>
                                                                                    <locationsNotCovered>
                                                                                      <column>0</column>
                                                                                      <line>54</line>
                                                                                      <numExecutions>0</numExecutions>
                                                                                      <time>-1.0</time>
                                                                                  </locationsNotCovered>
                                                                                    <locationsNotCovered>
                                                                                      <column>0</column>
                                                                                      <line>55</line>
                                                                                      <numExecutions>0</numExecutions>
                                                                                      <time>-1.0</time>
                                                                                  </locationsNotCovered>
                                                                                    <locationsNotCovered>
                                                                                      <column>0</column>
                                                                                      <line>63</line>
                                                                                      <numExecutions>0</numExecutions>
                                                                                      <time>-1.0</time>
                                                                                  </locationsNotCovered>
                                                                                    <locationsNotCovered>
                                                                                      <column>0</column>
                                                                                      <line>64</line>
                                                                                      <numExecutions>0</numExecutions>
                                                                                      <time>-1.0</time>
                                                                                  </locationsNotCovered>
                                                                                    <locationsNotCovered>
                                                                                      <column>0</column>
                                                                                      <line>66</line>
                                                                                      <numExecutions>0</numExecutions>
                                                                                      <time>-1.0</time>
                                                                                  </locationsNotCovered>
                                                                                    <locationsNotCovered>
                                                                                      <column>0</column>
                                                                                      <line>67</line>
                                                                                      <numExecutions>0</numExecutions>
                                                                                      <time>-1.0</time>
                                                                                  </locationsNotCovered>
                                                                                    <locationsNotCovered>
                                                                                      <column>0</column>
                                                                                      <line>68</line>
                                                                                      <numExecutions>0</numExecutions>
                                                                                      <time>-1.0</time>
                                                                                  </locationsNotCovered>
                                                                                    <locationsNotCovered>
                                                                                      <column>0</column>
                                                                                      <line>69</line>
                                                                                      <numExecutions>0</numExecutions>
                                                                                      <time>-1.0</time>
                                                                                  </locationsNotCovered>
                                                                                    <locationsNotCovered>
                                                                                      <column>0</column>
                                                                                      <line>70</line>
                                                                                      <numExecutions>0</numExecutions>
                                                                                      <time>-1.0</time>
                                                                                  </locationsNotCovered>
                                                                                    <locationsNotCovered>
                                                                                      <column>0</column>
                                                                                      <line>71</line>
                                                                                      <numExecutions>0</numExecutions>
                                                                                      <time>-1.0</time>
                                                                                  </locationsNotCovered>
                                                                                    <locationsNotCovered>
                                                                                      <column>0</column>
                                                                                      <line>72</line>
                                                                                      <numExecutions>0</numExecutions>
                                                                                      <time>-1.0</time>
                                                                                  </locationsNotCovered>
                                                                                    <locationsNotCovered>
                                                                                      <column>0</column>
                                                                                      <line>75</line>
                                                                                      <numExecutions>0</numExecutions>
                                                                                      <time>-1.0</time>
                                                                                  </locationsNotCovered>
                                                                                    <locationsNotCovered>
                                                                                      <column>0</column>
                                                                                      <line>134</line>
                                                                                      <numExecutions>0</numExecutions>
                                                                                      <time>-1.0</time>
                                                                                  </locationsNotCovered>
                                                                                    <locationsNotCovered>
                                                                                      <column>0</column>
                                                                                      <line>135</line>
                                                                                      <numExecutions>0</numExecutions>
                                                                                      <time>-1.0</time>
                                                                                  </locationsNotCovered>
                                                                                    <locationsNotCovered>
                                                                                      <column>0</column>
                                                                                      <line>136</line>
                                                                                      <numExecutions>0</numExecutions>
                                                                                      <time>-1.0</time>
                                                                                  </locationsNotCovered>
                                                                                    <locationsNotCovered>
                                                                                      <column>0</column>
                                                                                      <line>153</line>
                                                                                      <numExecutions>0</numExecutions>
                                                                                      <time>-1.0</time>
                                                                                  </locationsNotCovered>
                                                                                    <locationsNotCovered>
                                                                                      <column>0</column>
                                                                                      <line>154</line>
                                                                                      <numExecutions>0</numExecutions>
                                                                                      <time>-1.0</time>
                                                                                  </locationsNotCovered>
                                                                                    <locationsNotCovered>
                                                                                      <column>0</column>
                                                                                      <line>195</line>
                                                                                      <numExecutions>0</numExecutions>
                                                                                      <time>-1.0</time>
                                                                                  </locationsNotCovered>
                                                                                    <locationsNotCovered>
                                                                                      <column>0</column>
                                                                                      <line>204</line>
                                                                                      <numExecutions>0</numExecutions>
                                                                                      <time>-1.0</time>
                                                                                  </locationsNotCovered>
                                                                                    <locationsNotCovered>
                                                                                      <column>0</column>
                                                                                      <line>205</line>
                                                                                      <numExecutions>0</numExecutions>
                                                                                      <time>-1.0</time>
                                                                                  </locationsNotCovered>
                                                                                    <locationsNotCovered>
                                                                                      <column>0</column>
                                                                                      <line>207</line>
                                                                                      <numExecutions>0</numExecutions>
                                                                                      <time>-1.0</time>
                                                                                  </locationsNotCovered>
                                                                                    <locationsNotCovered>
                                                                                      <column>0</column>
                                                                                      <line>244</line>
                                                                                      <numExecutions>0</numExecutions>
                                                                                      <time>-1.0</time>
                                                                                  </locationsNotCovered>
                                                                                    <locationsNotCovered>
                                                                                      <column>0</column>
                                                                                      <line>246</line>
                                                                                      <numExecutions>0</numExecutions>
                                                                                      <time>-1.0</time>
                                                                                  </locationsNotCovered>
                                                                                    <locationsNotCovered>
                                                                                      <column>0</column>
                                                                                      <line>247</line>
                                                                                      <numExecutions>0</numExecutions>
                                                                                      <time>-1.0</time>
                                                                                  </locationsNotCovered>
                                                                                    <locationsNotCovered>
                                                                                      <column>0</column>
                                                                                      <line>265</line>
                                                                                      <numExecutions>0</numExecutions>
                                                                                      <time>-1.0</time>
                                                                                  </locationsNotCovered>
                                                                                    <locationsNotCovered>
                                                                                      <column>0</column>
                                                                                      <line>266</line>
                                                                                      <numExecutions>0</numExecutions>
                                                                                      <time>-1.0</time>
                                                                                  </locationsNotCovered>
                                                                                    <locationsNotCovered>
                                                                                      <column>0</column>
                                                                                      <line>267</line>
                                                                                      <numExecutions>0</numExecutions>
                                                                                      <time>-1.0</time>
                                                                                  </locationsNotCovered>
                                                                                    <locationsNotCovered>
                                                                                      <column>0</column>
                                                                                      <line>268</line>
                                                                                      <numExecutions>0</numExecutions>
                                                                                      <time>-1.0</time>
                                                                                  </locationsNotCovered>
                                                                                    <locationsNotCovered>
                                                                                      <column>0</column>
                                                                                      <line>269</line>
                                                                                      <numExecutions>0</numExecutions>
                                                                                      <time>-1.0</time>
                                                                                  </locationsNotCovered>
                                                                                    <locationsNotCovered>
                                                                                      <column>0</column>
                                                                                      <line>270</line>
                                                                                      <numExecutions>0</numExecutions>
                                                                                      <time>-1.0</time>
                                                                                  </locationsNotCovered>
                                                                                    <locationsNotCovered>
                                                                                      <column>0</column>
                                                                                      <line>272</line>
                                                                                      <numExecutions>0</numExecutions>
                                                                                      <time>-1.0</time>
                                                                                  </locationsNotCovered>
                                                                                    <locationsNotCovered>
                                                                                      <column>0</column>
                                                                                      <line>273</line>
                                                                                      <numExecutions>0</numExecutions>
                                                                                      <time>-1.0</time>
                                                                                  </locationsNotCovered>
                                                                                    <locationsNotCovered>
                                                                                      <column>0</column>
                                                                                      <line>274</line>
                                                                                      <numExecutions>0</numExecutions>
                                                                                      <time>-1.0</time>
                                                                                  </locationsNotCovered>
                                                                                    <locationsNotCovered>
                                                                                      <column>0</column>
                                                                                      <line>275</line>
                                                                                      <numExecutions>0</numExecutions>
                                                                                      <time>-1.0</time>
                                                                                  </locationsNotCovered>
                                                                                    <locationsNotCovered>
                                                                                      <column>0</column>
                                                                                      <line>278</line>
                                                                                      <numExecutions>0</numExecutions>
                                                                                      <time>-1.0</time>
                                                                                  </locationsNotCovered>
                                                                                    <locationsNotCovered>
                                                                                      <column>0</column>
                                                                                      <line>279</line>
                                                                                      <numExecutions>0</numExecutions>
                                                                                      <time>-1.0</time>
                                                                                  </locationsNotCovered>
                                                                                    <locationsNotCovered>
                                                                                      <column>0</column>
                                                                                      <line>280</line>
                                                                                      <numExecutions>0</numExecutions>
                                                                                      <time>-1.0</time>
                                                                                  </locationsNotCovered>
                                                                                    <locationsNotCovered>
                                                                                      <column>0</column>
                                                                                      <line>281</line>
                                                                                      <numExecutions>0</numExecutions>
                                                                                      <time>-1.0</time>
                                                                                  </locationsNotCovered>
                                                                                    <locationsNotCovered>
                                                                                      <column>0</column>
                                                                                      <line>282</line>
                                                                                      <numExecutions>0</numExecutions>
                                                                                      <time>-1.0</time>
                                                                                  </locationsNotCovered>
                                                                                    <locationsNotCovered>
                                                                                      <column>0</column>
                                                                                      <line>283</line>
                                                                                      <numExecutions>0</numExecutions>
                                                                                      <time>-1.0</time>
                                                                                  </locationsNotCovered>
                                                                                    <locationsNotCovered>
                                                                                      <column>0</column>
                                                                                      <line>285</line>
                                                                                      <numExecutions>0</numExecutions>
                                                                                      <time>-1.0</time>
                                                                                  </locationsNotCovered>
                                                                                    <locationsNotCovered>
                                                                                      <column>0</column>
                                                                                      <line>286</line>
                                                                                      <numExecutions>0</numExecutions>
                                                                                      <time>-1.0</time>
                                                                                  </locationsNotCovered>
                                                                                    <locationsNotCovered>
                                                                                      <column>0</column>
                                                                                      <line>287</line>
                                                                                      <numExecutions>0</numExecutions>
                                                                                      <time>-1.0</time>
                                                                                  </locationsNotCovered>
                                                                                    <locationsNotCovered>
                                                                                      <column>0</column>
                                                                                      <line>288</line>
                                                                                      <numExecutions>0</numExecutions>
                                                                                      <time>-1.0</time>
                                                                                  </locationsNotCovered>
                                                                                    <locationsNotCovered>
                                                                                      <column>0</column>
                                                                                      <line>290</line>
                                                                                      <numExecutions>0</numExecutions>
                                                                                      <time>-1.0</time>
                                                                                  </locationsNotCovered>
                                                                                    <locationsNotCovered>
                                                                                      <column>0</column>
                                                                                      <line>300</line>
                                                                                      <numExecutions>0</numExecutions>
                                                                                      <time>-1.0</time>
                                                                                  </locationsNotCovered>
                                                                                    <locationsNotCovered>
                                                                                      <column>0</column>
                                                                                      <line>311</line>
                                                                                      <numExecutions>0</numExecutions>
                                                                                      <time>-1.0</time>
                                                                                  </locationsNotCovered>
                                                                                    <locationsNotCovered>
                                                                                      <column>0</column>
                                                                                      <line>315</line>
                                                                                      <numExecutions>0</numExecutions>
                                                                                      <time>-1.0</time>
                                                                                  </locationsNotCovered>
                                                                                    <locationsNotCovered>
                                                                                      <column>0</column>
                                                                                      <line>316</line>
                                                                                      <numExecutions>0</numExecutions>
                                                                                      <time>-1.0</time>
                                                                                  </locationsNotCovered>
                                                                                    <locationsNotCovered>
                                                                                      <column>0</column>
                                                                                      <line>317</line>
                                                                                      <numExecutions>0</numExecutions>
                                                                                      <time>-1.0</time>
                                                                                  </locationsNotCovered>
                                                                                    <locationsNotCovered>
                                                                                      <column>0</column>
                                                                                      <line>324</line>
                                                                                      <numExecutions>0</numExecutions>
                                                                                      <time>-1.0</time>
                                                                                  </locationsNotCovered>
                                                                                    <locationsNotCovered>
                                                                                      <column>0</column>
                                                                                      <line>326</line>
                                                                                      <numExecutions>0</numExecutions>
                                                                                      <time>-1.0</time>
                                                                                  </locationsNotCovered>
                                                                                    <locationsNotCovered>
                                                                                      <column>0</column>
                                                                                      <line>327</line>
                                                                                      <numExecutions>0</numExecutions>
                                                                                      <time>-1.0</time>
                                                                                  </locationsNotCovered>
                                                                                    <locationsNotCovered>
                                                                                      <column>0</column>
                                                                                      <line>355</line>
                                                                                      <numExecutions>0</numExecutions>
                                                                                      <time>-1.0</time>
                                                                                  </locationsNotCovered>
                                                                                    <locationsNotCovered>
                                                                                      <column>0</column>
                                                                                      <line>364</line>
                                                                                      <numExecutions>0</numExecutions>
                                                                                      <time>-1.0</time>
                                                                                  </locationsNotCovered>
                                                                                    <locationsNotCovered>
                                                                                      <column>0</column>
                                                                                      <line>365</line>
                                                                                      <numExecutions>0</numExecutions>
                                                                                      <time>-1.0</time>
                                                                                  </locationsNotCovered>
                                                                                    <locationsNotCovered>
                                                                                      <column>0</column>
                                                                                      <line>366</line>
                                                                                      <numExecutions>0</numExecutions>
                                                                                      <time>-1.0</time>
                                                                                  </locationsNotCovered>
                                                                                    <locationsNotCovered>
                                                                                      <column>0</column>
                                                                                      <line>367</line>
                                                                                      <numExecutions>0</numExecutions>
                                                                                      <time>-1.0</time>
                                                                                  </locationsNotCovered>
                                                                                    <locationsNotCovered>
                                                                                      <column>0</column>
                                                                                      <line>368</line>
                                                                                      <numExecutions>0</numExecutions>
                                                                                      <time>-1.0</time>
                                                                                  </locationsNotCovered>
                                                                                    <locationsNotCovered>
                                                                                      <column>0</column>
                                                                                      <line>370</line>
                                                                                      <numExecutions>0</numExecutions>
                                                                                      <time>-1.0</time>
                                                                                  </locationsNotCovered>
                                                                                    <locationsNotCovered>
                                                                                      <column>0</column>
                                                                                      <line>372</line>
                                                                                      <numExecutions>0</numExecutions>
                                                                                      <time>-1.0</time>
                                                                                  </locationsNotCovered>
                                                                                    <locationsNotCovered>
                                                                                      <column>0</column>
                                                                                      <line>373</line>
                                                                                      <numExecutions>0</numExecutions>
                                                                                      <time>-1.0</time>
                                                                                  </locationsNotCovered>
                                                                                    <locationsNotCovered>
                                                                                      <column>0</column>
                                                                                      <line>374</line>
                                                                                      <numExecutions>0</numExecutions>
                                                                                      <time>-1.0</time>
                                                                                  </locationsNotCovered>
                                                                                    <locationsNotCovered>
                                                                                      <column>0</column>
                                                                                      <line>382</line>
                                                                                      <numExecutions>0</numExecutions>
                                                                                      <time>-1.0</time>
                                                                                  </locationsNotCovered>
                                                                                    <locationsNotCovered>
                                                                                      <column>0</column>
                                                                                      <line>383</line>
                                                                                      <numExecutions>0</numExecutions>
                                                                                      <time>-1.0</time>
                                                                                  </locationsNotCovered>
                                                                                    <locationsNotCovered>
                                                                                      <column>0</column>
                                                                                      <line>384</line>
                                                                                      <numExecutions>0</numExecutions>
                                                                                      <time>-1.0</time>
                                                                                  </locationsNotCovered>
                                                                                    <locationsNotCovered>
                                                                                      <column>0</column>
                                                                                      <line>385</line>
                                                                                      <numExecutions>0</numExecutions>
                                                                                      <time>-1.0</time>
                                                                                  </locationsNotCovered>
                                                                                    <locationsNotCovered>
                                                                                      <column>0</column>
                                                                                      <line>386</line>
                                                                                      <numExecutions>0</numExecutions>
                                                                                      <time>-1.0</time>
                                                                                  </locationsNotCovered>
                                                                                    <locationsNotCovered>
                                                                                      <column>0</column>
                                                                                      <line>387</line>
                                                                                      <numExecutions>0</numExecutions>
                                                                                      <time>-1.0</time>
                                                                                  </locationsNotCovered>
                                                                                    <locationsNotCovered>
                                                                                      <column>0</column>
                                                                                      <line>389</line>
                                                                                      <numExecutions>0</numExecutions>
                                                                                      <time>-1.0</time>
                                                                                  </locationsNotCovered>
                                                                                    <locationsNotCovered>
                                                                                      <column>0</column>
                                                                                      <line>390</line>
                                                                                      <numExecutions>0</numExecutions>
                                                                                      <time>-1.0</time>
                                                                                  </locationsNotCovered>
                                                                                    <locationsNotCovered>
                                                                                      <column>0</column>
                                                                                      <line>391</line>
                                                                                      <numExecutions>0</numExecutions>
                                                                                      <time>-1.0</time>
                                                                                  </locationsNotCovered>
                                                                                    <locationsNotCovered>
                                                                                      <column>0</column>
                                                                                      <line>397</line>
                                                                                      <numExecutions>0</numExecutions>
                                                                                      <time>-1.0</time>
                                                                                  </locationsNotCovered>
                                                                                    <locationsNotCovered>
                                                                                      <column>0</column>
                                                                                      <line>403</line>
                                                                                      <numExecutions>0</numExecutions>
                                                                                      <time>-1.0</time>
                                                                                  </locationsNotCovered>
                                                                                    <locationsNotCovered>
                                                                                      <column>0</column>
                                                                                      <line>404</line>
                                                                                      <numExecutions>0</numExecutions>
                                                                                      <time>-1.0</time>
                                                                                  </locationsNotCovered>
                                                                                    <locationsNotCovered>
                                                                                      <column>0</column>
                                                                                      <line>405</line>
                                                                                      <numExecutions>0</numExecutions>
                                                                                      <time>-1.0</time>
                                                                                  </locationsNotCovered>
                                                                                    <locationsNotCovered>
                                                                                      <column>0</column>
                                                                                      <line>413</line>
                                                                                      <numExecutions>0</numExecutions>
                                                                                      <time>-1.0</time>
                                                                                  </locationsNotCovered>
                                                                                    <locationsNotCovered>
                                                                                      <column>0</column>
                                                                                      <line>414</line>
                                                                                      <numExecutions>0</numExecutions>
                                                                                      <time>-1.0</time>
                                                                                  </locationsNotCovered>
                                                                                    <locationsNotCovered>
                                                                                      <column>0</column>
                                                                                      <line>428</line>
                                                                                      <numExecutions>0</numExecutions>
                                                                                      <time>-1.0</time>
                                                                                  </locationsNotCovered>
                                                                                    <locationsNotCovered>
                                                                                      <column>0</column>
                                                                                      <line>429</line>
                                                                                      <numExecutions>0</numExecutions>
                                                                                      <time>-1.0</time>
                                                                                  </locationsNotCovered>
                                                                                    <name>MultipleZendeskDomainClass</name>
                                                                                    <namespace>Zendesk</namespace>
                                                                                    <numLocations>285</numLocations>
                                                                                    <numLocationsNotCovered>89</numLocationsNotCovered>
                                                                                    <type>Class</type>
                                                                                </codeCoverage>
                                                                                  <codeCoverage>
                                                                                    <id>01pL0000000ETYuIAO</id>
                                                                                    <locationsNotCovered>
                                                                                      <column>0</column>
                                                                                      <line>2</line>
                                                                                      <numExecutions>0</numExecutions>
                                                                                      <time>-1.0</time>
                                                                                  </locationsNotCovered>
                                                                                    <locationsNotCovered>
                                                                                      <column>0</column>
                                                                                      <line>3</line>
                                                                                      <numExecutions>0</numExecutions>
                                                                                      <time>-1.0</time>
                                                                                  </locationsNotCovered>
                                                                                    <locationsNotCovered>
                                                                                      <column>0</column>
                                                                                      <line>6</line>
                                                                                      <numExecutions>0</numExecutions>
                                                                                      <time>-1.0</time>
                                                                                  </locationsNotCovered>
                                                                                    <locationsNotCovered>
                                                                                      <column>0</column>
                                                                                      <line>7</line>
                                                                                      <numExecutions>0</numExecutions>
                                                                                      <time>-1.0</time>
                                                                                  </locationsNotCovered>
                                                                                    <locationsNotCovered>
                                                                                      <column>0</column>
                                                                                      <line>8</line>
                                                                                      <numExecutions>0</numExecutions>
                                                                                      <time>-1.0</time>
                                                                                  </locationsNotCovered>
                                                                                    <locationsNotCovered>
                                                                                      <column>0</column>
                                                                                      <line>12</line>
                                                                                      <numExecutions>0</numExecutions>
                                                                                      <time>-1.0</time>
                                                                                  </locationsNotCovered>
                                                                                    <name>AssetBatchSync</name>
                                                                                    <namespace xsi:nil="true"/>
                                                                                      <numLocations>6</numLocations>
                                                                                      <numLocationsNotCovered>6</numLocationsNotCovered>
                                                                                      <type>Class</type>
                                                                                  </codeCoverage>
                                                                                    <codeCoverage>
                                                                                      <id>01pL0000000E8WDIA0</id>
                                                                                      <locationsNotCovered>
                                                                                        <column>0</column>
                                                                                        <line>22</line>
                                                                                        <numExecutions>0</numExecutions>
                                                                                        <time>-1.0</time>
                                                                                    </locationsNotCovered>
                                                                                      <locationsNotCovered>
                                                                                        <column>0</column>
                                                                                        <line>23</line>
                                                                                        <numExecutions>0</numExecutions>
                                                                                        <time>-1.0</time>
                                                                                    </locationsNotCovered>
                                                                                      <locationsNotCovered>
                                                                                        <column>0</column>
                                                                                        <line>24</line>
                                                                                        <numExecutions>0</numExecutions>
                                                                                        <time>-1.0</time>
                                                                                    </locationsNotCovered>
                                                                                      <locationsNotCovered>
                                                                                        <column>0</column>
                                                                                        <line>25</line>
                                                                                        <numExecutions>0</numExecutions>
                                                                                        <time>-1.0</time>
                                                                                    </locationsNotCovered>
                                                                                      <locationsNotCovered>
                                                                                        <column>0</column>
                                                                                        <line>27</line>
                                                                                        <numExecutions>0</numExecutions>
                                                                                        <time>-1.0</time>
                                                                                    </locationsNotCovered>
                                                                                      <locationsNotCovered>
                                                                                        <column>0</column>
                                                                                        <line>30</line>
                                                                                        <numExecutions>0</numExecutions>
                                                                                        <time>-1.0</time>
                                                                                    </locationsNotCovered>
                                                                                      <locationsNotCovered>
                                                                                        <column>0</column>
                                                                                        <line>32</line>
                                                                                        <numExecutions>0</numExecutions>
                                                                                        <time>-1.0</time>
                                                                                    </locationsNotCovered>
                                                                                      <locationsNotCovered>
                                                                                        <column>0</column>
                                                                                        <line>35</line>
                                                                                        <numExecutions>0</numExecutions>
                                                                                        <time>-1.0</time>
                                                                                    </locationsNotCovered>
                                                                                      <locationsNotCovered>
                                                                                        <column>0</column>
                                                                                        <line>37</line>
                                                                                        <numExecutions>0</numExecutions>
                                                                                        <time>-1.0</time>
                                                                                    </locationsNotCovered>
                                                                                      <locationsNotCovered>
                                                                                        <column>0</column>
                                                                                        <line>51</line>
                                                                                        <numExecutions>0</numExecutions>
                                                                                        <time>-1.0</time>
                                                                                    </locationsNotCovered>
                                                                                      <locationsNotCovered>
                                                                                        <column>0</column>
                                                                                        <line>56</line>
                                                                                        <numExecutions>0</numExecutions>
                                                                                        <time>-1.0</time>
                                                                                    </locationsNotCovered>
                                                                                      <name>ZendeskSyncOrgsCreateManyIterable</name>
                                                                                      <namespace>Zendesk</namespace>
                                                                                      <numLocations>32</numLocations>
                                                                                      <numLocationsNotCovered>11</numLocationsNotCovered>
                                                                                      <type>Class</type>
                                                                                  </codeCoverage>
                                                                                    <codeCoverage>
                                                                                      <id>01pL0000000E8VRIA0</id>
                                                                                      <name>ApexSchedulerClassForContactsAndLeads</name>
                                                                                      <namespace>Zendesk</namespace>
                                                                                      <numLocations>2</numLocations>
                                                                                      <numLocationsNotCovered>0</numLocationsNotCovered>
                                                                                      <type>Class</type>
                                                                                  </codeCoverage>
                                                                                    <codeCoverage>
                                                                                      <id>01pL0000000E8W0IAK</id>
                                                                                      <name>ZendeskHelper</name>
                                                                                      <namespace>Zendesk</namespace>
                                                                                      <numLocations>28</numLocations>
                                                                                      <numLocationsNotCovered>0</numLocationsNotCovered>
                                                                                      <type>Class</type>
                                                                                  </codeCoverage>
                                                                                    <codeCoverage>
                                                                                      <id>01qL00000008hJWIAY</id>
                                                                                      <name>TaskTrigger_LastActivityDate</name>
                                                                                      <namespace xsi:nil="true"/>
                                                                                        <numLocations>3</numLocations>
                                                                                        <numLocationsNotCovered>0</numLocationsNotCovered>
                                                                                        <type>Trigger</type>
                                                                                    </codeCoverage>
                                                                                      <codeCoverage>
                                                                                        <id>01pD0000001IZamIAG</id>
                                                                                        <locationsNotCovered>
                                                                                          <column>0</column>
                                                                                          <line>39</line>
                                                                                          <numExecutions>0</numExecutions>
                                                                                          <time>-1.0</time>
                                                                                      </locationsNotCovered>
                                                                                        <locationsNotCovered>
                                                                                          <column>0</column>
                                                                                          <line>40</line>
                                                                                          <numExecutions>0</numExecutions>
                                                                                          <time>-1.0</time>
                                                                                      </locationsNotCovered>
                                                                                        <locationsNotCovered>
                                                                                          <column>0</column>
                                                                                          <line>43</line>
                                                                                          <numExecutions>0</numExecutions>
                                                                                          <time>-1.0</time>
                                                                                      </locationsNotCovered>
                                                                                        <locationsNotCovered>
                                                                                          <column>0</column>
                                                                                          <line>44</line>
                                                                                          <numExecutions>0</numExecutions>
                                                                                          <time>-1.0</time>
                                                                                      </locationsNotCovered>
                                                                                        <locationsNotCovered>
                                                                                          <column>0</column>
                                                                                          <line>45</line>
                                                                                          <numExecutions>0</numExecutions>
                                                                                          <time>-1.0</time>
                                                                                      </locationsNotCovered>
                                                                                        <name>SiteRegisterController</name>
                                                                                        <namespace xsi:nil="true"/>
                                                                                          <numLocations>27</numLocations>
                                                                                          <numLocationsNotCovered>5</numLocationsNotCovered>
                                                                                          <type>Class</type>
                                                                                      </codeCoverage>
                                                                                        <codeCoverage>
                                                                                          <id>01pL0000000EHOnIAO</id>
                                                                                          <locationsNotCovered>
                                                                                            <column>0</column>
                                                                                            <line>90</line>
                                                                                            <numExecutions>0</numExecutions>
                                                                                            <time>-1.0</time>
                                                                                        </locationsNotCovered>
                                                                                          <locationsNotCovered>
                                                                                            <column>0</column>
                                                                                            <line>93</line>
                                                                                            <numExecutions>0</numExecutions>
                                                                                            <time>-1.0</time>
                                                                                        </locationsNotCovered>
                                                                                          <locationsNotCovered>
                                                                                            <column>0</column>
                                                                                            <line>97</line>
                                                                                            <numExecutions>0</numExecutions>
                                                                                            <time>-1.0</time>
                                                                                        </locationsNotCovered>
                                                                                          <locationsNotCovered>
                                                                                            <column>0</column>
                                                                                            <line>98</line>
                                                                                            <numExecutions>0</numExecutions>
                                                                                            <time>-1.0</time>
                                                                                        </locationsNotCovered>
                                                                                          <locationsNotCovered>
                                                                                            <column>0</column>
                                                                                            <line>99</line>
                                                                                            <numExecutions>0</numExecutions>
                                                                                            <time>-1.0</time>
                                                                                        </locationsNotCovered>
                                                                                          <locationsNotCovered>
                                                                                            <column>0</column>
                                                                                            <line>100</line>
                                                                                            <numExecutions>0</numExecutions>
                                                                                            <time>-1.0</time>
                                                                                        </locationsNotCovered>
                                                                                          <locationsNotCovered>
                                                                                            <column>0</column>
                                                                                            <line>102</line>
                                                                                            <numExecutions>0</numExecutions>
                                                                                            <time>-1.0</time>
                                                                                        </locationsNotCovered>
                                                                                          <locationsNotCovered>
                                                                                            <column>0</column>
                                                                                            <line>103</line>
                                                                                            <numExecutions>0</numExecutions>
                                                                                            <time>-1.0</time>
                                                                                        </locationsNotCovered>
                                                                                          <locationsNotCovered>
                                                                                            <column>0</column>
                                                                                            <line>104</line>
                                                                                            <numExecutions>0</numExecutions>
                                                                                            <time>-1.0</time>
                                                                                        </locationsNotCovered>
                                                                                          <locationsNotCovered>
                                                                                            <column>0</column>
                                                                                            <line>108</line>
                                                                                            <numExecutions>0</numExecutions>
                                                                                            <time>-1.0</time>
                                                                                        </locationsNotCovered>
                                                                                          <locationsNotCovered>
                                                                                            <column>0</column>
                                                                                            <line>113</line>
                                                                                            <numExecutions>0</numExecutions>
                                                                                            <time>-1.0</time>
                                                                                        </locationsNotCovered>
                                                                                          <locationsNotCovered>
                                                                                            <column>0</column>
                                                                                            <line>114</line>
                                                                                            <numExecutions>0</numExecutions>
                                                                                            <time>-1.0</time>
                                                                                        </locationsNotCovered>
                                                                                          <locationsNotCovered>
                                                                                            <column>0</column>
                                                                                            <line>131</line>
                                                                                            <numExecutions>0</numExecutions>
                                                                                            <time>-1.0</time>
                                                                                        </locationsNotCovered>
                                                                                          <locationsNotCovered>
                                                                                            <column>0</column>
                                                                                            <line>132</line>
                                                                                            <numExecutions>0</numExecutions>
                                                                                            <time>-1.0</time>
                                                                                        </locationsNotCovered>
                                                                                          <locationsNotCovered>
                                                                                            <column>0</column>
                                                                                            <line>147</line>
                                                                                            <numExecutions>0</numExecutions>
                                                                                            <time>-1.0</time>
                                                                                        </locationsNotCovered>
                                                                                          <locationsNotCovered>
                                                                                            <column>0</column>
                                                                                            <line>174</line>
                                                                                            <numExecutions>0</numExecutions>
                                                                                            <time>-1.0</time>
                                                                                        </locationsNotCovered>
                                                                                          <locationsNotCovered>
                                                                                            <column>0</column>
                                                                                            <line>176</line>
                                                                                            <numExecutions>0</numExecutions>
                                                                                            <time>-1.0</time>
                                                                                        </locationsNotCovered>
                                                                                          <name>OrderBatchSync</name>
                                                                                          <namespace xsi:nil="true"/>
                                                                                            <numLocations>75</numLocations>
                                                                                            <numLocationsNotCovered>17</numLocationsNotCovered>
                                                                                            <type>Class</type>
                                                                                        </codeCoverage>
                                                                                          <codeCoverage>
                                                                                            <id>01pL0000000E8VZIA0</id>
                                                                                            <locationsNotCovered>
                                                                                              <column>0</column>
                                                                                              <line>23</line>
                                                                                              <numExecutions>0</numExecutions>
                                                                                              <time>-1.0</time>
                                                                                          </locationsNotCovered>
                                                                                            <locationsNotCovered>
                                                                                              <column>0</column>
                                                                                              <line>24</line>
                                                                                              <numExecutions>0</numExecutions>
                                                                                              <time>-1.0</time>
                                                                                          </locationsNotCovered>
                                                                                            <locationsNotCovered>
                                                                                              <column>0</column>
                                                                                              <line>41</line>
                                                                                              <numExecutions>0</numExecutions>
                                                                                              <time>-1.0</time>
                                                                                          </locationsNotCovered>
                                                                                            <locationsNotCovered>
                                                                                              <column>0</column>
                                                                                              <line>42</line>
                                                                                              <numExecutions>0</numExecutions>
                                                                                              <time>-1.0</time>
                                                                                          </locationsNotCovered>
                                                                                            <locationsNotCovered>
                                                                                              <column>0</column>
                                                                                              <line>44</line>
                                                                                              <numExecutions>0</numExecutions>
                                                                                              <time>-1.0</time>
                                                                                          </locationsNotCovered>
                                                                                            <locationsNotCovered>
                                                                                              <column>0</column>
                                                                                              <line>64</line>
                                                                                              <numExecutions>0</numExecutions>
                                                                                              <time>-1.0</time>
                                                                                          </locationsNotCovered>
                                                                                            <locationsNotCovered>
                                                                                              <column>0</column>
                                                                                              <line>73</line>
                                                                                              <numExecutions>0</numExecutions>
                                                                                              <time>-1.0</time>
                                                                                          </locationsNotCovered>
                                                                                            <locationsNotCovered>
                                                                                              <column>0</column>
                                                                                              <line>88</line>
                                                                                              <numExecutions>0</numExecutions>
                                                                                              <time>-1.0</time>
                                                                                          </locationsNotCovered>
                                                                                            <locationsNotCovered>
                                                                                              <column>0</column>
                                                                                              <line>137</line>
                                                                                              <numExecutions>0</numExecutions>
                                                                                              <time>-1.0</time>
                                                                                          </locationsNotCovered>
                                                                                            <locationsNotCovered>
                                                                                              <column>0</column>
                                                                                              <line>155</line>
                                                                                              <numExecutions>0</numExecutions>
                                                                                              <time>-1.0</time>
                                                                                          </locationsNotCovered>
                                                                                            <locationsNotCovered>
                                                                                              <column>0</column>
                                                                                              <line>159</line>
                                                                                              <numExecutions>0</numExecutions>
                                                                                              <time>-1.0</time>
                                                                                          </locationsNotCovered>
                                                                                            <locationsNotCovered>
                                                                                              <column>0</column>
                                                                                              <line>160</line>
                                                                                              <numExecutions>0</numExecutions>
                                                                                              <time>-1.0</time>
                                                                                          </locationsNotCovered>
                                                                                            <name>CtrlSyncZendeskOrgsAndUsers</name>
                                                                                            <namespace>Zendesk</namespace>
                                                                                            <numLocations>85</numLocations>
                                                                                            <numLocationsNotCovered>12</numLocationsNotCovered>
                                                                                            <type>Class</type>
                                                                                        </codeCoverage>
                                                                                          <codeCoverage>
                                                                                            <id>01pL0000000E8W8IAK</id>
                                                                                            <locationsNotCovered>
                                                                                              <column>0</column>
                                                                                              <line>39</line>
                                                                                              <numExecutions>0</numExecutions>
                                                                                              <time>-1.0</time>
                                                                                          </locationsNotCovered>
                                                                                            <locationsNotCovered>
                                                                                              <column>0</column>
                                                                                              <line>45</line>
                                                                                              <numExecutions>0</numExecutions>
                                                                                              <time>-1.0</time>
                                                                                          </locationsNotCovered>
                                                                                            <locationsNotCovered>
                                                                                              <column>0</column>
                                                                                              <line>73</line>
                                                                                              <numExecutions>0</numExecutions>
                                                                                              <time>-1.0</time>
                                                                                          </locationsNotCovered>
                                                                                            <locationsNotCovered>
                                                                                              <column>0</column>
                                                                                              <line>74</line>
                                                                                              <numExecutions>0</numExecutions>
                                                                                              <time>-1.0</time>
                                                                                          </locationsNotCovered>
                                                                                            <locationsNotCovered>
                                                                                              <column>0</column>
                                                                                              <line>193</line>
                                                                                              <numExecutions>0</numExecutions>
                                                                                              <time>-1.0</time>
                                                                                          </locationsNotCovered>
                                                                                            <locationsNotCovered>
                                                                                              <column>0</column>
                                                                                              <line>194</line>
                                                                                              <numExecutions>0</numExecutions>
                                                                                              <time>-1.0</time>
                                                                                          </locationsNotCovered>
                                                                                            <locationsNotCovered>
                                                                                              <column>0</column>
                                                                                              <line>195</line>
                                                                                              <numExecutions>0</numExecutions>
                                                                                              <time>-1.0</time>
                                                                                          </locationsNotCovered>
                                                                                            <locationsNotCovered>
                                                                                              <column>0</column>
                                                                                              <line>197</line>
                                                                                              <numExecutions>0</numExecutions>
                                                                                              <time>-1.0</time>
                                                                                          </locationsNotCovered>
                                                                                            <locationsNotCovered>
                                                                                              <column>0</column>
                                                                                              <line>201</line>
                                                                                              <numExecutions>0</numExecutions>
                                                                                              <time>-1.0</time>
                                                                                          </locationsNotCovered>
                                                                                            <locationsNotCovered>
                                                                                              <column>0</column>
                                                                                              <line>202</line>
                                                                                              <numExecutions>0</numExecutions>
                                                                                              <time>-1.0</time>
                                                                                          </locationsNotCovered>
                                                                                            <locationsNotCovered>
                                                                                              <column>0</column>
                                                                                              <line>203</line>
                                                                                              <numExecutions>0</numExecutions>
                                                                                              <time>-1.0</time>
                                                                                          </locationsNotCovered>
                                                                                            <locationsNotCovered>
                                                                                              <column>0</column>
                                                                                              <line>205</line>
                                                                                              <numExecutions>0</numExecutions>
                                                                                              <time>-1.0</time>
                                                                                          </locationsNotCovered>
                                                                                            <locationsNotCovered>
                                                                                              <column>0</column>
                                                                                              <line>209</line>
                                                                                              <numExecutions>0</numExecutions>
                                                                                              <time>-1.0</time>
                                                                                          </locationsNotCovered>
                                                                                            <locationsNotCovered>
                                                                                              <column>0</column>
                                                                                              <line>210</line>
                                                                                              <numExecutions>0</numExecutions>
                                                                                              <time>-1.0</time>
                                                                                          </locationsNotCovered>
                                                                                            <locationsNotCovered>
                                                                                              <column>0</column>
                                                                                              <line>211</line>
                                                                                              <numExecutions>0</numExecutions>
                                                                                              <time>-1.0</time>
                                                                                          </locationsNotCovered>
                                                                                            <locationsNotCovered>
                                                                                              <column>0</column>
                                                                                              <line>213</line>
                                                                                              <numExecutions>0</numExecutions>
                                                                                              <time>-1.0</time>
                                                                                          </locationsNotCovered>
                                                                                            <locationsNotCovered>
                                                                                              <column>0</column>
                                                                                              <line>217</line>
                                                                                              <numExecutions>0</numExecutions>
                                                                                              <time>-1.0</time>
                                                                                          </locationsNotCovered>
                                                                                            <locationsNotCovered>
                                                                                              <column>0</column>
                                                                                              <line>218</line>
                                                                                              <numExecutions>0</numExecutions>
                                                                                              <time>-1.0</time>
                                                                                          </locationsNotCovered>
                                                                                            <locationsNotCovered>
                                                                                              <column>0</column>
                                                                                              <line>219</line>
                                                                                              <numExecutions>0</numExecutions>
                                                                                              <time>-1.0</time>
                                                                                          </locationsNotCovered>
                                                                                            <locationsNotCovered>
                                                                                              <column>0</column>
                                                                                              <line>221</line>
                                                                                              <numExecutions>0</numExecutions>
                                                                                              <time>-1.0</time>
                                                                                          </locationsNotCovered>
                                                                                            <locationsNotCovered>
                                                                                              <column>0</column>
                                                                                              <line>225</line>
                                                                                              <numExecutions>0</numExecutions>
                                                                                              <time>-1.0</time>
                                                                                          </locationsNotCovered>
                                                                                            <name>ZendeskSettingsDetails</name>
                                                                                            <namespace>Zendesk</namespace>
                                                                                            <numLocations>120</numLocations>
                                                                                            <numLocationsNotCovered>21</numLocationsNotCovered>
                                                                                            <type>Class</type>
                                                                                        </codeCoverage>
                                                                                          <codeCoverage>
                                                                                            <id>01pL0000000E8WOIA0</id>
                                                                                            <locationsNotCovered>
                                                                                              <column>0</column>
                                                                                              <line>192</line>
                                                                                              <numExecutions>0</numExecutions>
                                                                                              <time>-1.0</time>
                                                                                          </locationsNotCovered>
                                                                                            <locationsNotCovered>
                                                                                              <column>0</column>
                                                                                              <line>193</line>
                                                                                              <numExecutions>0</numExecutions>
                                                                                              <time>-1.0</time>
                                                                                          </locationsNotCovered>
                                                                                            <locationsNotCovered>
                                                                                              <column>0</column>
                                                                                              <line>194</line>
                                                                                              <numExecutions>0</numExecutions>
                                                                                              <time>-1.0</time>
                                                                                          </locationsNotCovered>
                                                                                            <locationsNotCovered>
                                                                                              <column>0</column>
                                                                                              <line>195</line>
                                                                                              <numExecutions>0</numExecutions>
                                                                                              <time>-1.0</time>
                                                                                          </locationsNotCovered>
                                                                                            <locationsNotCovered>
                                                                                              <column>0</column>
                                                                                              <line>196</line>
                                                                                              <numExecutions>0</numExecutions>
                                                                                              <time>-1.0</time>
                                                                                          </locationsNotCovered>
                                                                                            <locationsNotCovered>
                                                                                              <column>0</column>
                                                                                              <line>197</line>
                                                                                              <numExecutions>0</numExecutions>
                                                                                              <time>-1.0</time>
                                                                                          </locationsNotCovered>
                                                                                            <locationsNotCovered>
                                                                                              <column>0</column>
                                                                                              <line>207</line>
                                                                                              <numExecutions>0</numExecutions>
                                                                                              <time>-1.0</time>
                                                                                          </locationsNotCovered>
                                                                                            <locationsNotCovered>
                                                                                              <column>0</column>
                                                                                              <line>208</line>
                                                                                              <numExecutions>0</numExecutions>
                                                                                              <time>-1.0</time>
                                                                                          </locationsNotCovered>
                                                                                            <locationsNotCovered>
                                                                                              <column>0</column>
                                                                                              <line>209</line>
                                                                                              <numExecutions>0</numExecutions>
                                                                                              <time>-1.0</time>
                                                                                          </locationsNotCovered>
                                                                                            <locationsNotCovered>
                                                                                              <column>0</column>
                                                                                              <line>211</line>
                                                                                              <numExecutions>0</numExecutions>
                                                                                              <time>-1.0</time>
                                                                                          </locationsNotCovered>
                                                                                            <name>ZendeskWidget</name>
                                                                                            <namespace>Zendesk</namespace>
                                                                                            <numLocations>125</numLocations>
                                                                                            <numLocationsNotCovered>10</numLocationsNotCovered>
                                                                                            <type>Class</type>
                                                                                        </codeCoverage>
                                                                                          <codeCoverage>
                                                                                            <id>01pD0000001IZZrIAO</id>
                                                                                            <locationsNotCovered>
                                                                                              <column>0</column>
                                                                                              <line>18</line>
                                                                                              <numExecutions>0</numExecutions>
                                                                                              <time>-1.0</time>
                                                                                          </locationsNotCovered>
                                                                                            <locationsNotCovered>
                                                                                              <column>0</column>
                                                                                              <line>47</line>
                                                                                              <numExecutions>0</numExecutions>
                                                                                              <time>-1.0</time>
                                                                                          </locationsNotCovered>
                                                                                            <locationsNotCovered>
                                                                                              <column>0</column>
                                                                                              <line>51</line>
                                                                                              <numExecutions>0</numExecutions>
                                                                                              <time>-1.0</time>
                                                                                          </locationsNotCovered>
                                                                                            <locationsNotCovered>
                                                                                              <column>0</column>
                                                                                              <line>84</line>
                                                                                              <numExecutions>0</numExecutions>
                                                                                              <time>-1.0</time>
                                                                                          </locationsNotCovered>
                                                                                            <locationsNotCovered>
                                                                                              <column>0</column>
                                                                                              <line>93</line>
                                                                                              <numExecutions>0</numExecutions>
                                                                                              <time>-1.0</time>
                                                                                          </locationsNotCovered>
                                                                                            <locationsNotCovered>
                                                                                              <column>0</column>
                                                                                              <line>95</line>
                                                                                              <numExecutions>0</numExecutions>
                                                                                              <time>-1.0</time>
                                                                                          </locationsNotCovered>
                                                                                            <locationsNotCovered>
                                                                                              <column>0</column>
                                                                                              <line>96</line>
                                                                                              <numExecutions>0</numExecutions>
                                                                                              <time>-1.0</time>
                                                                                          </locationsNotCovered>
                                                                                            <locationsNotCovered>
                                                                                              <column>0</column>
                                                                                              <line>111</line>
                                                                                              <numExecutions>0</numExecutions>
                                                                                              <time>-1.0</time>
                                                                                          </locationsNotCovered>
                                                                                            <locationsNotCovered>
                                                                                              <column>0</column>
                                                                                              <line>112</line>
                                                                                              <numExecutions>0</numExecutions>
                                                                                              <time>-1.0</time>
                                                                                          </locationsNotCovered>
                                                                                            <locationsNotCovered>
                                                                                              <column>0</column>
                                                                                              <line>131</line>
                                                                                              <numExecutions>0</numExecutions>
                                                                                              <time>-1.0</time>
                                                                                          </locationsNotCovered>
                                                                                            <locationsNotCovered>
                                                                                              <column>0</column>
                                                                                              <line>135</line>
                                                                                              <numExecutions>0</numExecutions>
                                                                                              <time>-1.0</time>
                                                                                          </locationsNotCovered>
                                                                                            <name>ConvertOpportunityToOrder</name>
                                                                                            <namespace xsi:nil="true"/>
                                                                                              <numLocations>87</numLocations>
                                                                                              <numLocationsNotCovered>11</numLocationsNotCovered>
                                                                                              <type>Class</type>
                                                                                          </codeCoverage>
                                                                                            <codeCoverage>
                                                                                              <id>01pD0000001IZaFIAW</id>
                                                                                              <locationsNotCovered>
                                                                                                <column>0</column>
                                                                                                <line>36</line>
                                                                                                <numExecutions>0</numExecutions>
                                                                                                <time>-1.0</time>
                                                                                            </locationsNotCovered>
                                                                                              <locationsNotCovered>
                                                                                                <column>0</column>
                                                                                                <line>41</line>
                                                                                                <numExecutions>0</numExecutions>
                                                                                                <time>-1.0</time>
                                                                                            </locationsNotCovered>
                                                                                              <locationsNotCovered>
                                                                                                <column>0</column>
                                                                                                <line>61</line>
                                                                                                <numExecutions>0</numExecutions>
                                                                                                <time>-1.0</time>
                                                                                            </locationsNotCovered>
                                                                                              <locationsNotCovered>
                                                                                                <column>0</column>
                                                                                                <line>79</line>
                                                                                                <numExecutions>0</numExecutions>
                                                                                                <time>-1.0</time>
                                                                                            </locationsNotCovered>
                                                                                              <locationsNotCovered>
                                                                                                <column>0</column>
                                                                                                <line>80</line>
                                                                                                <numExecutions>0</numExecutions>
                                                                                                <time>-1.0</time>
                                                                                            </locationsNotCovered>
                                                                                              <locationsNotCovered>
                                                                                                <column>0</column>
                                                                                                <line>81</line>
                                                                                                <numExecutions>0</numExecutions>
                                                                                                <time>-1.0</time>
                                                                                            </locationsNotCovered>
                                                                                              <locationsNotCovered>
                                                                                                <column>0</column>
                                                                                                <line>82</line>
                                                                                                <numExecutions>0</numExecutions>
                                                                                                <time>-1.0</time>
                                                                                            </locationsNotCovered>
                                                                                              <locationsNotCovered>
                                                                                                <column>0</column>
                                                                                                <line>83</line>
                                                                                                <numExecutions>0</numExecutions>
                                                                                                <time>-1.0</time>
                                                                                            </locationsNotCovered>
                                                                                              <locationsNotCovered>
                                                                                                <column>0</column>
                                                                                                <line>84</line>
                                                                                                <numExecutions>0</numExecutions>
                                                                                                <time>-1.0</time>
                                                                                            </locationsNotCovered>
                                                                                              <locationsNotCovered>
                                                                                                <column>0</column>
                                                                                                <line>85</line>
                                                                                                <numExecutions>0</numExecutions>
                                                                                                <time>-1.0</time>
                                                                                            </locationsNotCovered>
                                                                                              <locationsNotCovered>
                                                                                                <column>0</column>
                                                                                                <line>86</line>
                                                                                                <numExecutions>0</numExecutions>
                                                                                                <time>-1.0</time>
                                                                                            </locationsNotCovered>
                                                                                              <locationsNotCovered>
                                                                                                <column>0</column>
                                                                                                <line>87</line>
                                                                                                <numExecutions>0</numExecutions>
                                                                                                <time>-1.0</time>
                                                                                            </locationsNotCovered>
                                                                                              <locationsNotCovered>
                                                                                                <column>0</column>
                                                                                                <line>158</line>
                                                                                                <numExecutions>0</numExecutions>
                                                                                                <time>-1.0</time>
                                                                                            </locationsNotCovered>
                                                                                              <locationsNotCovered>
                                                                                                <column>0</column>
                                                                                                <line>159</line>
                                                                                                <numExecutions>0</numExecutions>
                                                                                                <time>-1.0</time>
                                                                                            </locationsNotCovered>
                                                                                              <locationsNotCovered>
                                                                                                <column>0</column>
                                                                                                <line>160</line>
                                                                                                <numExecutions>0</numExecutions>
                                                                                                <time>-1.0</time>
                                                                                            </locationsNotCovered>
                                                                                              <locationsNotCovered>
                                                                                                <column>0</column>
                                                                                                <line>161</line>
                                                                                                <numExecutions>0</numExecutions>
                                                                                                <time>-1.0</time>
                                                                                            </locationsNotCovered>
                                                                                              <locationsNotCovered>
                                                                                                <column>0</column>
                                                                                                <line>162</line>
                                                                                                <numExecutions>0</numExecutions>
                                                                                                <time>-1.0</time>
                                                                                            </locationsNotCovered>
                                                                                              <locationsNotCovered>
                                                                                                <column>0</column>
                                                                                                <line>164</line>
                                                                                                <numExecutions>0</numExecutions>
                                                                                                <time>-1.0</time>
                                                                                            </locationsNotCovered>
                                                                                              <locationsNotCovered>
                                                                                                <column>0</column>
                                                                                                <line>166</line>
                                                                                                <numExecutions>0</numExecutions>
                                                                                                <time>-1.0</time>
                                                                                            </locationsNotCovered>
                                                                                              <locationsNotCovered>
                                                                                                <column>0</column>
                                                                                                <line>180</line>
                                                                                                <numExecutions>0</numExecutions>
                                                                                                <time>-1.0</time>
                                                                                            </locationsNotCovered>
                                                                                              <locationsNotCovered>
                                                                                                <column>0</column>
                                                                                                <line>181</line>
                                                                                                <numExecutions>0</numExecutions>
                                                                                                <time>-1.0</time>
                                                                                            </locationsNotCovered>
                                                                                              <locationsNotCovered>
                                                                                                <column>0</column>
                                                                                                <line>194</line>
                                                                                                <numExecutions>0</numExecutions>
                                                                                                <time>-1.0</time>
                                                                                            </locationsNotCovered>
                                                                                              <locationsNotCovered>
                                                                                                <column>0</column>
                                                                                                <line>195</line>
                                                                                                <numExecutions>0</numExecutions>
                                                                                                <time>-1.0</time>
                                                                                            </locationsNotCovered>
                                                                                              <locationsNotCovered>
                                                                                                <column>0</column>
                                                                                                <line>196</line>
                                                                                                <numExecutions>0</numExecutions>
                                                                                                <time>-1.0</time>
                                                                                            </locationsNotCovered>
                                                                                              <locationsNotCovered>
                                                                                                <column>0</column>
                                                                                                <line>197</line>
                                                                                                <numExecutions>0</numExecutions>
                                                                                                <time>-1.0</time>
                                                                                            </locationsNotCovered>
                                                                                              <locationsNotCovered>
                                                                                                <column>0</column>
                                                                                                <line>198</line>
                                                                                                <numExecutions>0</numExecutions>
                                                                                                <time>-1.0</time>
                                                                                            </locationsNotCovered>
                                                                                              <locationsNotCovered>
                                                                                                <column>0</column>
                                                                                                <line>199</line>
                                                                                                <numExecutions>0</numExecutions>
                                                                                                <time>-1.0</time>
                                                                                            </locationsNotCovered>
                                                                                              <locationsNotCovered>
                                                                                                <column>0</column>
                                                                                                <line>200</line>
                                                                                                <numExecutions>0</numExecutions>
                                                                                                <time>-1.0</time>
                                                                                            </locationsNotCovered>
                                                                                              <locationsNotCovered>
                                                                                                <column>0</column>
                                                                                                <line>202</line>
                                                                                                <numExecutions>0</numExecutions>
                                                                                                <time>-1.0</time>
                                                                                            </locationsNotCovered>
                                                                                              <locationsNotCovered>
                                                                                                <column>0</column>
                                                                                                <line>217</line>
                                                                                                <numExecutions>0</numExecutions>
                                                                                                <time>-1.0</time>
                                                                                            </locationsNotCovered>
                                                                                              <locationsNotCovered>
                                                                                                <column>0</column>
                                                                                                <line>219</line>
                                                                                                <numExecutions>0</numExecutions>
                                                                                                <time>-1.0</time>
                                                                                            </locationsNotCovered>
                                                                                              <locationsNotCovered>
                                                                                                <column>0</column>
                                                                                                <line>222</line>
                                                                                                <numExecutions>0</numExecutions>
                                                                                                <time>-1.0</time>
                                                                                            </locationsNotCovered>
                                                                                              <locationsNotCovered>
                                                                                                <column>0</column>
                                                                                                <line>223</line>
                                                                                                <numExecutions>0</numExecutions>
                                                                                                <time>-1.0</time>
                                                                                            </locationsNotCovered>
                                                                                              <locationsNotCovered>
                                                                                                <column>0</column>
                                                                                                <line>224</line>
                                                                                                <numExecutions>0</numExecutions>
                                                                                                <time>-1.0</time>
                                                                                            </locationsNotCovered>
                                                                                              <locationsNotCovered>
                                                                                                <column>0</column>
                                                                                                <line>225</line>
                                                                                                <numExecutions>0</numExecutions>
                                                                                                <time>-1.0</time>
                                                                                            </locationsNotCovered>
                                                                                              <locationsNotCovered>
                                                                                                <column>0</column>
                                                                                                <line>226</line>
                                                                                                <numExecutions>0</numExecutions>
                                                                                                <time>-1.0</time>
                                                                                            </locationsNotCovered>
                                                                                              <locationsNotCovered>
                                                                                                <column>0</column>
                                                                                                <line>227</line>
                                                                                                <numExecutions>0</numExecutions>
                                                                                                <time>-1.0</time>
                                                                                            </locationsNotCovered>
                                                                                              <locationsNotCovered>
                                                                                                <column>0</column>
                                                                                                <line>228</line>
                                                                                                <numExecutions>0</numExecutions>
                                                                                                <time>-1.0</time>
                                                                                            </locationsNotCovered>
                                                                                              <locationsNotCovered>
                                                                                                <column>0</column>
                                                                                                <line>230</line>
                                                                                                <numExecutions>0</numExecutions>
                                                                                                <time>-1.0</time>
                                                                                            </locationsNotCovered>
                                                                                              <locationsNotCovered>
                                                                                                <column>0</column>
                                                                                                <line>232</line>
                                                                                                <numExecutions>0</numExecutions>
                                                                                                <time>-1.0</time>
                                                                                            </locationsNotCovered>
                                                                                              <locationsNotCovered>
                                                                                                <column>0</column>
                                                                                                <line>273</line>
                                                                                                <numExecutions>0</numExecutions>
                                                                                                <time>-1.0</time>
                                                                                            </locationsNotCovered>
                                                                                              <locationsNotCovered>
                                                                                                <column>0</column>
                                                                                                <line>276</line>
                                                                                                <numExecutions>0</numExecutions>
                                                                                                <time>-1.0</time>
                                                                                            </locationsNotCovered>
                                                                                              <locationsNotCovered>
                                                                                                <column>0</column>
                                                                                                <line>289</line>
                                                                                                <numExecutions>0</numExecutions>
                                                                                                <time>-1.0</time>
                                                                                            </locationsNotCovered>
                                                                                              <locationsNotCovered>
                                                                                                <column>0</column>
                                                                                                <line>309</line>
                                                                                                <numExecutions>0</numExecutions>
                                                                                                <time>-1.0</time>
                                                                                            </locationsNotCovered>
                                                                                              <locationsNotCovered>
                                                                                                <column>0</column>
                                                                                                <line>312</line>
                                                                                                <numExecutions>0</numExecutions>
                                                                                                <time>-1.0</time>
                                                                                            </locationsNotCovered>
                                                                                              <locationsNotCovered>
                                                                                                <column>0</column>
                                                                                                <line>424</line>
                                                                                                <numExecutions>0</numExecutions>
                                                                                                <time>-1.0</time>
                                                                                            </locationsNotCovered>
                                                                                              <name>SelfServiceLeadConvertService</name>
                                                                                              <namespace xsi:nil="true"/>
                                                                                                <numLocations>327</numLocations>
                                                                                                <numLocationsNotCovered>46</numLocationsNotCovered>
                                                                                                <type>Class</type>
                                                                                            </codeCoverage>
                                                                                              <codeCoverage>
                                                                                                <id>01pD0000001IbE2IAK</id>
                                                                                                <locationsNotCovered>
                                                                                                  <column>0</column>
                                                                                                  <line>44</line>
                                                                                                  <numExecutions>0</numExecutions>
                                                                                                  <time>-1.0</time>
                                                                                              </locationsNotCovered>
                                                                                                <locationsNotCovered>
                                                                                                  <column>0</column>
                                                                                                  <line>58</line>
                                                                                                  <numExecutions>0</numExecutions>
                                                                                                  <time>-1.0</time>
                                                                                              </locationsNotCovered>
                                                                                                <locationsNotCovered>
                                                                                                  <column>0</column>
                                                                                                  <line>69</line>
                                                                                                  <numExecutions>0</numExecutions>
                                                                                                  <time>-1.0</time>
                                                                                              </locationsNotCovered>
                                                                                                <locationsNotCovered>
                                                                                                  <column>0</column>
                                                                                                  <line>71</line>
                                                                                                  <numExecutions>0</numExecutions>
                                                                                                  <time>-1.0</time>
                                                                                              </locationsNotCovered>
                                                                                                <name>OpportunityScheduleFixup</name>
                                                                                                <namespace xsi:nil="true"/>
                                                                                                  <numLocations>32</numLocations>
                                                                                                  <numLocationsNotCovered>4</numLocationsNotCovered>
                                                                                                  <type>Class</type>
                                                                                              </codeCoverage>
                                                                                                <codeCoverage>
                                                                                                  <id>01pL0000000M1mVIAS</id>
                                                                                                  <name>AccountTL_SyncToABMS</name>
                                                                                                  <namespace xsi:nil="true"/>
                                                                                                    <numLocations>16</numLocations>
                                                                                                    <numLocationsNotCovered>0</numLocationsNotCovered>
                                                                                                    <type>Class</type>
                                                                                                </codeCoverage>
                                                                                                  <codeCoverage>
                                                                                                    <id>01pL0000000E8VsIAK</id>
                                                                                                    <locationsNotCovered>
                                                                                                      <column>0</column>
                                                                                                      <line>268</line>
                                                                                                      <numExecutions>0</numExecutions>
                                                                                                      <time>-1.0</time>
                                                                                                  </locationsNotCovered>
                                                                                                    <name>XMLDom</name>
                                                                                                    <namespace>Zendesk</namespace>
                                                                                                    <numLocations>120</numLocations>
                                                                                                    <numLocationsNotCovered>1</numLocationsNotCovered>
                                                                                                    <type>Class</type>
                                                                                                </codeCoverage>
                                                                                                  <codeCoverage>
                                                                                                    <id>01qD0000000IMvzIAG</id>
                                                                                                    <name>OpportunityTrigger</name>
                                                                                                    <namespace xsi:nil="true"/>
                                                                                                      <numLocations>3</numLocations>
                                                                                                      <numLocationsNotCovered>0</numLocationsNotCovered>
                                                                                                      <type>Trigger</type>
                                                                                                  </codeCoverage>
                                                                                                    <codeCoverage>
                                                                                                      <id>01pL0000000E8VkIAK</id>
                                                                                                      <locationsNotCovered>
                                                                                                        <column>0</column>
                                                                                                        <line>12</line>
                                                                                                        <numExecutions>0</numExecutions>
                                                                                                        <time>-1.0</time>
                                                                                                    </locationsNotCovered>
                                                                                                      <locationsNotCovered>
                                                                                                        <column>0</column>
                                                                                                        <line>22</line>
                                                                                                        <numExecutions>0</numExecutions>
                                                                                                        <time>-1.0</time>
                                                                                                    </locationsNotCovered>
                                                                                                      <locationsNotCovered>
                                                                                                        <column>0</column>
                                                                                                        <line>23</line>
                                                                                                        <numExecutions>0</numExecutions>
                                                                                                        <time>-1.0</time>
                                                                                                    </locationsNotCovered>
                                                                                                      <locationsNotCovered>
                                                                                                        <column>0</column>
                                                                                                        <line>26</line>
                                                                                                        <numExecutions>0</numExecutions>
                                                                                                        <time>-1.0</time>
                                                                                                    </locationsNotCovered>
                                                                                                      <locationsNotCovered>
                                                                                                        <column>0</column>
                                                                                                        <line>31</line>
                                                                                                        <numExecutions>0</numExecutions>
                                                                                                        <time>-1.0</time>
                                                                                                    </locationsNotCovered>
                                                                                                      <locationsNotCovered>
                                                                                                        <column>0</column>
                                                                                                        <line>32</line>
                                                                                                        <numExecutions>0</numExecutions>
                                                                                                        <time>-1.0</time>
                                                                                                    </locationsNotCovered>
                                                                                                      <locationsNotCovered>
                                                                                                        <column>0</column>
                                                                                                        <line>35</line>
                                                                                                        <numExecutions>0</numExecutions>
                                                                                                        <time>-1.0</time>
                                                                                                    </locationsNotCovered>
                                                                                                      <locationsNotCovered>
                                                                                                        <column>0</column>
                                                                                                        <line>68</line>
                                                                                                        <numExecutions>0</numExecutions>
                                                                                                        <time>-1.0</time>
                                                                                                    </locationsNotCovered>
                                                                                                      <locationsNotCovered>
                                                                                                        <column>0</column>
                                                                                                        <line>190</line>
                                                                                                        <numExecutions>0</numExecutions>
                                                                                                        <time>-1.0</time>
                                                                                                    </locationsNotCovered>
                                                                                                      <locationsNotCovered>
                                                                                                        <column>0</column>
                                                                                                        <line>192</line>
                                                                                                        <numExecutions>0</numExecutions>
                                                                                                        <time>-1.0</time>
                                                                                                    </locationsNotCovered>
                                                                                                      <locationsNotCovered>
                                                                                                        <column>0</column>
                                                                                                        <line>226</line>
                                                                                                        <numExecutions>0</numExecutions>
                                                                                                        <time>-1.0</time>
                                                                                                    </locationsNotCovered>
                                                                                                      <locationsNotCovered>
                                                                                                        <column>0</column>
                                                                                                        <line>227</line>
                                                                                                        <numExecutions>0</numExecutions>
                                                                                                        <time>-1.0</time>
                                                                                                    </locationsNotCovered>
                                                                                                      <locationsNotCovered>
                                                                                                        <column>0</column>
                                                                                                        <line>232</line>
                                                                                                        <numExecutions>0</numExecutions>
                                                                                                        <time>-1.0</time>
                                                                                                    </locationsNotCovered>
                                                                                                      <locationsNotCovered>
                                                                                                        <column>0</column>
                                                                                                        <line>246</line>
                                                                                                        <numExecutions>0</numExecutions>
                                                                                                        <time>-1.0</time>
                                                                                                    </locationsNotCovered>
                                                                                                      <locationsNotCovered>
                                                                                                        <column>0</column>
                                                                                                        <line>247</line>
                                                                                                        <numExecutions>0</numExecutions>
                                                                                                        <time>-1.0</time>
                                                                                                    </locationsNotCovered>
                                                                                                      <locationsNotCovered>
                                                                                                        <column>0</column>
                                                                                                        <line>248</line>
                                                                                                        <numExecutions>0</numExecutions>
                                                                                                        <time>-1.0</time>
                                                                                                    </locationsNotCovered>
                                                                                                      <locationsNotCovered>
                                                                                                        <column>0</column>
                                                                                                        <line>291</line>
                                                                                                        <numExecutions>0</numExecutions>
                                                                                                        <time>-1.0</time>
                                                                                                    </locationsNotCovered>
                                                                                                      <locationsNotCovered>
                                                                                                        <column>0</column>
                                                                                                        <line>292</line>
                                                                                                        <numExecutions>0</numExecutions>
                                                                                                        <time>-1.0</time>
                                                                                                    </locationsNotCovered>
                                                                                                      <locationsNotCovered>
                                                                                                        <column>0</column>
                                                                                                        <line>293</line>
                                                                                                        <numExecutions>0</numExecutions>
                                                                                                        <time>-1.0</time>
                                                                                                    </locationsNotCovered>
                                                                                                      <locationsNotCovered>
                                                                                                        <column>0</column>
                                                                                                        <line>294</line>
                                                                                                        <numExecutions>0</numExecutions>
                                                                                                        <time>-1.0</time>
                                                                                                    </locationsNotCovered>
                                                                                                      <locationsNotCovered>
                                                                                                        <column>0</column>
                                                                                                        <line>296</line>
                                                                                                        <numExecutions>0</numExecutions>
                                                                                                        <time>-1.0</time>
                                                                                                    </locationsNotCovered>
                                                                                                      <locationsNotCovered>
                                                                                                        <column>0</column>
                                                                                                        <line>298</line>
                                                                                                        <numExecutions>0</numExecutions>
                                                                                                        <time>-1.0</time>
                                                                                                    </locationsNotCovered>
                                                                                                      <locationsNotCovered>
                                                                                                        <column>0</column>
                                                                                                        <line>305</line>
                                                                                                        <numExecutions>0</numExecutions>
                                                                                                        <time>-1.0</time>
                                                                                                    </locationsNotCovered>
                                                                                                      <locationsNotCovered>
                                                                                                        <column>0</column>
                                                                                                        <line>309</line>
                                                                                                        <numExecutions>0</numExecutions>
                                                                                                        <time>-1.0</time>
                                                                                                    </locationsNotCovered>
                                                                                                      <locationsNotCovered>
                                                                                                        <column>0</column>
                                                                                                        <line>311</line>
                                                                                                        <numExecutions>0</numExecutions>
                                                                                                        <time>-1.0</time>
                                                                                                    </locationsNotCovered>
                                                                                                      <name>PostInstallScriptForMultipleDomains</name>
                                                                                                      <namespace>Zendesk</namespace>
                                                                                                      <numLocations>214</numLocations>
                                                                                                      <numLocationsNotCovered>25</numLocationsNotCovered>
                                                                                                      <type>Class</type>
                                                                                                  </codeCoverage>
                                                                                                    <codeCoverage>
                                                                                                      <id>01pL0000000E8VvIAK</id>
                                                                                                      <locationsNotCovered>
                                                                                                        <column>0</column>
                                                                                                        <line>23</line>
                                                                                                        <numExecutions>0</numExecutions>
                                                                                                        <time>-1.0</time>
                                                                                                    </locationsNotCovered>
                                                                                                      <locationsNotCovered>
                                                                                                        <column>0</column>
                                                                                                        <line>37</line>
                                                                                                        <numExecutions>0</numExecutions>
                                                                                                        <time>-1.0</time>
                                                                                                    </locationsNotCovered>
                                                                                                      <locationsNotCovered>
                                                                                                        <column>0</column>
                                                                                                        <line>53</line>
                                                                                                        <numExecutions>0</numExecutions>
                                                                                                        <time>-1.0</time>
                                                                                                    </locationsNotCovered>
                                                                                                      <locationsNotCovered>
                                                                                                        <column>0</column>
                                                                                                        <line>65</line>
                                                                                                        <numExecutions>0</numExecutions>
                                                                                                        <time>-1.0</time>
                                                                                                    </locationsNotCovered>
                                                                                                      <locationsNotCovered>
                                                                                                        <column>0</column>
                                                                                                        <line>81</line>
                                                                                                        <numExecutions>0</numExecutions>
                                                                                                        <time>-1.0</time>
                                                                                                    </locationsNotCovered>
                                                                                                      <locationsNotCovered>
                                                                                                        <column>0</column>
                                                                                                        <line>90</line>
                                                                                                        <numExecutions>0</numExecutions>
                                                                                                        <time>-1.0</time>
                                                                                                    </locationsNotCovered>
                                                                                                      <locationsNotCovered>
                                                                                                        <column>0</column>
                                                                                                        <line>97</line>
                                                                                                        <numExecutions>0</numExecutions>
                                                                                                        <time>-1.0</time>
                                                                                                    </locationsNotCovered>
                                                                                                      <locationsNotCovered>
                                                                                                        <column>0</column>
                                                                                                        <line>100</line>
                                                                                                        <numExecutions>0</numExecutions>
                                                                                                        <time>-1.0</time>
                                                                                                    </locationsNotCovered>
                                                                                                      <locationsNotCovered>
                                                                                                        <column>0</column>
                                                                                                        <line>109</line>
                                                                                                        <numExecutions>0</numExecutions>
                                                                                                        <time>-1.0</time>
                                                                                                    </locationsNotCovered>
                                                                                                      <locationsNotCovered>
                                                                                                        <column>0</column>
                                                                                                        <line>118</line>
                                                                                                        <numExecutions>0</numExecutions>
                                                                                                        <time>-1.0</time>
                                                                                                    </locationsNotCovered>
                                                                                                      <locationsNotCovered>
                                                                                                        <column>0</column>
                                                                                                        <line>119</line>
                                                                                                        <numExecutions>0</numExecutions>
                                                                                                        <time>-1.0</time>
                                                                                                    </locationsNotCovered>
                                                                                                      <locationsNotCovered>
                                                                                                        <column>0</column>
                                                                                                        <line>120</line>
                                                                                                        <numExecutions>0</numExecutions>
                                                                                                        <time>-1.0</time>
                                                                                                    </locationsNotCovered>
                                                                                                      <locationsNotCovered>
                                                                                                        <column>0</column>
                                                                                                        <line>137</line>
                                                                                                        <numExecutions>0</numExecutions>
                                                                                                        <time>-1.0</time>
                                                                                                    </locationsNotCovered>
                                                                                                      <locationsNotCovered>
                                                                                                        <column>0</column>
                                                                                                        <line>138</line>
                                                                                                        <numExecutions>0</numExecutions>
                                                                                                        <time>-1.0</time>
                                                                                                    </locationsNotCovered>
                                                                                                      <locationsNotCovered>
                                                                                                        <column>0</column>
                                                                                                        <line>139</line>
                                                                                                        <numExecutions>0</numExecutions>
                                                                                                        <time>-1.0</time>
                                                                                                    </locationsNotCovered>
                                                                                                      <locationsNotCovered>
                                                                                                        <column>0</column>
                                                                                                        <line>140</line>
                                                                                                        <numExecutions>0</numExecutions>
                                                                                                        <time>-1.0</time>
                                                                                                    </locationsNotCovered>
                                                                                                      <locationsNotCovered>
                                                                                                        <column>0</column>
                                                                                                        <line>141</line>
                                                                                                        <numExecutions>0</numExecutions>
                                                                                                        <time>-1.0</time>
                                                                                                    </locationsNotCovered>
                                                                                                      <locationsNotCovered>
                                                                                                        <column>0</column>
                                                                                                        <line>143</line>
                                                                                                        <numExecutions>0</numExecutions>
                                                                                                        <time>-1.0</time>
                                                                                                    </locationsNotCovered>
                                                                                                      <locationsNotCovered>
                                                                                                        <column>0</column>
                                                                                                        <line>147</line>
                                                                                                        <numExecutions>0</numExecutions>
                                                                                                        <time>-1.0</time>
                                                                                                    </locationsNotCovered>
                                                                                                      <locationsNotCovered>
                                                                                                        <column>0</column>
                                                                                                        <line>148</line>
                                                                                                        <numExecutions>0</numExecutions>
                                                                                                        <time>-1.0</time>
                                                                                                    </locationsNotCovered>
                                                                                                      <locationsNotCovered>
                                                                                                        <column>0</column>
                                                                                                        <line>151</line>
                                                                                                        <numExecutions>0</numExecutions>
                                                                                                        <time>-1.0</time>
                                                                                                    </locationsNotCovered>
                                                                                                      <locationsNotCovered>
                                                                                                        <column>0</column>
                                                                                                        <line>152</line>
                                                                                                        <numExecutions>0</numExecutions>
                                                                                                        <time>-1.0</time>
                                                                                                    </locationsNotCovered>
                                                                                                      <locationsNotCovered>
                                                                                                        <column>0</column>
                                                                                                        <line>153</line>
                                                                                                        <numExecutions>0</numExecutions>
                                                                                                        <time>-1.0</time>
                                                                                                    </locationsNotCovered>
                                                                                                      <locationsNotCovered>
                                                                                                        <column>0</column>
                                                                                                        <line>154</line>
                                                                                                        <numExecutions>0</numExecutions>
                                                                                                        <time>-1.0</time>
                                                                                                    </locationsNotCovered>
                                                                                                      <locationsNotCovered>
                                                                                                        <column>0</column>
                                                                                                        <line>155</line>
                                                                                                        <numExecutions>0</numExecutions>
                                                                                                        <time>-1.0</time>
                                                                                                    </locationsNotCovered>
                                                                                                      <locationsNotCovered>
                                                                                                        <column>0</column>
                                                                                                        <line>156</line>
                                                                                                        <numExecutions>0</numExecutions>
                                                                                                        <time>-1.0</time>
                                                                                                    </locationsNotCovered>
                                                                                                      <locationsNotCovered>
                                                                                                        <column>0</column>
                                                                                                        <line>157</line>
                                                                                                        <numExecutions>0</numExecutions>
                                                                                                        <time>-1.0</time>
                                                                                                    </locationsNotCovered>
                                                                                                      <locationsNotCovered>
                                                                                                        <column>0</column>
                                                                                                        <line>160</line>
                                                                                                        <numExecutions>0</numExecutions>
                                                                                                        <time>-1.0</time>
                                                                                                    </locationsNotCovered>
                                                                                                      <locationsNotCovered>
                                                                                                        <column>0</column>
                                                                                                        <line>163</line>
                                                                                                        <numExecutions>0</numExecutions>
                                                                                                        <time>-1.0</time>
                                                                                                    </locationsNotCovered>
                                                                                                      <locationsNotCovered>
                                                                                                        <column>0</column>
                                                                                                        <line>164</line>
                                                                                                        <numExecutions>0</numExecutions>
                                                                                                        <time>-1.0</time>
                                                                                                    </locationsNotCovered>
                                                                                                      <locationsNotCovered>
                                                                                                        <column>0</column>
                                                                                                        <line>166</line>
                                                                                                        <numExecutions>0</numExecutions>
                                                                                                        <time>-1.0</time>
                                                                                                    </locationsNotCovered>
                                                                                                      <locationsNotCovered>
                                                                                                        <column>0</column>
                                                                                                        <line>168</line>
                                                                                                        <numExecutions>0</numExecutions>
                                                                                                        <time>-1.0</time>
                                                                                                    </locationsNotCovered>
                                                                                                      <locationsNotCovered>
                                                                                                        <column>0</column>
                                                                                                        <line>171</line>
                                                                                                        <numExecutions>0</numExecutions>
                                                                                                        <time>-1.0</time>
                                                                                                    </locationsNotCovered>
                                                                                                      <locationsNotCovered>
                                                                                                        <column>0</column>
                                                                                                        <line>235</line>
                                                                                                        <numExecutions>0</numExecutions>
                                                                                                        <time>-1.0</time>
                                                                                                    </locationsNotCovered>
                                                                                                      <locationsNotCovered>
                                                                                                        <column>0</column>
                                                                                                        <line>236</line>
                                                                                                        <numExecutions>0</numExecutions>
                                                                                                        <time>-1.0</time>
                                                                                                    </locationsNotCovered>
                                                                                                      <locationsNotCovered>
                                                                                                        <column>0</column>
                                                                                                        <line>237</line>
                                                                                                        <numExecutions>0</numExecutions>
                                                                                                        <time>-1.0</time>
                                                                                                    </locationsNotCovered>
                                                                                                      <locationsNotCovered>
                                                                                                        <column>0</column>
                                                                                                        <line>251</line>
                                                                                                        <numExecutions>0</numExecutions>
                                                                                                        <time>-1.0</time>
                                                                                                    </locationsNotCovered>
                                                                                                      <locationsNotCovered>
                                                                                                        <column>0</column>
                                                                                                        <line>256</line>
                                                                                                        <numExecutions>0</numExecutions>
                                                                                                        <time>-1.0</time>
                                                                                                    </locationsNotCovered>
                                                                                                      <locationsNotCovered>
                                                                                                        <column>0</column>
                                                                                                        <line>257</line>
                                                                                                        <numExecutions>0</numExecutions>
                                                                                                        <time>-1.0</time>
                                                                                                    </locationsNotCovered>
                                                                                                      <locationsNotCovered>
                                                                                                        <column>0</column>
                                                                                                        <line>258</line>
                                                                                                        <numExecutions>0</numExecutions>
                                                                                                        <time>-1.0</time>
                                                                                                    </locationsNotCovered>
                                                                                                      <locationsNotCovered>
                                                                                                        <column>0</column>
                                                                                                        <line>259</line>
                                                                                                        <numExecutions>0</numExecutions>
                                                                                                        <time>-1.0</time>
                                                                                                    </locationsNotCovered>
                                                                                                      <locationsNotCovered>
                                                                                                        <column>0</column>
                                                                                                        <line>298</line>
                                                                                                        <numExecutions>0</numExecutions>
                                                                                                        <time>-1.0</time>
                                                                                                    </locationsNotCovered>
                                                                                                      <locationsNotCovered>
                                                                                                        <column>0</column>
                                                                                                        <line>299</line>
                                                                                                        <numExecutions>0</numExecutions>
                                                                                                        <time>-1.0</time>
                                                                                                    </locationsNotCovered>
                                                                                                      <locationsNotCovered>
                                                                                                        <column>0</column>
                                                                                                        <line>304</line>
                                                                                                        <numExecutions>0</numExecutions>
                                                                                                        <time>-1.0</time>
                                                                                                    </locationsNotCovered>
                                                                                                      <locationsNotCovered>
                                                                                                        <column>0</column>
                                                                                                        <line>306</line>
                                                                                                        <numExecutions>0</numExecutions>
                                                                                                        <time>-1.0</time>
                                                                                                    </locationsNotCovered>
                                                                                                      <locationsNotCovered>
                                                                                                        <column>0</column>
                                                                                                        <line>307</line>
                                                                                                        <numExecutions>0</numExecutions>
                                                                                                        <time>-1.0</time>
                                                                                                    </locationsNotCovered>
                                                                                                      <locationsNotCovered>
                                                                                                        <column>0</column>
                                                                                                        <line>309</line>
                                                                                                        <numExecutions>0</numExecutions>
                                                                                                        <time>-1.0</time>
                                                                                                    </locationsNotCovered>
                                                                                                      <locationsNotCovered>
                                                                                                        <column>0</column>
                                                                                                        <line>339</line>
                                                                                                        <numExecutions>0</numExecutions>
                                                                                                        <time>-1.0</time>
                                                                                                    </locationsNotCovered>
                                                                                                      <locationsNotCovered>
                                                                                                        <column>0</column>
                                                                                                        <line>340</line>
                                                                                                        <numExecutions>0</numExecutions>
                                                                                                        <time>-1.0</time>
                                                                                                    </locationsNotCovered>
                                                                                                      <locationsNotCovered>
                                                                                                        <column>0</column>
                                                                                                        <line>342</line>
                                                                                                        <numExecutions>0</numExecutions>
                                                                                                        <time>-1.0</time>
                                                                                                    </locationsNotCovered>
                                                                                                      <locationsNotCovered>
                                                                                                        <column>0</column>
                                                                                                        <line>343</line>
                                                                                                        <numExecutions>0</numExecutions>
                                                                                                        <time>-1.0</time>
                                                                                                    </locationsNotCovered>
                                                                                                      <locationsNotCovered>
                                                                                                        <column>0</column>
                                                                                                        <line>344</line>
                                                                                                        <numExecutions>0</numExecutions>
                                                                                                        <time>-1.0</time>
                                                                                                    </locationsNotCovered>
                                                                                                      <locationsNotCovered>
                                                                                                        <column>0</column>
                                                                                                        <line>345</line>
                                                                                                        <numExecutions>0</numExecutions>
                                                                                                        <time>-1.0</time>
                                                                                                    </locationsNotCovered>
                                                                                                      <locationsNotCovered>
                                                                                                        <column>0</column>
                                                                                                        <line>346</line>
                                                                                                        <numExecutions>0</numExecutions>
                                                                                                        <time>-1.0</time>
                                                                                                    </locationsNotCovered>
                                                                                                      <locationsNotCovered>
                                                                                                        <column>0</column>
                                                                                                        <line>347</line>
                                                                                                        <numExecutions>0</numExecutions>
                                                                                                        <time>-1.0</time>
                                                                                                    </locationsNotCovered>
                                                                                                      <locationsNotCovered>
                                                                                                        <column>0</column>
                                                                                                        <line>350</line>
                                                                                                        <numExecutions>0</numExecutions>
                                                                                                        <time>-1.0</time>
                                                                                                    </locationsNotCovered>
                                                                                                      <locationsNotCovered>
                                                                                                        <column>0</column>
                                                                                                        <line>351</line>
                                                                                                        <numExecutions>0</numExecutions>
                                                                                                        <time>-1.0</time>
                                                                                                    </locationsNotCovered>
                                                                                                      <locationsNotCovered>
                                                                                                        <column>0</column>
                                                                                                        <line>352</line>
                                                                                                        <numExecutions>0</numExecutions>
                                                                                                        <time>-1.0</time>
                                                                                                    </locationsNotCovered>
                                                                                                      <locationsNotCovered>
                                                                                                        <column>0</column>
                                                                                                        <line>353</line>
                                                                                                        <numExecutions>0</numExecutions>
                                                                                                        <time>-1.0</time>
                                                                                                    </locationsNotCovered>
                                                                                                      <locationsNotCovered>
                                                                                                        <column>0</column>
                                                                                                        <line>354</line>
                                                                                                        <numExecutions>0</numExecutions>
                                                                                                        <time>-1.0</time>
                                                                                                    </locationsNotCovered>
                                                                                                      <locationsNotCovered>
                                                                                                        <column>0</column>
                                                                                                        <line>355</line>
                                                                                                        <numExecutions>0</numExecutions>
                                                                                                        <time>-1.0</time>
                                                                                                    </locationsNotCovered>
                                                                                                      <locationsNotCovered>
                                                                                                        <column>0</column>
                                                                                                        <line>356</line>
                                                                                                        <numExecutions>0</numExecutions>
                                                                                                        <time>-1.0</time>
                                                                                                    </locationsNotCovered>
                                                                                                      <locationsNotCovered>
                                                                                                        <column>0</column>
                                                                                                        <line>361</line>
                                                                                                        <numExecutions>0</numExecutions>
                                                                                                        <time>-1.0</time>
                                                                                                    </locationsNotCovered>
                                                                                                      <locationsNotCovered>
                                                                                                        <column>0</column>
                                                                                                        <line>387</line>
                                                                                                        <numExecutions>0</numExecutions>
                                                                                                        <time>-1.0</time>
                                                                                                    </locationsNotCovered>
                                                                                                      <locationsNotCovered>
                                                                                                        <column>0</column>
                                                                                                        <line>399</line>
                                                                                                        <numExecutions>0</numExecutions>
                                                                                                        <time>-1.0</time>
                                                                                                    </locationsNotCovered>
                                                                                                      <locationsNotCovered>
                                                                                                        <column>0</column>
                                                                                                        <line>400</line>
                                                                                                        <numExecutions>0</numExecutions>
                                                                                                        <time>-1.0</time>
                                                                                                    </locationsNotCovered>
                                                                                                      <locationsNotCovered>
                                                                                                        <column>0</column>
                                                                                                        <line>403</line>
                                                                                                        <numExecutions>0</numExecutions>
                                                                                                        <time>-1.0</time>
                                                                                                    </locationsNotCovered>
                                                                                                      <locationsNotCovered>
                                                                                                        <column>0</column>
                                                                                                        <line>405</line>
                                                                                                        <numExecutions>0</numExecutions>
                                                                                                        <time>-1.0</time>
                                                                                                    </locationsNotCovered>
                                                                                                      <locationsNotCovered>
                                                                                                        <column>0</column>
                                                                                                        <line>406</line>
                                                                                                        <numExecutions>0</numExecutions>
                                                                                                        <time>-1.0</time>
                                                                                                    </locationsNotCovered>
                                                                                                      <locationsNotCovered>
                                                                                                        <column>0</column>
                                                                                                        <line>408</line>
                                                                                                        <numExecutions>0</numExecutions>
                                                                                                        <time>-1.0</time>
                                                                                                    </locationsNotCovered>
                                                                                                      <locationsNotCovered>
                                                                                                        <column>0</column>
                                                                                                        <line>410</line>
                                                                                                        <numExecutions>0</numExecutions>
                                                                                                        <time>-1.0</time>
                                                                                                    </locationsNotCovered>
                                                                                                      <locationsNotCovered>
                                                                                                        <column>0</column>
                                                                                                        <line>411</line>
                                                                                                        <numExecutions>0</numExecutions>
                                                                                                        <time>-1.0</time>
                                                                                                    </locationsNotCovered>
                                                                                                      <locationsNotCovered>
                                                                                                        <column>0</column>
                                                                                                        <line>412</line>
                                                                                                        <numExecutions>0</numExecutions>
                                                                                                        <time>-1.0</time>
                                                                                                    </locationsNotCovered>
                                                                                                      <locationsNotCovered>
                                                                                                        <column>0</column>
                                                                                                        <line>417</line>
                                                                                                        <numExecutions>0</numExecutions>
                                                                                                        <time>-1.0</time>
                                                                                                    </locationsNotCovered>
                                                                                                      <locationsNotCovered>
                                                                                                        <column>0</column>
                                                                                                        <line>418</line>
                                                                                                        <numExecutions>0</numExecutions>
                                                                                                        <time>-1.0</time>
                                                                                                    </locationsNotCovered>
                                                                                                      <locationsNotCovered>
                                                                                                        <column>0</column>
                                                                                                        <line>419</line>
                                                                                                        <numExecutions>0</numExecutions>
                                                                                                        <time>-1.0</time>
                                                                                                    </locationsNotCovered>
                                                                                                      <locationsNotCovered>
                                                                                                        <column>0</column>
                                                                                                        <line>422</line>
                                                                                                        <numExecutions>0</numExecutions>
                                                                                                        <time>-1.0</time>
                                                                                                    </locationsNotCovered>
                                                                                                      <locationsNotCovered>
                                                                                                        <column>0</column>
                                                                                                        <line>423</line>
                                                                                                        <numExecutions>0</numExecutions>
                                                                                                        <time>-1.0</time>
                                                                                                    </locationsNotCovered>
                                                                                                      <locationsNotCovered>
                                                                                                        <column>0</column>
                                                                                                        <line>424</line>
                                                                                                        <numExecutions>0</numExecutions>
                                                                                                        <time>-1.0</time>
                                                                                                    </locationsNotCovered>
                                                                                                      <locationsNotCovered>
                                                                                                        <column>0</column>
                                                                                                        <line>425</line>
                                                                                                        <numExecutions>0</numExecutions>
                                                                                                        <time>-1.0</time>
                                                                                                    </locationsNotCovered>
                                                                                                      <locationsNotCovered>
                                                                                                        <column>0</column>
                                                                                                        <line>430</line>
                                                                                                        <numExecutions>0</numExecutions>
                                                                                                        <time>-1.0</time>
                                                                                                    </locationsNotCovered>
                                                                                                      <locationsNotCovered>
                                                                                                        <column>0</column>
                                                                                                        <line>545</line>
                                                                                                        <numExecutions>0</numExecutions>
                                                                                                        <time>-1.0</time>
                                                                                                    </locationsNotCovered>
                                                                                                      <locationsNotCovered>
                                                                                                        <column>0</column>
                                                                                                        <line>546</line>
                                                                                                        <numExecutions>0</numExecutions>
                                                                                                        <time>-1.0</time>
                                                                                                    </locationsNotCovered>
                                                                                                      <locationsNotCovered>
                                                                                                        <column>0</column>
                                                                                                        <line>551</line>
                                                                                                        <numExecutions>0</numExecutions>
                                                                                                        <time>-1.0</time>
                                                                                                    </locationsNotCovered>
                                                                                                      <name>ZendeskApexRestAPI</name>
                                                                                                      <namespace>Zendesk</namespace>
                                                                                                      <numLocations>333</numLocations>
                                                                                                      <numLocationsNotCovered>84</numLocationsNotCovered>
                                                                                                      <type>Class</type>
                                                                                                  </codeCoverage>
                                                                                                    <codeCoverage>
                                                                                                      <id>01pD0000001IZa7IAG</id>
                                                                                                      <locationsNotCovered>
                                                                                                        <column>0</column>
                                                                                                        <line>25</line>
                                                                                                        <numExecutions>0</numExecutions>
                                                                                                        <time>-1.0</time>
                                                                                                    </locationsNotCovered>
                                                                                                      <locationsNotCovered>
                                                                                                        <column>0</column>
                                                                                                        <line>51</line>
                                                                                                        <numExecutions>0</numExecutions>
                                                                                                        <time>-1.0</time>
                                                                                                    </locationsNotCovered>
                                                                                                      <locationsNotCovered>
                                                                                                        <column>0</column>
                                                                                                        <line>53</line>
                                                                                                        <numExecutions>0</numExecutions>
                                                                                                        <time>-1.0</time>
                                                                                                    </locationsNotCovered>
                                                                                                      <locationsNotCovered>
                                                                                                        <column>0</column>
                                                                                                        <line>59</line>
                                                                                                        <numExecutions>0</numExecutions>
                                                                                                        <time>-1.0</time>
                                                                                                    </locationsNotCovered>
                                                                                                      <locationsNotCovered>
                                                                                                        <column>0</column>
                                                                                                        <line>79</line>
                                                                                                        <numExecutions>0</numExecutions>
                                                                                                        <time>-1.0</time>
                                                                                                    </locationsNotCovered>
                                                                                                      <locationsNotCovered>
                                                                                                        <column>0</column>
                                                                                                        <line>80</line>
                                                                                                        <numExecutions>0</numExecutions>
                                                                                                        <time>-1.0</time>
                                                                                                    </locationsNotCovered>
                                                                                                      <locationsNotCovered>
                                                                                                        <column>0</column>
                                                                                                        <line>82</line>
                                                                                                        <numExecutions>0</numExecutions>
                                                                                                        <time>-1.0</time>
                                                                                                    </locationsNotCovered>
                                                                                                      <locationsNotCovered>
                                                                                                        <column>0</column>
                                                                                                        <line>84</line>
                                                                                                        <numExecutions>0</numExecutions>
                                                                                                        <time>-1.0</time>
                                                                                                    </locationsNotCovered>
                                                                                                      <locationsNotCovered>
                                                                                                        <column>0</column>
                                                                                                        <line>86</line>
                                                                                                        <numExecutions>0</numExecutions>
                                                                                                        <time>-1.0</time>
                                                                                                    </locationsNotCovered>
                                                                                                      <locationsNotCovered>
                                                                                                        <column>0</column>
                                                                                                        <line>88</line>
                                                                                                        <numExecutions>0</numExecutions>
                                                                                                        <time>-1.0</time>
                                                                                                    </locationsNotCovered>
                                                                                                      <locationsNotCovered>
                                                                                                        <column>0</column>
                                                                                                        <line>89</line>
                                                                                                        <numExecutions>0</numExecutions>
                                                                                                        <time>-1.0</time>
                                                                                                    </locationsNotCovered>
                                                                                                      <locationsNotCovered>
                                                                                                        <column>0</column>
                                                                                                        <line>91</line>
                                                                                                        <numExecutions>0</numExecutions>
                                                                                                        <time>-1.0</time>
                                                                                                    </locationsNotCovered>
                                                                                                      <locationsNotCovered>
                                                                                                        <column>0</column>
                                                                                                        <line>92</line>
                                                                                                        <numExecutions>0</numExecutions>
                                                                                                        <time>-1.0</time>
                                                                                                    </locationsNotCovered>
                                                                                                      <locationsNotCovered>
                                                                                                        <column>0</column>
                                                                                                        <line>95</line>
                                                                                                        <numExecutions>0</numExecutions>
                                                                                                        <time>-1.0</time>
                                                                                                    </locationsNotCovered>
                                                                                                      <name>OpportunityTL_StageActions</name>
                                                                                                      <namespace xsi:nil="true"/>
                                                                                                        <numLocations>48</numLocations>
                                                                                                        <numLocationsNotCovered>14</numLocationsNotCovered>
                                                                                                        <type>Class</type>
                                                                                                    </codeCoverage>
                                                                                                      <codeCoverage>
                                                                                                        <id>01pL0000000Dv5AIAS</id>
                                                                                                        <locationsNotCovered>
                                                                                                          <column>0</column>
                                                                                                          <line>61</line>
                                                                                                          <numExecutions>0</numExecutions>
                                                                                                          <time>-1.0</time>
                                                                                                      </locationsNotCovered>
                                                                                                        <locationsNotCovered>
                                                                                                          <column>0</column>
                                                                                                          <line>62</line>
                                                                                                          <numExecutions>0</numExecutions>
                                                                                                          <time>-1.0</time>
                                                                                                      </locationsNotCovered>
                                                                                                        <locationsNotCovered>
                                                                                                          <column>0</column>
                                                                                                          <line>63</line>
                                                                                                          <numExecutions>0</numExecutions>
                                                                                                          <time>-1.0</time>
                                                                                                      </locationsNotCovered>
                                                                                                        <locationsNotCovered>
                                                                                                          <column>0</column>
                                                                                                          <line>64</line>
                                                                                                          <numExecutions>0</numExecutions>
                                                                                                          <time>-1.0</time>
                                                                                                      </locationsNotCovered>
                                                                                                        <locationsNotCovered>
                                                                                                          <column>0</column>
                                                                                                          <line>65</line>
                                                                                                          <numExecutions>0</numExecutions>
                                                                                                          <time>-1.0</time>
                                                                                                      </locationsNotCovered>
                                                                                                        <locationsNotCovered>
                                                                                                          <column>0</column>
                                                                                                          <line>66</line>
                                                                                                          <numExecutions>0</numExecutions>
                                                                                                          <time>-1.0</time>
                                                                                                      </locationsNotCovered>
                                                                                                        <name>ABMSIntegrationEndPoint</name>
                                                                                                        <namespace xsi:nil="true"/>
                                                                                                          <numLocations>33</numLocations>
                                                                                                          <numLocationsNotCovered>6</numLocationsNotCovered>
                                                                                                          <type>Class</type>
                                                                                                      </codeCoverage>
                                                                                                        <codeCoverage>
                                                                                                          <id>01pL0000000E8VcIAK</id>
                                                                                                          <locationsNotCovered>
                                                                                                            <column>0</column>
                                                                                                            <line>9</line>
                                                                                                            <numExecutions>0</numExecutions>
                                                                                                            <time>-1.0</time>
                                                                                                        </locationsNotCovered>
                                                                                                          <locationsNotCovered>
                                                                                                            <column>0</column>
                                                                                                            <line>10</line>
                                                                                                            <numExecutions>0</numExecutions>
                                                                                                            <time>-1.0</time>
                                                                                                        </locationsNotCovered>
                                                                                                          <locationsNotCovered>
                                                                                                            <column>0</column>
                                                                                                            <line>11</line>
                                                                                                            <numExecutions>0</numExecutions>
                                                                                                            <time>-1.0</time>
                                                                                                        </locationsNotCovered>
                                                                                                          <locationsNotCovered>
                                                                                                            <column>0</column>
                                                                                                            <line>12</line>
                                                                                                            <numExecutions>0</numExecutions>
                                                                                                            <time>-1.0</time>
                                                                                                        </locationsNotCovered>
                                                                                                          <locationsNotCovered>
                                                                                                            <column>0</column>
                                                                                                            <line>15</line>
                                                                                                            <numExecutions>0</numExecutions>
                                                                                                            <time>-1.0</time>
                                                                                                        </locationsNotCovered>
                                                                                                          <locationsNotCovered>
                                                                                                            <column>0</column>
                                                                                                            <line>16</line>
                                                                                                            <numExecutions>0</numExecutions>
                                                                                                            <time>-1.0</time>
                                                                                                        </locationsNotCovered>
                                                                                                          <name>CtrlZendeskOrgshedulableClass</name>
                                                                                                          <namespace>Zendesk</namespace>
                                                                                                          <numLocations>6</numLocations>
                                                                                                          <numLocationsNotCovered>6</numLocationsNotCovered>
                                                                                                          <type>Class</type>
                                                                                                      </codeCoverage>
                                                                                                        <codeCoverage>
                                                                                                          <id>01pD0000001IZZwIAO</id>
                                                                                                          <locationsNotCovered>
                                                                                                            <column>0</column>
                                                                                                            <line>21</line>
                                                                                                            <numExecutions>0</numExecutions>
                                                                                                            <time>-1.0</time>
                                                                                                        </locationsNotCovered>
                                                                                                          <locationsNotCovered>
                                                                                                            <column>0</column>
                                                                                                            <line>42</line>
                                                                                                            <numExecutions>0</numExecutions>
                                                                                                            <time>-1.0</time>
                                                                                                        </locationsNotCovered>
                                                                                                          <name>OpportunityLineItemTL_Cancel</name>
                                                                                                          <namespace xsi:nil="true"/>
                                                                                                            <numLocations>22</numLocations>
                                                                                                            <numLocationsNotCovered>2</numLocationsNotCovered>
                                                                                                            <type>Class</type>
                                                                                                        </codeCoverage>
                                                                                                          <codeCoverage>
                                                                                                            <id>01pL0000000E8WGIA0</id>
                                                                                                            <locationsNotCovered>
                                                                                                              <column>0</column>
                                                                                                              <line>64</line>
                                                                                                              <numExecutions>0</numExecutions>
                                                                                                              <time>-1.0</time>
                                                                                                          </locationsNotCovered>
                                                                                                            <locationsNotCovered>
                                                                                                              <column>0</column>
                                                                                                              <line>66</line>
                                                                                                              <numExecutions>0</numExecutions>
                                                                                                              <time>-1.0</time>
                                                                                                          </locationsNotCovered>
                                                                                                            <locationsNotCovered>
                                                                                                              <column>0</column>
                                                                                                              <line>67</line>
                                                                                                              <numExecutions>0</numExecutions>
                                                                                                              <time>-1.0</time>
                                                                                                          </locationsNotCovered>
                                                                                                            <locationsNotCovered>
                                                                                                              <column>0</column>
                                                                                                              <line>72</line>
                                                                                                              <numExecutions>0</numExecutions>
                                                                                                              <time>-1.0</time>
                                                                                                          </locationsNotCovered>
                                                                                                            <locationsNotCovered>
                                                                                                              <column>0</column>
                                                                                                              <line>102</line>
                                                                                                              <numExecutions>0</numExecutions>
                                                                                                              <time>-1.0</time>
                                                                                                          </locationsNotCovered>
                                                                                                            <locationsNotCovered>
                                                                                                              <column>0</column>
                                                                                                              <line>105</line>
                                                                                                              <numExecutions>0</numExecutions>
                                                                                                              <time>-1.0</time>
                                                                                                          </locationsNotCovered>
                                                                                                            <locationsNotCovered>
                                                                                                              <column>0</column>
                                                                                                              <line>142</line>
                                                                                                              <numExecutions>0</numExecutions>
                                                                                                              <time>-1.0</time>
                                                                                                          </locationsNotCovered>
                                                                                                            <locationsNotCovered>
                                                                                                              <column>0</column>
                                                                                                              <line>152</line>
                                                                                                              <numExecutions>0</numExecutions>
                                                                                                              <time>-1.0</time>
                                                                                                          </locationsNotCovered>
                                                                                                            <locationsNotCovered>
                                                                                                              <column>0</column>
                                                                                                              <line>155</line>
                                                                                                              <numExecutions>0</numExecutions>
                                                                                                              <time>-1.0</time>
                                                                                                          </locationsNotCovered>
                                                                                                            <locationsNotCovered>
                                                                                                              <column>0</column>
                                                                                                              <line>197</line>
                                                                                                              <numExecutions>0</numExecutions>
                                                                                                              <time>-1.0</time>
                                                                                                          </locationsNotCovered>
                                                                                                            <locationsNotCovered>
                                                                                                              <column>0</column>
                                                                                                              <line>198</line>
                                                                                                              <numExecutions>0</numExecutions>
                                                                                                              <time>-1.0</time>
                                                                                                          </locationsNotCovered>
                                                                                                            <locationsNotCovered>
                                                                                                              <column>0</column>
                                                                                                              <line>201</line>
                                                                                                              <numExecutions>0</numExecutions>
                                                                                                              <time>-1.0</time>
                                                                                                          </locationsNotCovered>
                                                                                                            <locationsNotCovered>
                                                                                                              <column>0</column>
                                                                                                              <line>210</line>
                                                                                                              <numExecutions>0</numExecutions>
                                                                                                              <time>-1.0</time>
                                                                                                          </locationsNotCovered>
                                                                                                            <locationsNotCovered>
                                                                                                              <column>0</column>
                                                                                                              <line>211</line>
                                                                                                              <numExecutions>0</numExecutions>
                                                                                                              <time>-1.0</time>
                                                                                                          </locationsNotCovered>
                                                                                                            <locationsNotCovered>
                                                                                                              <column>0</column>
                                                                                                              <line>239</line>
                                                                                                              <numExecutions>0</numExecutions>
                                                                                                              <time>-1.0</time>
                                                                                                          </locationsNotCovered>
                                                                                                            <locationsNotCovered>
                                                                                                              <column>0</column>
                                                                                                              <line>250</line>
                                                                                                              <numExecutions>0</numExecutions>
                                                                                                              <time>-1.0</time>
                                                                                                          </locationsNotCovered>
                                                                                                            <locationsNotCovered>
                                                                                                              <column>0</column>
                                                                                                              <line>253</line>
                                                                                                              <numExecutions>0</numExecutions>
                                                                                                              <time>-1.0</time>
                                                                                                          </locationsNotCovered>
                                                                                                            <locationsNotCovered>
                                                                                                              <column>0</column>
                                                                                                              <line>256</line>
                                                                                                              <numExecutions>0</numExecutions>
                                                                                                              <time>-1.0</time>
                                                                                                          </locationsNotCovered>
                                                                                                            <locationsNotCovered>
                                                                                                              <column>0</column>
                                                                                                              <line>257</line>
                                                                                                              <numExecutions>0</numExecutions>
                                                                                                              <time>-1.0</time>
                                                                                                          </locationsNotCovered>
                                                                                                            <locationsNotCovered>
                                                                                                              <column>0</column>
                                                                                                              <line>258</line>
                                                                                                              <numExecutions>0</numExecutions>
                                                                                                              <time>-1.0</time>
                                                                                                          </locationsNotCovered>
                                                                                                            <locationsNotCovered>
                                                                                                              <column>0</column>
                                                                                                              <line>260</line>
                                                                                                              <numExecutions>0</numExecutions>
                                                                                                              <time>-1.0</time>
                                                                                                          </locationsNotCovered>
                                                                                                            <locationsNotCovered>
                                                                                                              <column>0</column>
                                                                                                              <line>261</line>
                                                                                                              <numExecutions>0</numExecutions>
                                                                                                              <time>-1.0</time>
                                                                                                          </locationsNotCovered>
                                                                                                            <locationsNotCovered>
                                                                                                              <column>0</column>
                                                                                                              <line>284</line>
                                                                                                              <numExecutions>0</numExecutions>
                                                                                                              <time>-1.0</time>
                                                                                                          </locationsNotCovered>
                                                                                                            <locationsNotCovered>
                                                                                                              <column>0</column>
                                                                                                              <line>293</line>
                                                                                                              <numExecutions>0</numExecutions>
                                                                                                              <time>-1.0</time>
                                                                                                          </locationsNotCovered>
                                                                                                            <locationsNotCovered>
                                                                                                              <column>0</column>
                                                                                                              <line>295</line>
                                                                                                              <numExecutions>0</numExecutions>
                                                                                                              <time>-1.0</time>
                                                                                                          </locationsNotCovered>
                                                                                                            <locationsNotCovered>
                                                                                                              <column>0</column>
                                                                                                              <line>298</line>
                                                                                                              <numExecutions>0</numExecutions>
                                                                                                              <time>-1.0</time>
                                                                                                          </locationsNotCovered>
                                                                                                            <locationsNotCovered>
                                                                                                              <column>0</column>
                                                                                                              <line>312</line>
                                                                                                              <numExecutions>0</numExecutions>
                                                                                                              <time>-1.0</time>
                                                                                                          </locationsNotCovered>
                                                                                                            <locationsNotCovered>
                                                                                                              <column>0</column>
                                                                                                              <line>313</line>
                                                                                                              <numExecutions>0</numExecutions>
                                                                                                              <time>-1.0</time>
                                                                                                          </locationsNotCovered>
                                                                                                            <locationsNotCovered>
                                                                                                              <column>0</column>
                                                                                                              <line>314</line>
                                                                                                              <numExecutions>0</numExecutions>
                                                                                                              <time>-1.0</time>
                                                                                                          </locationsNotCovered>
                                                                                                            <locationsNotCovered>
                                                                                                              <column>0</column>
                                                                                                              <line>339</line>
                                                                                                              <numExecutions>0</numExecutions>
                                                                                                              <time>-1.0</time>
                                                                                                          </locationsNotCovered>
                                                                                                            <locationsNotCovered>
                                                                                                              <column>0</column>
                                                                                                              <line>370</line>
                                                                                                              <numExecutions>0</numExecutions>
                                                                                                              <time>-1.0</time>
                                                                                                          </locationsNotCovered>
                                                                                                            <locationsNotCovered>
                                                                                                              <column>0</column>
                                                                                                              <line>372</line>
                                                                                                              <numExecutions>0</numExecutions>
                                                                                                              <time>-1.0</time>
                                                                                                          </locationsNotCovered>
                                                                                                            <locationsNotCovered>
                                                                                                              <column>0</column>
                                                                                                              <line>373</line>
                                                                                                              <numExecutions>0</numExecutions>
                                                                                                              <time>-1.0</time>
                                                                                                          </locationsNotCovered>
                                                                                                            <locationsNotCovered>
                                                                                                              <column>0</column>
                                                                                                              <line>384</line>
                                                                                                              <numExecutions>0</numExecutions>
                                                                                                              <time>-1.0</time>
                                                                                                          </locationsNotCovered>
                                                                                                            <locationsNotCovered>
                                                                                                              <column>0</column>
                                                                                                              <line>396</line>
                                                                                                              <numExecutions>0</numExecutions>
                                                                                                              <time>-1.0</time>
                                                                                                          </locationsNotCovered>
                                                                                                            <locationsNotCovered>
                                                                                                              <column>0</column>
                                                                                                              <line>397</line>
                                                                                                              <numExecutions>0</numExecutions>
                                                                                                              <time>-1.0</time>
                                                                                                          </locationsNotCovered>
                                                                                                            <locationsNotCovered>
                                                                                                              <column>0</column>
                                                                                                              <line>399</line>
                                                                                                              <numExecutions>0</numExecutions>
                                                                                                              <time>-1.0</time>
                                                                                                          </locationsNotCovered>
                                                                                                            <locationsNotCovered>
                                                                                                              <column>0</column>
                                                                                                              <line>402</line>
                                                                                                              <numExecutions>0</numExecutions>
                                                                                                              <time>-1.0</time>
                                                                                                          </locationsNotCovered>
                                                                                                            <locationsNotCovered>
                                                                                                              <column>0</column>
                                                                                                              <line>403</line>
                                                                                                              <numExecutions>0</numExecutions>
                                                                                                              <time>-1.0</time>
                                                                                                          </locationsNotCovered>
                                                                                                            <locationsNotCovered>
                                                                                                              <column>0</column>
                                                                                                              <line>413</line>
                                                                                                              <numExecutions>0</numExecutions>
                                                                                                              <time>-1.0</time>
                                                                                                          </locationsNotCovered>
                                                                                                            <locationsNotCovered>
                                                                                                              <column>0</column>
                                                                                                              <line>414</line>
                                                                                                              <numExecutions>0</numExecutions>
                                                                                                              <time>-1.0</time>
                                                                                                          </locationsNotCovered>
                                                                                                            <locationsNotCovered>
                                                                                                              <column>0</column>
                                                                                                              <line>416</line>
                                                                                                              <numExecutions>0</numExecutions>
                                                                                                              <time>-1.0</time>
                                                                                                          </locationsNotCovered>
                                                                                                            <locationsNotCovered>
                                                                                                              <column>0</column>
                                                                                                              <line>427</line>
                                                                                                              <numExecutions>0</numExecutions>
                                                                                                              <time>-1.0</time>
                                                                                                          </locationsNotCovered>
                                                                                                            <locationsNotCovered>
                                                                                                              <column>0</column>
                                                                                                              <line>428</line>
                                                                                                              <numExecutions>0</numExecutions>
                                                                                                              <time>-1.0</time>
                                                                                                          </locationsNotCovered>
                                                                                                            <locationsNotCovered>
                                                                                                              <column>0</column>
                                                                                                              <line>430</line>
                                                                                                              <numExecutions>0</numExecutions>
                                                                                                              <time>-1.0</time>
                                                                                                          </locationsNotCovered>
                                                                                                            <locationsNotCovered>
                                                                                                              <column>0</column>
                                                                                                              <line>432</line>
                                                                                                              <numExecutions>0</numExecutions>
                                                                                                              <time>-1.0</time>
                                                                                                          </locationsNotCovered>
                                                                                                            <locationsNotCovered>
                                                                                                              <column>0</column>
                                                                                                              <line>436</line>
                                                                                                              <numExecutions>0</numExecutions>
                                                                                                              <time>-1.0</time>
                                                                                                          </locationsNotCovered>
                                                                                                            <locationsNotCovered>
                                                                                                              <column>0</column>
                                                                                                              <line>437</line>
                                                                                                              <numExecutions>0</numExecutions>
                                                                                                              <time>-1.0</time>
                                                                                                          </locationsNotCovered>
                                                                                                            <locationsNotCovered>
                                                                                                              <column>0</column>
                                                                                                              <line>438</line>
                                                                                                              <numExecutions>0</numExecutions>
                                                                                                              <time>-1.0</time>
                                                                                                          </locationsNotCovered>
                                                                                                            <locationsNotCovered>
                                                                                                              <column>0</column>
                                                                                                              <line>440</line>
                                                                                                              <numExecutions>0</numExecutions>
                                                                                                              <time>-1.0</time>
                                                                                                          </locationsNotCovered>
                                                                                                            <locationsNotCovered>
                                                                                                              <column>0</column>
                                                                                                              <line>441</line>
                                                                                                              <numExecutions>0</numExecutions>
                                                                                                              <time>-1.0</time>
                                                                                                          </locationsNotCovered>
                                                                                                            <locationsNotCovered>
                                                                                                              <column>0</column>
                                                                                                              <line>442</line>
                                                                                                              <numExecutions>0</numExecutions>
                                                                                                              <time>-1.0</time>
                                                                                                          </locationsNotCovered>
                                                                                                            <locationsNotCovered>
                                                                                                              <column>0</column>
                                                                                                              <line>444</line>
                                                                                                              <numExecutions>0</numExecutions>
                                                                                                              <time>-1.0</time>
                                                                                                          </locationsNotCovered>
                                                                                                            <locationsNotCovered>
                                                                                                              <column>0</column>
                                                                                                              <line>445</line>
                                                                                                              <numExecutions>0</numExecutions>
                                                                                                              <time>-1.0</time>
                                                                                                          </locationsNotCovered>
                                                                                                            <locationsNotCovered>
                                                                                                              <column>0</column>
                                                                                                              <line>447</line>
                                                                                                              <numExecutions>0</numExecutions>
                                                                                                              <time>-1.0</time>
                                                                                                          </locationsNotCovered>
                                                                                                            <locationsNotCovered>
                                                                                                              <column>0</column>
                                                                                                              <line>449</line>
                                                                                                              <numExecutions>0</numExecutions>
                                                                                                              <time>-1.0</time>
                                                                                                          </locationsNotCovered>
                                                                                                            <locationsNotCovered>
                                                                                                              <column>0</column>
                                                                                                              <line>454</line>
                                                                                                              <numExecutions>0</numExecutions>
                                                                                                              <time>-1.0</time>
                                                                                                          </locationsNotCovered>
                                                                                                            <locationsNotCovered>
                                                                                                              <column>0</column>
                                                                                                              <line>455</line>
                                                                                                              <numExecutions>0</numExecutions>
                                                                                                              <time>-1.0</time>
                                                                                                          </locationsNotCovered>
                                                                                                            <locationsNotCovered>
                                                                                                              <column>0</column>
                                                                                                              <line>456</line>
                                                                                                              <numExecutions>0</numExecutions>
                                                                                                              <time>-1.0</time>
                                                                                                          </locationsNotCovered>
                                                                                                            <locationsNotCovered>
                                                                                                              <column>0</column>
                                                                                                              <line>457</line>
                                                                                                              <numExecutions>0</numExecutions>
                                                                                                              <time>-1.0</time>
                                                                                                          </locationsNotCovered>
                                                                                                            <locationsNotCovered>
                                                                                                              <column>0</column>
                                                                                                              <line>458</line>
                                                                                                              <numExecutions>0</numExecutions>
                                                                                                              <time>-1.0</time>
                                                                                                          </locationsNotCovered>
                                                                                                            <locationsNotCovered>
                                                                                                              <column>0</column>
                                                                                                              <line>459</line>
                                                                                                              <numExecutions>0</numExecutions>
                                                                                                              <time>-1.0</time>
                                                                                                          </locationsNotCovered>
                                                                                                            <locationsNotCovered>
                                                                                                              <column>0</column>
                                                                                                              <line>461</line>
                                                                                                              <numExecutions>0</numExecutions>
                                                                                                              <time>-1.0</time>
                                                                                                          </locationsNotCovered>
                                                                                                            <locationsNotCovered>
                                                                                                              <column>0</column>
                                                                                                              <line>472</line>
                                                                                                              <numExecutions>0</numExecutions>
                                                                                                              <time>-1.0</time>
                                                                                                          </locationsNotCovered>
                                                                                                            <locationsNotCovered>
                                                                                                              <column>0</column>
                                                                                                              <line>474</line>
                                                                                                              <numExecutions>0</numExecutions>
                                                                                                              <time>-1.0</time>
                                                                                                          </locationsNotCovered>
                                                                                                            <locationsNotCovered>
                                                                                                              <column>0</column>
                                                                                                              <line>479</line>
                                                                                                              <numExecutions>0</numExecutions>
                                                                                                              <time>-1.0</time>
                                                                                                          </locationsNotCovered>
                                                                                                            <locationsNotCovered>
                                                                                                              <column>0</column>
                                                                                                              <line>481</line>
                                                                                                              <numExecutions>0</numExecutions>
                                                                                                              <time>-1.0</time>
                                                                                                          </locationsNotCovered>
                                                                                                            <locationsNotCovered>
                                                                                                              <column>0</column>
                                                                                                              <line>495</line>
                                                                                                              <numExecutions>0</numExecutions>
                                                                                                              <time>-1.0</time>
                                                                                                          </locationsNotCovered>
                                                                                                            <locationsNotCovered>
                                                                                                              <column>0</column>
                                                                                                              <line>496</line>
                                                                                                              <numExecutions>0</numExecutions>
                                                                                                              <time>-1.0</time>
                                                                                                          </locationsNotCovered>
                                                                                                            <locationsNotCovered>
                                                                                                              <column>0</column>
                                                                                                              <line>499</line>
                                                                                                              <numExecutions>0</numExecutions>
                                                                                                              <time>-1.0</time>
                                                                                                          </locationsNotCovered>
                                                                                                            <locationsNotCovered>
                                                                                                              <column>0</column>
                                                                                                              <line>515</line>
                                                                                                              <numExecutions>0</numExecutions>
                                                                                                              <time>-1.0</time>
                                                                                                          </locationsNotCovered>
                                                                                                            <locationsNotCovered>
                                                                                                              <column>0</column>
                                                                                                              <line>517</line>
                                                                                                              <numExecutions>0</numExecutions>
                                                                                                              <time>-1.0</time>
                                                                                                          </locationsNotCovered>
                                                                                                            <locationsNotCovered>
                                                                                                              <column>0</column>
                                                                                                              <line>525</line>
                                                                                                              <numExecutions>0</numExecutions>
                                                                                                              <time>-1.0</time>
                                                                                                          </locationsNotCovered>
                                                                                                            <locationsNotCovered>
                                                                                                              <column>0</column>
                                                                                                              <line>526</line>
                                                                                                              <numExecutions>0</numExecutions>
                                                                                                              <time>-1.0</time>
                                                                                                          </locationsNotCovered>
                                                                                                            <locationsNotCovered>
                                                                                                              <column>0</column>
                                                                                                              <line>529</line>
                                                                                                              <numExecutions>0</numExecutions>
                                                                                                              <time>-1.0</time>
                                                                                                          </locationsNotCovered>
                                                                                                            <locationsNotCovered>
                                                                                                              <column>0</column>
                                                                                                              <line>530</line>
                                                                                                              <numExecutions>0</numExecutions>
                                                                                                              <time>-1.0</time>
                                                                                                          </locationsNotCovered>
                                                                                                            <locationsNotCovered>
                                                                                                              <column>0</column>
                                                                                                              <line>535</line>
                                                                                                              <numExecutions>0</numExecutions>
                                                                                                              <time>-1.0</time>
                                                                                                          </locationsNotCovered>
                                                                                                            <locationsNotCovered>
                                                                                                              <column>0</column>
                                                                                                              <line>538</line>
                                                                                                              <numExecutions>0</numExecutions>
                                                                                                              <time>-1.0</time>
                                                                                                          </locationsNotCovered>
                                                                                                            <locationsNotCovered>
                                                                                                              <column>0</column>
                                                                                                              <line>540</line>
                                                                                                              <numExecutions>0</numExecutions>
                                                                                                              <time>-1.0</time>
                                                                                                          </locationsNotCovered>
                                                                                                            <locationsNotCovered>
                                                                                                              <column>0</column>
                                                                                                              <line>541</line>
                                                                                                              <numExecutions>0</numExecutions>
                                                                                                              <time>-1.0</time>
                                                                                                          </locationsNotCovered>
                                                                                                            <locationsNotCovered>
                                                                                                              <column>0</column>
                                                                                                              <line>542</line>
                                                                                                              <numExecutions>0</numExecutions>
                                                                                                              <time>-1.0</time>
                                                                                                          </locationsNotCovered>
                                                                                                            <locationsNotCovered>
                                                                                                              <column>0</column>
                                                                                                              <line>543</line>
                                                                                                              <numExecutions>0</numExecutions>
                                                                                                              <time>-1.0</time>
                                                                                                          </locationsNotCovered>
                                                                                                            <locationsNotCovered>
                                                                                                              <column>0</column>
                                                                                                              <line>544</line>
                                                                                                              <numExecutions>0</numExecutions>
                                                                                                              <time>-1.0</time>
                                                                                                          </locationsNotCovered>
                                                                                                            <locationsNotCovered>
                                                                                                              <column>0</column>
                                                                                                              <line>546</line>
                                                                                                              <numExecutions>0</numExecutions>
                                                                                                              <time>-1.0</time>
                                                                                                          </locationsNotCovered>
                                                                                                            <locationsNotCovered>
                                                                                                              <column>0</column>
                                                                                                              <line>548</line>
                                                                                                              <numExecutions>0</numExecutions>
                                                                                                              <time>-1.0</time>
                                                                                                          </locationsNotCovered>
                                                                                                            <locationsNotCovered>
                                                                                                              <column>0</column>
                                                                                                              <line>549</line>
                                                                                                              <numExecutions>0</numExecutions>
                                                                                                              <time>-1.0</time>
                                                                                                          </locationsNotCovered>
                                                                                                            <locationsNotCovered>
                                                                                                              <column>0</column>
                                                                                                              <line>551</line>
                                                                                                              <numExecutions>0</numExecutions>
                                                                                                              <time>-1.0</time>
                                                                                                          </locationsNotCovered>
                                                                                                            <locationsNotCovered>
                                                                                                              <column>0</column>
                                                                                                              <line>553</line>
                                                                                                              <numExecutions>0</numExecutions>
                                                                                                              <time>-1.0</time>
                                                                                                          </locationsNotCovered>
                                                                                                            <locationsNotCovered>
                                                                                                              <column>0</column>
                                                                                                              <line>554</line>
                                                                                                              <numExecutions>0</numExecutions>
                                                                                                              <time>-1.0</time>
                                                                                                          </locationsNotCovered>
                                                                                                            <locationsNotCovered>
                                                                                                              <column>0</column>
                                                                                                              <line>555</line>
                                                                                                              <numExecutions>0</numExecutions>
                                                                                                              <time>-1.0</time>
                                                                                                          </locationsNotCovered>
                                                                                                            <locationsNotCovered>
                                                                                                              <column>0</column>
                                                                                                              <line>558</line>
                                                                                                              <numExecutions>0</numExecutions>
                                                                                                              <time>-1.0</time>
                                                                                                          </locationsNotCovered>
                                                                                                            <locationsNotCovered>
                                                                                                              <column>0</column>
                                                                                                              <line>559</line>
                                                                                                              <numExecutions>0</numExecutions>
                                                                                                              <time>-1.0</time>
                                                                                                          </locationsNotCovered>
                                                                                                            <locationsNotCovered>
                                                                                                              <column>0</column>
                                                                                                              <line>560</line>
                                                                                                              <numExecutions>0</numExecutions>
                                                                                                              <time>-1.0</time>
                                                                                                          </locationsNotCovered>
                                                                                                            <locationsNotCovered>
                                                                                                              <column>0</column>
                                                                                                              <line>562</line>
                                                                                                              <numExecutions>0</numExecutions>
                                                                                                              <time>-1.0</time>
                                                                                                          </locationsNotCovered>
                                                                                                            <locationsNotCovered>
                                                                                                              <column>0</column>
                                                                                                              <line>563</line>
                                                                                                              <numExecutions>0</numExecutions>
                                                                                                              <time>-1.0</time>
                                                                                                          </locationsNotCovered>
                                                                                                            <locationsNotCovered>
                                                                                                              <column>0</column>
                                                                                                              <line>564</line>
                                                                                                              <numExecutions>0</numExecutions>
                                                                                                              <time>-1.0</time>
                                                                                                          </locationsNotCovered>
                                                                                                            <locationsNotCovered>
                                                                                                              <column>0</column>
                                                                                                              <line>565</line>
                                                                                                              <numExecutions>0</numExecutions>
                                                                                                              <time>-1.0</time>
                                                                                                          </locationsNotCovered>
                                                                                                            <locationsNotCovered>
                                                                                                              <column>0</column>
                                                                                                              <line>567</line>
                                                                                                              <numExecutions>0</numExecutions>
                                                                                                              <time>-1.0</time>
                                                                                                          </locationsNotCovered>
                                                                                                            <locationsNotCovered>
                                                                                                              <column>0</column>
                                                                                                              <line>583</line>
                                                                                                              <numExecutions>0</numExecutions>
                                                                                                              <time>-1.0</time>
                                                                                                          </locationsNotCovered>
                                                                                                            <locationsNotCovered>
                                                                                                              <column>0</column>
                                                                                                              <line>591</line>
                                                                                                              <numExecutions>0</numExecutions>
                                                                                                              <time>-1.0</time>
                                                                                                          </locationsNotCovered>
                                                                                                            <locationsNotCovered>
                                                                                                              <column>0</column>
                                                                                                              <line>594</line>
                                                                                                              <numExecutions>0</numExecutions>
                                                                                                              <time>-1.0</time>
                                                                                                          </locationsNotCovered>
                                                                                                            <locationsNotCovered>
                                                                                                              <column>0</column>
                                                                                                              <line>603</line>
                                                                                                              <numExecutions>0</numExecutions>
                                                                                                              <time>-1.0</time>
                                                                                                          </locationsNotCovered>
                                                                                                            <locationsNotCovered>
                                                                                                              <column>0</column>
                                                                                                              <line>625</line>
                                                                                                              <numExecutions>0</numExecutions>
                                                                                                              <time>-1.0</time>
                                                                                                          </locationsNotCovered>
                                                                                                            <locationsNotCovered>
                                                                                                              <column>0</column>
                                                                                                              <line>627</line>
                                                                                                              <numExecutions>0</numExecutions>
                                                                                                              <time>-1.0</time>
                                                                                                          </locationsNotCovered>
                                                                                                            <locationsNotCovered>
                                                                                                              <column>0</column>
                                                                                                              <line>631</line>
                                                                                                              <numExecutions>0</numExecutions>
                                                                                                              <time>-1.0</time>
                                                                                                          </locationsNotCovered>
                                                                                                            <locationsNotCovered>
                                                                                                              <column>0</column>
                                                                                                              <line>635</line>
                                                                                                              <numExecutions>0</numExecutions>
                                                                                                              <time>-1.0</time>
                                                                                                          </locationsNotCovered>
                                                                                                            <locationsNotCovered>
                                                                                                              <column>0</column>
                                                                                                              <line>640</line>
                                                                                                              <numExecutions>0</numExecutions>
                                                                                                              <time>-1.0</time>
                                                                                                          </locationsNotCovered>
                                                                                                            <locationsNotCovered>
                                                                                                              <column>0</column>
                                                                                                              <line>681</line>
                                                                                                              <numExecutions>0</numExecutions>
                                                                                                              <time>-1.0</time>
                                                                                                          </locationsNotCovered>
                                                                                                            <locationsNotCovered>
                                                                                                              <column>0</column>
                                                                                                              <line>684</line>
                                                                                                              <numExecutions>0</numExecutions>
                                                                                                              <time>-1.0</time>
                                                                                                          </locationsNotCovered>
                                                                                                            <locationsNotCovered>
                                                                                                              <column>0</column>
                                                                                                              <line>687</line>
                                                                                                              <numExecutions>0</numExecutions>
                                                                                                              <time>-1.0</time>
                                                                                                          </locationsNotCovered>
                                                                                                            <locationsNotCovered>
                                                                                                              <column>0</column>
                                                                                                              <line>705</line>
                                                                                                              <numExecutions>0</numExecutions>
                                                                                                              <time>-1.0</time>
                                                                                                          </locationsNotCovered>
                                                                                                            <locationsNotCovered>
                                                                                                              <column>0</column>
                                                                                                              <line>706</line>
                                                                                                              <numExecutions>0</numExecutions>
                                                                                                              <time>-1.0</time>
                                                                                                          </locationsNotCovered>
                                                                                                            <locationsNotCovered>
                                                                                                              <column>0</column>
                                                                                                              <line>707</line>
                                                                                                              <numExecutions>0</numExecutions>
                                                                                                              <time>-1.0</time>
                                                                                                          </locationsNotCovered>
                                                                                                            <locationsNotCovered>
                                                                                                              <column>0</column>
                                                                                                              <line>716</line>
                                                                                                              <numExecutions>0</numExecutions>
                                                                                                              <time>-1.0</time>
                                                                                                          </locationsNotCovered>
                                                                                                            <locationsNotCovered>
                                                                                                              <column>0</column>
                                                                                                              <line>717</line>
                                                                                                              <numExecutions>0</numExecutions>
                                                                                                              <time>-1.0</time>
                                                                                                          </locationsNotCovered>
                                                                                                            <locationsNotCovered>
                                                                                                              <column>0</column>
                                                                                                              <line>726</line>
                                                                                                              <numExecutions>0</numExecutions>
                                                                                                              <time>-1.0</time>
                                                                                                          </locationsNotCovered>
                                                                                                            <locationsNotCovered>
                                                                                                              <column>0</column>
                                                                                                              <line>728</line>
                                                                                                              <numExecutions>0</numExecutions>
                                                                                                              <time>-1.0</time>
                                                                                                          </locationsNotCovered>
                                                                                                            <locationsNotCovered>
                                                                                                              <column>0</column>
                                                                                                              <line>729</line>
                                                                                                              <numExecutions>0</numExecutions>
                                                                                                              <time>-1.0</time>
                                                                                                          </locationsNotCovered>
                                                                                                            <locationsNotCovered>
                                                                                                              <column>0</column>
                                                                                                              <line>731</line>
                                                                                                              <numExecutions>0</numExecutions>
                                                                                                              <time>-1.0</time>
                                                                                                          </locationsNotCovered>
                                                                                                            <locationsNotCovered>
                                                                                                              <column>0</column>
                                                                                                              <line>733</line>
                                                                                                              <numExecutions>0</numExecutions>
                                                                                                              <time>-1.0</time>
                                                                                                          </locationsNotCovered>
                                                                                                            <locationsNotCovered>
                                                                                                              <column>0</column>
                                                                                                              <line>734</line>
                                                                                                              <numExecutions>0</numExecutions>
                                                                                                              <time>-1.0</time>
                                                                                                          </locationsNotCovered>
                                                                                                            <locationsNotCovered>
                                                                                                              <column>0</column>
                                                                                                              <line>735</line>
                                                                                                              <numExecutions>0</numExecutions>
                                                                                                              <time>-1.0</time>
                                                                                                          </locationsNotCovered>
                                                                                                            <name>ZendeskSyncUsers</name>
                                                                                                            <namespace>Zendesk</namespace>
                                                                                                            <numLocations>395</numLocations>
                                                                                                            <numLocationsNotCovered>122</numLocationsNotCovered>
                                                                                                            <type>Class</type>
                                                                                                        </codeCoverage>
                                                                                                          <codeCoverage>
                                                                                                            <id>01qL00000008ifJIAQ</id>
                                                                                                            <name>OrderTrigger</name>
                                                                                                            <namespace xsi:nil="true"/>
                                                                                                              <numLocations>3</numLocations>
                                                                                                              <numLocationsNotCovered>0</numLocationsNotCovered>
                                                                                                              <type>Trigger</type>
                                                                                                          </codeCoverage>
                                                                                                            <codeCoverage>
                                                                                                              <id>01pL0000000EEnBIAW</id>
                                                                                                              <locationsNotCovered>
                                                                                                                <column>0</column>
                                                                                                                <line>10</line>
                                                                                                                <numExecutions>0</numExecutions>
                                                                                                                <time>-1.0</time>
                                                                                                            </locationsNotCovered>
                                                                                                              <locationsNotCovered>
                                                                                                                <column>0</column>
                                                                                                                <line>12</line>
                                                                                                                <numExecutions>0</numExecutions>
                                                                                                                <time>-1.0</time>
                                                                                                            </locationsNotCovered>
                                                                                                              <locationsNotCovered>
                                                                                                                <column>0</column>
                                                                                                                <line>13</line>
                                                                                                                <numExecutions>0</numExecutions>
                                                                                                                <time>-1.0</time>
                                                                                                            </locationsNotCovered>
                                                                                                              <locationsNotCovered>
                                                                                                                <column>0</column>
                                                                                                                <line>15</line>
                                                                                                                <numExecutions>0</numExecutions>
                                                                                                                <time>-1.0</time>
                                                                                                            </locationsNotCovered>
                                                                                                              <locationsNotCovered>
                                                                                                                <column>0</column>
                                                                                                                <line>21</line>
                                                                                                                <numExecutions>0</numExecutions>
                                                                                                                <time>-1.0</time>
                                                                                                            </locationsNotCovered>
                                                                                                              <locationsNotCovered>
                                                                                                                <column>0</column>
                                                                                                                <line>22</line>
                                                                                                                <numExecutions>0</numExecutions>
                                                                                                                <time>-1.0</time>
                                                                                                            </locationsNotCovered>
                                                                                                              <locationsNotCovered>
                                                                                                                <column>0</column>
                                                                                                                <line>23</line>
                                                                                                                <numExecutions>0</numExecutions>
                                                                                                                <time>-1.0</time>
                                                                                                            </locationsNotCovered>
                                                                                                              <locationsNotCovered>
                                                                                                                <column>0</column>
                                                                                                                <line>25</line>
                                                                                                                <numExecutions>0</numExecutions>
                                                                                                                <time>-1.0</time>
                                                                                                            </locationsNotCovered>
                                                                                                              <locationsNotCovered>
                                                                                                                <column>0</column>
                                                                                                                <line>31</line>
                                                                                                                <numExecutions>0</numExecutions>
                                                                                                                <time>-1.0</time>
                                                                                                            </locationsNotCovered>
                                                                                                              <locationsNotCovered>
                                                                                                                <column>0</column>
                                                                                                                <line>33</line>
                                                                                                                <numExecutions>0</numExecutions>
                                                                                                                <time>-1.0</time>
                                                                                                            </locationsNotCovered>
                                                                                                              <locationsNotCovered>
                                                                                                                <column>0</column>
                                                                                                                <line>34</line>
                                                                                                                <numExecutions>0</numExecutions>
                                                                                                                <time>-1.0</time>
                                                                                                            </locationsNotCovered>
                                                                                                              <locationsNotCovered>
                                                                                                                <column>0</column>
                                                                                                                <line>35</line>
                                                                                                                <numExecutions>0</numExecutions>
                                                                                                                <time>-1.0</time>
                                                                                                            </locationsNotCovered>
                                                                                                              <locationsNotCovered>
                                                                                                                <column>0</column>
                                                                                                                <line>36</line>
                                                                                                                <numExecutions>0</numExecutions>
                                                                                                                <time>-1.0</time>
                                                                                                            </locationsNotCovered>
                                                                                                              <locationsNotCovered>
                                                                                                                <column>0</column>
                                                                                                                <line>37</line>
                                                                                                                <numExecutions>0</numExecutions>
                                                                                                                <time>-1.0</time>
                                                                                                            </locationsNotCovered>
                                                                                                              <locationsNotCovered>
                                                                                                                <column>0</column>
                                                                                                                <line>41</line>
                                                                                                                <numExecutions>0</numExecutions>
                                                                                                                <time>-1.0</time>
                                                                                                            </locationsNotCovered>
                                                                                                              <locationsNotCovered>
                                                                                                                <column>0</column>
                                                                                                                <line>46</line>
                                                                                                                <numExecutions>0</numExecutions>
                                                                                                                <time>-1.0</time>
                                                                                                            </locationsNotCovered>
                                                                                                              <locationsNotCovered>
                                                                                                                <column>0</column>
                                                                                                                <line>47</line>
                                                                                                                <numExecutions>0</numExecutions>
                                                                                                                <time>-1.0</time>
                                                                                                            </locationsNotCovered>
                                                                                                              <locationsNotCovered>
                                                                                                                <column>0</column>
                                                                                                                <line>50</line>
                                                                                                                <numExecutions>0</numExecutions>
                                                                                                                <time>-1.0</time>
                                                                                                            </locationsNotCovered>
                                                                                                              <locationsNotCovered>
                                                                                                                <column>0</column>
                                                                                                                <line>51</line>
                                                                                                                <numExecutions>0</numExecutions>
                                                                                                                <time>-1.0</time>
                                                                                                            </locationsNotCovered>
                                                                                                              <locationsNotCovered>
                                                                                                                <column>0</column>
                                                                                                                <line>54</line>
                                                                                                                <numExecutions>0</numExecutions>
                                                                                                                <time>-1.0</time>
                                                                                                            </locationsNotCovered>
                                                                                                              <locationsNotCovered>
                                                                                                                <column>0</column>
                                                                                                                <line>55</line>
                                                                                                                <numExecutions>0</numExecutions>
                                                                                                                <time>-1.0</time>
                                                                                                            </locationsNotCovered>
                                                                                                              <locationsNotCovered>
                                                                                                                <column>0</column>
                                                                                                                <line>90</line>
                                                                                                                <numExecutions>0</numExecutions>
                                                                                                                <time>-1.0</time>
                                                                                                            </locationsNotCovered>
                                                                                                              <locationsNotCovered>
                                                                                                                <column>0</column>
                                                                                                                <line>93</line>
                                                                                                                <numExecutions>0</numExecutions>
                                                                                                                <time>-1.0</time>
                                                                                                            </locationsNotCovered>
                                                                                                              <locationsNotCovered>
                                                                                                                <column>0</column>
                                                                                                                <line>94</line>
                                                                                                                <numExecutions>0</numExecutions>
                                                                                                                <time>-1.0</time>
                                                                                                            </locationsNotCovered>
                                                                                                              <locationsNotCovered>
                                                                                                                <column>0</column>
                                                                                                                <line>96</line>
                                                                                                                <numExecutions>0</numExecutions>
                                                                                                                <time>-1.0</time>
                                                                                                            </locationsNotCovered>
                                                                                                              <locationsNotCovered>
                                                                                                                <column>0</column>
                                                                                                                <line>120</line>
                                                                                                                <numExecutions>0</numExecutions>
                                                                                                                <time>-1.0</time>
                                                                                                            </locationsNotCovered>
                                                                                                              <locationsNotCovered>
                                                                                                                <column>0</column>
                                                                                                                <line>122</line>
                                                                                                                <numExecutions>0</numExecutions>
                                                                                                                <time>-1.0</time>
                                                                                                            </locationsNotCovered>
                                                                                                              <locationsNotCovered>
                                                                                                                <column>0</column>
                                                                                                                <line>123</line>
                                                                                                                <numExecutions>0</numExecutions>
                                                                                                                <time>-1.0</time>
                                                                                                            </locationsNotCovered>
                                                                                                              <locationsNotCovered>
                                                                                                                <column>0</column>
                                                                                                                <line>124</line>
                                                                                                                <numExecutions>0</numExecutions>
                                                                                                                <time>-1.0</time>
                                                                                                            </locationsNotCovered>
                                                                                                              <locationsNotCovered>
                                                                                                                <column>0</column>
                                                                                                                <line>126</line>
                                                                                                                <numExecutions>0</numExecutions>
                                                                                                                <time>-1.0</time>
                                                                                                            </locationsNotCovered>
                                                                                                              <locationsNotCovered>
                                                                                                                <column>0</column>
                                                                                                                <line>127</line>
                                                                                                                <numExecutions>0</numExecutions>
                                                                                                                <time>-1.0</time>
                                                                                                            </locationsNotCovered>
                                                                                                              <locationsNotCovered>
                                                                                                                <column>0</column>
                                                                                                                <line>128</line>
                                                                                                                <numExecutions>0</numExecutions>
                                                                                                                <time>-1.0</time>
                                                                                                            </locationsNotCovered>
                                                                                                              <locationsNotCovered>
                                                                                                                <column>0</column>
                                                                                                                <line>132</line>
                                                                                                                <numExecutions>0</numExecutions>
                                                                                                                <time>-1.0</time>
                                                                                                            </locationsNotCovered>
                                                                                                              <locationsNotCovered>
                                                                                                                <column>0</column>
                                                                                                                <line>138</line>
                                                                                                                <numExecutions>0</numExecutions>
                                                                                                                <time>-1.0</time>
                                                                                                            </locationsNotCovered>
                                                                                                              <locationsNotCovered>
                                                                                                                <column>0</column>
                                                                                                                <line>139</line>
                                                                                                                <numExecutions>0</numExecutions>
                                                                                                                <time>-1.0</time>
                                                                                                            </locationsNotCovered>
                                                                                                              <locationsNotCovered>
                                                                                                                <column>0</column>
                                                                                                                <line>140</line>
                                                                                                                <numExecutions>0</numExecutions>
                                                                                                                <time>-1.0</time>
                                                                                                            </locationsNotCovered>
                                                                                                              <locationsNotCovered>
                                                                                                                <column>0</column>
                                                                                                                <line>141</line>
                                                                                                                <numExecutions>0</numExecutions>
                                                                                                                <time>-1.0</time>
                                                                                                            </locationsNotCovered>
                                                                                                              <locationsNotCovered>
                                                                                                                <column>0</column>
                                                                                                                <line>142</line>
                                                                                                                <numExecutions>0</numExecutions>
                                                                                                                <time>-1.0</time>
                                                                                                            </locationsNotCovered>
                                                                                                              <locationsNotCovered>
                                                                                                                <column>0</column>
                                                                                                                <line>143</line>
                                                                                                                <numExecutions>0</numExecutions>
                                                                                                                <time>-1.0</time>
                                                                                                            </locationsNotCovered>
                                                                                                              <locationsNotCovered>
                                                                                                                <column>0</column>
                                                                                                                <line>144</line>
                                                                                                                <numExecutions>0</numExecutions>
                                                                                                                <time>-1.0</time>
                                                                                                            </locationsNotCovered>
                                                                                                              <locationsNotCovered>
                                                                                                                <column>0</column>
                                                                                                                <line>145</line>
                                                                                                                <numExecutions>0</numExecutions>
                                                                                                                <time>-1.0</time>
                                                                                                            </locationsNotCovered>
                                                                                                              <locationsNotCovered>
                                                                                                                <column>0</column>
                                                                                                                <line>146</line>
                                                                                                                <numExecutions>0</numExecutions>
                                                                                                                <time>-1.0</time>
                                                                                                            </locationsNotCovered>
                                                                                                              <locationsNotCovered>
                                                                                                                <column>0</column>
                                                                                                                <line>147</line>
                                                                                                                <numExecutions>0</numExecutions>
                                                                                                                <time>-1.0</time>
                                                                                                            </locationsNotCovered>
                                                                                                              <locationsNotCovered>
                                                                                                                <column>0</column>
                                                                                                                <line>150</line>
                                                                                                                <numExecutions>0</numExecutions>
                                                                                                                <time>-1.0</time>
                                                                                                            </locationsNotCovered>
                                                                                                              <locationsNotCovered>
                                                                                                                <column>0</column>
                                                                                                                <line>151</line>
                                                                                                                <numExecutions>0</numExecutions>
                                                                                                                <time>-1.0</time>
                                                                                                            </locationsNotCovered>
                                                                                                              <locationsNotCovered>
                                                                                                                <column>0</column>
                                                                                                                <line>152</line>
                                                                                                                <numExecutions>0</numExecutions>
                                                                                                                <time>-1.0</time>
                                                                                                            </locationsNotCovered>
                                                                                                              <locationsNotCovered>
                                                                                                                <column>0</column>
                                                                                                                <line>153</line>
                                                                                                                <numExecutions>0</numExecutions>
                                                                                                                <time>-1.0</time>
                                                                                                            </locationsNotCovered>
                                                                                                              <locationsNotCovered>
                                                                                                                <column>0</column>
                                                                                                                <line>154</line>
                                                                                                                <numExecutions>0</numExecutions>
                                                                                                                <time>-1.0</time>
                                                                                                            </locationsNotCovered>
                                                                                                              <locationsNotCovered>
                                                                                                                <column>0</column>
                                                                                                                <line>155</line>
                                                                                                                <numExecutions>0</numExecutions>
                                                                                                                <time>-1.0</time>
                                                                                                            </locationsNotCovered>
                                                                                                              <locationsNotCovered>
                                                                                                                <column>0</column>
                                                                                                                <line>156</line>
                                                                                                                <numExecutions>0</numExecutions>
                                                                                                                <time>-1.0</time>
                                                                                                            </locationsNotCovered>
                                                                                                              <locationsNotCovered>
                                                                                                                <column>0</column>
                                                                                                                <line>157</line>
                                                                                                                <numExecutions>0</numExecutions>
                                                                                                                <time>-1.0</time>
                                                                                                            </locationsNotCovered>
                                                                                                              <locationsNotCovered>
                                                                                                                <column>0</column>
                                                                                                                <line>158</line>
                                                                                                                <numExecutions>0</numExecutions>
                                                                                                                <time>-1.0</time>
                                                                                                            </locationsNotCovered>
                                                                                                              <locationsNotCovered>
                                                                                                                <column>0</column>
                                                                                                                <line>159</line>
                                                                                                                <numExecutions>0</numExecutions>
                                                                                                                <time>-1.0</time>
                                                                                                            </locationsNotCovered>
                                                                                                              <locationsNotCovered>
                                                                                                                <column>0</column>
                                                                                                                <line>165</line>
                                                                                                                <numExecutions>0</numExecutions>
                                                                                                                <time>-1.0</time>
                                                                                                            </locationsNotCovered>
                                                                                                              <locationsNotCovered>
                                                                                                                <column>0</column>
                                                                                                                <line>166</line>
                                                                                                                <numExecutions>0</numExecutions>
                                                                                                                <time>-1.0</time>
                                                                                                            </locationsNotCovered>
                                                                                                              <locationsNotCovered>
                                                                                                                <column>0</column>
                                                                                                                <line>167</line>
                                                                                                                <numExecutions>0</numExecutions>
                                                                                                                <time>-1.0</time>
                                                                                                            </locationsNotCovered>
                                                                                                              <locationsNotCovered>
                                                                                                                <column>0</column>
                                                                                                                <line>168</line>
                                                                                                                <numExecutions>0</numExecutions>
                                                                                                                <time>-1.0</time>
                                                                                                            </locationsNotCovered>
                                                                                                              <locationsNotCovered>
                                                                                                                <column>0</column>
                                                                                                                <line>169</line>
                                                                                                                <numExecutions>0</numExecutions>
                                                                                                                <time>-1.0</time>
                                                                                                            </locationsNotCovered>
                                                                                                              <locationsNotCovered>
                                                                                                                <column>0</column>
                                                                                                                <line>170</line>
                                                                                                                <numExecutions>0</numExecutions>
                                                                                                                <time>-1.0</time>
                                                                                                            </locationsNotCovered>
                                                                                                              <locationsNotCovered>
                                                                                                                <column>0</column>
                                                                                                                <line>171</line>
                                                                                                                <numExecutions>0</numExecutions>
                                                                                                                <time>-1.0</time>
                                                                                                            </locationsNotCovered>
                                                                                                              <locationsNotCovered>
                                                                                                                <column>0</column>
                                                                                                                <line>172</line>
                                                                                                                <numExecutions>0</numExecutions>
                                                                                                                <time>-1.0</time>
                                                                                                            </locationsNotCovered>
                                                                                                              <locationsNotCovered>
                                                                                                                <column>0</column>
                                                                                                                <line>173</line>
                                                                                                                <numExecutions>0</numExecutions>
                                                                                                                <time>-1.0</time>
                                                                                                            </locationsNotCovered>
                                                                                                              <locationsNotCovered>
                                                                                                                <column>0</column>
                                                                                                                <line>174</line>
                                                                                                                <numExecutions>0</numExecutions>
                                                                                                                <time>-1.0</time>
                                                                                                            </locationsNotCovered>
                                                                                                              <locationsNotCovered>
                                                                                                                <column>0</column>
                                                                                                                <line>181</line>
                                                                                                                <numExecutions>0</numExecutions>
                                                                                                                <time>-1.0</time>
                                                                                                            </locationsNotCovered>
                                                                                                              <locationsNotCovered>
                                                                                                                <column>0</column>
                                                                                                                <line>182</line>
                                                                                                                <numExecutions>0</numExecutions>
                                                                                                                <time>-1.0</time>
                                                                                                            </locationsNotCovered>
                                                                                                              <locationsNotCovered>
                                                                                                                <column>0</column>
                                                                                                                <line>183</line>
                                                                                                                <numExecutions>0</numExecutions>
                                                                                                                <time>-1.0</time>
                                                                                                            </locationsNotCovered>
                                                                                                              <locationsNotCovered>
                                                                                                                <column>0</column>
                                                                                                                <line>184</line>
                                                                                                                <numExecutions>0</numExecutions>
                                                                                                                <time>-1.0</time>
                                                                                                            </locationsNotCovered>
                                                                                                              <locationsNotCovered>
                                                                                                                <column>0</column>
                                                                                                                <line>185</line>
                                                                                                                <numExecutions>0</numExecutions>
                                                                                                                <time>-1.0</time>
                                                                                                            </locationsNotCovered>
                                                                                                              <locationsNotCovered>
                                                                                                                <column>0</column>
                                                                                                                <line>189</line>
                                                                                                                <numExecutions>0</numExecutions>
                                                                                                                <time>-1.0</time>
                                                                                                            </locationsNotCovered>
                                                                                                              <locationsNotCovered>
                                                                                                                <column>0</column>
                                                                                                                <line>193</line>
                                                                                                                <numExecutions>0</numExecutions>
                                                                                                                <time>-1.0</time>
                                                                                                            </locationsNotCovered>
                                                                                                              <locationsNotCovered>
                                                                                                                <column>0</column>
                                                                                                                <line>196</line>
                                                                                                                <numExecutions>0</numExecutions>
                                                                                                                <time>-1.0</time>
                                                                                                            </locationsNotCovered>
                                                                                                              <locationsNotCovered>
                                                                                                                <column>0</column>
                                                                                                                <line>198</line>
                                                                                                                <numExecutions>0</numExecutions>
                                                                                                                <time>-1.0</time>
                                                                                                            </locationsNotCovered>
                                                                                                              <locationsNotCovered>
                                                                                                                <column>0</column>
                                                                                                                <line>200</line>
                                                                                                                <numExecutions>0</numExecutions>
                                                                                                                <time>-1.0</time>
                                                                                                            </locationsNotCovered>
                                                                                                              <locationsNotCovered>
                                                                                                                <column>0</column>
                                                                                                                <line>201</line>
                                                                                                                <numExecutions>0</numExecutions>
                                                                                                                <time>-1.0</time>
                                                                                                            </locationsNotCovered>
                                                                                                              <locationsNotCovered>
                                                                                                                <column>0</column>
                                                                                                                <line>202</line>
                                                                                                                <numExecutions>0</numExecutions>
                                                                                                                <time>-1.0</time>
                                                                                                            </locationsNotCovered>
                                                                                                              <locationsNotCovered>
                                                                                                                <column>0</column>
                                                                                                                <line>203</line>
                                                                                                                <numExecutions>0</numExecutions>
                                                                                                                <time>-1.0</time>
                                                                                                            </locationsNotCovered>
                                                                                                              <locationsNotCovered>
                                                                                                                <column>0</column>
                                                                                                                <line>204</line>
                                                                                                                <numExecutions>0</numExecutions>
                                                                                                                <time>-1.0</time>
                                                                                                            </locationsNotCovered>
                                                                                                              <locationsNotCovered>
                                                                                                                <column>0</column>
                                                                                                                <line>205</line>
                                                                                                                <numExecutions>0</numExecutions>
                                                                                                                <time>-1.0</time>
                                                                                                            </locationsNotCovered>
                                                                                                              <locationsNotCovered>
                                                                                                                <column>0</column>
                                                                                                                <line>206</line>
                                                                                                                <numExecutions>0</numExecutions>
                                                                                                                <time>-1.0</time>
                                                                                                            </locationsNotCovered>
                                                                                                              <locationsNotCovered>
                                                                                                                <column>0</column>
                                                                                                                <line>207</line>
                                                                                                                <numExecutions>0</numExecutions>
                                                                                                                <time>-1.0</time>
                                                                                                            </locationsNotCovered>
                                                                                                              <locationsNotCovered>
                                                                                                                <column>0</column>
                                                                                                                <line>229</line>
                                                                                                                <numExecutions>0</numExecutions>
                                                                                                                <time>-1.0</time>
                                                                                                            </locationsNotCovered>
                                                                                                              <locationsNotCovered>
                                                                                                                <column>0</column>
                                                                                                                <line>230</line>
                                                                                                                <numExecutions>0</numExecutions>
                                                                                                                <time>-1.0</time>
                                                                                                            </locationsNotCovered>
                                                                                                              <locationsNotCovered>
                                                                                                                <column>0</column>
                                                                                                                <line>232</line>
                                                                                                                <numExecutions>0</numExecutions>
                                                                                                                <time>-1.0</time>
                                                                                                            </locationsNotCovered>
                                                                                                              <locationsNotCovered>
                                                                                                                <column>0</column>
                                                                                                                <line>234</line>
                                                                                                                <numExecutions>0</numExecutions>
                                                                                                                <time>-1.0</time>
                                                                                                            </locationsNotCovered>
                                                                                                              <locationsNotCovered>
                                                                                                                <column>0</column>
                                                                                                                <line>235</line>
                                                                                                                <numExecutions>0</numExecutions>
                                                                                                                <time>-1.0</time>
                                                                                                            </locationsNotCovered>
                                                                                                              <locationsNotCovered>
                                                                                                                <column>0</column>
                                                                                                                <line>237</line>
                                                                                                                <numExecutions>0</numExecutions>
                                                                                                                <time>-1.0</time>
                                                                                                            </locationsNotCovered>
                                                                                                              <locationsNotCovered>
                                                                                                                <column>0</column>
                                                                                                                <line>240</line>
                                                                                                                <numExecutions>0</numExecutions>
                                                                                                                <time>-1.0</time>
                                                                                                            </locationsNotCovered>
                                                                                                              <locationsNotCovered>
                                                                                                                <column>0</column>
                                                                                                                <line>241</line>
                                                                                                                <numExecutions>0</numExecutions>
                                                                                                                <time>-1.0</time>
                                                                                                            </locationsNotCovered>
                                                                                                              <locationsNotCovered>
                                                                                                                <column>0</column>
                                                                                                                <line>242</line>
                                                                                                                <numExecutions>0</numExecutions>
                                                                                                                <time>-1.0</time>
                                                                                                            </locationsNotCovered>
                                                                                                              <locationsNotCovered>
                                                                                                                <column>0</column>
                                                                                                                <line>243</line>
                                                                                                                <numExecutions>0</numExecutions>
                                                                                                                <time>-1.0</time>
                                                                                                            </locationsNotCovered>
                                                                                                              <locationsNotCovered>
                                                                                                                <column>0</column>
                                                                                                                <line>244</line>
                                                                                                                <numExecutions>0</numExecutions>
                                                                                                                <time>-1.0</time>
                                                                                                            </locationsNotCovered>
                                                                                                              <locationsNotCovered>
                                                                                                                <column>0</column>
                                                                                                                <line>245</line>
                                                                                                                <numExecutions>0</numExecutions>
                                                                                                                <time>-1.0</time>
                                                                                                            </locationsNotCovered>
                                                                                                              <locationsNotCovered>
                                                                                                                <column>0</column>
                                                                                                                <line>246</line>
                                                                                                                <numExecutions>0</numExecutions>
                                                                                                                <time>-1.0</time>
                                                                                                            </locationsNotCovered>
                                                                                                              <locationsNotCovered>
                                                                                                                <column>0</column>
                                                                                                                <line>247</line>
                                                                                                                <numExecutions>0</numExecutions>
                                                                                                                <time>-1.0</time>
                                                                                                            </locationsNotCovered>
                                                                                                              <locationsNotCovered>
                                                                                                                <column>0</column>
                                                                                                                <line>248</line>
                                                                                                                <numExecutions>0</numExecutions>
                                                                                                                <time>-1.0</time>
                                                                                                            </locationsNotCovered>
                                                                                                              <locationsNotCovered>
                                                                                                                <column>0</column>
                                                                                                                <line>249</line>
                                                                                                                <numExecutions>0</numExecutions>
                                                                                                                <time>-1.0</time>
                                                                                                            </locationsNotCovered>
                                                                                                              <locationsNotCovered>
                                                                                                                <column>0</column>
                                                                                                                <line>250</line>
                                                                                                                <numExecutions>0</numExecutions>
                                                                                                                <time>-1.0</time>
                                                                                                            </locationsNotCovered>
                                                                                                              <locationsNotCovered>
                                                                                                                <column>0</column>
                                                                                                                <line>251</line>
                                                                                                                <numExecutions>0</numExecutions>
                                                                                                                <time>-1.0</time>
                                                                                                            </locationsNotCovered>
                                                                                                              <locationsNotCovered>
                                                                                                                <column>0</column>
                                                                                                                <line>252</line>
                                                                                                                <numExecutions>0</numExecutions>
                                                                                                                <time>-1.0</time>
                                                                                                            </locationsNotCovered>
                                                                                                              <locationsNotCovered>
                                                                                                                <column>0</column>
                                                                                                                <line>256</line>
                                                                                                                <numExecutions>0</numExecutions>
                                                                                                                <time>-1.0</time>
                                                                                                            </locationsNotCovered>
                                                                                                              <locationsNotCovered>
                                                                                                                <column>0</column>
                                                                                                                <line>257</line>
                                                                                                                <numExecutions>0</numExecutions>
                                                                                                                <time>-1.0</time>
                                                                                                            </locationsNotCovered>
                                                                                                              <locationsNotCovered>
                                                                                                                <column>0</column>
                                                                                                                <line>258</line>
                                                                                                                <numExecutions>0</numExecutions>
                                                                                                                <time>-1.0</time>
                                                                                                            </locationsNotCovered>
                                                                                                              <locationsNotCovered>
                                                                                                                <column>0</column>
                                                                                                                <line>259</line>
                                                                                                                <numExecutions>0</numExecutions>
                                                                                                                <time>-1.0</time>
                                                                                                            </locationsNotCovered>
                                                                                                              <locationsNotCovered>
                                                                                                                <column>0</column>
                                                                                                                <line>260</line>
                                                                                                                <numExecutions>0</numExecutions>
                                                                                                                <time>-1.0</time>
                                                                                                            </locationsNotCovered>
                                                                                                              <locationsNotCovered>
                                                                                                                <column>0</column>
                                                                                                                <line>261</line>
                                                                                                                <numExecutions>0</numExecutions>
                                                                                                                <time>-1.0</time>
                                                                                                            </locationsNotCovered>
                                                                                                              <locationsNotCovered>
                                                                                                                <column>0</column>
                                                                                                                <line>262</line>
                                                                                                                <numExecutions>0</numExecutions>
                                                                                                                <time>-1.0</time>
                                                                                                            </locationsNotCovered>
                                                                                                              <locationsNotCovered>
                                                                                                                <column>0</column>
                                                                                                                <line>263</line>
                                                                                                                <numExecutions>0</numExecutions>
                                                                                                                <time>-1.0</time>
                                                                                                            </locationsNotCovered>
                                                                                                              <locationsNotCovered>
                                                                                                                <column>0</column>
                                                                                                                <line>264</line>
                                                                                                                <numExecutions>0</numExecutions>
                                                                                                                <time>-1.0</time>
                                                                                                            </locationsNotCovered>
                                                                                                              <locationsNotCovered>
                                                                                                                <column>0</column>
                                                                                                                <line>265</line>
                                                                                                                <numExecutions>0</numExecutions>
                                                                                                                <time>-1.0</time>
                                                                                                            </locationsNotCovered>
                                                                                                              <locationsNotCovered>
                                                                                                                <column>0</column>
                                                                                                                <line>266</line>
                                                                                                                <numExecutions>0</numExecutions>
                                                                                                                <time>-1.0</time>
                                                                                                            </locationsNotCovered>
                                                                                                              <locationsNotCovered>
                                                                                                                <column>0</column>
                                                                                                                <line>267</line>
                                                                                                                <numExecutions>0</numExecutions>
                                                                                                                <time>-1.0</time>
                                                                                                            </locationsNotCovered>
                                                                                                              <locationsNotCovered>
                                                                                                                <column>0</column>
                                                                                                                <line>270</line>
                                                                                                                <numExecutions>0</numExecutions>
                                                                                                                <time>-1.0</time>
                                                                                                            </locationsNotCovered>
                                                                                                              <locationsNotCovered>
                                                                                                                <column>0</column>
                                                                                                                <line>273</line>
                                                                                                                <numExecutions>0</numExecutions>
                                                                                                                <time>-1.0</time>
                                                                                                            </locationsNotCovered>
                                                                                                              <locationsNotCovered>
                                                                                                                <column>0</column>
                                                                                                                <line>276</line>
                                                                                                                <numExecutions>0</numExecutions>
                                                                                                                <time>-1.0</time>
                                                                                                            </locationsNotCovered>
                                                                                                              <locationsNotCovered>
                                                                                                                <column>0</column>
                                                                                                                <line>277</line>
                                                                                                                <numExecutions>0</numExecutions>
                                                                                                                <time>-1.0</time>
                                                                                                            </locationsNotCovered>
                                                                                                              <locationsNotCovered>
                                                                                                                <column>0</column>
                                                                                                                <line>297</line>
                                                                                                                <numExecutions>0</numExecutions>
                                                                                                                <time>-1.0</time>
                                                                                                            </locationsNotCovered>
                                                                                                              <locationsNotCovered>
                                                                                                                <column>0</column>
                                                                                                                <line>298</line>
                                                                                                                <numExecutions>0</numExecutions>
                                                                                                                <time>-1.0</time>
                                                                                                            </locationsNotCovered>
                                                                                                              <locationsNotCovered>
                                                                                                                <column>0</column>
                                                                                                                <line>299</line>
                                                                                                                <numExecutions>0</numExecutions>
                                                                                                                <time>-1.0</time>
                                                                                                            </locationsNotCovered>
                                                                                                              <locationsNotCovered>
                                                                                                                <column>0</column>
                                                                                                                <line>307</line>
                                                                                                                <numExecutions>0</numExecutions>
                                                                                                                <time>-1.0</time>
                                                                                                            </locationsNotCovered>
                                                                                                              <locationsNotCovered>
                                                                                                                <column>0</column>
                                                                                                                <line>308</line>
                                                                                                                <numExecutions>0</numExecutions>
                                                                                                                <time>-1.0</time>
                                                                                                            </locationsNotCovered>
                                                                                                              <locationsNotCovered>
                                                                                                                <column>0</column>
                                                                                                                <line>311</line>
                                                                                                                <numExecutions>0</numExecutions>
                                                                                                                <time>-1.0</time>
                                                                                                            </locationsNotCovered>
                                                                                                              <locationsNotCovered>
                                                                                                                <column>0</column>
                                                                                                                <line>312</line>
                                                                                                                <numExecutions>0</numExecutions>
                                                                                                                <time>-1.0</time>
                                                                                                            </locationsNotCovered>
                                                                                                              <locationsNotCovered>
                                                                                                                <column>0</column>
                                                                                                                <line>314</line>
                                                                                                                <numExecutions>0</numExecutions>
                                                                                                                <time>-1.0</time>
                                                                                                            </locationsNotCovered>
                                                                                                              <locationsNotCovered>
                                                                                                                <column>0</column>
                                                                                                                <line>315</line>
                                                                                                                <numExecutions>0</numExecutions>
                                                                                                                <time>-1.0</time>
                                                                                                            </locationsNotCovered>
                                                                                                              <locationsNotCovered>
                                                                                                                <column>0</column>
                                                                                                                <line>316</line>
                                                                                                                <numExecutions>0</numExecutions>
                                                                                                                <time>-1.0</time>
                                                                                                            </locationsNotCovered>
                                                                                                              <locationsNotCovered>
                                                                                                                <column>0</column>
                                                                                                                <line>317</line>
                                                                                                                <numExecutions>0</numExecutions>
                                                                                                                <time>-1.0</time>
                                                                                                            </locationsNotCovered>
                                                                                                              <locationsNotCovered>
                                                                                                                <column>0</column>
                                                                                                                <line>322</line>
                                                                                                                <numExecutions>0</numExecutions>
                                                                                                                <time>-1.0</time>
                                                                                                            </locationsNotCovered>
                                                                                                              <locationsNotCovered>
                                                                                                                <column>0</column>
                                                                                                                <line>324</line>
                                                                                                                <numExecutions>0</numExecutions>
                                                                                                                <time>-1.0</time>
                                                                                                            </locationsNotCovered>
                                                                                                              <locationsNotCovered>
                                                                                                                <column>0</column>
                                                                                                                <line>326</line>
                                                                                                                <numExecutions>0</numExecutions>
                                                                                                                <time>-1.0</time>
                                                                                                            </locationsNotCovered>
                                                                                                              <locationsNotCovered>
                                                                                                                <column>0</column>
                                                                                                                <line>327</line>
                                                                                                                <numExecutions>0</numExecutions>
                                                                                                                <time>-1.0</time>
                                                                                                            </locationsNotCovered>
                                                                                                              <locationsNotCovered>
                                                                                                                <column>0</column>
                                                                                                                <line>330</line>
                                                                                                                <numExecutions>0</numExecutions>
                                                                                                                <time>-1.0</time>
                                                                                                            </locationsNotCovered>
                                                                                                              <locationsNotCovered>
                                                                                                                <column>0</column>
                                                                                                                <line>334</line>
                                                                                                                <numExecutions>0</numExecutions>
                                                                                                                <time>-1.0</time>
                                                                                                            </locationsNotCovered>
                                                                                                              <locationsNotCovered>
                                                                                                                <column>0</column>
                                                                                                                <line>335</line>
                                                                                                                <numExecutions>0</numExecutions>
                                                                                                                <time>-1.0</time>
                                                                                                            </locationsNotCovered>
                                                                                                              <locationsNotCovered>
                                                                                                                <column>0</column>
                                                                                                                <line>338</line>
                                                                                                                <numExecutions>0</numExecutions>
                                                                                                                <time>-1.0</time>
                                                                                                            </locationsNotCovered>
                                                                                                              <locationsNotCovered>
                                                                                                                <column>0</column>
                                                                                                                <line>340</line>
                                                                                                                <numExecutions>0</numExecutions>
                                                                                                                <time>-1.0</time>
                                                                                                            </locationsNotCovered>
                                                                                                              <locationsNotCovered>
                                                                                                                <column>0</column>
                                                                                                                <line>341</line>
                                                                                                                <numExecutions>0</numExecutions>
                                                                                                                <time>-1.0</time>
                                                                                                            </locationsNotCovered>
                                                                                                              <locationsNotCovered>
                                                                                                                <column>0</column>
                                                                                                                <line>342</line>
                                                                                                                <numExecutions>0</numExecutions>
                                                                                                                <time>-1.0</time>
                                                                                                            </locationsNotCovered>
                                                                                                              <locationsNotCovered>
                                                                                                                <column>0</column>
                                                                                                                <line>344</line>
                                                                                                                <numExecutions>0</numExecutions>
                                                                                                                <time>-1.0</time>
                                                                                                            </locationsNotCovered>
                                                                                                              <locationsNotCovered>
                                                                                                                <column>0</column>
                                                                                                                <line>346</line>
                                                                                                                <numExecutions>0</numExecutions>
                                                                                                                <time>-1.0</time>
                                                                                                            </locationsNotCovered>
                                                                                                              <locationsNotCovered>
                                                                                                                <column>0</column>
                                                                                                                <line>347</line>
                                                                                                                <numExecutions>0</numExecutions>
                                                                                                                <time>-1.0</time>
                                                                                                            </locationsNotCovered>
                                                                                                              <locationsNotCovered>
                                                                                                                <column>0</column>
                                                                                                                <line>351</line>
                                                                                                                <numExecutions>0</numExecutions>
                                                                                                                <time>-1.0</time>
                                                                                                            </locationsNotCovered>
                                                                                                              <locationsNotCovered>
                                                                                                                <column>0</column>
                                                                                                                <line>356</line>
                                                                                                                <numExecutions>0</numExecutions>
                                                                                                                <time>-1.0</time>
                                                                                                            </locationsNotCovered>
                                                                                                              <locationsNotCovered>
                                                                                                                <column>0</column>
                                                                                                                <line>357</line>
                                                                                                                <numExecutions>0</numExecutions>
                                                                                                                <time>-1.0</time>
                                                                                                            </locationsNotCovered>
                                                                                                              <locationsNotCovered>
                                                                                                                <column>0</column>
                                                                                                                <line>358</line>
                                                                                                                <numExecutions>0</numExecutions>
                                                                                                                <time>-1.0</time>
                                                                                                            </locationsNotCovered>
                                                                                                              <locationsNotCovered>
                                                                                                                <column>0</column>
                                                                                                                <line>360</line>
                                                                                                                <numExecutions>0</numExecutions>
                                                                                                                <time>-1.0</time>
                                                                                                            </locationsNotCovered>
                                                                                                              <locationsNotCovered>
                                                                                                                <column>0</column>
                                                                                                                <line>367</line>
                                                                                                                <numExecutions>0</numExecutions>
                                                                                                                <time>-1.0</time>
                                                                                                            </locationsNotCovered>
                                                                                                              <locationsNotCovered>
                                                                                                                <column>0</column>
                                                                                                                <line>369</line>
                                                                                                                <numExecutions>0</numExecutions>
                                                                                                                <time>-1.0</time>
                                                                                                            </locationsNotCovered>
                                                                                                              <locationsNotCovered>
                                                                                                                <column>0</column>
                                                                                                                <line>371</line>
                                                                                                                <numExecutions>0</numExecutions>
                                                                                                                <time>-1.0</time>
                                                                                                            </locationsNotCovered>
                                                                                                              <locationsNotCovered>
                                                                                                                <column>0</column>
                                                                                                                <line>372</line>
                                                                                                                <numExecutions>0</numExecutions>
                                                                                                                <time>-1.0</time>
                                                                                                            </locationsNotCovered>
                                                                                                              <locationsNotCovered>
                                                                                                                <column>0</column>
                                                                                                                <line>373</line>
                                                                                                                <numExecutions>0</numExecutions>
                                                                                                                <time>-1.0</time>
                                                                                                            </locationsNotCovered>
                                                                                                              <locationsNotCovered>
                                                                                                                <column>0</column>
                                                                                                                <line>374</line>
                                                                                                                <numExecutions>0</numExecutions>
                                                                                                                <time>-1.0</time>
                                                                                                            </locationsNotCovered>
                                                                                                              <locationsNotCovered>
                                                                                                                <column>0</column>
                                                                                                                <line>375</line>
                                                                                                                <numExecutions>0</numExecutions>
                                                                                                                <time>-1.0</time>
                                                                                                            </locationsNotCovered>
                                                                                                              <locationsNotCovered>
                                                                                                                <column>0</column>
                                                                                                                <line>376</line>
                                                                                                                <numExecutions>0</numExecutions>
                                                                                                                <time>-1.0</time>
                                                                                                            </locationsNotCovered>
                                                                                                              <locationsNotCovered>
                                                                                                                <column>0</column>
                                                                                                                <line>377</line>
                                                                                                                <numExecutions>0</numExecutions>
                                                                                                                <time>-1.0</time>
                                                                                                            </locationsNotCovered>
                                                                                                              <locationsNotCovered>
                                                                                                                <column>0</column>
                                                                                                                <line>378</line>
                                                                                                                <numExecutions>0</numExecutions>
                                                                                                                <time>-1.0</time>
                                                                                                            </locationsNotCovered>
                                                                                                              <locationsNotCovered>
                                                                                                                <column>0</column>
                                                                                                                <line>379</line>
                                                                                                                <numExecutions>0</numExecutions>
                                                                                                                <time>-1.0</time>
                                                                                                            </locationsNotCovered>
                                                                                                              <locationsNotCovered>
                                                                                                                <column>0</column>
                                                                                                                <line>380</line>
                                                                                                                <numExecutions>0</numExecutions>
                                                                                                                <time>-1.0</time>
                                                                                                            </locationsNotCovered>
                                                                                                              <locationsNotCovered>
                                                                                                                <column>0</column>
                                                                                                                <line>381</line>
                                                                                                                <numExecutions>0</numExecutions>
                                                                                                                <time>-1.0</time>
                                                                                                            </locationsNotCovered>
                                                                                                              <locationsNotCovered>
                                                                                                                <column>0</column>
                                                                                                                <line>383</line>
                                                                                                                <numExecutions>0</numExecutions>
                                                                                                                <time>-1.0</time>
                                                                                                            </locationsNotCovered>
                                                                                                              <locationsNotCovered>
                                                                                                                <column>0</column>
                                                                                                                <line>384</line>
                                                                                                                <numExecutions>0</numExecutions>
                                                                                                                <time>-1.0</time>
                                                                                                            </locationsNotCovered>
                                                                                                              <locationsNotCovered>
                                                                                                                <column>0</column>
                                                                                                                <line>385</line>
                                                                                                                <numExecutions>0</numExecutions>
                                                                                                                <time>-1.0</time>
                                                                                                            </locationsNotCovered>
                                                                                                              <locationsNotCovered>
                                                                                                                <column>0</column>
                                                                                                                <line>387</line>
                                                                                                                <numExecutions>0</numExecutions>
                                                                                                                <time>-1.0</time>
                                                                                                            </locationsNotCovered>
                                                                                                              <locationsNotCovered>
                                                                                                                <column>0</column>
                                                                                                                <line>396</line>
                                                                                                                <numExecutions>0</numExecutions>
                                                                                                                <time>-1.0</time>
                                                                                                            </locationsNotCovered>
                                                                                                              <locationsNotCovered>
                                                                                                                <column>0</column>
                                                                                                                <line>397</line>
                                                                                                                <numExecutions>0</numExecutions>
                                                                                                                <time>-1.0</time>
                                                                                                            </locationsNotCovered>
                                                                                                              <locationsNotCovered>
                                                                                                                <column>0</column>
                                                                                                                <line>398</line>
                                                                                                                <numExecutions>0</numExecutions>
                                                                                                                <time>-1.0</time>
                                                                                                            </locationsNotCovered>
                                                                                                              <locationsNotCovered>
                                                                                                                <column>0</column>
                                                                                                                <line>403</line>
                                                                                                                <numExecutions>0</numExecutions>
                                                                                                                <time>-1.0</time>
                                                                                                            </locationsNotCovered>
                                                                                                              <locationsNotCovered>
                                                                                                                <column>0</column>
                                                                                                                <line>404</line>
                                                                                                                <numExecutions>0</numExecutions>
                                                                                                                <time>-1.0</time>
                                                                                                            </locationsNotCovered>
                                                                                                              <locationsNotCovered>
                                                                                                                <column>0</column>
                                                                                                                <line>405</line>
                                                                                                                <numExecutions>0</numExecutions>
                                                                                                                <time>-1.0</time>
                                                                                                            </locationsNotCovered>
                                                                                                              <locationsNotCovered>
                                                                                                                <column>0</column>
                                                                                                                <line>406</line>
                                                                                                                <numExecutions>0</numExecutions>
                                                                                                                <time>-1.0</time>
                                                                                                            </locationsNotCovered>
                                                                                                              <locationsNotCovered>
                                                                                                                <column>0</column>
                                                                                                                <line>407</line>
                                                                                                                <numExecutions>0</numExecutions>
                                                                                                                <time>-1.0</time>
                                                                                                            </locationsNotCovered>
                                                                                                              <locationsNotCovered>
                                                                                                                <column>0</column>
                                                                                                                <line>408</line>
                                                                                                                <numExecutions>0</numExecutions>
                                                                                                                <time>-1.0</time>
                                                                                                            </locationsNotCovered>
                                                                                                              <locationsNotCovered>
                                                                                                                <column>0</column>
                                                                                                                <line>411</line>
                                                                                                                <numExecutions>0</numExecutions>
                                                                                                                <time>-1.0</time>
                                                                                                            </locationsNotCovered>
                                                                                                              <locationsNotCovered>
                                                                                                                <column>0</column>
                                                                                                                <line>414</line>
                                                                                                                <numExecutions>0</numExecutions>
                                                                                                                <time>-1.0</time>
                                                                                                            </locationsNotCovered>
                                                                                                              <locationsNotCovered>
                                                                                                                <column>0</column>
                                                                                                                <line>419</line>
                                                                                                                <numExecutions>0</numExecutions>
                                                                                                                <time>-1.0</time>
                                                                                                            </locationsNotCovered>
                                                                                                              <locationsNotCovered>
                                                                                                                <column>0</column>
                                                                                                                <line>422</line>
                                                                                                                <numExecutions>0</numExecutions>
                                                                                                                <time>-1.0</time>
                                                                                                            </locationsNotCovered>
                                                                                                              <locationsNotCovered>
                                                                                                                <column>0</column>
                                                                                                                <line>423</line>
                                                                                                                <numExecutions>0</numExecutions>
                                                                                                                <time>-1.0</time>
                                                                                                            </locationsNotCovered>
                                                                                                              <locationsNotCovered>
                                                                                                                <column>0</column>
                                                                                                                <line>424</line>
                                                                                                                <numExecutions>0</numExecutions>
                                                                                                                <time>-1.0</time>
                                                                                                            </locationsNotCovered>
                                                                                                              <locationsNotCovered>
                                                                                                                <column>0</column>
                                                                                                                <line>426</line>
                                                                                                                <numExecutions>0</numExecutions>
                                                                                                                <time>-1.0</time>
                                                                                                            </locationsNotCovered>
                                                                                                              <locationsNotCovered>
                                                                                                                <column>0</column>
                                                                                                                <line>429</line>
                                                                                                                <numExecutions>0</numExecutions>
                                                                                                                <time>-1.0</time>
                                                                                                            </locationsNotCovered>
                                                                                                              <locationsNotCovered>
                                                                                                                <column>0</column>
                                                                                                                <line>430</line>
                                                                                                                <numExecutions>0</numExecutions>
                                                                                                                <time>-1.0</time>
                                                                                                            </locationsNotCovered>
                                                                                                              <locationsNotCovered>
                                                                                                                <column>0</column>
                                                                                                                <line>431</line>
                                                                                                                <numExecutions>0</numExecutions>
                                                                                                                <time>-1.0</time>
                                                                                                            </locationsNotCovered>
                                                                                                              <locationsNotCovered>
                                                                                                                <column>0</column>
                                                                                                                <line>432</line>
                                                                                                                <numExecutions>0</numExecutions>
                                                                                                                <time>-1.0</time>
                                                                                                            </locationsNotCovered>
                                                                                                              <locationsNotCovered>
                                                                                                                <column>0</column>
                                                                                                                <line>437</line>
                                                                                                                <numExecutions>0</numExecutions>
                                                                                                                <time>-1.0</time>
                                                                                                            </locationsNotCovered>
                                                                                                              <locationsNotCovered>
                                                                                                                <column>0</column>
                                                                                                                <line>440</line>
                                                                                                                <numExecutions>0</numExecutions>
                                                                                                                <time>-1.0</time>
                                                                                                            </locationsNotCovered>
                                                                                                              <locationsNotCovered>
                                                                                                                <column>0</column>
                                                                                                                <line>458</line>
                                                                                                                <numExecutions>0</numExecutions>
                                                                                                                <time>-1.0</time>
                                                                                                            </locationsNotCovered>
                                                                                                              <locationsNotCovered>
                                                                                                                <column>0</column>
                                                                                                                <line>460</line>
                                                                                                                <numExecutions>0</numExecutions>
                                                                                                                <time>-1.0</time>
                                                                                                            </locationsNotCovered>
                                                                                                              <locationsNotCovered>
                                                                                                                <column>0</column>
                                                                                                                <line>461</line>
                                                                                                                <numExecutions>0</numExecutions>
                                                                                                                <time>-1.0</time>
                                                                                                            </locationsNotCovered>
                                                                                                              <locationsNotCovered>
                                                                                                                <column>0</column>
                                                                                                                <line>462</line>
                                                                                                                <numExecutions>0</numExecutions>
                                                                                                                <time>-1.0</time>
                                                                                                            </locationsNotCovered>
                                                                                                              <locationsNotCovered>
                                                                                                                <column>0</column>
                                                                                                                <line>464</line>
                                                                                                                <numExecutions>0</numExecutions>
                                                                                                                <time>-1.0</time>
                                                                                                            </locationsNotCovered>
                                                                                                              <locationsNotCovered>
                                                                                                                <column>0</column>
                                                                                                                <line>465</line>
                                                                                                                <numExecutions>0</numExecutions>
                                                                                                                <time>-1.0</time>
                                                                                                            </locationsNotCovered>
                                                                                                              <locationsNotCovered>
                                                                                                                <column>0</column>
                                                                                                                <line>467</line>
                                                                                                                <numExecutions>0</numExecutions>
                                                                                                                <time>-1.0</time>
                                                                                                            </locationsNotCovered>
                                                                                                              <locationsNotCovered>
                                                                                                                <column>0</column>
                                                                                                                <line>469</line>
                                                                                                                <numExecutions>0</numExecutions>
                                                                                                                <time>-1.0</time>
                                                                                                            </locationsNotCovered>
                                                                                                              <locationsNotCovered>
                                                                                                                <column>0</column>
                                                                                                                <line>470</line>
                                                                                                                <numExecutions>0</numExecutions>
                                                                                                                <time>-1.0</time>
                                                                                                            </locationsNotCovered>
                                                                                                              <locationsNotCovered>
                                                                                                                <column>0</column>
                                                                                                                <line>471</line>
                                                                                                                <numExecutions>0</numExecutions>
                                                                                                                <time>-1.0</time>
                                                                                                            </locationsNotCovered>
                                                                                                              <locationsNotCovered>
                                                                                                                <column>0</column>
                                                                                                                <line>472</line>
                                                                                                                <numExecutions>0</numExecutions>
                                                                                                                <time>-1.0</time>
                                                                                                            </locationsNotCovered>
                                                                                                              <locationsNotCovered>
                                                                                                                <column>0</column>
                                                                                                                <line>473</line>
                                                                                                                <numExecutions>0</numExecutions>
                                                                                                                <time>-1.0</time>
                                                                                                            </locationsNotCovered>
                                                                                                              <locationsNotCovered>
                                                                                                                <column>0</column>
                                                                                                                <line>474</line>
                                                                                                                <numExecutions>0</numExecutions>
                                                                                                                <time>-1.0</time>
                                                                                                            </locationsNotCovered>
                                                                                                              <locationsNotCovered>
                                                                                                                <column>0</column>
                                                                                                                <line>478</line>
                                                                                                                <numExecutions>0</numExecutions>
                                                                                                                <time>-1.0</time>
                                                                                                            </locationsNotCovered>
                                                                                                              <locationsNotCovered>
                                                                                                                <column>0</column>
                                                                                                                <line>481</line>
                                                                                                                <numExecutions>0</numExecutions>
                                                                                                                <time>-1.0</time>
                                                                                                            </locationsNotCovered>
                                                                                                              <locationsNotCovered>
                                                                                                                <column>0</column>
                                                                                                                <line>483</line>
                                                                                                                <numExecutions>0</numExecutions>
                                                                                                                <time>-1.0</time>
                                                                                                            </locationsNotCovered>
                                                                                                              <locationsNotCovered>
                                                                                                                <column>0</column>
                                                                                                                <line>484</line>
                                                                                                                <numExecutions>0</numExecutions>
                                                                                                                <time>-1.0</time>
                                                                                                            </locationsNotCovered>
                                                                                                              <locationsNotCovered>
                                                                                                                <column>0</column>
                                                                                                                <line>486</line>
                                                                                                                <numExecutions>0</numExecutions>
                                                                                                                <time>-1.0</time>
                                                                                                            </locationsNotCovered>
                                                                                                              <locationsNotCovered>
                                                                                                                <column>0</column>
                                                                                                                <line>487</line>
                                                                                                                <numExecutions>0</numExecutions>
                                                                                                                <time>-1.0</time>
                                                                                                            </locationsNotCovered>
                                                                                                              <locationsNotCovered>
                                                                                                                <column>0</column>
                                                                                                                <line>492</line>
                                                                                                                <numExecutions>0</numExecutions>
                                                                                                                <time>-1.0</time>
                                                                                                            </locationsNotCovered>
                                                                                                              <locationsNotCovered>
                                                                                                                <column>0</column>
                                                                                                                <line>493</line>
                                                                                                                <numExecutions>0</numExecutions>
                                                                                                                <time>-1.0</time>
                                                                                                            </locationsNotCovered>
                                                                                                              <locationsNotCovered>
                                                                                                                <column>0</column>
                                                                                                                <line>498</line>
                                                                                                                <numExecutions>0</numExecutions>
                                                                                                                <time>-1.0</time>
                                                                                                            </locationsNotCovered>
                                                                                                              <locationsNotCovered>
                                                                                                                <column>0</column>
                                                                                                                <line>499</line>
                                                                                                                <numExecutions>0</numExecutions>
                                                                                                                <time>-1.0</time>
                                                                                                            </locationsNotCovered>
                                                                                                              <locationsNotCovered>
                                                                                                                <column>0</column>
                                                                                                                <line>502</line>
                                                                                                                <numExecutions>0</numExecutions>
                                                                                                                <time>-1.0</time>
                                                                                                            </locationsNotCovered>
                                                                                                              <locationsNotCovered>
                                                                                                                <column>0</column>
                                                                                                                <line>504</line>
                                                                                                                <numExecutions>0</numExecutions>
                                                                                                                <time>-1.0</time>
                                                                                                            </locationsNotCovered>
                                                                                                              <locationsNotCovered>
                                                                                                                <column>0</column>
                                                                                                                <line>506</line>
                                                                                                                <numExecutions>0</numExecutions>
                                                                                                                <time>-1.0</time>
                                                                                                            </locationsNotCovered>
                                                                                                              <locationsNotCovered>
                                                                                                                <column>0</column>
                                                                                                                <line>513</line>
                                                                                                                <numExecutions>0</numExecutions>
                                                                                                                <time>-1.0</time>
                                                                                                            </locationsNotCovered>
                                                                                                              <locationsNotCovered>
                                                                                                                <column>0</column>
                                                                                                                <line>514</line>
                                                                                                                <numExecutions>0</numExecutions>
                                                                                                                <time>-1.0</time>
                                                                                                            </locationsNotCovered>
                                                                                                              <locationsNotCovered>
                                                                                                                <column>0</column>
                                                                                                                <line>515</line>
                                                                                                                <numExecutions>0</numExecutions>
                                                                                                                <time>-1.0</time>
                                                                                                            </locationsNotCovered>
                                                                                                              <locationsNotCovered>
                                                                                                                <column>0</column>
                                                                                                                <line>517</line>
                                                                                                                <numExecutions>0</numExecutions>
                                                                                                                <time>-1.0</time>
                                                                                                            </locationsNotCovered>
                                                                                                              <locationsNotCovered>
                                                                                                                <column>0</column>
                                                                                                                <line>519</line>
                                                                                                                <numExecutions>0</numExecutions>
                                                                                                                <time>-1.0</time>
                                                                                                            </locationsNotCovered>
                                                                                                              <locationsNotCovered>
                                                                                                                <column>0</column>
                                                                                                                <line>520</line>
                                                                                                                <numExecutions>0</numExecutions>
                                                                                                                <time>-1.0</time>
                                                                                                            </locationsNotCovered>
                                                                                                              <locationsNotCovered>
                                                                                                                <column>0</column>
                                                                                                                <line>522</line>
                                                                                                                <numExecutions>0</numExecutions>
                                                                                                                <time>-1.0</time>
                                                                                                            </locationsNotCovered>
                                                                                                              <locationsNotCovered>
                                                                                                                <column>0</column>
                                                                                                                <line>523</line>
                                                                                                                <numExecutions>0</numExecutions>
                                                                                                                <time>-1.0</time>
                                                                                                            </locationsNotCovered>
                                                                                                              <locationsNotCovered>
                                                                                                                <column>0</column>
                                                                                                                <line>524</line>
                                                                                                                <numExecutions>0</numExecutions>
                                                                                                                <time>-1.0</time>
                                                                                                            </locationsNotCovered>
                                                                                                              <locationsNotCovered>
                                                                                                                <column>0</column>
                                                                                                                <line>525</line>
                                                                                                                <numExecutions>0</numExecutions>
                                                                                                                <time>-1.0</time>
                                                                                                            </locationsNotCovered>
                                                                                                              <locationsNotCovered>
                                                                                                                <column>0</column>
                                                                                                                <line>526</line>
                                                                                                                <numExecutions>0</numExecutions>
                                                                                                                <time>-1.0</time>
                                                                                                            </locationsNotCovered>
                                                                                                              <locationsNotCovered>
                                                                                                                <column>0</column>
                                                                                                                <line>527</line>
                                                                                                                <numExecutions>0</numExecutions>
                                                                                                                <time>-1.0</time>
                                                                                                            </locationsNotCovered>
                                                                                                              <locationsNotCovered>
                                                                                                                <column>0</column>
                                                                                                                <line>530</line>
                                                                                                                <numExecutions>0</numExecutions>
                                                                                                                <time>-1.0</time>
                                                                                                            </locationsNotCovered>
                                                                                                              <locationsNotCovered>
                                                                                                                <column>0</column>
                                                                                                                <line>531</line>
                                                                                                                <numExecutions>0</numExecutions>
                                                                                                                <time>-1.0</time>
                                                                                                            </locationsNotCovered>
                                                                                                              <locationsNotCovered>
                                                                                                                <column>0</column>
                                                                                                                <line>533</line>
                                                                                                                <numExecutions>0</numExecutions>
                                                                                                                <time>-1.0</time>
                                                                                                            </locationsNotCovered>
                                                                                                              <locationsNotCovered>
                                                                                                                <column>0</column>
                                                                                                                <line>534</line>
                                                                                                                <numExecutions>0</numExecutions>
                                                                                                                <time>-1.0</time>
                                                                                                            </locationsNotCovered>
                                                                                                              <locationsNotCovered>
                                                                                                                <column>0</column>
                                                                                                                <line>535</line>
                                                                                                                <numExecutions>0</numExecutions>
                                                                                                                <time>-1.0</time>
                                                                                                            </locationsNotCovered>
                                                                                                              <locationsNotCovered>
                                                                                                                <column>0</column>
                                                                                                                <line>536</line>
                                                                                                                <numExecutions>0</numExecutions>
                                                                                                                <time>-1.0</time>
                                                                                                            </locationsNotCovered>
                                                                                                              <locationsNotCovered>
                                                                                                                <column>0</column>
                                                                                                                <line>543</line>
                                                                                                                <numExecutions>0</numExecutions>
                                                                                                                <time>-1.0</time>
                                                                                                            </locationsNotCovered>
                                                                                                              <locationsNotCovered>
                                                                                                                <column>0</column>
                                                                                                                <line>544</line>
                                                                                                                <numExecutions>0</numExecutions>
                                                                                                                <time>-1.0</time>
                                                                                                            </locationsNotCovered>
                                                                                                              <locationsNotCovered>
                                                                                                                <column>0</column>
                                                                                                                <line>545</line>
                                                                                                                <numExecutions>0</numExecutions>
                                                                                                                <time>-1.0</time>
                                                                                                            </locationsNotCovered>
                                                                                                              <locationsNotCovered>
                                                                                                                <column>0</column>
                                                                                                                <line>546</line>
                                                                                                                <numExecutions>0</numExecutions>
                                                                                                                <time>-1.0</time>
                                                                                                            </locationsNotCovered>
                                                                                                              <locationsNotCovered>
                                                                                                                <column>0</column>
                                                                                                                <line>548</line>
                                                                                                                <numExecutions>0</numExecutions>
                                                                                                                <time>-1.0</time>
                                                                                                            </locationsNotCovered>
                                                                                                              <locationsNotCovered>
                                                                                                                <column>0</column>
                                                                                                                <line>549</line>
                                                                                                                <numExecutions>0</numExecutions>
                                                                                                                <time>-1.0</time>
                                                                                                            </locationsNotCovered>
                                                                                                              <locationsNotCovered>
                                                                                                                <column>0</column>
                                                                                                                <line>557</line>
                                                                                                                <numExecutions>0</numExecutions>
                                                                                                                <time>-1.0</time>
                                                                                                            </locationsNotCovered>
                                                                                                              <locationsNotCovered>
                                                                                                                <column>0</column>
                                                                                                                <line>559</line>
                                                                                                                <numExecutions>0</numExecutions>
                                                                                                                <time>-1.0</time>
                                                                                                            </locationsNotCovered>
                                                                                                              <locationsNotCovered>
                                                                                                                <column>0</column>
                                                                                                                <line>567</line>
                                                                                                                <numExecutions>0</numExecutions>
                                                                                                                <time>-1.0</time>
                                                                                                            </locationsNotCovered>
                                                                                                              <locationsNotCovered>
                                                                                                                <column>0</column>
                                                                                                                <line>568</line>
                                                                                                                <numExecutions>0</numExecutions>
                                                                                                                <time>-1.0</time>
                                                                                                            </locationsNotCovered>
                                                                                                              <locationsNotCovered>
                                                                                                                <column>0</column>
                                                                                                                <line>569</line>
                                                                                                                <numExecutions>0</numExecutions>
                                                                                                                <time>-1.0</time>
                                                                                                            </locationsNotCovered>
                                                                                                              <locationsNotCovered>
                                                                                                                <column>0</column>
                                                                                                                <line>570</line>
                                                                                                                <numExecutions>0</numExecutions>
                                                                                                                <time>-1.0</time>
                                                                                                            </locationsNotCovered>
                                                                                                              <locationsNotCovered>
                                                                                                                <column>0</column>
                                                                                                                <line>571</line>
                                                                                                                <numExecutions>0</numExecutions>
                                                                                                                <time>-1.0</time>
                                                                                                            </locationsNotCovered>
                                                                                                              <locationsNotCovered>
                                                                                                                <column>0</column>
                                                                                                                <line>572</line>
                                                                                                                <numExecutions>0</numExecutions>
                                                                                                                <time>-1.0</time>
                                                                                                            </locationsNotCovered>
                                                                                                              <locationsNotCovered>
                                                                                                                <column>0</column>
                                                                                                                <line>573</line>
                                                                                                                <numExecutions>0</numExecutions>
                                                                                                                <time>-1.0</time>
                                                                                                            </locationsNotCovered>
                                                                                                              <locationsNotCovered>
                                                                                                                <column>0</column>
                                                                                                                <line>575</line>
                                                                                                                <numExecutions>0</numExecutions>
                                                                                                                <time>-1.0</time>
                                                                                                            </locationsNotCovered>
                                                                                                              <locationsNotCovered>
                                                                                                                <column>0</column>
                                                                                                                <line>576</line>
                                                                                                                <numExecutions>0</numExecutions>
                                                                                                                <time>-1.0</time>
                                                                                                            </locationsNotCovered>
                                                                                                              <locationsNotCovered>
                                                                                                                <column>0</column>
                                                                                                                <line>579</line>
                                                                                                                <numExecutions>0</numExecutions>
                                                                                                                <time>-1.0</time>
                                                                                                            </locationsNotCovered>
                                                                                                              <locationsNotCovered>
                                                                                                                <column>0</column>
                                                                                                                <line>580</line>
                                                                                                                <numExecutions>0</numExecutions>
                                                                                                                <time>-1.0</time>
                                                                                                            </locationsNotCovered>
                                                                                                              <locationsNotCovered>
                                                                                                                <column>0</column>
                                                                                                                <line>585</line>
                                                                                                                <numExecutions>0</numExecutions>
                                                                                                                <time>-1.0</time>
                                                                                                            </locationsNotCovered>
                                                                                                              <locationsNotCovered>
                                                                                                                <column>0</column>
                                                                                                                <line>586</line>
                                                                                                                <numExecutions>0</numExecutions>
                                                                                                                <time>-1.0</time>
                                                                                                            </locationsNotCovered>
                                                                                                              <locationsNotCovered>
                                                                                                                <column>0</column>
                                                                                                                <line>587</line>
                                                                                                                <numExecutions>0</numExecutions>
                                                                                                                <time>-1.0</time>
                                                                                                            </locationsNotCovered>
                                                                                                              <locationsNotCovered>
                                                                                                                <column>0</column>
                                                                                                                <line>588</line>
                                                                                                                <numExecutions>0</numExecutions>
                                                                                                                <time>-1.0</time>
                                                                                                            </locationsNotCovered>
                                                                                                              <locationsNotCovered>
                                                                                                                <column>0</column>
                                                                                                                <line>591</line>
                                                                                                                <numExecutions>0</numExecutions>
                                                                                                                <time>-1.0</time>
                                                                                                            </locationsNotCovered>
                                                                                                              <locationsNotCovered>
                                                                                                                <column>0</column>
                                                                                                                <line>594</line>
                                                                                                                <numExecutions>0</numExecutions>
                                                                                                                <time>-1.0</time>
                                                                                                            </locationsNotCovered>
                                                                                                              <locationsNotCovered>
                                                                                                                <column>0</column>
                                                                                                                <line>596</line>
                                                                                                                <numExecutions>0</numExecutions>
                                                                                                                <time>-1.0</time>
                                                                                                            </locationsNotCovered>
                                                                                                              <locationsNotCovered>
                                                                                                                <column>0</column>
                                                                                                                <line>599</line>
                                                                                                                <numExecutions>0</numExecutions>
                                                                                                                <time>-1.0</time>
                                                                                                            </locationsNotCovered>
                                                                                                              <locationsNotCovered>
                                                                                                                <column>0</column>
                                                                                                                <line>601</line>
                                                                                                                <numExecutions>0</numExecutions>
                                                                                                                <time>-1.0</time>
                                                                                                            </locationsNotCovered>
                                                                                                              <locationsNotCovered>
                                                                                                                <column>0</column>
                                                                                                                <line>602</line>
                                                                                                                <numExecutions>0</numExecutions>
                                                                                                                <time>-1.0</time>
                                                                                                            </locationsNotCovered>
                                                                                                              <locationsNotCovered>
                                                                                                                <column>0</column>
                                                                                                                <line>603</line>
                                                                                                                <numExecutions>0</numExecutions>
                                                                                                                <time>-1.0</time>
                                                                                                            </locationsNotCovered>
                                                                                                              <locationsNotCovered>
                                                                                                                <column>0</column>
                                                                                                                <line>604</line>
                                                                                                                <numExecutions>0</numExecutions>
                                                                                                                <time>-1.0</time>
                                                                                                            </locationsNotCovered>
                                                                                                              <locationsNotCovered>
                                                                                                                <column>0</column>
                                                                                                                <line>605</line>
                                                                                                                <numExecutions>0</numExecutions>
                                                                                                                <time>-1.0</time>
                                                                                                            </locationsNotCovered>
                                                                                                              <locationsNotCovered>
                                                                                                                <column>0</column>
                                                                                                                <line>609</line>
                                                                                                                <numExecutions>0</numExecutions>
                                                                                                                <time>-1.0</time>
                                                                                                            </locationsNotCovered>
                                                                                                              <locationsNotCovered>
                                                                                                                <column>0</column>
                                                                                                                <line>610</line>
                                                                                                                <numExecutions>0</numExecutions>
                                                                                                                <time>-1.0</time>
                                                                                                            </locationsNotCovered>
                                                                                                              <locationsNotCovered>
                                                                                                                <column>0</column>
                                                                                                                <line>611</line>
                                                                                                                <numExecutions>0</numExecutions>
                                                                                                                <time>-1.0</time>
                                                                                                            </locationsNotCovered>
                                                                                                              <locationsNotCovered>
                                                                                                                <column>0</column>
                                                                                                                <line>612</line>
                                                                                                                <numExecutions>0</numExecutions>
                                                                                                                <time>-1.0</time>
                                                                                                            </locationsNotCovered>
                                                                                                              <locationsNotCovered>
                                                                                                                <column>0</column>
                                                                                                                <line>617</line>
                                                                                                                <numExecutions>0</numExecutions>
                                                                                                                <time>-1.0</time>
                                                                                                            </locationsNotCovered>
                                                                                                              <locationsNotCovered>
                                                                                                                <column>0</column>
                                                                                                                <line>618</line>
                                                                                                                <numExecutions>0</numExecutions>
                                                                                                                <time>-1.0</time>
                                                                                                            </locationsNotCovered>
                                                                                                              <locationsNotCovered>
                                                                                                                <column>0</column>
                                                                                                                <line>619</line>
                                                                                                                <numExecutions>0</numExecutions>
                                                                                                                <time>-1.0</time>
                                                                                                            </locationsNotCovered>
                                                                                                              <locationsNotCovered>
                                                                                                                <column>0</column>
                                                                                                                <line>620</line>
                                                                                                                <numExecutions>0</numExecutions>
                                                                                                                <time>-1.0</time>
                                                                                                            </locationsNotCovered>
                                                                                                              <locationsNotCovered>
                                                                                                                <column>0</column>
                                                                                                                <line>624</line>
                                                                                                                <numExecutions>0</numExecutions>
                                                                                                                <time>-1.0</time>
                                                                                                            </locationsNotCovered>
                                                                                                              <locationsNotCovered>
                                                                                                                <column>0</column>
                                                                                                                <line>626</line>
                                                                                                                <numExecutions>0</numExecutions>
                                                                                                                <time>-1.0</time>
                                                                                                            </locationsNotCovered>
                                                                                                              <locationsNotCovered>
                                                                                                                <column>0</column>
                                                                                                                <line>628</line>
                                                                                                                <numExecutions>0</numExecutions>
                                                                                                                <time>-1.0</time>
                                                                                                            </locationsNotCovered>
                                                                                                              <locationsNotCovered>
                                                                                                                <column>0</column>
                                                                                                                <line>631</line>
                                                                                                                <numExecutions>0</numExecutions>
                                                                                                                <time>-1.0</time>
                                                                                                            </locationsNotCovered>
                                                                                                              <locationsNotCovered>
                                                                                                                <column>0</column>
                                                                                                                <line>633</line>
                                                                                                                <numExecutions>0</numExecutions>
                                                                                                                <time>-1.0</time>
                                                                                                            </locationsNotCovered>
                                                                                                              <locationsNotCovered>
                                                                                                                <column>0</column>
                                                                                                                <line>635</line>
                                                                                                                <numExecutions>0</numExecutions>
                                                                                                                <time>-1.0</time>
                                                                                                            </locationsNotCovered>
                                                                                                              <locationsNotCovered>
                                                                                                                <column>0</column>
                                                                                                                <line>636</line>
                                                                                                                <numExecutions>0</numExecutions>
                                                                                                                <time>-1.0</time>
                                                                                                            </locationsNotCovered>
                                                                                                              <locationsNotCovered>
                                                                                                                <column>0</column>
                                                                                                                <line>638</line>
                                                                                                                <numExecutions>0</numExecutions>
                                                                                                                <time>-1.0</time>
                                                                                                            </locationsNotCovered>
                                                                                                              <locationsNotCovered>
                                                                                                                <column>0</column>
                                                                                                                <line>639</line>
                                                                                                                <numExecutions>0</numExecutions>
                                                                                                                <time>-1.0</time>
                                                                                                            </locationsNotCovered>
                                                                                                              <locationsNotCovered>
                                                                                                                <column>0</column>
                                                                                                                <line>640</line>
                                                                                                                <numExecutions>0</numExecutions>
                                                                                                                <time>-1.0</time>
                                                                                                            </locationsNotCovered>
                                                                                                              <locationsNotCovered>
                                                                                                                <column>0</column>
                                                                                                                <line>643</line>
                                                                                                                <numExecutions>0</numExecutions>
                                                                                                                <time>-1.0</time>
                                                                                                            </locationsNotCovered>
                                                                                                              <locationsNotCovered>
                                                                                                                <column>0</column>
                                                                                                                <line>644</line>
                                                                                                                <numExecutions>0</numExecutions>
                                                                                                                <time>-1.0</time>
                                                                                                            </locationsNotCovered>
                                                                                                              <locationsNotCovered>
                                                                                                                <column>0</column>
                                                                                                                <line>645</line>
                                                                                                                <numExecutions>0</numExecutions>
                                                                                                                <time>-1.0</time>
                                                                                                            </locationsNotCovered>
                                                                                                              <locationsNotCovered>
                                                                                                                <column>0</column>
                                                                                                                <line>647</line>
                                                                                                                <numExecutions>0</numExecutions>
                                                                                                                <time>-1.0</time>
                                                                                                            </locationsNotCovered>
                                                                                                              <locationsNotCovered>
                                                                                                                <column>0</column>
                                                                                                                <line>651</line>
                                                                                                                <numExecutions>0</numExecutions>
                                                                                                                <time>-1.0</time>
                                                                                                            </locationsNotCovered>
                                                                                                              <locationsNotCovered>
                                                                                                                <column>0</column>
                                                                                                                <line>653</line>
                                                                                                                <numExecutions>0</numExecutions>
                                                                                                                <time>-1.0</time>
                                                                                                            </locationsNotCovered>
                                                                                                              <locationsNotCovered>
                                                                                                                <column>0</column>
                                                                                                                <line>654</line>
                                                                                                                <numExecutions>0</numExecutions>
                                                                                                                <time>-1.0</time>
                                                                                                            </locationsNotCovered>
                                                                                                              <locationsNotCovered>
                                                                                                                <column>0</column>
                                                                                                                <line>655</line>
                                                                                                                <numExecutions>0</numExecutions>
                                                                                                                <time>-1.0</time>
                                                                                                            </locationsNotCovered>
                                                                                                              <locationsNotCovered>
                                                                                                                <column>0</column>
                                                                                                                <line>656</line>
                                                                                                                <numExecutions>0</numExecutions>
                                                                                                                <time>-1.0</time>
                                                                                                            </locationsNotCovered>
                                                                                                              <locationsNotCovered>
                                                                                                                <column>0</column>
                                                                                                                <line>657</line>
                                                                                                                <numExecutions>0</numExecutions>
                                                                                                                <time>-1.0</time>
                                                                                                            </locationsNotCovered>
                                                                                                              <locationsNotCovered>
                                                                                                                <column>0</column>
                                                                                                                <line>658</line>
                                                                                                                <numExecutions>0</numExecutions>
                                                                                                                <time>-1.0</time>
                                                                                                            </locationsNotCovered>
                                                                                                              <locationsNotCovered>
                                                                                                                <column>0</column>
                                                                                                                <line>659</line>
                                                                                                                <numExecutions>0</numExecutions>
                                                                                                                <time>-1.0</time>
                                                                                                            </locationsNotCovered>
                                                                                                              <locationsNotCovered>
                                                                                                                <column>0</column>
                                                                                                                <line>660</line>
                                                                                                                <numExecutions>0</numExecutions>
                                                                                                                <time>-1.0</time>
                                                                                                            </locationsNotCovered>
                                                                                                              <locationsNotCovered>
                                                                                                                <column>0</column>
                                                                                                                <line>661</line>
                                                                                                                <numExecutions>0</numExecutions>
                                                                                                                <time>-1.0</time>
                                                                                                            </locationsNotCovered>
                                                                                                              <locationsNotCovered>
                                                                                                                <column>0</column>
                                                                                                                <line>663</line>
                                                                                                                <numExecutions>0</numExecutions>
                                                                                                                <time>-1.0</time>
                                                                                                            </locationsNotCovered>
                                                                                                              <locationsNotCovered>
                                                                                                                <column>0</column>
                                                                                                                <line>666</line>
                                                                                                                <numExecutions>0</numExecutions>
                                                                                                                <time>-1.0</time>
                                                                                                            </locationsNotCovered>
                                                                                                              <locationsNotCovered>
                                                                                                                <column>0</column>
                                                                                                                <line>669</line>
                                                                                                                <numExecutions>0</numExecutions>
                                                                                                                <time>-1.0</time>
                                                                                                            </locationsNotCovered>
                                                                                                              <locationsNotCovered>
                                                                                                                <column>0</column>
                                                                                                                <line>670</line>
                                                                                                                <numExecutions>0</numExecutions>
                                                                                                                <time>-1.0</time>
                                                                                                            </locationsNotCovered>
                                                                                                              <locationsNotCovered>
                                                                                                                <column>0</column>
                                                                                                                <line>674</line>
                                                                                                                <numExecutions>0</numExecutions>
                                                                                                                <time>-1.0</time>
                                                                                                            </locationsNotCovered>
                                                                                                              <locationsNotCovered>
                                                                                                                <column>0</column>
                                                                                                                <line>675</line>
                                                                                                                <numExecutions>0</numExecutions>
                                                                                                                <time>-1.0</time>
                                                                                                            </locationsNotCovered>
                                                                                                              <locationsNotCovered>
                                                                                                                <column>0</column>
                                                                                                                <line>676</line>
                                                                                                                <numExecutions>0</numExecutions>
                                                                                                                <time>-1.0</time>
                                                                                                            </locationsNotCovered>
                                                                                                              <locationsNotCovered>
                                                                                                                <column>0</column>
                                                                                                                <line>678</line>
                                                                                                                <numExecutions>0</numExecutions>
                                                                                                                <time>-1.0</time>
                                                                                                            </locationsNotCovered>
                                                                                                              <locationsNotCovered>
                                                                                                                <column>0</column>
                                                                                                                <line>680</line>
                                                                                                                <numExecutions>0</numExecutions>
                                                                                                                <time>-1.0</time>
                                                                                                            </locationsNotCovered>
                                                                                                              <locationsNotCovered>
                                                                                                                <column>0</column>
                                                                                                                <line>685</line>
                                                                                                                <numExecutions>0</numExecutions>
                                                                                                                <time>-1.0</time>
                                                                                                            </locationsNotCovered>
                                                                                                              <locationsNotCovered>
                                                                                                                <column>0</column>
                                                                                                                <line>686</line>
                                                                                                                <numExecutions>0</numExecutions>
                                                                                                                <time>-1.0</time>
                                                                                                            </locationsNotCovered>
                                                                                                              <locationsNotCovered>
                                                                                                                <column>0</column>
                                                                                                                <line>687</line>
                                                                                                                <numExecutions>0</numExecutions>
                                                                                                                <time>-1.0</time>
                                                                                                            </locationsNotCovered>
                                                                                                              <locationsNotCovered>
                                                                                                                <column>0</column>
                                                                                                                <line>688</line>
                                                                                                                <numExecutions>0</numExecutions>
                                                                                                                <time>-1.0</time>
                                                                                                            </locationsNotCovered>
                                                                                                              <locationsNotCovered>
                                                                                                                <column>0</column>
                                                                                                                <line>691</line>
                                                                                                                <numExecutions>0</numExecutions>
                                                                                                                <time>-1.0</time>
                                                                                                            </locationsNotCovered>
                                                                                                              <locationsNotCovered>
                                                                                                                <column>0</column>
                                                                                                                <line>692</line>
                                                                                                                <numExecutions>0</numExecutions>
                                                                                                                <time>-1.0</time>
                                                                                                            </locationsNotCovered>
                                                                                                              <locationsNotCovered>
                                                                                                                <column>0</column>
                                                                                                                <line>693</line>
                                                                                                                <numExecutions>0</numExecutions>
                                                                                                                <time>-1.0</time>
                                                                                                            </locationsNotCovered>
                                                                                                              <locationsNotCovered>
                                                                                                                <column>0</column>
                                                                                                                <line>696</line>
                                                                                                                <numExecutions>0</numExecutions>
                                                                                                                <time>-1.0</time>
                                                                                                            </locationsNotCovered>
                                                                                                              <locationsNotCovered>
                                                                                                                <column>0</column>
                                                                                                                <line>701</line>
                                                                                                                <numExecutions>0</numExecutions>
                                                                                                                <time>-1.0</time>
                                                                                                            </locationsNotCovered>
                                                                                                              <locationsNotCovered>
                                                                                                                <column>0</column>
                                                                                                                <line>703</line>
                                                                                                                <numExecutions>0</numExecutions>
                                                                                                                <time>-1.0</time>
                                                                                                            </locationsNotCovered>
                                                                                                              <locationsNotCovered>
                                                                                                                <column>0</column>
                                                                                                                <line>704</line>
                                                                                                                <numExecutions>0</numExecutions>
                                                                                                                <time>-1.0</time>
                                                                                                            </locationsNotCovered>
                                                                                                              <locationsNotCovered>
                                                                                                                <column>0</column>
                                                                                                                <line>705</line>
                                                                                                                <numExecutions>0</numExecutions>
                                                                                                                <time>-1.0</time>
                                                                                                            </locationsNotCovered>
                                                                                                              <locationsNotCovered>
                                                                                                                <column>0</column>
                                                                                                                <line>707</line>
                                                                                                                <numExecutions>0</numExecutions>
                                                                                                                <time>-1.0</time>
                                                                                                            </locationsNotCovered>
                                                                                                              <locationsNotCovered>
                                                                                                                <column>0</column>
                                                                                                                <line>708</line>
                                                                                                                <numExecutions>0</numExecutions>
                                                                                                                <time>-1.0</time>
                                                                                                            </locationsNotCovered>
                                                                                                              <locationsNotCovered>
                                                                                                                <column>0</column>
                                                                                                                <line>709</line>
                                                                                                                <numExecutions>0</numExecutions>
                                                                                                                <time>-1.0</time>
                                                                                                            </locationsNotCovered>
                                                                                                              <locationsNotCovered>
                                                                                                                <column>0</column>
                                                                                                                <line>711</line>
                                                                                                                <numExecutions>0</numExecutions>
                                                                                                                <time>-1.0</time>
                                                                                                            </locationsNotCovered>
                                                                                                              <locationsNotCovered>
                                                                                                                <column>0</column>
                                                                                                                <line>712</line>
                                                                                                                <numExecutions>0</numExecutions>
                                                                                                                <time>-1.0</time>
                                                                                                            </locationsNotCovered>
                                                                                                              <locationsNotCovered>
                                                                                                                <column>0</column>
                                                                                                                <line>713</line>
                                                                                                                <numExecutions>0</numExecutions>
                                                                                                                <time>-1.0</time>
                                                                                                            </locationsNotCovered>
                                                                                                              <locationsNotCovered>
                                                                                                                <column>0</column>
                                                                                                                <line>718</line>
                                                                                                                <numExecutions>0</numExecutions>
                                                                                                                <time>-1.0</time>
                                                                                                            </locationsNotCovered>
                                                                                                              <locationsNotCovered>
                                                                                                                <column>0</column>
                                                                                                                <line>719</line>
                                                                                                                <numExecutions>0</numExecutions>
                                                                                                                <time>-1.0</time>
                                                                                                            </locationsNotCovered>
                                                                                                              <locationsNotCovered>
                                                                                                                <column>0</column>
                                                                                                                <line>720</line>
                                                                                                                <numExecutions>0</numExecutions>
                                                                                                                <time>-1.0</time>
                                                                                                            </locationsNotCovered>
                                                                                                              <locationsNotCovered>
                                                                                                                <column>0</column>
                                                                                                                <line>722</line>
                                                                                                                <numExecutions>0</numExecutions>
                                                                                                                <time>-1.0</time>
                                                                                                            </locationsNotCovered>
                                                                                                              <locationsNotCovered>
                                                                                                                <column>0</column>
                                                                                                                <line>723</line>
                                                                                                                <numExecutions>0</numExecutions>
                                                                                                                <time>-1.0</time>
                                                                                                            </locationsNotCovered>
                                                                                                              <locationsNotCovered>
                                                                                                                <column>0</column>
                                                                                                                <line>724</line>
                                                                                                                <numExecutions>0</numExecutions>
                                                                                                                <time>-1.0</time>
                                                                                                            </locationsNotCovered>
                                                                                                              <locationsNotCovered>
                                                                                                                <column>0</column>
                                                                                                                <line>725</line>
                                                                                                                <numExecutions>0</numExecutions>
                                                                                                                <time>-1.0</time>
                                                                                                            </locationsNotCovered>
                                                                                                              <locationsNotCovered>
                                                                                                                <column>0</column>
                                                                                                                <line>726</line>
                                                                                                                <numExecutions>0</numExecutions>
                                                                                                                <time>-1.0</time>
                                                                                                            </locationsNotCovered>
                                                                                                              <locationsNotCovered>
                                                                                                                <column>0</column>
                                                                                                                <line>730</line>
                                                                                                                <numExecutions>0</numExecutions>
                                                                                                                <time>-1.0</time>
                                                                                                            </locationsNotCovered>
                                                                                                              <locationsNotCovered>
                                                                                                                <column>0</column>
                                                                                                                <line>731</line>
                                                                                                                <numExecutions>0</numExecutions>
                                                                                                                <time>-1.0</time>
                                                                                                            </locationsNotCovered>
                                                                                                              <locationsNotCovered>
                                                                                                                <column>0</column>
                                                                                                                <line>732</line>
                                                                                                                <numExecutions>0</numExecutions>
                                                                                                                <time>-1.0</time>
                                                                                                            </locationsNotCovered>
                                                                                                              <locationsNotCovered>
                                                                                                                <column>0</column>
                                                                                                                <line>734</line>
                                                                                                                <numExecutions>0</numExecutions>
                                                                                                                <time>-1.0</time>
                                                                                                            </locationsNotCovered>
                                                                                                              <locationsNotCovered>
                                                                                                                <column>0</column>
                                                                                                                <line>735</line>
                                                                                                                <numExecutions>0</numExecutions>
                                                                                                                <time>-1.0</time>
                                                                                                            </locationsNotCovered>
                                                                                                              <locationsNotCovered>
                                                                                                                <column>0</column>
                                                                                                                <line>736</line>
                                                                                                                <numExecutions>0</numExecutions>
                                                                                                                <time>-1.0</time>
                                                                                                            </locationsNotCovered>
                                                                                                              <locationsNotCovered>
                                                                                                                <column>0</column>
                                                                                                                <line>737</line>
                                                                                                                <numExecutions>0</numExecutions>
                                                                                                                <time>-1.0</time>
                                                                                                            </locationsNotCovered>
                                                                                                              <locationsNotCovered>
                                                                                                                <column>0</column>
                                                                                                                <line>740</line>
                                                                                                                <numExecutions>0</numExecutions>
                                                                                                                <time>-1.0</time>
                                                                                                            </locationsNotCovered>
                                                                                                              <locationsNotCovered>
                                                                                                                <column>0</column>
                                                                                                                <line>741</line>
                                                                                                                <numExecutions>0</numExecutions>
                                                                                                                <time>-1.0</time>
                                                                                                            </locationsNotCovered>
                                                                                                              <locationsNotCovered>
                                                                                                                <column>0</column>
                                                                                                                <line>742</line>
                                                                                                                <numExecutions>0</numExecutions>
                                                                                                                <time>-1.0</time>
                                                                                                            </locationsNotCovered>
                                                                                                              <locationsNotCovered>
                                                                                                                <column>0</column>
                                                                                                                <line>754</line>
                                                                                                                <numExecutions>0</numExecutions>
                                                                                                                <time>-1.0</time>
                                                                                                            </locationsNotCovered>
                                                                                                              <locationsNotCovered>
                                                                                                                <column>0</column>
                                                                                                                <line>755</line>
                                                                                                                <numExecutions>0</numExecutions>
                                                                                                                <time>-1.0</time>
                                                                                                            </locationsNotCovered>
                                                                                                              <locationsNotCovered>
                                                                                                                <column>0</column>
                                                                                                                <line>757</line>
                                                                                                                <numExecutions>0</numExecutions>
                                                                                                                <time>-1.0</time>
                                                                                                            </locationsNotCovered>
                                                                                                              <locationsNotCovered>
                                                                                                                <column>0</column>
                                                                                                                <line>758</line>
                                                                                                                <numExecutions>0</numExecutions>
                                                                                                                <time>-1.0</time>
                                                                                                            </locationsNotCovered>
                                                                                                              <locationsNotCovered>
                                                                                                                <column>0</column>
                                                                                                                <line>759</line>
                                                                                                                <numExecutions>0</numExecutions>
                                                                                                                <time>-1.0</time>
                                                                                                            </locationsNotCovered>
                                                                                                              <locationsNotCovered>
                                                                                                                <column>0</column>
                                                                                                                <line>760</line>
                                                                                                                <numExecutions>0</numExecutions>
                                                                                                                <time>-1.0</time>
                                                                                                            </locationsNotCovered>
                                                                                                              <locationsNotCovered>
                                                                                                                <column>0</column>
                                                                                                                <line>761</line>
                                                                                                                <numExecutions>0</numExecutions>
                                                                                                                <time>-1.0</time>
                                                                                                            </locationsNotCovered>
                                                                                                              <locationsNotCovered>
                                                                                                                <column>0</column>
                                                                                                                <line>762</line>
                                                                                                                <numExecutions>0</numExecutions>
                                                                                                                <time>-1.0</time>
                                                                                                            </locationsNotCovered>
                                                                                                              <locationsNotCovered>
                                                                                                                <column>0</column>
                                                                                                                <line>764</line>
                                                                                                                <numExecutions>0</numExecutions>
                                                                                                                <time>-1.0</time>
                                                                                                            </locationsNotCovered>
                                                                                                              <locationsNotCovered>
                                                                                                                <column>0</column>
                                                                                                                <line>766</line>
                                                                                                                <numExecutions>0</numExecutions>
                                                                                                                <time>-1.0</time>
                                                                                                            </locationsNotCovered>
                                                                                                              <locationsNotCovered>
                                                                                                                <column>0</column>
                                                                                                                <line>768</line>
                                                                                                                <numExecutions>0</numExecutions>
                                                                                                                <time>-1.0</time>
                                                                                                            </locationsNotCovered>
                                                                                                              <locationsNotCovered>
                                                                                                                <column>0</column>
                                                                                                                <line>770</line>
                                                                                                                <numExecutions>0</numExecutions>
                                                                                                                <time>-1.0</time>
                                                                                                            </locationsNotCovered>
                                                                                                              <locationsNotCovered>
                                                                                                                <column>0</column>
                                                                                                                <line>774</line>
                                                                                                                <numExecutions>0</numExecutions>
                                                                                                                <time>-1.0</time>
                                                                                                            </locationsNotCovered>
                                                                                                              <locationsNotCovered>
                                                                                                                <column>0</column>
                                                                                                                <line>776</line>
                                                                                                                <numExecutions>0</numExecutions>
                                                                                                                <time>-1.0</time>
                                                                                                            </locationsNotCovered>
                                                                                                              <locationsNotCovered>
                                                                                                                <column>0</column>
                                                                                                                <line>779</line>
                                                                                                                <numExecutions>0</numExecutions>
                                                                                                                <time>-1.0</time>
                                                                                                            </locationsNotCovered>
                                                                                                              <locationsNotCovered>
                                                                                                                <column>0</column>
                                                                                                                <line>783</line>
                                                                                                                <numExecutions>0</numExecutions>
                                                                                                                <time>-1.0</time>
                                                                                                            </locationsNotCovered>
                                                                                                              <locationsNotCovered>
                                                                                                                <column>0</column>
                                                                                                                <line>787</line>
                                                                                                                <numExecutions>0</numExecutions>
                                                                                                                <time>-1.0</time>
                                                                                                            </locationsNotCovered>
                                                                                                              <locationsNotCovered>
                                                                                                                <column>0</column>
                                                                                                                <line>790</line>
                                                                                                                <numExecutions>0</numExecutions>
                                                                                                                <time>-1.0</time>
                                                                                                            </locationsNotCovered>
                                                                                                              <locationsNotCovered>
                                                                                                                <column>0</column>
                                                                                                                <line>791</line>
                                                                                                                <numExecutions>0</numExecutions>
                                                                                                                <time>-1.0</time>
                                                                                                            </locationsNotCovered>
                                                                                                              <locationsNotCovered>
                                                                                                                <column>0</column>
                                                                                                                <line>793</line>
                                                                                                                <numExecutions>0</numExecutions>
                                                                                                                <time>-1.0</time>
                                                                                                            </locationsNotCovered>
                                                                                                              <locationsNotCovered>
                                                                                                                <column>0</column>
                                                                                                                <line>795</line>
                                                                                                                <numExecutions>0</numExecutions>
                                                                                                                <time>-1.0</time>
                                                                                                            </locationsNotCovered>
                                                                                                              <locationsNotCovered>
                                                                                                                <column>0</column>
                                                                                                                <line>797</line>
                                                                                                                <numExecutions>0</numExecutions>
                                                                                                                <time>-1.0</time>
                                                                                                            </locationsNotCovered>
                                                                                                              <locationsNotCovered>
                                                                                                                <column>0</column>
                                                                                                                <line>799</line>
                                                                                                                <numExecutions>0</numExecutions>
                                                                                                                <time>-1.0</time>
                                                                                                            </locationsNotCovered>
                                                                                                              <locationsNotCovered>
                                                                                                                <column>0</column>
                                                                                                                <line>801</line>
                                                                                                                <numExecutions>0</numExecutions>
                                                                                                                <time>-1.0</time>
                                                                                                            </locationsNotCovered>
                                                                                                              <locationsNotCovered>
                                                                                                                <column>0</column>
                                                                                                                <line>803</line>
                                                                                                                <numExecutions>0</numExecutions>
                                                                                                                <time>-1.0</time>
                                                                                                            </locationsNotCovered>
                                                                                                              <locationsNotCovered>
                                                                                                                <column>0</column>
                                                                                                                <line>804</line>
                                                                                                                <numExecutions>0</numExecutions>
                                                                                                                <time>-1.0</time>
                                                                                                            </locationsNotCovered>
                                                                                                              <locationsNotCovered>
                                                                                                                <column>0</column>
                                                                                                                <line>805</line>
                                                                                                                <numExecutions>0</numExecutions>
                                                                                                                <time>-1.0</time>
                                                                                                            </locationsNotCovered>
                                                                                                              <locationsNotCovered>
                                                                                                                <column>0</column>
                                                                                                                <line>806</line>
                                                                                                                <numExecutions>0</numExecutions>
                                                                                                                <time>-1.0</time>
                                                                                                            </locationsNotCovered>
                                                                                                              <locationsNotCovered>
                                                                                                                <column>0</column>
                                                                                                                <line>810</line>
                                                                                                                <numExecutions>0</numExecutions>
                                                                                                                <time>-1.0</time>
                                                                                                            </locationsNotCovered>
                                                                                                              <locationsNotCovered>
                                                                                                                <column>0</column>
                                                                                                                <line>811</line>
                                                                                                                <numExecutions>0</numExecutions>
                                                                                                                <time>-1.0</time>
                                                                                                            </locationsNotCovered>
                                                                                                              <locationsNotCovered>
                                                                                                                <column>0</column>
                                                                                                                <line>812</line>
                                                                                                                <numExecutions>0</numExecutions>
                                                                                                                <time>-1.0</time>
                                                                                                            </locationsNotCovered>
                                                                                                              <locationsNotCovered>
                                                                                                                <column>0</column>
                                                                                                                <line>813</line>
                                                                                                                <numExecutions>0</numExecutions>
                                                                                                                <time>-1.0</time>
                                                                                                            </locationsNotCovered>
                                                                                                              <locationsNotCovered>
                                                                                                                <column>0</column>
                                                                                                                <line>815</line>
                                                                                                                <numExecutions>0</numExecutions>
                                                                                                                <time>-1.0</time>
                                                                                                            </locationsNotCovered>
                                                                                                              <locationsNotCovered>
                                                                                                                <column>0</column>
                                                                                                                <line>825</line>
                                                                                                                <numExecutions>0</numExecutions>
                                                                                                                <time>-1.0</time>
                                                                                                            </locationsNotCovered>
                                                                                                              <locationsNotCovered>
                                                                                                                <column>0</column>
                                                                                                                <line>826</line>
                                                                                                                <numExecutions>0</numExecutions>
                                                                                                                <time>-1.0</time>
                                                                                                            </locationsNotCovered>
                                                                                                              <locationsNotCovered>
                                                                                                                <column>0</column>
                                                                                                                <line>829</line>
                                                                                                                <numExecutions>0</numExecutions>
                                                                                                                <time>-1.0</time>
                                                                                                            </locationsNotCovered>
                                                                                                              <locationsNotCovered>
                                                                                                                <column>0</column>
                                                                                                                <line>830</line>
                                                                                                                <numExecutions>0</numExecutions>
                                                                                                                <time>-1.0</time>
                                                                                                            </locationsNotCovered>
                                                                                                              <locationsNotCovered>
                                                                                                                <column>0</column>
                                                                                                                <line>831</line>
                                                                                                                <numExecutions>0</numExecutions>
                                                                                                                <time>-1.0</time>
                                                                                                            </locationsNotCovered>
                                                                                                              <locationsNotCovered>
                                                                                                                <column>0</column>
                                                                                                                <line>832</line>
                                                                                                                <numExecutions>0</numExecutions>
                                                                                                                <time>-1.0</time>
                                                                                                            </locationsNotCovered>
                                                                                                              <locationsNotCovered>
                                                                                                                <column>0</column>
                                                                                                                <line>833</line>
                                                                                                                <numExecutions>0</numExecutions>
                                                                                                                <time>-1.0</time>
                                                                                                            </locationsNotCovered>
                                                                                                              <locationsNotCovered>
                                                                                                                <column>0</column>
                                                                                                                <line>835</line>
                                                                                                                <numExecutions>0</numExecutions>
                                                                                                                <time>-1.0</time>
                                                                                                            </locationsNotCovered>
                                                                                                              <locationsNotCovered>
                                                                                                                <column>0</column>
                                                                                                                <line>836</line>
                                                                                                                <numExecutions>0</numExecutions>
                                                                                                                <time>-1.0</time>
                                                                                                            </locationsNotCovered>
                                                                                                              <locationsNotCovered>
                                                                                                                <column>0</column>
                                                                                                                <line>837</line>
                                                                                                                <numExecutions>0</numExecutions>
                                                                                                                <time>-1.0</time>
                                                                                                            </locationsNotCovered>
                                                                                                              <locationsNotCovered>
                                                                                                                <column>0</column>
                                                                                                                <line>838</line>
                                                                                                                <numExecutions>0</numExecutions>
                                                                                                                <time>-1.0</time>
                                                                                                            </locationsNotCovered>
                                                                                                              <locationsNotCovered>
                                                                                                                <column>0</column>
                                                                                                                <line>840</line>
                                                                                                                <numExecutions>0</numExecutions>
                                                                                                                <time>-1.0</time>
                                                                                                            </locationsNotCovered>
                                                                                                              <locationsNotCovered>
                                                                                                                <column>0</column>
                                                                                                                <line>841</line>
                                                                                                                <numExecutions>0</numExecutions>
                                                                                                                <time>-1.0</time>
                                                                                                            </locationsNotCovered>
                                                                                                              <locationsNotCovered>
                                                                                                                <column>0</column>
                                                                                                                <line>863</line>
                                                                                                                <numExecutions>0</numExecutions>
                                                                                                                <time>-1.0</time>
                                                                                                            </locationsNotCovered>
                                                                                                              <locationsNotCovered>
                                                                                                                <column>0</column>
                                                                                                                <line>864</line>
                                                                                                                <numExecutions>0</numExecutions>
                                                                                                                <time>-1.0</time>
                                                                                                            </locationsNotCovered>
                                                                                                              <locationsNotCovered>
                                                                                                                <column>0</column>
                                                                                                                <line>865</line>
                                                                                                                <numExecutions>0</numExecutions>
                                                                                                                <time>-1.0</time>
                                                                                                            </locationsNotCovered>
                                                                                                              <locationsNotCovered>
                                                                                                                <column>0</column>
                                                                                                                <line>866</line>
                                                                                                                <numExecutions>0</numExecutions>
                                                                                                                <time>-1.0</time>
                                                                                                            </locationsNotCovered>
                                                                                                              <locationsNotCovered>
                                                                                                                <column>0</column>
                                                                                                                <line>867</line>
                                                                                                                <numExecutions>0</numExecutions>
                                                                                                                <time>-1.0</time>
                                                                                                            </locationsNotCovered>
                                                                                                              <locationsNotCovered>
                                                                                                                <column>0</column>
                                                                                                                <line>868</line>
                                                                                                                <numExecutions>0</numExecutions>
                                                                                                                <time>-1.0</time>
                                                                                                            </locationsNotCovered>
                                                                                                              <locationsNotCovered>
                                                                                                                <column>0</column>
                                                                                                                <line>870</line>
                                                                                                                <numExecutions>0</numExecutions>
                                                                                                                <time>-1.0</time>
                                                                                                            </locationsNotCovered>
                                                                                                              <locationsNotCovered>
                                                                                                                <column>0</column>
                                                                                                                <line>871</line>
                                                                                                                <numExecutions>0</numExecutions>
                                                                                                                <time>-1.0</time>
                                                                                                            </locationsNotCovered>
                                                                                                              <locationsNotCovered>
                                                                                                                <column>0</column>
                                                                                                                <line>872</line>
                                                                                                                <numExecutions>0</numExecutions>
                                                                                                                <time>-1.0</time>
                                                                                                            </locationsNotCovered>
                                                                                                              <locationsNotCovered>
                                                                                                                <column>0</column>
                                                                                                                <line>873</line>
                                                                                                                <numExecutions>0</numExecutions>
                                                                                                                <time>-1.0</time>
                                                                                                            </locationsNotCovered>
                                                                                                              <locationsNotCovered>
                                                                                                                <column>0</column>
                                                                                                                <line>874</line>
                                                                                                                <numExecutions>0</numExecutions>
                                                                                                                <time>-1.0</time>
                                                                                                            </locationsNotCovered>
                                                                                                              <locationsNotCovered>
                                                                                                                <column>0</column>
                                                                                                                <line>876</line>
                                                                                                                <numExecutions>0</numExecutions>
                                                                                                                <time>-1.0</time>
                                                                                                            </locationsNotCovered>
                                                                                                              <locationsNotCovered>
                                                                                                                <column>0</column>
                                                                                                                <line>879</line>
                                                                                                                <numExecutions>0</numExecutions>
                                                                                                                <time>-1.0</time>
                                                                                                            </locationsNotCovered>
                                                                                                              <locationsNotCovered>
                                                                                                                <column>0</column>
                                                                                                                <line>880</line>
                                                                                                                <numExecutions>0</numExecutions>
                                                                                                                <time>-1.0</time>
                                                                                                            </locationsNotCovered>
                                                                                                              <locationsNotCovered>
                                                                                                                <column>0</column>
                                                                                                                <line>886</line>
                                                                                                                <numExecutions>0</numExecutions>
                                                                                                                <time>-1.0</time>
                                                                                                            </locationsNotCovered>
                                                                                                              <locationsNotCovered>
                                                                                                                <column>0</column>
                                                                                                                <line>887</line>
                                                                                                                <numExecutions>0</numExecutions>
                                                                                                                <time>-1.0</time>
                                                                                                            </locationsNotCovered>
                                                                                                              <locationsNotCovered>
                                                                                                                <column>0</column>
                                                                                                                <line>888</line>
                                                                                                                <numExecutions>0</numExecutions>
                                                                                                                <time>-1.0</time>
                                                                                                            </locationsNotCovered>
                                                                                                              <locationsNotCovered>
                                                                                                                <column>0</column>
                                                                                                                <line>889</line>
                                                                                                                <numExecutions>0</numExecutions>
                                                                                                                <time>-1.0</time>
                                                                                                            </locationsNotCovered>
                                                                                                              <locationsNotCovered>
                                                                                                                <column>0</column>
                                                                                                                <line>891</line>
                                                                                                                <numExecutions>0</numExecutions>
                                                                                                                <time>-1.0</time>
                                                                                                            </locationsNotCovered>
                                                                                                              <locationsNotCovered>
                                                                                                                <column>0</column>
                                                                                                                <line>892</line>
                                                                                                                <numExecutions>0</numExecutions>
                                                                                                                <time>-1.0</time>
                                                                                                            </locationsNotCovered>
                                                                                                              <locationsNotCovered>
                                                                                                                <column>0</column>
                                                                                                                <line>894</line>
                                                                                                                <numExecutions>0</numExecutions>
                                                                                                                <time>-1.0</time>
                                                                                                            </locationsNotCovered>
                                                                                                              <locationsNotCovered>
                                                                                                                <column>0</column>
                                                                                                                <line>903</line>
                                                                                                                <numExecutions>0</numExecutions>
                                                                                                                <time>-1.0</time>
                                                                                                            </locationsNotCovered>
                                                                                                              <locationsNotCovered>
                                                                                                                <column>0</column>
                                                                                                                <line>904</line>
                                                                                                                <numExecutions>0</numExecutions>
                                                                                                                <time>-1.0</time>
                                                                                                            </locationsNotCovered>
                                                                                                              <locationsNotCovered>
                                                                                                                <column>0</column>
                                                                                                                <line>905</line>
                                                                                                                <numExecutions>0</numExecutions>
                                                                                                                <time>-1.0</time>
                                                                                                            </locationsNotCovered>
                                                                                                              <locationsNotCovered>
                                                                                                                <column>0</column>
                                                                                                                <line>906</line>
                                                                                                                <numExecutions>0</numExecutions>
                                                                                                                <time>-1.0</time>
                                                                                                            </locationsNotCovered>
                                                                                                              <locationsNotCovered>
                                                                                                                <column>0</column>
                                                                                                                <line>907</line>
                                                                                                                <numExecutions>0</numExecutions>
                                                                                                                <time>-1.0</time>
                                                                                                            </locationsNotCovered>
                                                                                                              <locationsNotCovered>
                                                                                                                <column>0</column>
                                                                                                                <line>908</line>
                                                                                                                <numExecutions>0</numExecutions>
                                                                                                                <time>-1.0</time>
                                                                                                            </locationsNotCovered>
                                                                                                              <locationsNotCovered>
                                                                                                                <column>0</column>
                                                                                                                <line>909</line>
                                                                                                                <numExecutions>0</numExecutions>
                                                                                                                <time>-1.0</time>
                                                                                                            </locationsNotCovered>
                                                                                                              <locationsNotCovered>
                                                                                                                <column>0</column>
                                                                                                                <line>910</line>
                                                                                                                <numExecutions>0</numExecutions>
                                                                                                                <time>-1.0</time>
                                                                                                            </locationsNotCovered>
                                                                                                              <locationsNotCovered>
                                                                                                                <column>0</column>
                                                                                                                <line>911</line>
                                                                                                                <numExecutions>0</numExecutions>
                                                                                                                <time>-1.0</time>
                                                                                                            </locationsNotCovered>
                                                                                                              <locationsNotCovered>
                                                                                                                <column>0</column>
                                                                                                                <line>912</line>
                                                                                                                <numExecutions>0</numExecutions>
                                                                                                                <time>-1.0</time>
                                                                                                            </locationsNotCovered>
                                                                                                              <locationsNotCovered>
                                                                                                                <column>0</column>
                                                                                                                <line>913</line>
                                                                                                                <numExecutions>0</numExecutions>
                                                                                                                <time>-1.0</time>
                                                                                                            </locationsNotCovered>
                                                                                                              <locationsNotCovered>
                                                                                                                <column>0</column>
                                                                                                                <line>922</line>
                                                                                                                <numExecutions>0</numExecutions>
                                                                                                                <time>-1.0</time>
                                                                                                            </locationsNotCovered>
                                                                                                              <locationsNotCovered>
                                                                                                                <column>0</column>
                                                                                                                <line>923</line>
                                                                                                                <numExecutions>0</numExecutions>
                                                                                                                <time>-1.0</time>
                                                                                                            </locationsNotCovered>
                                                                                                              <locationsNotCovered>
                                                                                                                <column>0</column>
                                                                                                                <line>927</line>
                                                                                                                <numExecutions>0</numExecutions>
                                                                                                                <time>-1.0</time>
                                                                                                            </locationsNotCovered>
                                                                                                              <locationsNotCovered>
                                                                                                                <column>0</column>
                                                                                                                <line>928</line>
                                                                                                                <numExecutions>0</numExecutions>
                                                                                                                <time>-1.0</time>
                                                                                                            </locationsNotCovered>
                                                                                                              <locationsNotCovered>
                                                                                                                <column>0</column>
                                                                                                                <line>929</line>
                                                                                                                <numExecutions>0</numExecutions>
                                                                                                                <time>-1.0</time>
                                                                                                            </locationsNotCovered>
                                                                                                              <locationsNotCovered>
                                                                                                                <column>0</column>
                                                                                                                <line>931</line>
                                                                                                                <numExecutions>0</numExecutions>
                                                                                                                <time>-1.0</time>
                                                                                                            </locationsNotCovered>
                                                                                                              <locationsNotCovered>
                                                                                                                <column>0</column>
                                                                                                                <line>932</line>
                                                                                                                <numExecutions>0</numExecutions>
                                                                                                                <time>-1.0</time>
                                                                                                            </locationsNotCovered>
                                                                                                              <locationsNotCovered>
                                                                                                                <column>0</column>
                                                                                                                <line>933</line>
                                                                                                                <numExecutions>0</numExecutions>
                                                                                                                <time>-1.0</time>
                                                                                                            </locationsNotCovered>
                                                                                                              <locationsNotCovered>
                                                                                                                <column>0</column>
                                                                                                                <line>934</line>
                                                                                                                <numExecutions>0</numExecutions>
                                                                                                                <time>-1.0</time>
                                                                                                            </locationsNotCovered>
                                                                                                              <locationsNotCovered>
                                                                                                                <column>0</column>
                                                                                                                <line>935</line>
                                                                                                                <numExecutions>0</numExecutions>
                                                                                                                <time>-1.0</time>
                                                                                                            </locationsNotCovered>
                                                                                                              <locationsNotCovered>
                                                                                                                <column>0</column>
                                                                                                                <line>936</line>
                                                                                                                <numExecutions>0</numExecutions>
                                                                                                                <time>-1.0</time>
                                                                                                            </locationsNotCovered>
                                                                                                              <locationsNotCovered>
                                                                                                                <column>0</column>
                                                                                                                <line>941</line>
                                                                                                                <numExecutions>0</numExecutions>
                                                                                                                <time>-1.0</time>
                                                                                                            </locationsNotCovered>
                                                                                                              <locationsNotCovered>
                                                                                                                <column>0</column>
                                                                                                                <line>942</line>
                                                                                                                <numExecutions>0</numExecutions>
                                                                                                                <time>-1.0</time>
                                                                                                            </locationsNotCovered>
                                                                                                              <locationsNotCovered>
                                                                                                                <column>0</column>
                                                                                                                <line>949</line>
                                                                                                                <numExecutions>0</numExecutions>
                                                                                                                <time>-1.0</time>
                                                                                                            </locationsNotCovered>
                                                                                                              <locationsNotCovered>
                                                                                                                <column>0</column>
                                                                                                                <line>950</line>
                                                                                                                <numExecutions>0</numExecutions>
                                                                                                                <time>-1.0</time>
                                                                                                            </locationsNotCovered>
                                                                                                              <locationsNotCovered>
                                                                                                                <column>0</column>
                                                                                                                <line>952</line>
                                                                                                                <numExecutions>0</numExecutions>
                                                                                                                <time>-1.0</time>
                                                                                                            </locationsNotCovered>
                                                                                                              <locationsNotCovered>
                                                                                                                <column>0</column>
                                                                                                                <line>953</line>
                                                                                                                <numExecutions>0</numExecutions>
                                                                                                                <time>-1.0</time>
                                                                                                            </locationsNotCovered>
                                                                                                              <locationsNotCovered>
                                                                                                                <column>0</column>
                                                                                                                <line>954</line>
                                                                                                                <numExecutions>0</numExecutions>
                                                                                                                <time>-1.0</time>
                                                                                                            </locationsNotCovered>
                                                                                                              <locationsNotCovered>
                                                                                                                <column>0</column>
                                                                                                                <line>955</line>
                                                                                                                <numExecutions>0</numExecutions>
                                                                                                                <time>-1.0</time>
                                                                                                            </locationsNotCovered>
                                                                                                              <locationsNotCovered>
                                                                                                                <column>0</column>
                                                                                                                <line>957</line>
                                                                                                                <numExecutions>0</numExecutions>
                                                                                                                <time>-1.0</time>
                                                                                                            </locationsNotCovered>
                                                                                                              <locationsNotCovered>
                                                                                                                <column>0</column>
                                                                                                                <line>958</line>
                                                                                                                <numExecutions>0</numExecutions>
                                                                                                                <time>-1.0</time>
                                                                                                            </locationsNotCovered>
                                                                                                              <locationsNotCovered>
                                                                                                                <column>0</column>
                                                                                                                <line>959</line>
                                                                                                                <numExecutions>0</numExecutions>
                                                                                                                <time>-1.0</time>
                                                                                                            </locationsNotCovered>
                                                                                                              <locationsNotCovered>
                                                                                                                <column>0</column>
                                                                                                                <line>960</line>
                                                                                                                <numExecutions>0</numExecutions>
                                                                                                                <time>-1.0</time>
                                                                                                            </locationsNotCovered>
                                                                                                              <locationsNotCovered>
                                                                                                                <column>0</column>
                                                                                                                <line>962</line>
                                                                                                                <numExecutions>0</numExecutions>
                                                                                                                <time>-1.0</time>
                                                                                                            </locationsNotCovered>
                                                                                                              <locationsNotCovered>
                                                                                                                <column>0</column>
                                                                                                                <line>964</line>
                                                                                                                <numExecutions>0</numExecutions>
                                                                                                                <time>-1.0</time>
                                                                                                            </locationsNotCovered>
                                                                                                              <locationsNotCovered>
                                                                                                                <column>0</column>
                                                                                                                <line>967</line>
                                                                                                                <numExecutions>0</numExecutions>
                                                                                                                <time>-1.0</time>
                                                                                                            </locationsNotCovered>
                                                                                                              <locationsNotCovered>
                                                                                                                <column>0</column>
                                                                                                                <line>970</line>
                                                                                                                <numExecutions>0</numExecutions>
                                                                                                                <time>-1.0</time>
                                                                                                            </locationsNotCovered>
                                                                                                              <locationsNotCovered>
                                                                                                                <column>0</column>
                                                                                                                <line>971</line>
                                                                                                                <numExecutions>0</numExecutions>
                                                                                                                <time>-1.0</time>
                                                                                                            </locationsNotCovered>
                                                                                                              <locationsNotCovered>
                                                                                                                <column>0</column>
                                                                                                                <line>972</line>
                                                                                                                <numExecutions>0</numExecutions>
                                                                                                                <time>-1.0</time>
                                                                                                            </locationsNotCovered>
                                                                                                              <locationsNotCovered>
                                                                                                                <column>0</column>
                                                                                                                <line>973</line>
                                                                                                                <numExecutions>0</numExecutions>
                                                                                                                <time>-1.0</time>
                                                                                                            </locationsNotCovered>
                                                                                                              <locationsNotCovered>
                                                                                                                <column>0</column>
                                                                                                                <line>974</line>
                                                                                                                <numExecutions>0</numExecutions>
                                                                                                                <time>-1.0</time>
                                                                                                            </locationsNotCovered>
                                                                                                              <locationsNotCovered>
                                                                                                                <column>0</column>
                                                                                                                <line>977</line>
                                                                                                                <numExecutions>0</numExecutions>
                                                                                                                <time>-1.0</time>
                                                                                                            </locationsNotCovered>
                                                                                                              <locationsNotCovered>
                                                                                                                <column>0</column>
                                                                                                                <line>978</line>
                                                                                                                <numExecutions>0</numExecutions>
                                                                                                                <time>-1.0</time>
                                                                                                            </locationsNotCovered>
                                                                                                              <locationsNotCovered>
                                                                                                                <column>0</column>
                                                                                                                <line>979</line>
                                                                                                                <numExecutions>0</numExecutions>
                                                                                                                <time>-1.0</time>
                                                                                                            </locationsNotCovered>
                                                                                                              <locationsNotCovered>
                                                                                                                <column>0</column>
                                                                                                                <line>980</line>
                                                                                                                <numExecutions>0</numExecutions>
                                                                                                                <time>-1.0</time>
                                                                                                            </locationsNotCovered>
                                                                                                              <locationsNotCovered>
                                                                                                                <column>0</column>
                                                                                                                <line>981</line>
                                                                                                                <numExecutions>0</numExecutions>
                                                                                                                <time>-1.0</time>
                                                                                                            </locationsNotCovered>
                                                                                                              <locationsNotCovered>
                                                                                                                <column>0</column>
                                                                                                                <line>987</line>
                                                                                                                <numExecutions>0</numExecutions>
                                                                                                                <time>-1.0</time>
                                                                                                            </locationsNotCovered>
                                                                                                              <locationsNotCovered>
                                                                                                                <column>0</column>
                                                                                                                <line>988</line>
                                                                                                                <numExecutions>0</numExecutions>
                                                                                                                <time>-1.0</time>
                                                                                                            </locationsNotCovered>
                                                                                                              <locationsNotCovered>
                                                                                                                <column>0</column>
                                                                                                                <line>989</line>
                                                                                                                <numExecutions>0</numExecutions>
                                                                                                                <time>-1.0</time>
                                                                                                            </locationsNotCovered>
                                                                                                              <locationsNotCovered>
                                                                                                                <column>0</column>
                                                                                                                <line>990</line>
                                                                                                                <numExecutions>0</numExecutions>
                                                                                                                <time>-1.0</time>
                                                                                                            </locationsNotCovered>
                                                                                                              <locationsNotCovered>
                                                                                                                <column>0</column>
                                                                                                                <line>991</line>
                                                                                                                <numExecutions>0</numExecutions>
                                                                                                                <time>-1.0</time>
                                                                                                            </locationsNotCovered>
                                                                                                              <locationsNotCovered>
                                                                                                                <column>0</column>
                                                                                                                <line>992</line>
                                                                                                                <numExecutions>0</numExecutions>
                                                                                                                <time>-1.0</time>
                                                                                                            </locationsNotCovered>
                                                                                                              <locationsNotCovered>
                                                                                                                <column>0</column>
                                                                                                                <line>994</line>
                                                                                                                <numExecutions>0</numExecutions>
                                                                                                                <time>-1.0</time>
                                                                                                            </locationsNotCovered>
                                                                                                              <locationsNotCovered>
                                                                                                                <column>0</column>
                                                                                                                <line>996</line>
                                                                                                                <numExecutions>0</numExecutions>
                                                                                                                <time>-1.0</time>
                                                                                                            </locationsNotCovered>
                                                                                                              <locationsNotCovered>
                                                                                                                <column>0</column>
                                                                                                                <line>997</line>
                                                                                                                <numExecutions>0</numExecutions>
                                                                                                                <time>-1.0</time>
                                                                                                            </locationsNotCovered>
                                                                                                              <locationsNotCovered>
                                                                                                                <column>0</column>
                                                                                                                <line>1000</line>
                                                                                                                <numExecutions>0</numExecutions>
                                                                                                                <time>-1.0</time>
                                                                                                            </locationsNotCovered>
                                                                                                              <locationsNotCovered>
                                                                                                                <column>0</column>
                                                                                                                <line>1006</line>
                                                                                                                <numExecutions>0</numExecutions>
                                                                                                                <time>-1.0</time>
                                                                                                            </locationsNotCovered>
                                                                                                              <locationsNotCovered>
                                                                                                                <column>0</column>
                                                                                                                <line>1007</line>
                                                                                                                <numExecutions>0</numExecutions>
                                                                                                                <time>-1.0</time>
                                                                                                            </locationsNotCovered>
                                                                                                              <locationsNotCovered>
                                                                                                                <column>0</column>
                                                                                                                <line>1008</line>
                                                                                                                <numExecutions>0</numExecutions>
                                                                                                                <time>-1.0</time>
                                                                                                            </locationsNotCovered>
                                                                                                              <locationsNotCovered>
                                                                                                                <column>0</column>
                                                                                                                <line>1009</line>
                                                                                                                <numExecutions>0</numExecutions>
                                                                                                                <time>-1.0</time>
                                                                                                            </locationsNotCovered>
                                                                                                              <locationsNotCovered>
                                                                                                                <column>0</column>
                                                                                                                <line>1010</line>
                                                                                                                <numExecutions>0</numExecutions>
                                                                                                                <time>-1.0</time>
                                                                                                            </locationsNotCovered>
                                                                                                              <locationsNotCovered>
                                                                                                                <column>0</column>
                                                                                                                <line>1011</line>
                                                                                                                <numExecutions>0</numExecutions>
                                                                                                                <time>-1.0</time>
                                                                                                            </locationsNotCovered>
                                                                                                              <locationsNotCovered>
                                                                                                                <column>0</column>
                                                                                                                <line>1012</line>
                                                                                                                <numExecutions>0</numExecutions>
                                                                                                                <time>-1.0</time>
                                                                                                            </locationsNotCovered>
                                                                                                              <locationsNotCovered>
                                                                                                                <column>0</column>
                                                                                                                <line>1013</line>
                                                                                                                <numExecutions>0</numExecutions>
                                                                                                                <time>-1.0</time>
                                                                                                            </locationsNotCovered>
                                                                                                              <locationsNotCovered>
                                                                                                                <column>0</column>
                                                                                                                <line>1016</line>
                                                                                                                <numExecutions>0</numExecutions>
                                                                                                                <time>-1.0</time>
                                                                                                            </locationsNotCovered>
                                                                                                              <locationsNotCovered>
                                                                                                                <column>0</column>
                                                                                                                <line>1019</line>
                                                                                                                <numExecutions>0</numExecutions>
                                                                                                                <time>-1.0</time>
                                                                                                            </locationsNotCovered>
                                                                                                              <locationsNotCovered>
                                                                                                                <column>0</column>
                                                                                                                <line>1020</line>
                                                                                                                <numExecutions>0</numExecutions>
                                                                                                                <time>-1.0</time>
                                                                                                            </locationsNotCovered>
                                                                                                              <locationsNotCovered>
                                                                                                                <column>0</column>
                                                                                                                <line>1021</line>
                                                                                                                <numExecutions>0</numExecutions>
                                                                                                                <time>-1.0</time>
                                                                                                            </locationsNotCovered>
                                                                                                              <locationsNotCovered>
                                                                                                                <column>0</column>
                                                                                                                <line>1022</line>
                                                                                                                <numExecutions>0</numExecutions>
                                                                                                                <time>-1.0</time>
                                                                                                            </locationsNotCovered>
                                                                                                              <locationsNotCovered>
                                                                                                                <column>0</column>
                                                                                                                <line>1023</line>
                                                                                                                <numExecutions>0</numExecutions>
                                                                                                                <time>-1.0</time>
                                                                                                            </locationsNotCovered>
                                                                                                              <locationsNotCovered>
                                                                                                                <column>0</column>
                                                                                                                <line>1026</line>
                                                                                                                <numExecutions>0</numExecutions>
                                                                                                                <time>-1.0</time>
                                                                                                            </locationsNotCovered>
                                                                                                              <locationsNotCovered>
                                                                                                                <column>0</column>
                                                                                                                <line>1029</line>
                                                                                                                <numExecutions>0</numExecutions>
                                                                                                                <time>-1.0</time>
                                                                                                            </locationsNotCovered>
                                                                                                              <locationsNotCovered>
                                                                                                                <column>0</column>
                                                                                                                <line>1030</line>
                                                                                                                <numExecutions>0</numExecutions>
                                                                                                                <time>-1.0</time>
                                                                                                            </locationsNotCovered>
                                                                                                              <locationsNotCovered>
                                                                                                                <column>0</column>
                                                                                                                <line>1031</line>
                                                                                                                <numExecutions>0</numExecutions>
                                                                                                                <time>-1.0</time>
                                                                                                            </locationsNotCovered>
                                                                                                              <locationsNotCovered>
                                                                                                                <column>0</column>
                                                                                                                <line>1032</line>
                                                                                                                <numExecutions>0</numExecutions>
                                                                                                                <time>-1.0</time>
                                                                                                            </locationsNotCovered>
                                                                                                              <locationsNotCovered>
                                                                                                                <column>0</column>
                                                                                                                <line>1040</line>
                                                                                                                <numExecutions>0</numExecutions>
                                                                                                                <time>-1.0</time>
                                                                                                            </locationsNotCovered>
                                                                                                              <locationsNotCovered>
                                                                                                                <column>0</column>
                                                                                                                <line>1041</line>
                                                                                                                <numExecutions>0</numExecutions>
                                                                                                                <time>-1.0</time>
                                                                                                            </locationsNotCovered>
                                                                                                              <locationsNotCovered>
                                                                                                                <column>0</column>
                                                                                                                <line>1043</line>
                                                                                                                <numExecutions>0</numExecutions>
                                                                                                                <time>-1.0</time>
                                                                                                            </locationsNotCovered>
                                                                                                              <locationsNotCovered>
                                                                                                                <column>0</column>
                                                                                                                <line>1049</line>
                                                                                                                <numExecutions>0</numExecutions>
                                                                                                                <time>-1.0</time>
                                                                                                            </locationsNotCovered>
                                                                                                              <locationsNotCovered>
                                                                                                                <column>0</column>
                                                                                                                <line>1052</line>
                                                                                                                <numExecutions>0</numExecutions>
                                                                                                                <time>-1.0</time>
                                                                                                            </locationsNotCovered>
                                                                                                              <locationsNotCovered>
                                                                                                                <column>0</column>
                                                                                                                <line>1053</line>
                                                                                                                <numExecutions>0</numExecutions>
                                                                                                                <time>-1.0</time>
                                                                                                            </locationsNotCovered>
                                                                                                              <locationsNotCovered>
                                                                                                                <column>0</column>
                                                                                                                <line>1054</line>
                                                                                                                <numExecutions>0</numExecutions>
                                                                                                                <time>-1.0</time>
                                                                                                            </locationsNotCovered>
                                                                                                              <locationsNotCovered>
                                                                                                                <column>0</column>
                                                                                                                <line>1055</line>
                                                                                                                <numExecutions>0</numExecutions>
                                                                                                                <time>-1.0</time>
                                                                                                            </locationsNotCovered>
                                                                                                              <locationsNotCovered>
                                                                                                                <column>0</column>
                                                                                                                <line>1056</line>
                                                                                                                <numExecutions>0</numExecutions>
                                                                                                                <time>-1.0</time>
                                                                                                            </locationsNotCovered>
                                                                                                              <locationsNotCovered>
                                                                                                                <column>0</column>
                                                                                                                <line>1060</line>
                                                                                                                <numExecutions>0</numExecutions>
                                                                                                                <time>-1.0</time>
                                                                                                            </locationsNotCovered>
                                                                                                              <locationsNotCovered>
                                                                                                                <column>0</column>
                                                                                                                <line>1061</line>
                                                                                                                <numExecutions>0</numExecutions>
                                                                                                                <time>-1.0</time>
                                                                                                            </locationsNotCovered>
                                                                                                              <locationsNotCovered>
                                                                                                                <column>0</column>
                                                                                                                <line>1065</line>
                                                                                                                <numExecutions>0</numExecutions>
                                                                                                                <time>-1.0</time>
                                                                                                            </locationsNotCovered>
                                                                                                              <locationsNotCovered>
                                                                                                                <column>0</column>
                                                                                                                <line>1067</line>
                                                                                                                <numExecutions>0</numExecutions>
                                                                                                                <time>-1.0</time>
                                                                                                            </locationsNotCovered>
                                                                                                              <locationsNotCovered>
                                                                                                                <column>0</column>
                                                                                                                <line>1068</line>
                                                                                                                <numExecutions>0</numExecutions>
                                                                                                                <time>-1.0</time>
                                                                                                            </locationsNotCovered>
                                                                                                              <locationsNotCovered>
                                                                                                                <column>0</column>
                                                                                                                <line>1069</line>
                                                                                                                <numExecutions>0</numExecutions>
                                                                                                                <time>-1.0</time>
                                                                                                            </locationsNotCovered>
                                                                                                              <locationsNotCovered>
                                                                                                                <column>0</column>
                                                                                                                <line>1070</line>
                                                                                                                <numExecutions>0</numExecutions>
                                                                                                                <time>-1.0</time>
                                                                                                            </locationsNotCovered>
                                                                                                              <locationsNotCovered>
                                                                                                                <column>0</column>
                                                                                                                <line>1071</line>
                                                                                                                <numExecutions>0</numExecutions>
                                                                                                                <time>-1.0</time>
                                                                                                            </locationsNotCovered>
                                                                                                              <locationsNotCovered>
                                                                                                                <column>0</column>
                                                                                                                <line>1072</line>
                                                                                                                <numExecutions>0</numExecutions>
                                                                                                                <time>-1.0</time>
                                                                                                            </locationsNotCovered>
                                                                                                              <locationsNotCovered>
                                                                                                                <column>0</column>
                                                                                                                <line>1074</line>
                                                                                                                <numExecutions>0</numExecutions>
                                                                                                                <time>-1.0</time>
                                                                                                            </locationsNotCovered>
                                                                                                              <locationsNotCovered>
                                                                                                                <column>0</column>
                                                                                                                <line>1079</line>
                                                                                                                <numExecutions>0</numExecutions>
                                                                                                                <time>-1.0</time>
                                                                                                            </locationsNotCovered>
                                                                                                              <locationsNotCovered>
                                                                                                                <column>0</column>
                                                                                                                <line>1082</line>
                                                                                                                <numExecutions>0</numExecutions>
                                                                                                                <time>-1.0</time>
                                                                                                            </locationsNotCovered>
                                                                                                              <locationsNotCovered>
                                                                                                                <column>0</column>
                                                                                                                <line>1083</line>
                                                                                                                <numExecutions>0</numExecutions>
                                                                                                                <time>-1.0</time>
                                                                                                            </locationsNotCovered>
                                                                                                              <locationsNotCovered>
                                                                                                                <column>0</column>
                                                                                                                <line>1084</line>
                                                                                                                <numExecutions>0</numExecutions>
                                                                                                                <time>-1.0</time>
                                                                                                            </locationsNotCovered>
                                                                                                              <locationsNotCovered>
                                                                                                                <column>0</column>
                                                                                                                <line>1085</line>
                                                                                                                <numExecutions>0</numExecutions>
                                                                                                                <time>-1.0</time>
                                                                                                            </locationsNotCovered>
                                                                                                              <locationsNotCovered>
                                                                                                                <column>0</column>
                                                                                                                <line>1086</line>
                                                                                                                <numExecutions>0</numExecutions>
                                                                                                                <time>-1.0</time>
                                                                                                            </locationsNotCovered>
                                                                                                              <locationsNotCovered>
                                                                                                                <column>0</column>
                                                                                                                <line>1087</line>
                                                                                                                <numExecutions>0</numExecutions>
                                                                                                                <time>-1.0</time>
                                                                                                            </locationsNotCovered>
                                                                                                              <locationsNotCovered>
                                                                                                                <column>0</column>
                                                                                                                <line>1088</line>
                                                                                                                <numExecutions>0</numExecutions>
                                                                                                                <time>-1.0</time>
                                                                                                            </locationsNotCovered>
                                                                                                              <locationsNotCovered>
                                                                                                                <column>0</column>
                                                                                                                <line>1089</line>
                                                                                                                <numExecutions>0</numExecutions>
                                                                                                                <time>-1.0</time>
                                                                                                            </locationsNotCovered>
                                                                                                              <locationsNotCovered>
                                                                                                                <column>0</column>
                                                                                                                <line>1090</line>
                                                                                                                <numExecutions>0</numExecutions>
                                                                                                                <time>-1.0</time>
                                                                                                            </locationsNotCovered>
                                                                                                              <locationsNotCovered>
                                                                                                                <column>0</column>
                                                                                                                <line>1091</line>
                                                                                                                <numExecutions>0</numExecutions>
                                                                                                                <time>-1.0</time>
                                                                                                            </locationsNotCovered>
                                                                                                              <locationsNotCovered>
                                                                                                                <column>0</column>
                                                                                                                <line>1092</line>
                                                                                                                <numExecutions>0</numExecutions>
                                                                                                                <time>-1.0</time>
                                                                                                            </locationsNotCovered>
                                                                                                              <locationsNotCovered>
                                                                                                                <column>0</column>
                                                                                                                <line>1097</line>
                                                                                                                <numExecutions>0</numExecutions>
                                                                                                                <time>-1.0</time>
                                                                                                            </locationsNotCovered>
                                                                                                              <locationsNotCovered>
                                                                                                                <column>0</column>
                                                                                                                <line>1100</line>
                                                                                                                <numExecutions>0</numExecutions>
                                                                                                                <time>-1.0</time>
                                                                                                            </locationsNotCovered>
                                                                                                              <locationsNotCovered>
                                                                                                                <column>0</column>
                                                                                                                <line>1101</line>
                                                                                                                <numExecutions>0</numExecutions>
                                                                                                                <time>-1.0</time>
                                                                                                            </locationsNotCovered>
                                                                                                              <locationsNotCovered>
                                                                                                                <column>0</column>
                                                                                                                <line>1103</line>
                                                                                                                <numExecutions>0</numExecutions>
                                                                                                                <time>-1.0</time>
                                                                                                            </locationsNotCovered>
                                                                                                              <locationsNotCovered>
                                                                                                                <column>0</column>
                                                                                                                <line>1108</line>
                                                                                                                <numExecutions>0</numExecutions>
                                                                                                                <time>-1.0</time>
                                                                                                            </locationsNotCovered>
                                                                                                              <locationsNotCovered>
                                                                                                                <column>0</column>
                                                                                                                <line>1109</line>
                                                                                                                <numExecutions>0</numExecutions>
                                                                                                                <time>-1.0</time>
                                                                                                            </locationsNotCovered>
                                                                                                              <locationsNotCovered>
                                                                                                                <column>0</column>
                                                                                                                <line>1111</line>
                                                                                                                <numExecutions>0</numExecutions>
                                                                                                                <time>-1.0</time>
                                                                                                            </locationsNotCovered>
                                                                                                              <locationsNotCovered>
                                                                                                                <column>0</column>
                                                                                                                <line>1112</line>
                                                                                                                <numExecutions>0</numExecutions>
                                                                                                                <time>-1.0</time>
                                                                                                            </locationsNotCovered>
                                                                                                              <locationsNotCovered>
                                                                                                                <column>0</column>
                                                                                                                <line>1135</line>
                                                                                                                <numExecutions>0</numExecutions>
                                                                                                                <time>-1.0</time>
                                                                                                            </locationsNotCovered>
                                                                                                              <locationsNotCovered>
                                                                                                                <column>0</column>
                                                                                                                <line>1136</line>
                                                                                                                <numExecutions>0</numExecutions>
                                                                                                                <time>-1.0</time>
                                                                                                            </locationsNotCovered>
                                                                                                              <locationsNotCovered>
                                                                                                                <column>0</column>
                                                                                                                <line>1138</line>
                                                                                                                <numExecutions>0</numExecutions>
                                                                                                                <time>-1.0</time>
                                                                                                            </locationsNotCovered>
                                                                                                              <locationsNotCovered>
                                                                                                                <column>0</column>
                                                                                                                <line>1139</line>
                                                                                                                <numExecutions>0</numExecutions>
                                                                                                                <time>-1.0</time>
                                                                                                            </locationsNotCovered>
                                                                                                              <locationsNotCovered>
                                                                                                                <column>0</column>
                                                                                                                <line>1140</line>
                                                                                                                <numExecutions>0</numExecutions>
                                                                                                                <time>-1.0</time>
                                                                                                            </locationsNotCovered>
                                                                                                              <locationsNotCovered>
                                                                                                                <column>0</column>
                                                                                                                <line>1144</line>
                                                                                                                <numExecutions>0</numExecutions>
                                                                                                                <time>-1.0</time>
                                                                                                            </locationsNotCovered>
                                                                                                              <locationsNotCovered>
                                                                                                                <column>0</column>
                                                                                                                <line>1146</line>
                                                                                                                <numExecutions>0</numExecutions>
                                                                                                                <time>-1.0</time>
                                                                                                            </locationsNotCovered>
                                                                                                              <locationsNotCovered>
                                                                                                                <column>0</column>
                                                                                                                <line>1149</line>
                                                                                                                <numExecutions>0</numExecutions>
                                                                                                                <time>-1.0</time>
                                                                                                            </locationsNotCovered>
                                                                                                              <locationsNotCovered>
                                                                                                                <column>0</column>
                                                                                                                <line>1150</line>
                                                                                                                <numExecutions>0</numExecutions>
                                                                                                                <time>-1.0</time>
                                                                                                            </locationsNotCovered>
                                                                                                              <locationsNotCovered>
                                                                                                                <column>0</column>
                                                                                                                <line>1152</line>
                                                                                                                <numExecutions>0</numExecutions>
                                                                                                                <time>-1.0</time>
                                                                                                            </locationsNotCovered>
                                                                                                              <locationsNotCovered>
                                                                                                                <column>0</column>
                                                                                                                <line>1153</line>
                                                                                                                <numExecutions>0</numExecutions>
                                                                                                                <time>-1.0</time>
                                                                                                            </locationsNotCovered>
                                                                                                              <locationsNotCovered>
                                                                                                                <column>0</column>
                                                                                                                <line>1154</line>
                                                                                                                <numExecutions>0</numExecutions>
                                                                                                                <time>-1.0</time>
                                                                                                            </locationsNotCovered>
                                                                                                              <locationsNotCovered>
                                                                                                                <column>0</column>
                                                                                                                <line>1155</line>
                                                                                                                <numExecutions>0</numExecutions>
                                                                                                                <time>-1.0</time>
                                                                                                            </locationsNotCovered>
                                                                                                              <locationsNotCovered>
                                                                                                                <column>0</column>
                                                                                                                <line>1156</line>
                                                                                                                <numExecutions>0</numExecutions>
                                                                                                                <time>-1.0</time>
                                                                                                            </locationsNotCovered>
                                                                                                              <locationsNotCovered>
                                                                                                                <column>0</column>
                                                                                                                <line>1157</line>
                                                                                                                <numExecutions>0</numExecutions>
                                                                                                                <time>-1.0</time>
                                                                                                            </locationsNotCovered>
                                                                                                              <locationsNotCovered>
                                                                                                                <column>0</column>
                                                                                                                <line>1159</line>
                                                                                                                <numExecutions>0</numExecutions>
                                                                                                                <time>-1.0</time>
                                                                                                            </locationsNotCovered>
                                                                                                              <locationsNotCovered>
                                                                                                                <column>0</column>
                                                                                                                <line>1160</line>
                                                                                                                <numExecutions>0</numExecutions>
                                                                                                                <time>-1.0</time>
                                                                                                            </locationsNotCovered>
                                                                                                              <locationsNotCovered>
                                                                                                                <column>0</column>
                                                                                                                <line>1163</line>
                                                                                                                <numExecutions>0</numExecutions>
                                                                                                                <time>-1.0</time>
                                                                                                            </locationsNotCovered>
                                                                                                              <locationsNotCovered>
                                                                                                                <column>0</column>
                                                                                                                <line>1164</line>
                                                                                                                <numExecutions>0</numExecutions>
                                                                                                                <time>-1.0</time>
                                                                                                            </locationsNotCovered>
                                                                                                              <locationsNotCovered>
                                                                                                                <column>0</column>
                                                                                                                <line>1165</line>
                                                                                                                <numExecutions>0</numExecutions>
                                                                                                                <time>-1.0</time>
                                                                                                            </locationsNotCovered>
                                                                                                              <locationsNotCovered>
                                                                                                                <column>0</column>
                                                                                                                <line>1166</line>
                                                                                                                <numExecutions>0</numExecutions>
                                                                                                                <time>-1.0</time>
                                                                                                            </locationsNotCovered>
                                                                                                              <locationsNotCovered>
                                                                                                                <column>0</column>
                                                                                                                <line>1167</line>
                                                                                                                <numExecutions>0</numExecutions>
                                                                                                                <time>-1.0</time>
                                                                                                            </locationsNotCovered>
                                                                                                              <locationsNotCovered>
                                                                                                                <column>0</column>
                                                                                                                <line>1168</line>
                                                                                                                <numExecutions>0</numExecutions>
                                                                                                                <time>-1.0</time>
                                                                                                            </locationsNotCovered>
                                                                                                              <locationsNotCovered>
                                                                                                                <column>0</column>
                                                                                                                <line>1169</line>
                                                                                                                <numExecutions>0</numExecutions>
                                                                                                                <time>-1.0</time>
                                                                                                            </locationsNotCovered>
                                                                                                              <locationsNotCovered>
                                                                                                                <column>0</column>
                                                                                                                <line>1170</line>
                                                                                                                <numExecutions>0</numExecutions>
                                                                                                                <time>-1.0</time>
                                                                                                            </locationsNotCovered>
                                                                                                              <locationsNotCovered>
                                                                                                                <column>0</column>
                                                                                                                <line>1171</line>
                                                                                                                <numExecutions>0</numExecutions>
                                                                                                                <time>-1.0</time>
                                                                                                            </locationsNotCovered>
                                                                                                              <locationsNotCovered>
                                                                                                                <column>0</column>
                                                                                                                <line>1172</line>
                                                                                                                <numExecutions>0</numExecutions>
                                                                                                                <time>-1.0</time>
                                                                                                            </locationsNotCovered>
                                                                                                              <locationsNotCovered>
                                                                                                                <column>0</column>
                                                                                                                <line>1175</line>
                                                                                                                <numExecutions>0</numExecutions>
                                                                                                                <time>-1.0</time>
                                                                                                            </locationsNotCovered>
                                                                                                              <locationsNotCovered>
                                                                                                                <column>0</column>
                                                                                                                <line>1178</line>
                                                                                                                <numExecutions>0</numExecutions>
                                                                                                                <time>-1.0</time>
                                                                                                            </locationsNotCovered>
                                                                                                              <locationsNotCovered>
                                                                                                                <column>0</column>
                                                                                                                <line>1179</line>
                                                                                                                <numExecutions>0</numExecutions>
                                                                                                                <time>-1.0</time>
                                                                                                            </locationsNotCovered>
                                                                                                              <locationsNotCovered>
                                                                                                                <column>0</column>
                                                                                                                <line>1180</line>
                                                                                                                <numExecutions>0</numExecutions>
                                                                                                                <time>-1.0</time>
                                                                                                            </locationsNotCovered>
                                                                                                              <locationsNotCovered>
                                                                                                                <column>0</column>
                                                                                                                <line>1181</line>
                                                                                                                <numExecutions>0</numExecutions>
                                                                                                                <time>-1.0</time>
                                                                                                            </locationsNotCovered>
                                                                                                              <locationsNotCovered>
                                                                                                                <column>0</column>
                                                                                                                <line>1182</line>
                                                                                                                <numExecutions>0</numExecutions>
                                                                                                                <time>-1.0</time>
                                                                                                            </locationsNotCovered>
                                                                                                              <locationsNotCovered>
                                                                                                                <column>0</column>
                                                                                                                <line>1183</line>
                                                                                                                <numExecutions>0</numExecutions>
                                                                                                                <time>-1.0</time>
                                                                                                            </locationsNotCovered>
                                                                                                              <locationsNotCovered>
                                                                                                                <column>0</column>
                                                                                                                <line>1184</line>
                                                                                                                <numExecutions>0</numExecutions>
                                                                                                                <time>-1.0</time>
                                                                                                            </locationsNotCovered>
                                                                                                              <locationsNotCovered>
                                                                                                                <column>0</column>
                                                                                                                <line>1185</line>
                                                                                                                <numExecutions>0</numExecutions>
                                                                                                                <time>-1.0</time>
                                                                                                            </locationsNotCovered>
                                                                                                              <locationsNotCovered>
                                                                                                                <column>0</column>
                                                                                                                <line>1186</line>
                                                                                                                <numExecutions>0</numExecutions>
                                                                                                                <time>-1.0</time>
                                                                                                            </locationsNotCovered>
                                                                                                              <locationsNotCovered>
                                                                                                                <column>0</column>
                                                                                                                <line>1190</line>
                                                                                                                <numExecutions>0</numExecutions>
                                                                                                                <time>-1.0</time>
                                                                                                            </locationsNotCovered>
                                                                                                              <locationsNotCovered>
                                                                                                                <column>0</column>
                                                                                                                <line>1193</line>
                                                                                                                <numExecutions>0</numExecutions>
                                                                                                                <time>-1.0</time>
                                                                                                            </locationsNotCovered>
                                                                                                              <locationsNotCovered>
                                                                                                                <column>0</column>
                                                                                                                <line>1194</line>
                                                                                                                <numExecutions>0</numExecutions>
                                                                                                                <time>-1.0</time>
                                                                                                            </locationsNotCovered>
                                                                                                              <locationsNotCovered>
                                                                                                                <column>0</column>
                                                                                                                <line>1195</line>
                                                                                                                <numExecutions>0</numExecutions>
                                                                                                                <time>-1.0</time>
                                                                                                            </locationsNotCovered>
                                                                                                              <locationsNotCovered>
                                                                                                                <column>0</column>
                                                                                                                <line>1196</line>
                                                                                                                <numExecutions>0</numExecutions>
                                                                                                                <time>-1.0</time>
                                                                                                            </locationsNotCovered>
                                                                                                              <locationsNotCovered>
                                                                                                                <column>0</column>
                                                                                                                <line>1197</line>
                                                                                                                <numExecutions>0</numExecutions>
                                                                                                                <time>-1.0</time>
                                                                                                            </locationsNotCovered>
                                                                                                              <locationsNotCovered>
                                                                                                                <column>0</column>
                                                                                                                <line>1198</line>
                                                                                                                <numExecutions>0</numExecutions>
                                                                                                                <time>-1.0</time>
                                                                                                            </locationsNotCovered>
                                                                                                              <locationsNotCovered>
                                                                                                                <column>0</column>
                                                                                                                <line>1199</line>
                                                                                                                <numExecutions>0</numExecutions>
                                                                                                                <time>-1.0</time>
                                                                                                            </locationsNotCovered>
                                                                                                              <locationsNotCovered>
                                                                                                                <column>0</column>
                                                                                                                <line>1201</line>
                                                                                                                <numExecutions>0</numExecutions>
                                                                                                                <time>-1.0</time>
                                                                                                            </locationsNotCovered>
                                                                                                              <locationsNotCovered>
                                                                                                                <column>0</column>
                                                                                                                <line>1205</line>
                                                                                                                <numExecutions>0</numExecutions>
                                                                                                                <time>-1.0</time>
                                                                                                            </locationsNotCovered>
                                                                                                              <locationsNotCovered>
                                                                                                                <column>0</column>
                                                                                                                <line>1208</line>
                                                                                                                <numExecutions>0</numExecutions>
                                                                                                                <time>-1.0</time>
                                                                                                            </locationsNotCovered>
                                                                                                              <locationsNotCovered>
                                                                                                                <column>0</column>
                                                                                                                <line>1209</line>
                                                                                                                <numExecutions>0</numExecutions>
                                                                                                                <time>-1.0</time>
                                                                                                            </locationsNotCovered>
                                                                                                              <locationsNotCovered>
                                                                                                                <column>0</column>
                                                                                                                <line>1210</line>
                                                                                                                <numExecutions>0</numExecutions>
                                                                                                                <time>-1.0</time>
                                                                                                            </locationsNotCovered>
                                                                                                              <locationsNotCovered>
                                                                                                                <column>0</column>
                                                                                                                <line>1211</line>
                                                                                                                <numExecutions>0</numExecutions>
                                                                                                                <time>-1.0</time>
                                                                                                            </locationsNotCovered>
                                                                                                              <locationsNotCovered>
                                                                                                                <column>0</column>
                                                                                                                <line>1212</line>
                                                                                                                <numExecutions>0</numExecutions>
                                                                                                                <time>-1.0</time>
                                                                                                            </locationsNotCovered>
                                                                                                              <locationsNotCovered>
                                                                                                                <column>0</column>
                                                                                                                <line>1213</line>
                                                                                                                <numExecutions>0</numExecutions>
                                                                                                                <time>-1.0</time>
                                                                                                            </locationsNotCovered>
                                                                                                              <locationsNotCovered>
                                                                                                                <column>0</column>
                                                                                                                <line>1215</line>
                                                                                                                <numExecutions>0</numExecutions>
                                                                                                                <time>-1.0</time>
                                                                                                            </locationsNotCovered>
                                                                                                              <locationsNotCovered>
                                                                                                                <column>0</column>
                                                                                                                <line>1216</line>
                                                                                                                <numExecutions>0</numExecutions>
                                                                                                                <time>-1.0</time>
                                                                                                            </locationsNotCovered>
                                                                                                              <locationsNotCovered>
                                                                                                                <column>0</column>
                                                                                                                <line>1219</line>
                                                                                                                <numExecutions>0</numExecutions>
                                                                                                                <time>-1.0</time>
                                                                                                            </locationsNotCovered>
                                                                                                              <locationsNotCovered>
                                                                                                                <column>0</column>
                                                                                                                <line>1220</line>
                                                                                                                <numExecutions>0</numExecutions>
                                                                                                                <time>-1.0</time>
                                                                                                            </locationsNotCovered>
                                                                                                              <locationsNotCovered>
                                                                                                                <column>0</column>
                                                                                                                <line>1221</line>
                                                                                                                <numExecutions>0</numExecutions>
                                                                                                                <time>-1.0</time>
                                                                                                            </locationsNotCovered>
                                                                                                              <locationsNotCovered>
                                                                                                                <column>0</column>
                                                                                                                <line>1222</line>
                                                                                                                <numExecutions>0</numExecutions>
                                                                                                                <time>-1.0</time>
                                                                                                            </locationsNotCovered>
                                                                                                              <locationsNotCovered>
                                                                                                                <column>0</column>
                                                                                                                <line>1224</line>
                                                                                                                <numExecutions>0</numExecutions>
                                                                                                                <time>-1.0</time>
                                                                                                            </locationsNotCovered>
                                                                                                              <name>OpportunityCartService</name>
                                                                                                              <namespace xsi:nil="true"/>
                                                                                                                <numLocations>585</numLocations>
                                                                                                                <numLocationsNotCovered>579</numLocationsNotCovered>
                                                                                                                <type>Class</type>
                                                                                                            </codeCoverage>
                                                                                                              <codeCoverage>
                                                                                                                <id>01pL0000000E8VWIA0</id>
                                                                                                                <name>CtrlSyncAccountsAndZendeskOrgScheduled</name>
                                                                                                                <namespace>Zendesk</namespace>
                                                                                                                <numLocations>5</numLocations>
                                                                                                                <numLocationsNotCovered>0</numLocationsNotCovered>
                                                                                                                <type>Class</type>
                                                                                                            </codeCoverage>
                                                                                                              <codeCoverage>
                                                                                                                <id>01pL0000000E8W5IAK</id>
                                                                                                                <locationsNotCovered>
                                                                                                                  <column>0</column>
                                                                                                                  <line>19</line>
                                                                                                                  <numExecutions>0</numExecutions>
                                                                                                                  <time>-1.0</time>
                                                                                                              </locationsNotCovered>
                                                                                                                <locationsNotCovered>
                                                                                                                  <column>0</column>
                                                                                                                  <line>56</line>
                                                                                                                  <numExecutions>0</numExecutions>
                                                                                                                  <time>-1.0</time>
                                                                                                              </locationsNotCovered>
                                                                                                                <locationsNotCovered>
                                                                                                                  <column>0</column>
                                                                                                                  <line>90</line>
                                                                                                                  <numExecutions>0</numExecutions>
                                                                                                                  <time>-1.0</time>
                                                                                                              </locationsNotCovered>
                                                                                                                <locationsNotCovered>
                                                                                                                  <column>0</column>
                                                                                                                  <line>91</line>
                                                                                                                  <numExecutions>0</numExecutions>
                                                                                                                  <time>-1.0</time>
                                                                                                              </locationsNotCovered>
                                                                                                                <locationsNotCovered>
                                                                                                                  <column>0</column>
                                                                                                                  <line>92</line>
                                                                                                                  <numExecutions>0</numExecutions>
                                                                                                                  <time>-1.0</time>
                                                                                                              </locationsNotCovered>
                                                                                                                <locationsNotCovered>
                                                                                                                  <column>0</column>
                                                                                                                  <line>93</line>
                                                                                                                  <numExecutions>0</numExecutions>
                                                                                                                  <time>-1.0</time>
                                                                                                              </locationsNotCovered>
                                                                                                                <locationsNotCovered>
                                                                                                                  <column>0</column>
                                                                                                                  <line>95</line>
                                                                                                                  <numExecutions>0</numExecutions>
                                                                                                                  <time>-1.0</time>
                                                                                                              </locationsNotCovered>
                                                                                                                <locationsNotCovered>
                                                                                                                  <column>0</column>
                                                                                                                  <line>108</line>
                                                                                                                  <numExecutions>0</numExecutions>
                                                                                                                  <time>-1.0</time>
                                                                                                              </locationsNotCovered>
                                                                                                                <locationsNotCovered>
                                                                                                                  <column>0</column>
                                                                                                                  <line>112</line>
                                                                                                                  <numExecutions>0</numExecutions>
                                                                                                                  <time>-1.0</time>
                                                                                                              </locationsNotCovered>
                                                                                                                <locationsNotCovered>
                                                                                                                  <column>0</column>
                                                                                                                  <line>115</line>
                                                                                                                  <numExecutions>0</numExecutions>
                                                                                                                  <time>-1.0</time>
                                                                                                              </locationsNotCovered>
                                                                                                                <locationsNotCovered>
                                                                                                                  <column>0</column>
                                                                                                                  <line>123</line>
                                                                                                                  <numExecutions>0</numExecutions>
                                                                                                                  <time>-1.0</time>
                                                                                                              </locationsNotCovered>
                                                                                                                <locationsNotCovered>
                                                                                                                  <column>0</column>
                                                                                                                  <line>124</line>
                                                                                                                  <numExecutions>0</numExecutions>
                                                                                                                  <time>-1.0</time>
                                                                                                              </locationsNotCovered>
                                                                                                                <locationsNotCovered>
                                                                                                                  <column>0</column>
                                                                                                                  <line>133</line>
                                                                                                                  <numExecutions>0</numExecutions>
                                                                                                                  <time>-1.0</time>
                                                                                                              </locationsNotCovered>
                                                                                                                <locationsNotCovered>
                                                                                                                  <column>0</column>
                                                                                                                  <line>134</line>
                                                                                                                  <numExecutions>0</numExecutions>
                                                                                                                  <time>-1.0</time>
                                                                                                              </locationsNotCovered>
                                                                                                                <locationsNotCovered>
                                                                                                                  <column>0</column>
                                                                                                                  <line>135</line>
                                                                                                                  <numExecutions>0</numExecutions>
                                                                                                                  <time>-1.0</time>
                                                                                                              </locationsNotCovered>
                                                                                                                <locationsNotCovered>
                                                                                                                  <column>0</column>
                                                                                                                  <line>136</line>
                                                                                                                  <numExecutions>0</numExecutions>
                                                                                                                  <time>-1.0</time>
                                                                                                              </locationsNotCovered>
                                                                                                                <locationsNotCovered>
                                                                                                                  <column>0</column>
                                                                                                                  <line>138</line>
                                                                                                                  <numExecutions>0</numExecutions>
                                                                                                                  <time>-1.0</time>
                                                                                                              </locationsNotCovered>
                                                                                                                <locationsNotCovered>
                                                                                                                  <column>0</column>
                                                                                                                  <line>139</line>
                                                                                                                  <numExecutions>0</numExecutions>
                                                                                                                  <time>-1.0</time>
                                                                                                              </locationsNotCovered>
                                                                                                                <locationsNotCovered>
                                                                                                                  <column>0</column>
                                                                                                                  <line>140</line>
                                                                                                                  <numExecutions>0</numExecutions>
                                                                                                                  <time>-1.0</time>
                                                                                                              </locationsNotCovered>
                                                                                                                <locationsNotCovered>
                                                                                                                  <column>0</column>
                                                                                                                  <line>141</line>
                                                                                                                  <numExecutions>0</numExecutions>
                                                                                                                  <time>-1.0</time>
                                                                                                              </locationsNotCovered>
                                                                                                                <locationsNotCovered>
                                                                                                                  <column>0</column>
                                                                                                                  <line>142</line>
                                                                                                                  <numExecutions>0</numExecutions>
                                                                                                                  <time>-1.0</time>
                                                                                                              </locationsNotCovered>
                                                                                                                <locationsNotCovered>
                                                                                                                  <column>0</column>
                                                                                                                  <line>143</line>
                                                                                                                  <numExecutions>0</numExecutions>
                                                                                                                  <time>-1.0</time>
                                                                                                              </locationsNotCovered>
                                                                                                                <locationsNotCovered>
                                                                                                                  <column>0</column>
                                                                                                                  <line>149</line>
                                                                                                                  <numExecutions>0</numExecutions>
                                                                                                                  <time>-1.0</time>
                                                                                                              </locationsNotCovered>
                                                                                                                <locationsNotCovered>
                                                                                                                  <column>0</column>
                                                                                                                  <line>169</line>
                                                                                                                  <numExecutions>0</numExecutions>
                                                                                                                  <time>-1.0</time>
                                                                                                              </locationsNotCovered>
                                                                                                                <locationsNotCovered>
                                                                                                                  <column>0</column>
                                                                                                                  <line>170</line>
                                                                                                                  <numExecutions>0</numExecutions>
                                                                                                                  <time>-1.0</time>
                                                                                                              </locationsNotCovered>
                                                                                                                <locationsNotCovered>
                                                                                                                  <column>0</column>
                                                                                                                  <line>171</line>
                                                                                                                  <numExecutions>0</numExecutions>
                                                                                                                  <time>-1.0</time>
                                                                                                              </locationsNotCovered>
                                                                                                                <locationsNotCovered>
                                                                                                                  <column>0</column>
                                                                                                                  <line>172</line>
                                                                                                                  <numExecutions>0</numExecutions>
                                                                                                                  <time>-1.0</time>
                                                                                                              </locationsNotCovered>
                                                                                                                <locationsNotCovered>
                                                                                                                  <column>0</column>
                                                                                                                  <line>173</line>
                                                                                                                  <numExecutions>0</numExecutions>
                                                                                                                  <time>-1.0</time>
                                                                                                              </locationsNotCovered>
                                                                                                                <locationsNotCovered>
                                                                                                                  <column>0</column>
                                                                                                                  <line>176</line>
                                                                                                                  <numExecutions>0</numExecutions>
                                                                                                                  <time>-1.0</time>
                                                                                                              </locationsNotCovered>
                                                                                                                <locationsNotCovered>
                                                                                                                  <column>0</column>
                                                                                                                  <line>177</line>
                                                                                                                  <numExecutions>0</numExecutions>
                                                                                                                  <time>-1.0</time>
                                                                                                              </locationsNotCovered>
                                                                                                                <locationsNotCovered>
                                                                                                                  <column>0</column>
                                                                                                                  <line>224</line>
                                                                                                                  <numExecutions>0</numExecutions>
                                                                                                                  <time>-1.0</time>
                                                                                                              </locationsNotCovered>
                                                                                                                <locationsNotCovered>
                                                                                                                  <column>0</column>
                                                                                                                  <line>227</line>
                                                                                                                  <numExecutions>0</numExecutions>
                                                                                                                  <time>-1.0</time>
                                                                                                              </locationsNotCovered>
                                                                                                                <locationsNotCovered>
                                                                                                                  <column>0</column>
                                                                                                                  <line>230</line>
                                                                                                                  <numExecutions>0</numExecutions>
                                                                                                                  <time>-1.0</time>
                                                                                                              </locationsNotCovered>
                                                                                                                <locationsNotCovered>
                                                                                                                  <column>0</column>
                                                                                                                  <line>231</line>
                                                                                                                  <numExecutions>0</numExecutions>
                                                                                                                  <time>-1.0</time>
                                                                                                              </locationsNotCovered>
                                                                                                                <locationsNotCovered>
                                                                                                                  <column>0</column>
                                                                                                                  <line>232</line>
                                                                                                                  <numExecutions>0</numExecutions>
                                                                                                                  <time>-1.0</time>
                                                                                                              </locationsNotCovered>
                                                                                                                <locationsNotCovered>
                                                                                                                  <column>0</column>
                                                                                                                  <line>242</line>
                                                                                                                  <numExecutions>0</numExecutions>
                                                                                                                  <time>-1.0</time>
                                                                                                              </locationsNotCovered>
                                                                                                                <locationsNotCovered>
                                                                                                                  <column>0</column>
                                                                                                                  <line>243</line>
                                                                                                                  <numExecutions>0</numExecutions>
                                                                                                                  <time>-1.0</time>
                                                                                                              </locationsNotCovered>
                                                                                                                <locationsNotCovered>
                                                                                                                  <column>0</column>
                                                                                                                  <line>245</line>
                                                                                                                  <numExecutions>0</numExecutions>
                                                                                                                  <time>-1.0</time>
                                                                                                              </locationsNotCovered>
                                                                                                                <locationsNotCovered>
                                                                                                                  <column>0</column>
                                                                                                                  <line>247</line>
                                                                                                                  <numExecutions>0</numExecutions>
                                                                                                                  <time>-1.0</time>
                                                                                                              </locationsNotCovered>
                                                                                                                <locationsNotCovered>
                                                                                                                  <column>0</column>
                                                                                                                  <line>248</line>
                                                                                                                  <numExecutions>0</numExecutions>
                                                                                                                  <time>-1.0</time>
                                                                                                              </locationsNotCovered>
                                                                                                                <locationsNotCovered>
                                                                                                                  <column>0</column>
                                                                                                                  <line>251</line>
                                                                                                                  <numExecutions>0</numExecutions>
                                                                                                                  <time>-1.0</time>
                                                                                                              </locationsNotCovered>
                                                                                                                <locationsNotCovered>
                                                                                                                  <column>0</column>
                                                                                                                  <line>254</line>
                                                                                                                  <numExecutions>0</numExecutions>
                                                                                                                  <time>-1.0</time>
                                                                                                              </locationsNotCovered>
                                                                                                                <locationsNotCovered>
                                                                                                                  <column>0</column>
                                                                                                                  <line>257</line>
                                                                                                                  <numExecutions>0</numExecutions>
                                                                                                                  <time>-1.0</time>
                                                                                                              </locationsNotCovered>
                                                                                                                <locationsNotCovered>
                                                                                                                  <column>0</column>
                                                                                                                  <line>259</line>
                                                                                                                  <numExecutions>0</numExecutions>
                                                                                                                  <time>-1.0</time>
                                                                                                              </locationsNotCovered>
                                                                                                                <locationsNotCovered>
                                                                                                                  <column>0</column>
                                                                                                                  <line>261</line>
                                                                                                                  <numExecutions>0</numExecutions>
                                                                                                                  <time>-1.0</time>
                                                                                                              </locationsNotCovered>
                                                                                                                <locationsNotCovered>
                                                                                                                  <column>0</column>
                                                                                                                  <line>262</line>
                                                                                                                  <numExecutions>0</numExecutions>
                                                                                                                  <time>-1.0</time>
                                                                                                              </locationsNotCovered>
                                                                                                                <locationsNotCovered>
                                                                                                                  <column>0</column>
                                                                                                                  <line>263</line>
                                                                                                                  <numExecutions>0</numExecutions>
                                                                                                                  <time>-1.0</time>
                                                                                                              </locationsNotCovered>
                                                                                                                <locationsNotCovered>
                                                                                                                  <column>0</column>
                                                                                                                  <line>265</line>
                                                                                                                  <numExecutions>0</numExecutions>
                                                                                                                  <time>-1.0</time>
                                                                                                              </locationsNotCovered>
                                                                                                                <locationsNotCovered>
                                                                                                                  <column>0</column>
                                                                                                                  <line>268</line>
                                                                                                                  <numExecutions>0</numExecutions>
                                                                                                                  <time>-1.0</time>
                                                                                                              </locationsNotCovered>
                                                                                                                <locationsNotCovered>
                                                                                                                  <column>0</column>
                                                                                                                  <line>269</line>
                                                                                                                  <numExecutions>0</numExecutions>
                                                                                                                  <time>-1.0</time>
                                                                                                              </locationsNotCovered>
                                                                                                                <locationsNotCovered>
                                                                                                                  <column>0</column>
                                                                                                                  <line>270</line>
                                                                                                                  <numExecutions>0</numExecutions>
                                                                                                                  <time>-1.0</time>
                                                                                                              </locationsNotCovered>
                                                                                                                <locationsNotCovered>
                                                                                                                  <column>0</column>
                                                                                                                  <line>280</line>
                                                                                                                  <numExecutions>0</numExecutions>
                                                                                                                  <time>-1.0</time>
                                                                                                              </locationsNotCovered>
                                                                                                                <locationsNotCovered>
                                                                                                                  <column>0</column>
                                                                                                                  <line>281</line>
                                                                                                                  <numExecutions>0</numExecutions>
                                                                                                                  <time>-1.0</time>
                                                                                                              </locationsNotCovered>
                                                                                                                <locationsNotCovered>
                                                                                                                  <column>0</column>
                                                                                                                  <line>282</line>
                                                                                                                  <numExecutions>0</numExecutions>
                                                                                                                  <time>-1.0</time>
                                                                                                              </locationsNotCovered>
                                                                                                                <locationsNotCovered>
                                                                                                                  <column>0</column>
                                                                                                                  <line>283</line>
                                                                                                                  <numExecutions>0</numExecutions>
                                                                                                                  <time>-1.0</time>
                                                                                                              </locationsNotCovered>
                                                                                                                <locationsNotCovered>
                                                                                                                  <column>0</column>
                                                                                                                  <line>307</line>
                                                                                                                  <numExecutions>0</numExecutions>
                                                                                                                  <time>-1.0</time>
                                                                                                              </locationsNotCovered>
                                                                                                                <locationsNotCovered>
                                                                                                                  <column>0</column>
                                                                                                                  <line>308</line>
                                                                                                                  <numExecutions>0</numExecutions>
                                                                                                                  <time>-1.0</time>
                                                                                                              </locationsNotCovered>
                                                                                                                <locationsNotCovered>
                                                                                                                  <column>0</column>
                                                                                                                  <line>309</line>
                                                                                                                  <numExecutions>0</numExecutions>
                                                                                                                  <time>-1.0</time>
                                                                                                              </locationsNotCovered>
                                                                                                                <locationsNotCovered>
                                                                                                                  <column>0</column>
                                                                                                                  <line>310</line>
                                                                                                                  <numExecutions>0</numExecutions>
                                                                                                                  <time>-1.0</time>
                                                                                                              </locationsNotCovered>
                                                                                                                <locationsNotCovered>
                                                                                                                  <column>0</column>
                                                                                                                  <line>311</line>
                                                                                                                  <numExecutions>0</numExecutions>
                                                                                                                  <time>-1.0</time>
                                                                                                              </locationsNotCovered>
                                                                                                                <locationsNotCovered>
                                                                                                                  <column>0</column>
                                                                                                                  <line>314</line>
                                                                                                                  <numExecutions>0</numExecutions>
                                                                                                                  <time>-1.0</time>
                                                                                                              </locationsNotCovered>
                                                                                                                <locationsNotCovered>
                                                                                                                  <column>0</column>
                                                                                                                  <line>316</line>
                                                                                                                  <numExecutions>0</numExecutions>
                                                                                                                  <time>-1.0</time>
                                                                                                              </locationsNotCovered>
                                                                                                                <locationsNotCovered>
                                                                                                                  <column>0</column>
                                                                                                                  <line>331</line>
                                                                                                                  <numExecutions>0</numExecutions>
                                                                                                                  <time>-1.0</time>
                                                                                                              </locationsNotCovered>
                                                                                                                <locationsNotCovered>
                                                                                                                  <column>0</column>
                                                                                                                  <line>337</line>
                                                                                                                  <numExecutions>0</numExecutions>
                                                                                                                  <time>-1.0</time>
                                                                                                              </locationsNotCovered>
                                                                                                                <locationsNotCovered>
                                                                                                                  <column>0</column>
                                                                                                                  <line>366</line>
                                                                                                                  <numExecutions>0</numExecutions>
                                                                                                                  <time>-1.0</time>
                                                                                                              </locationsNotCovered>
                                                                                                                <locationsNotCovered>
                                                                                                                  <column>0</column>
                                                                                                                  <line>376</line>
                                                                                                                  <numExecutions>0</numExecutions>
                                                                                                                  <time>-1.0</time>
                                                                                                              </locationsNotCovered>
                                                                                                                <locationsNotCovered>
                                                                                                                  <column>0</column>
                                                                                                                  <line>377</line>
                                                                                                                  <numExecutions>0</numExecutions>
                                                                                                                  <time>-1.0</time>
                                                                                                              </locationsNotCovered>
                                                                                                                <locationsNotCovered>
                                                                                                                  <column>0</column>
                                                                                                                  <line>378</line>
                                                                                                                  <numExecutions>0</numExecutions>
                                                                                                                  <time>-1.0</time>
                                                                                                              </locationsNotCovered>
                                                                                                                <locationsNotCovered>
                                                                                                                  <column>0</column>
                                                                                                                  <line>379</line>
                                                                                                                  <numExecutions>0</numExecutions>
                                                                                                                  <time>-1.0</time>
                                                                                                              </locationsNotCovered>
                                                                                                                <locationsNotCovered>
                                                                                                                  <column>0</column>
                                                                                                                  <line>380</line>
                                                                                                                  <numExecutions>0</numExecutions>
                                                                                                                  <time>-1.0</time>
                                                                                                              </locationsNotCovered>
                                                                                                                <locationsNotCovered>
                                                                                                                  <column>0</column>
                                                                                                                  <line>382</line>
                                                                                                                  <numExecutions>0</numExecutions>
                                                                                                                  <time>-1.0</time>
                                                                                                              </locationsNotCovered>
                                                                                                                <locationsNotCovered>
                                                                                                                  <column>0</column>
                                                                                                                  <line>383</line>
                                                                                                                  <numExecutions>0</numExecutions>
                                                                                                                  <time>-1.0</time>
                                                                                                              </locationsNotCovered>
                                                                                                                <locationsNotCovered>
                                                                                                                  <column>0</column>
                                                                                                                  <line>384</line>
                                                                                                                  <numExecutions>0</numExecutions>
                                                                                                                  <time>-1.0</time>
                                                                                                              </locationsNotCovered>
                                                                                                                <locationsNotCovered>
                                                                                                                  <column>0</column>
                                                                                                                  <line>388</line>
                                                                                                                  <numExecutions>0</numExecutions>
                                                                                                                  <time>-1.0</time>
                                                                                                              </locationsNotCovered>
                                                                                                                <locationsNotCovered>
                                                                                                                  <column>0</column>
                                                                                                                  <line>393</line>
                                                                                                                  <numExecutions>0</numExecutions>
                                                                                                                  <time>-1.0</time>
                                                                                                              </locationsNotCovered>
                                                                                                                <locationsNotCovered>
                                                                                                                  <column>0</column>
                                                                                                                  <line>394</line>
                                                                                                                  <numExecutions>0</numExecutions>
                                                                                                                  <time>-1.0</time>
                                                                                                              </locationsNotCovered>
                                                                                                                <locationsNotCovered>
                                                                                                                  <column>0</column>
                                                                                                                  <line>396</line>
                                                                                                                  <numExecutions>0</numExecutions>
                                                                                                                  <time>-1.0</time>
                                                                                                              </locationsNotCovered>
                                                                                                                <locationsNotCovered>
                                                                                                                  <column>0</column>
                                                                                                                  <line>400</line>
                                                                                                                  <numExecutions>0</numExecutions>
                                                                                                                  <time>-1.0</time>
                                                                                                              </locationsNotCovered>
                                                                                                                <locationsNotCovered>
                                                                                                                  <column>0</column>
                                                                                                                  <line>404</line>
                                                                                                                  <numExecutions>0</numExecutions>
                                                                                                                  <time>-1.0</time>
                                                                                                              </locationsNotCovered>
                                                                                                                <locationsNotCovered>
                                                                                                                  <column>0</column>
                                                                                                                  <line>405</line>
                                                                                                                  <numExecutions>0</numExecutions>
                                                                                                                  <time>-1.0</time>
                                                                                                              </locationsNotCovered>
                                                                                                                <locationsNotCovered>
                                                                                                                  <column>0</column>
                                                                                                                  <line>406</line>
                                                                                                                  <numExecutions>0</numExecutions>
                                                                                                                  <time>-1.0</time>
                                                                                                              </locationsNotCovered>
                                                                                                                <locationsNotCovered>
                                                                                                                  <column>0</column>
                                                                                                                  <line>407</line>
                                                                                                                  <numExecutions>0</numExecutions>
                                                                                                                  <time>-1.0</time>
                                                                                                              </locationsNotCovered>
                                                                                                                <locationsNotCovered>
                                                                                                                  <column>0</column>
                                                                                                                  <line>433</line>
                                                                                                                  <numExecutions>0</numExecutions>
                                                                                                                  <time>-1.0</time>
                                                                                                              </locationsNotCovered>
                                                                                                                <locationsNotCovered>
                                                                                                                  <column>0</column>
                                                                                                                  <line>434</line>
                                                                                                                  <numExecutions>0</numExecutions>
                                                                                                                  <time>-1.0</time>
                                                                                                              </locationsNotCovered>
                                                                                                                <locationsNotCovered>
                                                                                                                  <column>0</column>
                                                                                                                  <line>435</line>
                                                                                                                  <numExecutions>0</numExecutions>
                                                                                                                  <time>-1.0</time>
                                                                                                              </locationsNotCovered>
                                                                                                                <locationsNotCovered>
                                                                                                                  <column>0</column>
                                                                                                                  <line>436</line>
                                                                                                                  <numExecutions>0</numExecutions>
                                                                                                                  <time>-1.0</time>
                                                                                                              </locationsNotCovered>
                                                                                                                <locationsNotCovered>
                                                                                                                  <column>0</column>
                                                                                                                  <line>437</line>
                                                                                                                  <numExecutions>0</numExecutions>
                                                                                                                  <time>-1.0</time>
                                                                                                              </locationsNotCovered>
                                                                                                                <locationsNotCovered>
                                                                                                                  <column>0</column>
                                                                                                                  <line>438</line>
                                                                                                                  <numExecutions>0</numExecutions>
                                                                                                                  <time>-1.0</time>
                                                                                                              </locationsNotCovered>
                                                                                                                <locationsNotCovered>
                                                                                                                  <column>0</column>
                                                                                                                  <line>440</line>
                                                                                                                  <numExecutions>0</numExecutions>
                                                                                                                  <time>-1.0</time>
                                                                                                              </locationsNotCovered>
                                                                                                                <locationsNotCovered>
                                                                                                                  <column>0</column>
                                                                                                                  <line>441</line>
                                                                                                                  <numExecutions>0</numExecutions>
                                                                                                                  <time>-1.0</time>
                                                                                                              </locationsNotCovered>
                                                                                                                <locationsNotCovered>
                                                                                                                  <column>0</column>
                                                                                                                  <line>444</line>
                                                                                                                  <numExecutions>0</numExecutions>
                                                                                                                  <time>-1.0</time>
                                                                                                              </locationsNotCovered>
                                                                                                                <locationsNotCovered>
                                                                                                                  <column>0</column>
                                                                                                                  <line>447</line>
                                                                                                                  <numExecutions>0</numExecutions>
                                                                                                                  <time>-1.0</time>
                                                                                                              </locationsNotCovered>
                                                                                                                <name>ZendeskSerialize</name>
                                                                                                                <namespace>Zendesk</namespace>
                                                                                                                <numLocations>204</numLocations>
                                                                                                                <numLocationsNotCovered>92</numLocationsNotCovered>
                                                                                                                <type>Class</type>
                                                                                                            </codeCoverage>
                                                                                                              <codeCoverage>
                                                                                                                <id>01pL0000000M245IAC</id>
                                                                                                                <locationsNotCovered>
                                                                                                                  <column>0</column>
                                                                                                                  <line>33</line>
                                                                                                                  <numExecutions>0</numExecutions>
                                                                                                                  <time>-1.0</time>
                                                                                                              </locationsNotCovered>
                                                                                                                <locationsNotCovered>
                                                                                                                  <column>0</column>
                                                                                                                  <line>75</line>
                                                                                                                  <numExecutions>0</numExecutions>
                                                                                                                  <time>-1.0</time>
                                                                                                              </locationsNotCovered>
                                                                                                                <locationsNotCovered>
                                                                                                                  <column>0</column>
                                                                                                                  <line>118</line>
                                                                                                                  <numExecutions>0</numExecutions>
                                                                                                                  <time>-1.0</time>
                                                                                                              </locationsNotCovered>
                                                                                                                <locationsNotCovered>
                                                                                                                  <column>0</column>
                                                                                                                  <line>123</line>
                                                                                                                  <numExecutions>0</numExecutions>
                                                                                                                  <time>-1.0</time>
                                                                                                              </locationsNotCovered>
                                                                                                                <locationsNotCovered>
                                                                                                                  <column>0</column>
                                                                                                                  <line>124</line>
                                                                                                                  <numExecutions>0</numExecutions>
                                                                                                                  <time>-1.0</time>
                                                                                                              </locationsNotCovered>
                                                                                                                <locationsNotCovered>
                                                                                                                  <column>0</column>
                                                                                                                  <line>125</line>
                                                                                                                  <numExecutions>0</numExecutions>
                                                                                                                  <time>-1.0</time>
                                                                                                              </locationsNotCovered>
                                                                                                                <locationsNotCovered>
                                                                                                                  <column>0</column>
                                                                                                                  <line>126</line>
                                                                                                                  <numExecutions>0</numExecutions>
                                                                                                                  <time>-1.0</time>
                                                                                                              </locationsNotCovered>
                                                                                                                <locationsNotCovered>
                                                                                                                  <column>0</column>
                                                                                                                  <line>128</line>
                                                                                                                  <numExecutions>0</numExecutions>
                                                                                                                  <time>-1.0</time>
                                                                                                              </locationsNotCovered>
                                                                                                                <locationsNotCovered>
                                                                                                                  <column>0</column>
                                                                                                                  <line>130</line>
                                                                                                                  <numExecutions>0</numExecutions>
                                                                                                                  <time>-1.0</time>
                                                                                                              </locationsNotCovered>
                                                                                                                <locationsNotCovered>
                                                                                                                  <column>0</column>
                                                                                                                  <line>132</line>
                                                                                                                  <numExecutions>0</numExecutions>
                                                                                                                  <time>-1.0</time>
                                                                                                              </locationsNotCovered>
                                                                                                                <locationsNotCovered>
                                                                                                                  <column>0</column>
                                                                                                                  <line>133</line>
                                                                                                                  <numExecutions>0</numExecutions>
                                                                                                                  <time>-1.0</time>
                                                                                                              </locationsNotCovered>
                                                                                                                <locationsNotCovered>
                                                                                                                  <column>0</column>
                                                                                                                  <line>134</line>
                                                                                                                  <numExecutions>0</numExecutions>
                                                                                                                  <time>-1.0</time>
                                                                                                              </locationsNotCovered>
                                                                                                                <locationsNotCovered>
                                                                                                                  <column>0</column>
                                                                                                                  <line>135</line>
                                                                                                                  <numExecutions>0</numExecutions>
                                                                                                                  <time>-1.0</time>
                                                                                                              </locationsNotCovered>
                                                                                                                <locationsNotCovered>
                                                                                                                  <column>0</column>
                                                                                                                  <line>138</line>
                                                                                                                  <numExecutions>0</numExecutions>
                                                                                                                  <time>-1.0</time>
                                                                                                              </locationsNotCovered>
                                                                                                                <locationsNotCovered>
                                                                                                                  <column>0</column>
                                                                                                                  <line>140</line>
                                                                                                                  <numExecutions>0</numExecutions>
                                                                                                                  <time>-1.0</time>
                                                                                                              </locationsNotCovered>
                                                                                                                <locationsNotCovered>
                                                                                                                  <column>0</column>
                                                                                                                  <line>233</line>
                                                                                                                  <numExecutions>0</numExecutions>
                                                                                                                  <time>-1.0</time>
                                                                                                              </locationsNotCovered>
                                                                                                                <locationsNotCovered>
                                                                                                                  <column>0</column>
                                                                                                                  <line>234</line>
                                                                                                                  <numExecutions>0</numExecutions>
                                                                                                                  <time>-1.0</time>
                                                                                                              </locationsNotCovered>
                                                                                                                <locationsNotCovered>
                                                                                                                  <column>0</column>
                                                                                                                  <line>235</line>
                                                                                                                  <numExecutions>0</numExecutions>
                                                                                                                  <time>-1.0</time>
                                                                                                              </locationsNotCovered>
                                                                                                                <locationsNotCovered>
                                                                                                                  <column>0</column>
                                                                                                                  <line>236</line>
                                                                                                                  <numExecutions>0</numExecutions>
                                                                                                                  <time>-1.0</time>
                                                                                                              </locationsNotCovered>
                                                                                                                <locationsNotCovered>
                                                                                                                  <column>0</column>
                                                                                                                  <line>238</line>
                                                                                                                  <numExecutions>0</numExecutions>
                                                                                                                  <time>-1.0</time>
                                                                                                              </locationsNotCovered>
                                                                                                                <locationsNotCovered>
                                                                                                                  <column>0</column>
                                                                                                                  <line>239</line>
                                                                                                                  <numExecutions>0</numExecutions>
                                                                                                                  <time>-1.0</time>
                                                                                                              </locationsNotCovered>
                                                                                                                <locationsNotCovered>
                                                                                                                  <column>0</column>
                                                                                                                  <line>242</line>
                                                                                                                  <numExecutions>0</numExecutions>
                                                                                                                  <time>-1.0</time>
                                                                                                              </locationsNotCovered>
                                                                                                                <locationsNotCovered>
                                                                                                                  <column>0</column>
                                                                                                                  <line>243</line>
                                                                                                                  <numExecutions>0</numExecutions>
                                                                                                                  <time>-1.0</time>
                                                                                                              </locationsNotCovered>
                                                                                                                <locationsNotCovered>
                                                                                                                  <column>0</column>
                                                                                                                  <line>244</line>
                                                                                                                  <numExecutions>0</numExecutions>
                                                                                                                  <time>-1.0</time>
                                                                                                              </locationsNotCovered>
                                                                                                                <locationsNotCovered>
                                                                                                                  <column>0</column>
                                                                                                                  <line>248</line>
                                                                                                                  <numExecutions>0</numExecutions>
                                                                                                                  <time>-1.0</time>
                                                                                                              </locationsNotCovered>
                                                                                                                <locationsNotCovered>
                                                                                                                  <column>0</column>
                                                                                                                  <line>257</line>
                                                                                                                  <numExecutions>0</numExecutions>
                                                                                                                  <time>-1.0</time>
                                                                                                              </locationsNotCovered>
                                                                                                                <locationsNotCovered>
                                                                                                                  <column>0</column>
                                                                                                                  <line>264</line>
                                                                                                                  <numExecutions>0</numExecutions>
                                                                                                                  <time>-1.0</time>
                                                                                                              </locationsNotCovered>
                                                                                                                <name>ABMSConnection</name>
                                                                                                                <namespace xsi:nil="true"/>
                                                                                                                  <numLocations>122</numLocations>
                                                                                                                  <numLocationsNotCovered>27</numLocationsNotCovered>
                                                                                                                  <type>Class</type>
                                                                                                              </codeCoverage>
                                                                                                                <codeCoverage>
                                                                                                                  <id>01pL0000000EDneIAG</id>
                                                                                                                  <locationsNotCovered>
                                                                                                                    <column>0</column>
                                                                                                                    <line>41</line>
                                                                                                                    <numExecutions>0</numExecutions>
                                                                                                                    <time>-1.0</time>
                                                                                                                </locationsNotCovered>
                                                                                                                  <locationsNotCovered>
                                                                                                                    <column>0</column>
                                                                                                                    <line>42</line>
                                                                                                                    <numExecutions>0</numExecutions>
                                                                                                                    <time>-1.0</time>
                                                                                                                </locationsNotCovered>
                                                                                                                  <locationsNotCovered>
                                                                                                                    <column>0</column>
                                                                                                                    <line>43</line>
                                                                                                                    <numExecutions>0</numExecutions>
                                                                                                                    <time>-1.0</time>
                                                                                                                </locationsNotCovered>
                                                                                                                  <locationsNotCovered>
                                                                                                                    <column>0</column>
                                                                                                                    <line>44</line>
                                                                                                                    <numExecutions>0</numExecutions>
                                                                                                                    <time>-1.0</time>
                                                                                                                </locationsNotCovered>
                                                                                                                  <locationsNotCovered>
                                                                                                                    <column>0</column>
                                                                                                                    <line>45</line>
                                                                                                                    <numExecutions>0</numExecutions>
                                                                                                                    <time>-1.0</time>
                                                                                                                </locationsNotCovered>
                                                                                                                  <locationsNotCovered>
                                                                                                                    <column>0</column>
                                                                                                                    <line>46</line>
                                                                                                                    <numExecutions>0</numExecutions>
                                                                                                                    <time>-1.0</time>
                                                                                                                </locationsNotCovered>
                                                                                                                  <name>ABMSIntegrationOrderEndPoint</name>
                                                                                                                  <namespace xsi:nil="true"/>
                                                                                                                    <numLocations>23</numLocations>
                                                                                                                    <numLocationsNotCovered>6</numLocationsNotCovered>
                                                                                                                    <type>Class</type>
                                                                                                                </codeCoverage>
                                                                                                                  <codeCoverage>
                                                                                                                    <id>01pL0000000E8VfIAK</id>
                                                                                                                    <locationsNotCovered>
                                                                                                                      <column>0</column>
                                                                                                                      <line>41</line>
                                                                                                                      <numExecutions>0</numExecutions>
                                                                                                                      <time>-1.0</time>
                                                                                                                  </locationsNotCovered>
                                                                                                                    <locationsNotCovered>
                                                                                                                      <column>0</column>
                                                                                                                      <line>43</line>
                                                                                                                      <numExecutions>0</numExecutions>
                                                                                                                      <time>-1.0</time>
                                                                                                                  </locationsNotCovered>
                                                                                                                    <locationsNotCovered>
                                                                                                                      <column>0</column>
                                                                                                                      <line>74</line>
                                                                                                                      <numExecutions>0</numExecutions>
                                                                                                                      <time>-1.0</time>
                                                                                                                  </locationsNotCovered>
                                                                                                                    <locationsNotCovered>
                                                                                                                      <column>0</column>
                                                                                                                      <line>77</line>
                                                                                                                      <numExecutions>0</numExecutions>
                                                                                                                      <time>-1.0</time>
                                                                                                                  </locationsNotCovered>
                                                                                                                    <locationsNotCovered>
                                                                                                                      <column>0</column>
                                                                                                                      <line>80</line>
                                                                                                                      <numExecutions>0</numExecutions>
                                                                                                                      <time>-1.0</time>
                                                                                                                  </locationsNotCovered>
                                                                                                                    <locationsNotCovered>
                                                                                                                      <column>0</column>
                                                                                                                      <line>82</line>
                                                                                                                      <numExecutions>0</numExecutions>
                                                                                                                      <time>-1.0</time>
                                                                                                                  </locationsNotCovered>
                                                                                                                    <locationsNotCovered>
                                                                                                                      <column>0</column>
                                                                                                                      <line>83</line>
                                                                                                                      <numExecutions>0</numExecutions>
                                                                                                                      <time>-1.0</time>
                                                                                                                  </locationsNotCovered>
                                                                                                                    <locationsNotCovered>
                                                                                                                      <column>0</column>
                                                                                                                      <line>86</line>
                                                                                                                      <numExecutions>0</numExecutions>
                                                                                                                      <time>-1.0</time>
                                                                                                                  </locationsNotCovered>
                                                                                                                    <locationsNotCovered>
                                                                                                                      <column>0</column>
                                                                                                                      <line>87</line>
                                                                                                                      <numExecutions>0</numExecutions>
                                                                                                                      <time>-1.0</time>
                                                                                                                  </locationsNotCovered>
                                                                                                                    <locationsNotCovered>
                                                                                                                      <column>0</column>
                                                                                                                      <line>88</line>
                                                                                                                      <numExecutions>0</numExecutions>
                                                                                                                      <time>-1.0</time>
                                                                                                                  </locationsNotCovered>
                                                                                                                    <locationsNotCovered>
                                                                                                                      <column>0</column>
                                                                                                                      <line>145</line>
                                                                                                                      <numExecutions>0</numExecutions>
                                                                                                                      <time>-1.0</time>
                                                                                                                  </locationsNotCovered>
                                                                                                                    <locationsNotCovered>
                                                                                                                      <column>0</column>
                                                                                                                      <line>146</line>
                                                                                                                      <numExecutions>0</numExecutions>
                                                                                                                      <time>-1.0</time>
                                                                                                                  </locationsNotCovered>
                                                                                                                    <locationsNotCovered>
                                                                                                                      <column>0</column>
                                                                                                                      <line>149</line>
                                                                                                                      <numExecutions>0</numExecutions>
                                                                                                                      <time>-1.0</time>
                                                                                                                  </locationsNotCovered>
                                                                                                                    <locationsNotCovered>
                                                                                                                      <column>0</column>
                                                                                                                      <line>150</line>
                                                                                                                      <numExecutions>0</numExecutions>
                                                                                                                      <time>-1.0</time>
                                                                                                                  </locationsNotCovered>
                                                                                                                    <locationsNotCovered>
                                                                                                                      <column>0</column>
                                                                                                                      <line>263</line>
                                                                                                                      <numExecutions>0</numExecutions>
                                                                                                                      <time>-1.0</time>
                                                                                                                  </locationsNotCovered>
                                                                                                                    <locationsNotCovered>
                                                                                                                      <column>0</column>
                                                                                                                      <line>296</line>
                                                                                                                      <numExecutions>0</numExecutions>
                                                                                                                      <time>-1.0</time>
                                                                                                                  </locationsNotCovered>
                                                                                                                    <locationsNotCovered>
                                                                                                                      <column>0</column>
                                                                                                                      <line>297</line>
                                                                                                                      <numExecutions>0</numExecutions>
                                                                                                                      <time>-1.0</time>
                                                                                                                  </locationsNotCovered>
                                                                                                                    <locationsNotCovered>
                                                                                                                      <column>0</column>
                                                                                                                      <line>359</line>
                                                                                                                      <numExecutions>0</numExecutions>
                                                                                                                      <time>-1.0</time>
                                                                                                                  </locationsNotCovered>
                                                                                                                    <locationsNotCovered>
                                                                                                                      <column>0</column>
                                                                                                                      <line>366</line>
                                                                                                                      <numExecutions>0</numExecutions>
                                                                                                                      <time>-1.0</time>
                                                                                                                  </locationsNotCovered>
                                                                                                                    <locationsNotCovered>
                                                                                                                      <column>0</column>
                                                                                                                      <line>376</line>
                                                                                                                      <numExecutions>0</numExecutions>
                                                                                                                      <time>-1.0</time>
                                                                                                                  </locationsNotCovered>
                                                                                                                    <locationsNotCovered>
                                                                                                                      <column>0</column>
                                                                                                                      <line>452</line>
                                                                                                                      <numExecutions>0</numExecutions>
                                                                                                                      <time>-1.0</time>
                                                                                                                  </locationsNotCovered>
                                                                                                                    <locationsNotCovered>
                                                                                                                      <column>0</column>
                                                                                                                      <line>467</line>
                                                                                                                      <numExecutions>0</numExecutions>
                                                                                                                      <time>-1.0</time>
                                                                                                                  </locationsNotCovered>
                                                                                                                    <locationsNotCovered>
                                                                                                                      <column>0</column>
                                                                                                                      <line>469</line>
                                                                                                                      <numExecutions>0</numExecutions>
                                                                                                                      <time>-1.0</time>
                                                                                                                  </locationsNotCovered>
                                                                                                                    <locationsNotCovered>
                                                                                                                      <column>0</column>
                                                                                                                      <line>471</line>
                                                                                                                      <numExecutions>0</numExecutions>
                                                                                                                      <time>-1.0</time>
                                                                                                                  </locationsNotCovered>
                                                                                                                    <locationsNotCovered>
                                                                                                                      <column>0</column>
                                                                                                                      <line>475</line>
                                                                                                                      <numExecutions>0</numExecutions>
                                                                                                                      <time>-1.0</time>
                                                                                                                  </locationsNotCovered>
                                                                                                                    <locationsNotCovered>
                                                                                                                      <column>0</column>
                                                                                                                      <line>477</line>
                                                                                                                      <numExecutions>0</numExecutions>
                                                                                                                      <time>-1.0</time>
                                                                                                                  </locationsNotCovered>
                                                                                                                    <locationsNotCovered>
                                                                                                                      <column>0</column>
                                                                                                                      <line>479</line>
                                                                                                                      <numExecutions>0</numExecutions>
                                                                                                                      <time>-1.0</time>
                                                                                                                  </locationsNotCovered>
                                                                                                                    <locationsNotCovered>
                                                                                                                      <column>0</column>
                                                                                                                      <line>489</line>
                                                                                                                      <numExecutions>0</numExecutions>
                                                                                                                      <time>-1.0</time>
                                                                                                                  </locationsNotCovered>
                                                                                                                    <locationsNotCovered>
                                                                                                                      <column>0</column>
                                                                                                                      <line>521</line>
                                                                                                                      <numExecutions>0</numExecutions>
                                                                                                                      <time>-1.0</time>
                                                                                                                  </locationsNotCovered>
                                                                                                                    <locationsNotCovered>
                                                                                                                      <column>0</column>
                                                                                                                      <line>529</line>
                                                                                                                      <numExecutions>0</numExecutions>
                                                                                                                      <time>-1.0</time>
                                                                                                                  </locationsNotCovered>
                                                                                                                    <locationsNotCovered>
                                                                                                                      <column>0</column>
                                                                                                                      <line>530</line>
                                                                                                                      <numExecutions>0</numExecutions>
                                                                                                                      <time>-1.0</time>
                                                                                                                  </locationsNotCovered>
                                                                                                                    <locationsNotCovered>
                                                                                                                      <column>0</column>
                                                                                                                      <line>560</line>
                                                                                                                      <numExecutions>0</numExecutions>
                                                                                                                      <time>-1.0</time>
                                                                                                                  </locationsNotCovered>
                                                                                                                    <locationsNotCovered>
                                                                                                                      <column>0</column>
                                                                                                                      <line>568</line>
                                                                                                                      <numExecutions>0</numExecutions>
                                                                                                                      <time>-1.0</time>
                                                                                                                  </locationsNotCovered>
                                                                                                                    <locationsNotCovered>
                                                                                                                      <column>0</column>
                                                                                                                      <line>569</line>
                                                                                                                      <numExecutions>0</numExecutions>
                                                                                                                      <time>-1.0</time>
                                                                                                                  </locationsNotCovered>
                                                                                                                    <name>CtrlZendeskUserMapping</name>
                                                                                                                    <namespace>Zendesk</namespace>
                                                                                                                    <numLocations>330</numLocations>
                                                                                                                    <numLocationsNotCovered>34</numLocationsNotCovered>
                                                                                                                    <type>Class</type>
                                                                                                                </codeCoverage>
                                                                                                                  <codeCoverage>
                                                                                                                    <id>01pL0000000E8WJIA0</id>
                                                                                                                    <locationsNotCovered>
                                                                                                                      <column>0</column>
                                                                                                                      <line>34</line>
                                                                                                                      <numExecutions>0</numExecutions>
                                                                                                                      <time>-1.0</time>
                                                                                                                  </locationsNotCovered>
                                                                                                                    <name>ZendeskSyncUsersIterable</name>
                                                                                                                    <namespace>Zendesk</namespace>
                                                                                                                    <numLocations>20</numLocations>
                                                                                                                    <numLocationsNotCovered>1</numLocationsNotCovered>
                                                                                                                    <type>Class</type>
                                                                                                                </codeCoverage>
                                                                                                                  <codeCoverage>
                                                                                                                    <id>01pL0000000E8WRIA0</id>
                                                                                                                    <locationsNotCovered>
                                                                                                                      <column>0</column>
                                                                                                                      <line>11</line>
                                                                                                                      <numExecutions>0</numExecutions>
                                                                                                                      <time>-1.0</time>
                                                                                                                  </locationsNotCovered>
                                                                                                                    <locationsNotCovered>
                                                                                                                      <column>0</column>
                                                                                                                      <line>20</line>
                                                                                                                      <numExecutions>0</numExecutions>
                                                                                                                      <time>-1.0</time>
                                                                                                                  </locationsNotCovered>
                                                                                                                    <locationsNotCovered>
                                                                                                                      <column>0</column>
                                                                                                                      <line>22</line>
                                                                                                                      <numExecutions>0</numExecutions>
                                                                                                                      <time>-1.0</time>
                                                                                                                  </locationsNotCovered>
                                                                                                                    <locationsNotCovered>
                                                                                                                      <column>0</column>
                                                                                                                      <line>23</line>
                                                                                                                      <numExecutions>0</numExecutions>
                                                                                                                      <time>-1.0</time>
                                                                                                                  </locationsNotCovered>
                                                                                                                    <locationsNotCovered>
                                                                                                                      <column>0</column>
                                                                                                                      <line>24</line>
                                                                                                                      <numExecutions>0</numExecutions>
                                                                                                                      <time>-1.0</time>
                                                                                                                  </locationsNotCovered>
                                                                                                                    <locationsNotCovered>
                                                                                                                      <column>0</column>
                                                                                                                      <line>25</line>
                                                                                                                      <numExecutions>0</numExecutions>
                                                                                                                      <time>-1.0</time>
                                                                                                                  </locationsNotCovered>
                                                                                                                    <locationsNotCovered>
                                                                                                                      <column>0</column>
                                                                                                                      <line>26</line>
                                                                                                                      <numExecutions>0</numExecutions>
                                                                                                                      <time>-1.0</time>
                                                                                                                  </locationsNotCovered>
                                                                                                                    <locationsNotCovered>
                                                                                                                      <column>0</column>
                                                                                                                      <line>63</line>
                                                                                                                      <numExecutions>0</numExecutions>
                                                                                                                      <time>-1.0</time>
                                                                                                                  </locationsNotCovered>
                                                                                                                    <locationsNotCovered>
                                                                                                                      <column>0</column>
                                                                                                                      <line>64</line>
                                                                                                                      <numExecutions>0</numExecutions>
                                                                                                                      <time>-1.0</time>
                                                                                                                  </locationsNotCovered>
                                                                                                                    <locationsNotCovered>
                                                                                                                      <column>0</column>
                                                                                                                      <line>78</line>
                                                                                                                      <numExecutions>0</numExecutions>
                                                                                                                      <time>-1.0</time>
                                                                                                                  </locationsNotCovered>
                                                                                                                    <locationsNotCovered>
                                                                                                                      <column>0</column>
                                                                                                                      <line>79</line>
                                                                                                                      <numExecutions>0</numExecutions>
                                                                                                                      <time>-1.0</time>
                                                                                                                  </locationsNotCovered>
                                                                                                                    <locationsNotCovered>
                                                                                                                      <column>0</column>
                                                                                                                      <line>81</line>
                                                                                                                      <numExecutions>0</numExecutions>
                                                                                                                      <time>-1.0</time>
                                                                                                                  </locationsNotCovered>
                                                                                                                    <locationsNotCovered>
                                                                                                                      <column>0</column>
                                                                                                                      <line>82</line>
                                                                                                                      <numExecutions>0</numExecutions>
                                                                                                                      <time>-1.0</time>
                                                                                                                  </locationsNotCovered>
                                                                                                                    <locationsNotCovered>
                                                                                                                      <column>0</column>
                                                                                                                      <line>83</line>
                                                                                                                      <numExecutions>0</numExecutions>
                                                                                                                      <time>-1.0</time>
                                                                                                                  </locationsNotCovered>
                                                                                                                    <locationsNotCovered>
                                                                                                                      <column>0</column>
                                                                                                                      <line>100</line>
                                                                                                                      <numExecutions>0</numExecutions>
                                                                                                                      <time>-1.0</time>
                                                                                                                  </locationsNotCovered>
                                                                                                                    <locationsNotCovered>
                                                                                                                      <column>0</column>
                                                                                                                      <line>101</line>
                                                                                                                      <numExecutions>0</numExecutions>
                                                                                                                      <time>-1.0</time>
                                                                                                                  </locationsNotCovered>
                                                                                                                    <locationsNotCovered>
                                                                                                                      <column>0</column>
                                                                                                                      <line>103</line>
                                                                                                                      <numExecutions>0</numExecutions>
                                                                                                                      <time>-1.0</time>
                                                                                                                  </locationsNotCovered>
                                                                                                                    <locationsNotCovered>
                                                                                                                      <column>0</column>
                                                                                                                      <line>105</line>
                                                                                                                      <numExecutions>0</numExecutions>
                                                                                                                      <time>-1.0</time>
                                                                                                                  </locationsNotCovered>
                                                                                                                    <locationsNotCovered>
                                                                                                                      <column>0</column>
                                                                                                                      <line>119</line>
                                                                                                                      <numExecutions>0</numExecutions>
                                                                                                                      <time>-1.0</time>
                                                                                                                  </locationsNotCovered>
                                                                                                                    <locationsNotCovered>
                                                                                                                      <column>0</column>
                                                                                                                      <line>121</line>
                                                                                                                      <numExecutions>0</numExecutions>
                                                                                                                      <time>-1.0</time>
                                                                                                                  </locationsNotCovered>
                                                                                                                    <locationsNotCovered>
                                                                                                                      <column>0</column>
                                                                                                                      <line>122</line>
                                                                                                                      <numExecutions>0</numExecutions>
                                                                                                                      <time>-1.0</time>
                                                                                                                  </locationsNotCovered>
                                                                                                                    <locationsNotCovered>
                                                                                                                      <column>0</column>
                                                                                                                      <line>124</line>
                                                                                                                      <numExecutions>0</numExecutions>
                                                                                                                      <time>-1.0</time>
                                                                                                                  </locationsNotCovered>
                                                                                                                    <locationsNotCovered>
                                                                                                                      <column>0</column>
                                                                                                                      <line>125</line>
                                                                                                                      <numExecutions>0</numExecutions>
                                                                                                                      <time>-1.0</time>
                                                                                                                  </locationsNotCovered>
                                                                                                                    <locationsNotCovered>
                                                                                                                      <column>0</column>
                                                                                                                      <line>130</line>
                                                                                                                      <numExecutions>0</numExecutions>
                                                                                                                      <time>-1.0</time>
                                                                                                                  </locationsNotCovered>
                                                                                                                    <locationsNotCovered>
                                                                                                                      <column>0</column>
                                                                                                                      <line>131</line>
                                                                                                                      <numExecutions>0</numExecutions>
                                                                                                                      <time>-1.0</time>
                                                                                                                  </locationsNotCovered>
                                                                                                                    <locationsNotCovered>
                                                                                                                      <column>0</column>
                                                                                                                      <line>132</line>
                                                                                                                      <numExecutions>0</numExecutions>
                                                                                                                      <time>-1.0</time>
                                                                                                                  </locationsNotCovered>
                                                                                                                    <locationsNotCovered>
                                                                                                                      <column>0</column>
                                                                                                                      <line>134</line>
                                                                                                                      <numExecutions>0</numExecutions>
                                                                                                                      <time>-1.0</time>
                                                                                                                  </locationsNotCovered>
                                                                                                                    <locationsNotCovered>
                                                                                                                      <column>0</column>
                                                                                                                      <line>135</line>
                                                                                                                      <numExecutions>0</numExecutions>
                                                                                                                      <time>-1.0</time>
                                                                                                                  </locationsNotCovered>
                                                                                                                    <locationsNotCovered>
                                                                                                                      <column>0</column>
                                                                                                                      <line>137</line>
                                                                                                                      <numExecutions>0</numExecutions>
                                                                                                                      <time>-1.0</time>
                                                                                                                  </locationsNotCovered>
                                                                                                                    <locationsNotCovered>
                                                                                                                      <column>0</column>
                                                                                                                      <line>138</line>
                                                                                                                      <numExecutions>0</numExecutions>
                                                                                                                      <time>-1.0</time>
                                                                                                                  </locationsNotCovered>
                                                                                                                    <locationsNotCovered>
                                                                                                                      <column>0</column>
                                                                                                                      <line>139</line>
                                                                                                                      <numExecutions>0</numExecutions>
                                                                                                                      <time>-1.0</time>
                                                                                                                  </locationsNotCovered>
                                                                                                                    <locationsNotCovered>
                                                                                                                      <column>0</column>
                                                                                                                      <line>163</line>
                                                                                                                      <numExecutions>0</numExecutions>
                                                                                                                      <time>-1.0</time>
                                                                                                                  </locationsNotCovered>
                                                                                                                    <locationsNotCovered>
                                                                                                                      <column>0</column>
                                                                                                                      <line>167</line>
                                                                                                                      <numExecutions>0</numExecutions>
                                                                                                                      <time>-1.0</time>
                                                                                                                  </locationsNotCovered>
                                                                                                                    <locationsNotCovered>
                                                                                                                      <column>0</column>
                                                                                                                      <line>168</line>
                                                                                                                      <numExecutions>0</numExecutions>
                                                                                                                      <time>-1.0</time>
                                                                                                                  </locationsNotCovered>
                                                                                                                    <locationsNotCovered>
                                                                                                                      <column>0</column>
                                                                                                                      <line>184</line>
                                                                                                                      <numExecutions>0</numExecutions>
                                                                                                                      <time>-1.0</time>
                                                                                                                  </locationsNotCovered>
                                                                                                                    <locationsNotCovered>
                                                                                                                      <column>0</column>
                                                                                                                      <line>188</line>
                                                                                                                      <numExecutions>0</numExecutions>
                                                                                                                      <time>-1.0</time>
                                                                                                                  </locationsNotCovered>
                                                                                                                    <locationsNotCovered>
                                                                                                                      <column>0</column>
                                                                                                                      <line>189</line>
                                                                                                                      <numExecutions>0</numExecutions>
                                                                                                                      <time>-1.0</time>
                                                                                                                  </locationsNotCovered>
                                                                                                                    <locationsNotCovered>
                                                                                                                      <column>0</column>
                                                                                                                      <line>207</line>
                                                                                                                      <numExecutions>0</numExecutions>
                                                                                                                      <time>-1.0</time>
                                                                                                                  </locationsNotCovered>
                                                                                                                    <locationsNotCovered>
                                                                                                                      <column>0</column>
                                                                                                                      <line>209</line>
                                                                                                                      <numExecutions>0</numExecutions>
                                                                                                                      <time>-1.0</time>
                                                                                                                  </locationsNotCovered>
                                                                                                                    <locationsNotCovered>
                                                                                                                      <column>0</column>
                                                                                                                      <line>210</line>
                                                                                                                      <numExecutions>0</numExecutions>
                                                                                                                      <time>-1.0</time>
                                                                                                                  </locationsNotCovered>
                                                                                                                    <locationsNotCovered>
                                                                                                                      <column>0</column>
                                                                                                                      <line>214</line>
                                                                                                                      <numExecutions>0</numExecutions>
                                                                                                                      <time>-1.0</time>
                                                                                                                  </locationsNotCovered>
                                                                                                                    <locationsNotCovered>
                                                                                                                      <column>0</column>
                                                                                                                      <line>215</line>
                                                                                                                      <numExecutions>0</numExecutions>
                                                                                                                      <time>-1.0</time>
                                                                                                                  </locationsNotCovered>
                                                                                                                    <locationsNotCovered>
                                                                                                                      <column>0</column>
                                                                                                                      <line>234</line>
                                                                                                                      <numExecutions>0</numExecutions>
                                                                                                                      <time>-1.0</time>
                                                                                                                  </locationsNotCovered>
                                                                                                                    <locationsNotCovered>
                                                                                                                      <column>0</column>
                                                                                                                      <line>235</line>
                                                                                                                      <numExecutions>0</numExecutions>
                                                                                                                      <time>-1.0</time>
                                                                                                                  </locationsNotCovered>
                                                                                                                    <locationsNotCovered>
                                                                                                                      <column>0</column>
                                                                                                                      <line>238</line>
                                                                                                                      <numExecutions>0</numExecutions>
                                                                                                                      <time>-1.0</time>
                                                                                                                  </locationsNotCovered>
                                                                                                                    <locationsNotCovered>
                                                                                                                      <column>0</column>
                                                                                                                      <line>240</line>
                                                                                                                      <numExecutions>0</numExecutions>
                                                                                                                      <time>-1.0</time>
                                                                                                                  </locationsNotCovered>
                                                                                                                    <locationsNotCovered>
                                                                                                                      <column>0</column>
                                                                                                                      <line>241</line>
                                                                                                                      <numExecutions>0</numExecutions>
                                                                                                                      <time>-1.0</time>
                                                                                                                  </locationsNotCovered>
                                                                                                                    <locationsNotCovered>
                                                                                                                      <column>0</column>
                                                                                                                      <line>244</line>
                                                                                                                      <numExecutions>0</numExecutions>
                                                                                                                      <time>-1.0</time>
                                                                                                                  </locationsNotCovered>
                                                                                                                    <locationsNotCovered>
                                                                                                                      <column>0</column>
                                                                                                                      <line>245</line>
                                                                                                                      <numExecutions>0</numExecutions>
                                                                                                                      <time>-1.0</time>
                                                                                                                  </locationsNotCovered>
                                                                                                                    <locationsNotCovered>
                                                                                                                      <column>0</column>
                                                                                                                      <line>263</line>
                                                                                                                      <numExecutions>0</numExecutions>
                                                                                                                      <time>-1.0</time>
                                                                                                                  </locationsNotCovered>
                                                                                                                    <locationsNotCovered>
                                                                                                                      <column>0</column>
                                                                                                                      <line>264</line>
                                                                                                                      <numExecutions>0</numExecutions>
                                                                                                                      <time>-1.0</time>
                                                                                                                  </locationsNotCovered>
                                                                                                                    <locationsNotCovered>
                                                                                                                      <column>0</column>
                                                                                                                      <line>267</line>
                                                                                                                      <numExecutions>0</numExecutions>
                                                                                                                      <time>-1.0</time>
                                                                                                                  </locationsNotCovered>
                                                                                                                    <locationsNotCovered>
                                                                                                                      <column>0</column>
                                                                                                                      <line>268</line>
                                                                                                                      <numExecutions>0</numExecutions>
                                                                                                                      <time>-1.0</time>
                                                                                                                  </locationsNotCovered>
                                                                                                                    <locationsNotCovered>
                                                                                                                      <column>0</column>
                                                                                                                      <line>283</line>
                                                                                                                      <numExecutions>0</numExecutions>
                                                                                                                      <time>-1.0</time>
                                                                                                                  </locationsNotCovered>
                                                                                                                    <locationsNotCovered>
                                                                                                                      <column>0</column>
                                                                                                                      <line>317</line>
                                                                                                                      <numExecutions>0</numExecutions>
                                                                                                                      <time>-1.0</time>
                                                                                                                  </locationsNotCovered>
                                                                                                                    <locationsNotCovered>
                                                                                                                      <column>0</column>
                                                                                                                      <line>319</line>
                                                                                                                      <numExecutions>0</numExecutions>
                                                                                                                      <time>-1.0</time>
                                                                                                                  </locationsNotCovered>
                                                                                                                    <locationsNotCovered>
                                                                                                                      <column>0</column>
                                                                                                                      <line>320</line>
                                                                                                                      <numExecutions>0</numExecutions>
                                                                                                                      <time>-1.0</time>
                                                                                                                  </locationsNotCovered>
                                                                                                                    <locationsNotCovered>
                                                                                                                      <column>0</column>
                                                                                                                      <line>329</line>
                                                                                                                      <numExecutions>0</numExecutions>
                                                                                                                      <time>-1.0</time>
                                                                                                                  </locationsNotCovered>
                                                                                                                    <locationsNotCovered>
                                                                                                                      <column>0</column>
                                                                                                                      <line>331</line>
                                                                                                                      <numExecutions>0</numExecutions>
                                                                                                                      <time>-1.0</time>
                                                                                                                  </locationsNotCovered>
                                                                                                                    <locationsNotCovered>
                                                                                                                      <column>0</column>
                                                                                                                      <line>333</line>
                                                                                                                      <numExecutions>0</numExecutions>
                                                                                                                      <time>-1.0</time>
                                                                                                                  </locationsNotCovered>
                                                                                                                    <locationsNotCovered>
                                                                                                                      <column>0</column>
                                                                                                                      <line>335</line>
                                                                                                                      <numExecutions>0</numExecutions>
                                                                                                                      <time>-1.0</time>
                                                                                                                  </locationsNotCovered>
                                                                                                                    <locationsNotCovered>
                                                                                                                      <column>0</column>
                                                                                                                      <line>336</line>
                                                                                                                      <numExecutions>0</numExecutions>
                                                                                                                      <time>-1.0</time>
                                                                                                                  </locationsNotCovered>
                                                                                                                    <locationsNotCovered>
                                                                                                                      <column>0</column>
                                                                                                                      <line>338</line>
                                                                                                                      <numExecutions>0</numExecutions>
                                                                                                                      <time>-1.0</time>
                                                                                                                  </locationsNotCovered>
                                                                                                                    <locationsNotCovered>
                                                                                                                      <column>0</column>
                                                                                                                      <line>340</line>
                                                                                                                      <numExecutions>0</numExecutions>
                                                                                                                      <time>-1.0</time>
                                                                                                                  </locationsNotCovered>
                                                                                                                    <locationsNotCovered>
                                                                                                                      <column>0</column>
                                                                                                                      <line>341</line>
                                                                                                                      <numExecutions>0</numExecutions>
                                                                                                                      <time>-1.0</time>
                                                                                                                  </locationsNotCovered>
                                                                                                                    <locationsNotCovered>
                                                                                                                      <column>0</column>
                                                                                                                      <line>344</line>
                                                                                                                      <numExecutions>0</numExecutions>
                                                                                                                      <time>-1.0</time>
                                                                                                                  </locationsNotCovered>
                                                                                                                    <locationsNotCovered>
                                                                                                                      <column>0</column>
                                                                                                                      <line>423</line>
                                                                                                                      <numExecutions>0</numExecutions>
                                                                                                                      <time>-1.0</time>
                                                                                                                  </locationsNotCovered>
                                                                                                                    <locationsNotCovered>
                                                                                                                      <column>0</column>
                                                                                                                      <line>433</line>
                                                                                                                      <numExecutions>0</numExecutions>
                                                                                                                      <time>-1.0</time>
                                                                                                                  </locationsNotCovered>
                                                                                                                    <locationsNotCovered>
                                                                                                                      <column>0</column>
                                                                                                                      <line>434</line>
                                                                                                                      <numExecutions>0</numExecutions>
                                                                                                                      <time>-1.0</time>
                                                                                                                  </locationsNotCovered>
                                                                                                                    <locationsNotCovered>
                                                                                                                      <column>0</column>
                                                                                                                      <line>435</line>
                                                                                                                      <numExecutions>0</numExecutions>
                                                                                                                      <time>-1.0</time>
                                                                                                                  </locationsNotCovered>
                                                                                                                    <locationsNotCovered>
                                                                                                                      <column>0</column>
                                                                                                                      <line>436</line>
                                                                                                                      <numExecutions>0</numExecutions>
                                                                                                                      <time>-1.0</time>
                                                                                                                  </locationsNotCovered>
                                                                                                                    <locationsNotCovered>
                                                                                                                      <column>0</column>
                                                                                                                      <line>439</line>
                                                                                                                      <numExecutions>0</numExecutions>
                                                                                                                      <time>-1.0</time>
                                                                                                                  </locationsNotCovered>
                                                                                                                    <locationsNotCovered>
                                                                                                                      <column>0</column>
                                                                                                                      <line>442</line>
                                                                                                                      <numExecutions>0</numExecutions>
                                                                                                                      <time>-1.0</time>
                                                                                                                  </locationsNotCovered>
                                                                                                                    <locationsNotCovered>
                                                                                                                      <column>0</column>
                                                                                                                      <line>444</line>
                                                                                                                      <numExecutions>0</numExecutions>
                                                                                                                      <time>-1.0</time>
                                                                                                                  </locationsNotCovered>
                                                                                                                    <locationsNotCovered>
                                                                                                                      <column>0</column>
                                                                                                                      <line>448</line>
                                                                                                                      <numExecutions>0</numExecutions>
                                                                                                                      <time>-1.0</time>
                                                                                                                  </locationsNotCovered>
                                                                                                                    <locationsNotCovered>
                                                                                                                      <column>0</column>
                                                                                                                      <line>450</line>
                                                                                                                      <numExecutions>0</numExecutions>
                                                                                                                      <time>-1.0</time>
                                                                                                                  </locationsNotCovered>
                                                                                                                    <locationsNotCovered>
                                                                                                                      <column>0</column>
                                                                                                                      <line>459</line>
                                                                                                                      <numExecutions>0</numExecutions>
                                                                                                                      <time>-1.0</time>
                                                                                                                  </locationsNotCovered>
                                                                                                                    <locationsNotCovered>
                                                                                                                      <column>0</column>
                                                                                                                      <line>461</line>
                                                                                                                      <numExecutions>0</numExecutions>
                                                                                                                      <time>-1.0</time>
                                                                                                                  </locationsNotCovered>
                                                                                                                    <locationsNotCovered>
                                                                                                                      <column>0</column>
                                                                                                                      <line>462</line>
                                                                                                                      <numExecutions>0</numExecutions>
                                                                                                                      <time>-1.0</time>
                                                                                                                  </locationsNotCovered>
                                                                                                                    <locationsNotCovered>
                                                                                                                      <column>0</column>
                                                                                                                      <line>465</line>
                                                                                                                      <numExecutions>0</numExecutions>
                                                                                                                      <time>-1.0</time>
                                                                                                                  </locationsNotCovered>
                                                                                                                    <locationsNotCovered>
                                                                                                                      <column>0</column>
                                                                                                                      <line>467</line>
                                                                                                                      <numExecutions>0</numExecutions>
                                                                                                                      <time>-1.0</time>
                                                                                                                  </locationsNotCovered>
                                                                                                                    <locationsNotCovered>
                                                                                                                      <column>0</column>
                                                                                                                      <line>469</line>
                                                                                                                      <numExecutions>0</numExecutions>
                                                                                                                      <time>-1.0</time>
                                                                                                                  </locationsNotCovered>
                                                                                                                    <locationsNotCovered>
                                                                                                                      <column>0</column>
                                                                                                                      <line>472</line>
                                                                                                                      <numExecutions>0</numExecutions>
                                                                                                                      <time>-1.0</time>
                                                                                                                  </locationsNotCovered>
                                                                                                                    <locationsNotCovered>
                                                                                                                      <column>0</column>
                                                                                                                      <line>473</line>
                                                                                                                      <numExecutions>0</numExecutions>
                                                                                                                      <time>-1.0</time>
                                                                                                                  </locationsNotCovered>
                                                                                                                    <locationsNotCovered>
                                                                                                                      <column>0</column>
                                                                                                                      <line>475</line>
                                                                                                                      <numExecutions>0</numExecutions>
                                                                                                                      <time>-1.0</time>
                                                                                                                  </locationsNotCovered>
                                                                                                                    <locationsNotCovered>
                                                                                                                      <column>0</column>
                                                                                                                      <line>479</line>
                                                                                                                      <numExecutions>0</numExecutions>
                                                                                                                      <time>-1.0</time>
                                                                                                                  </locationsNotCovered>
                                                                                                                    <locationsNotCovered>
                                                                                                                      <column>0</column>
                                                                                                                      <line>493</line>
                                                                                                                      <numExecutions>0</numExecutions>
                                                                                                                      <time>-1.0</time>
                                                                                                                  </locationsNotCovered>
                                                                                                                    <locationsNotCovered>
                                                                                                                      <column>0</column>
                                                                                                                      <line>496</line>
                                                                                                                      <numExecutions>0</numExecutions>
                                                                                                                      <time>-1.0</time>
                                                                                                                  </locationsNotCovered>
                                                                                                                    <locationsNotCovered>
                                                                                                                      <column>0</column>
                                                                                                                      <line>547</line>
                                                                                                                      <numExecutions>0</numExecutions>
                                                                                                                      <time>-1.0</time>
                                                                                                                  </locationsNotCovered>
                                                                                                                    <locationsNotCovered>
                                                                                                                      <column>0</column>
                                                                                                                      <line>548</line>
                                                                                                                      <numExecutions>0</numExecutions>
                                                                                                                      <time>-1.0</time>
                                                                                                                  </locationsNotCovered>
                                                                                                                    <locationsNotCovered>
                                                                                                                      <column>0</column>
                                                                                                                      <line>551</line>
                                                                                                                      <numExecutions>0</numExecutions>
                                                                                                                      <time>-1.0</time>
                                                                                                                  </locationsNotCovered>
                                                                                                                    <locationsNotCovered>
                                                                                                                      <column>0</column>
                                                                                                                      <line>553</line>
                                                                                                                      <numExecutions>0</numExecutions>
                                                                                                                      <time>-1.0</time>
                                                                                                                  </locationsNotCovered>
                                                                                                                    <locationsNotCovered>
                                                                                                                      <column>0</column>
                                                                                                                      <line>554</line>
                                                                                                                      <numExecutions>0</numExecutions>
                                                                                                                      <time>-1.0</time>
                                                                                                                  </locationsNotCovered>
                                                                                                                    <locationsNotCovered>
                                                                                                                      <column>0</column>
                                                                                                                      <line>556</line>
                                                                                                                      <numExecutions>0</numExecutions>
                                                                                                                      <time>-1.0</time>
                                                                                                                  </locationsNotCovered>
                                                                                                                    <locationsNotCovered>
                                                                                                                      <column>0</column>
                                                                                                                      <line>558</line>
                                                                                                                      <numExecutions>0</numExecutions>
                                                                                                                      <time>-1.0</time>
                                                                                                                  </locationsNotCovered>
                                                                                                                    <locationsNotCovered>
                                                                                                                      <column>0</column>
                                                                                                                      <line>559</line>
                                                                                                                      <numExecutions>0</numExecutions>
                                                                                                                      <time>-1.0</time>
                                                                                                                  </locationsNotCovered>
                                                                                                                    <locationsNotCovered>
                                                                                                                      <column>0</column>
                                                                                                                      <line>560</line>
                                                                                                                      <numExecutions>0</numExecutions>
                                                                                                                      <time>-1.0</time>
                                                                                                                  </locationsNotCovered>
                                                                                                                    <locationsNotCovered>
                                                                                                                      <column>0</column>
                                                                                                                      <line>563</line>
                                                                                                                      <numExecutions>0</numExecutions>
                                                                                                                      <time>-1.0</time>
                                                                                                                  </locationsNotCovered>
                                                                                                                    <locationsNotCovered>
                                                                                                                      <column>0</column>
                                                                                                                      <line>565</line>
                                                                                                                      <numExecutions>0</numExecutions>
                                                                                                                      <time>-1.0</time>
                                                                                                                  </locationsNotCovered>
                                                                                                                    <locationsNotCovered>
                                                                                                                      <column>0</column>
                                                                                                                      <line>568</line>
                                                                                                                      <numExecutions>0</numExecutions>
                                                                                                                      <time>-1.0</time>
                                                                                                                  </locationsNotCovered>
                                                                                                                    <locationsNotCovered>
                                                                                                                      <column>0</column>
                                                                                                                      <line>569</line>
                                                                                                                      <numExecutions>0</numExecutions>
                                                                                                                      <time>-1.0</time>
                                                                                                                  </locationsNotCovered>
                                                                                                                    <locationsNotCovered>
                                                                                                                      <column>0</column>
                                                                                                                      <line>570</line>
                                                                                                                      <numExecutions>0</numExecutions>
                                                                                                                      <time>-1.0</time>
                                                                                                                  </locationsNotCovered>
                                                                                                                    <locationsNotCovered>
                                                                                                                      <column>0</column>
                                                                                                                      <line>571</line>
                                                                                                                      <numExecutions>0</numExecutions>
                                                                                                                      <time>-1.0</time>
                                                                                                                  </locationsNotCovered>
                                                                                                                    <locationsNotCovered>
                                                                                                                      <column>0</column>
                                                                                                                      <line>572</line>
                                                                                                                      <numExecutions>0</numExecutions>
                                                                                                                      <time>-1.0</time>
                                                                                                                  </locationsNotCovered>
                                                                                                                    <locationsNotCovered>
                                                                                                                      <column>0</column>
                                                                                                                      <line>575</line>
                                                                                                                      <numExecutions>0</numExecutions>
                                                                                                                      <time>-1.0</time>
                                                                                                                  </locationsNotCovered>
                                                                                                                    <locationsNotCovered>
                                                                                                                      <column>0</column>
                                                                                                                      <line>581</line>
                                                                                                                      <numExecutions>0</numExecutions>
                                                                                                                      <time>-1.0</time>
                                                                                                                  </locationsNotCovered>
                                                                                                                    <locationsNotCovered>
                                                                                                                      <column>0</column>
                                                                                                                      <line>584</line>
                                                                                                                      <numExecutions>0</numExecutions>
                                                                                                                      <time>-1.0</time>
                                                                                                                  </locationsNotCovered>
                                                                                                                    <locationsNotCovered>
                                                                                                                      <column>0</column>
                                                                                                                      <line>589</line>
                                                                                                                      <numExecutions>0</numExecutions>
                                                                                                                      <time>-1.0</time>
                                                                                                                  </locationsNotCovered>
                                                                                                                    <locationsNotCovered>
                                                                                                                      <column>0</column>
                                                                                                                      <line>591</line>
                                                                                                                      <numExecutions>0</numExecutions>
                                                                                                                      <time>-1.0</time>
                                                                                                                  </locationsNotCovered>
                                                                                                                    <locationsNotCovered>
                                                                                                                      <column>0</column>
                                                                                                                      <line>593</line>
                                                                                                                      <numExecutions>0</numExecutions>
                                                                                                                      <time>-1.0</time>
                                                                                                                  </locationsNotCovered>
                                                                                                                    <locationsNotCovered>
                                                                                                                      <column>0</column>
                                                                                                                      <line>596</line>
                                                                                                                      <numExecutions>0</numExecutions>
                                                                                                                      <time>-1.0</time>
                                                                                                                  </locationsNotCovered>
                                                                                                                    <locationsNotCovered>
                                                                                                                      <column>0</column>
                                                                                                                      <line>597</line>
                                                                                                                      <numExecutions>0</numExecutions>
                                                                                                                      <time>-1.0</time>
                                                                                                                  </locationsNotCovered>
                                                                                                                    <locationsNotCovered>
                                                                                                                      <column>0</column>
                                                                                                                      <line>598</line>
                                                                                                                      <numExecutions>0</numExecutions>
                                                                                                                      <time>-1.0</time>
                                                                                                                  </locationsNotCovered>
                                                                                                                    <locationsNotCovered>
                                                                                                                      <column>0</column>
                                                                                                                      <line>599</line>
                                                                                                                      <numExecutions>0</numExecutions>
                                                                                                                      <time>-1.0</time>
                                                                                                                  </locationsNotCovered>
                                                                                                                    <locationsNotCovered>
                                                                                                                      <column>0</column>
                                                                                                                      <line>600</line>
                                                                                                                      <numExecutions>0</numExecutions>
                                                                                                                      <time>-1.0</time>
                                                                                                                  </locationsNotCovered>
                                                                                                                    <locationsNotCovered>
                                                                                                                      <column>0</column>
                                                                                                                      <line>603</line>
                                                                                                                      <numExecutions>0</numExecutions>
                                                                                                                      <time>-1.0</time>
                                                                                                                  </locationsNotCovered>
                                                                                                                    <locationsNotCovered>
                                                                                                                      <column>0</column>
                                                                                                                      <line>604</line>
                                                                                                                      <numExecutions>0</numExecutions>
                                                                                                                      <time>-1.0</time>
                                                                                                                  </locationsNotCovered>
                                                                                                                    <locationsNotCovered>
                                                                                                                      <column>0</column>
                                                                                                                      <line>607</line>
                                                                                                                      <numExecutions>0</numExecutions>
                                                                                                                      <time>-1.0</time>
                                                                                                                  </locationsNotCovered>
                                                                                                                    <locationsNotCovered>
                                                                                                                      <column>0</column>
                                                                                                                      <line>608</line>
                                                                                                                      <numExecutions>0</numExecutions>
                                                                                                                      <time>-1.0</time>
                                                                                                                  </locationsNotCovered>
                                                                                                                    <locationsNotCovered>
                                                                                                                      <column>0</column>
                                                                                                                      <line>611</line>
                                                                                                                      <numExecutions>0</numExecutions>
                                                                                                                      <time>-1.0</time>
                                                                                                                  </locationsNotCovered>
                                                                                                                    <locationsNotCovered>
                                                                                                                      <column>0</column>
                                                                                                                      <line>612</line>
                                                                                                                      <numExecutions>0</numExecutions>
                                                                                                                      <time>-1.0</time>
                                                                                                                  </locationsNotCovered>
                                                                                                                    <locationsNotCovered>
                                                                                                                      <column>0</column>
                                                                                                                      <line>613</line>
                                                                                                                      <numExecutions>0</numExecutions>
                                                                                                                      <time>-1.0</time>
                                                                                                                  </locationsNotCovered>
                                                                                                                    <locationsNotCovered>
                                                                                                                      <column>0</column>
                                                                                                                      <line>614</line>
                                                                                                                      <numExecutions>0</numExecutions>
                                                                                                                      <time>-1.0</time>
                                                                                                                  </locationsNotCovered>
                                                                                                                    <locationsNotCovered>
                                                                                                                      <column>0</column>
                                                                                                                      <line>615</line>
                                                                                                                      <numExecutions>0</numExecutions>
                                                                                                                      <time>-1.0</time>
                                                                                                                  </locationsNotCovered>
                                                                                                                    <locationsNotCovered>
                                                                                                                      <column>0</column>
                                                                                                                      <line>616</line>
                                                                                                                      <numExecutions>0</numExecutions>
                                                                                                                      <time>-1.0</time>
                                                                                                                  </locationsNotCovered>
                                                                                                                    <locationsNotCovered>
                                                                                                                      <column>0</column>
                                                                                                                      <line>618</line>
                                                                                                                      <numExecutions>0</numExecutions>
                                                                                                                      <time>-1.0</time>
                                                                                                                  </locationsNotCovered>
                                                                                                                    <locationsNotCovered>
                                                                                                                      <column>0</column>
                                                                                                                      <line>622</line>
                                                                                                                      <numExecutions>0</numExecutions>
                                                                                                                      <time>-1.0</time>
                                                                                                                  </locationsNotCovered>
                                                                                                                    <locationsNotCovered>
                                                                                                                      <column>0</column>
                                                                                                                      <line>623</line>
                                                                                                                      <numExecutions>0</numExecutions>
                                                                                                                      <time>-1.0</time>
                                                                                                                  </locationsNotCovered>
                                                                                                                    <locationsNotCovered>
                                                                                                                      <column>0</column>
                                                                                                                      <line>624</line>
                                                                                                                      <numExecutions>0</numExecutions>
                                                                                                                      <time>-1.0</time>
                                                                                                                  </locationsNotCovered>
                                                                                                                    <locationsNotCovered>
                                                                                                                      <column>0</column>
                                                                                                                      <line>625</line>
                                                                                                                      <numExecutions>0</numExecutions>
                                                                                                                      <time>-1.0</time>
                                                                                                                  </locationsNotCovered>
                                                                                                                    <locationsNotCovered>
                                                                                                                      <column>0</column>
                                                                                                                      <line>626</line>
                                                                                                                      <numExecutions>0</numExecutions>
                                                                                                                      <time>-1.0</time>
                                                                                                                  </locationsNotCovered>
                                                                                                                    <locationsNotCovered>
                                                                                                                      <column>0</column>
                                                                                                                      <line>627</line>
                                                                                                                      <numExecutions>0</numExecutions>
                                                                                                                      <time>-1.0</time>
                                                                                                                  </locationsNotCovered>
                                                                                                                    <locationsNotCovered>
                                                                                                                      <column>0</column>
                                                                                                                      <line>628</line>
                                                                                                                      <numExecutions>0</numExecutions>
                                                                                                                      <time>-1.0</time>
                                                                                                                  </locationsNotCovered>
                                                                                                                    <locationsNotCovered>
                                                                                                                      <column>0</column>
                                                                                                                      <line>629</line>
                                                                                                                      <numExecutions>0</numExecutions>
                                                                                                                      <time>-1.0</time>
                                                                                                                  </locationsNotCovered>
                                                                                                                    <locationsNotCovered>
                                                                                                                      <column>0</column>
                                                                                                                      <line>630</line>
                                                                                                                      <numExecutions>0</numExecutions>
                                                                                                                      <time>-1.0</time>
                                                                                                                  </locationsNotCovered>
                                                                                                                    <locationsNotCovered>
                                                                                                                      <column>0</column>
                                                                                                                      <line>634</line>
                                                                                                                      <numExecutions>0</numExecutions>
                                                                                                                      <time>-1.0</time>
                                                                                                                  </locationsNotCovered>
                                                                                                                    <locationsNotCovered>
                                                                                                                      <column>0</column>
                                                                                                                      <line>635</line>
                                                                                                                      <numExecutions>0</numExecutions>
                                                                                                                      <time>-1.0</time>
                                                                                                                  </locationsNotCovered>
                                                                                                                    <locationsNotCovered>
                                                                                                                      <column>0</column>
                                                                                                                      <line>636</line>
                                                                                                                      <numExecutions>0</numExecutions>
                                                                                                                      <time>-1.0</time>
                                                                                                                  </locationsNotCovered>
                                                                                                                    <locationsNotCovered>
                                                                                                                      <column>0</column>
                                                                                                                      <line>640</line>
                                                                                                                      <numExecutions>0</numExecutions>
                                                                                                                      <time>-1.0</time>
                                                                                                                  </locationsNotCovered>
                                                                                                                    <locationsNotCovered>
                                                                                                                      <column>0</column>
                                                                                                                      <line>654</line>
                                                                                                                      <numExecutions>0</numExecutions>
                                                                                                                      <time>-1.0</time>
                                                                                                                  </locationsNotCovered>
                                                                                                                    <locationsNotCovered>
                                                                                                                      <column>0</column>
                                                                                                                      <line>657</line>
                                                                                                                      <numExecutions>0</numExecutions>
                                                                                                                      <time>-1.0</time>
                                                                                                                  </locationsNotCovered>
                                                                                                                    <locationsNotCovered>
                                                                                                                      <column>0</column>
                                                                                                                      <line>658</line>
                                                                                                                      <numExecutions>0</numExecutions>
                                                                                                                      <time>-1.0</time>
                                                                                                                  </locationsNotCovered>
                                                                                                                    <locationsNotCovered>
                                                                                                                      <column>0</column>
                                                                                                                      <line>659</line>
                                                                                                                      <numExecutions>0</numExecutions>
                                                                                                                      <time>-1.0</time>
                                                                                                                  </locationsNotCovered>
                                                                                                                    <locationsNotCovered>
                                                                                                                      <column>0</column>
                                                                                                                      <line>661</line>
                                                                                                                      <numExecutions>0</numExecutions>
                                                                                                                      <time>-1.0</time>
                                                                                                                  </locationsNotCovered>
                                                                                                                    <locationsNotCovered>
                                                                                                                      <column>0</column>
                                                                                                                      <line>665</line>
                                                                                                                      <numExecutions>0</numExecutions>
                                                                                                                      <time>-1.0</time>
                                                                                                                  </locationsNotCovered>
                                                                                                                    <locationsNotCovered>
                                                                                                                      <column>0</column>
                                                                                                                      <line>669</line>
                                                                                                                      <numExecutions>0</numExecutions>
                                                                                                                      <time>-1.0</time>
                                                                                                                  </locationsNotCovered>
                                                                                                                    <locationsNotCovered>
                                                                                                                      <column>0</column>
                                                                                                                      <line>670</line>
                                                                                                                      <numExecutions>0</numExecutions>
                                                                                                                      <time>-1.0</time>
                                                                                                                  </locationsNotCovered>
                                                                                                                    <locationsNotCovered>
                                                                                                                      <column>0</column>
                                                                                                                      <line>671</line>
                                                                                                                      <numExecutions>0</numExecutions>
                                                                                                                      <time>-1.0</time>
                                                                                                                  </locationsNotCovered>
                                                                                                                    <locationsNotCovered>
                                                                                                                      <column>0</column>
                                                                                                                      <line>674</line>
                                                                                                                      <numExecutions>0</numExecutions>
                                                                                                                      <time>-1.0</time>
                                                                                                                  </locationsNotCovered>
                                                                                                                    <locationsNotCovered>
                                                                                                                      <column>0</column>
                                                                                                                      <line>675</line>
                                                                                                                      <numExecutions>0</numExecutions>
                                                                                                                      <time>-1.0</time>
                                                                                                                  </locationsNotCovered>
                                                                                                                    <locationsNotCovered>
                                                                                                                      <column>0</column>
                                                                                                                      <line>676</line>
                                                                                                                      <numExecutions>0</numExecutions>
                                                                                                                      <time>-1.0</time>
                                                                                                                  </locationsNotCovered>
                                                                                                                    <locationsNotCovered>
                                                                                                                      <column>0</column>
                                                                                                                      <line>678</line>
                                                                                                                      <numExecutions>0</numExecutions>
                                                                                                                      <time>-1.0</time>
                                                                                                                  </locationsNotCovered>
                                                                                                                    <locationsNotCovered>
                                                                                                                      <column>0</column>
                                                                                                                      <line>680</line>
                                                                                                                      <numExecutions>0</numExecutions>
                                                                                                                      <time>-1.0</time>
                                                                                                                  </locationsNotCovered>
                                                                                                                    <locationsNotCovered>
                                                                                                                      <column>0</column>
                                                                                                                      <line>681</line>
                                                                                                                      <numExecutions>0</numExecutions>
                                                                                                                      <time>-1.0</time>
                                                                                                                  </locationsNotCovered>
                                                                                                                    <locationsNotCovered>
                                                                                                                      <column>0</column>
                                                                                                                      <line>685</line>
                                                                                                                      <numExecutions>0</numExecutions>
                                                                                                                      <time>-1.0</time>
                                                                                                                  </locationsNotCovered>
                                                                                                                    <locationsNotCovered>
                                                                                                                      <column>0</column>
                                                                                                                      <line>698</line>
                                                                                                                      <numExecutions>0</numExecutions>
                                                                                                                      <time>-1.0</time>
                                                                                                                  </locationsNotCovered>
                                                                                                                    <locationsNotCovered>
                                                                                                                      <column>0</column>
                                                                                                                      <line>699</line>
                                                                                                                      <numExecutions>0</numExecutions>
                                                                                                                      <time>-1.0</time>
                                                                                                                  </locationsNotCovered>
                                                                                                                    <locationsNotCovered>
                                                                                                                      <column>0</column>
                                                                                                                      <line>701</line>
                                                                                                                      <numExecutions>0</numExecutions>
                                                                                                                      <time>-1.0</time>
                                                                                                                  </locationsNotCovered>
                                                                                                                    <locationsNotCovered>
                                                                                                                      <column>0</column>
                                                                                                                      <line>702</line>
                                                                                                                      <numExecutions>0</numExecutions>
                                                                                                                      <time>-1.0</time>
                                                                                                                  </locationsNotCovered>
                                                                                                                    <locationsNotCovered>
                                                                                                                      <column>0</column>
                                                                                                                      <line>705</line>
                                                                                                                      <numExecutions>0</numExecutions>
                                                                                                                      <time>-1.0</time>
                                                                                                                  </locationsNotCovered>
                                                                                                                    <locationsNotCovered>
                                                                                                                      <column>0</column>
                                                                                                                      <line>707</line>
                                                                                                                      <numExecutions>0</numExecutions>
                                                                                                                      <time>-1.0</time>
                                                                                                                  </locationsNotCovered>
                                                                                                                    <locationsNotCovered>
                                                                                                                      <column>0</column>
                                                                                                                      <line>709</line>
                                                                                                                      <numExecutions>0</numExecutions>
                                                                                                                      <time>-1.0</time>
                                                                                                                  </locationsNotCovered>
                                                                                                                    <locationsNotCovered>
                                                                                                                      <column>0</column>
                                                                                                                      <line>712</line>
                                                                                                                      <numExecutions>0</numExecutions>
                                                                                                                      <time>-1.0</time>
                                                                                                                  </locationsNotCovered>
                                                                                                                    <locationsNotCovered>
                                                                                                                      <column>0</column>
                                                                                                                      <line>714</line>
                                                                                                                      <numExecutions>0</numExecutions>
                                                                                                                      <time>-1.0</time>
                                                                                                                  </locationsNotCovered>
                                                                                                                    <locationsNotCovered>
                                                                                                                      <column>0</column>
                                                                                                                      <line>718</line>
                                                                                                                      <numExecutions>0</numExecutions>
                                                                                                                      <time>-1.0</time>
                                                                                                                  </locationsNotCovered>
                                                                                                                    <locationsNotCovered>
                                                                                                                      <column>0</column>
                                                                                                                      <line>721</line>
                                                                                                                      <numExecutions>0</numExecutions>
                                                                                                                      <time>-1.0</time>
                                                                                                                  </locationsNotCovered>
                                                                                                                    <locationsNotCovered>
                                                                                                                      <column>0</column>
                                                                                                                      <line>723</line>
                                                                                                                      <numExecutions>0</numExecutions>
                                                                                                                      <time>-1.0</time>
                                                                                                                  </locationsNotCovered>
                                                                                                                    <locationsNotCovered>
                                                                                                                      <column>0</column>
                                                                                                                      <line>725</line>
                                                                                                                      <numExecutions>0</numExecutions>
                                                                                                                      <time>-1.0</time>
                                                                                                                  </locationsNotCovered>
                                                                                                                    <locationsNotCovered>
                                                                                                                      <column>0</column>
                                                                                                                      <line>726</line>
                                                                                                                      <numExecutions>0</numExecutions>
                                                                                                                      <time>-1.0</time>
                                                                                                                  </locationsNotCovered>
                                                                                                                    <locationsNotCovered>
                                                                                                                      <column>0</column>
                                                                                                                      <line>728</line>
                                                                                                                      <numExecutions>0</numExecutions>
                                                                                                                      <time>-1.0</time>
                                                                                                                  </locationsNotCovered>
                                                                                                                    <locationsNotCovered>
                                                                                                                      <column>0</column>
                                                                                                                      <line>730</line>
                                                                                                                      <numExecutions>0</numExecutions>
                                                                                                                      <time>-1.0</time>
                                                                                                                  </locationsNotCovered>
                                                                                                                    <locationsNotCovered>
                                                                                                                      <column>0</column>
                                                                                                                      <line>731</line>
                                                                                                                      <numExecutions>0</numExecutions>
                                                                                                                      <time>-1.0</time>
                                                                                                                  </locationsNotCovered>
                                                                                                                    <locationsNotCovered>
                                                                                                                      <column>0</column>
                                                                                                                      <line>737</line>
                                                                                                                      <numExecutions>0</numExecutions>
                                                                                                                      <time>-1.0</time>
                                                                                                                  </locationsNotCovered>
                                                                                                                    <locationsNotCovered>
                                                                                                                      <column>0</column>
                                                                                                                      <line>739</line>
                                                                                                                      <numExecutions>0</numExecutions>
                                                                                                                      <time>-1.0</time>
                                                                                                                  </locationsNotCovered>
                                                                                                                    <locationsNotCovered>
                                                                                                                      <column>0</column>
                                                                                                                      <line>741</line>
                                                                                                                      <numExecutions>0</numExecutions>
                                                                                                                      <time>-1.0</time>
                                                                                                                  </locationsNotCovered>
                                                                                                                    <locationsNotCovered>
                                                                                                                      <column>0</column>
                                                                                                                      <line>743</line>
                                                                                                                      <numExecutions>0</numExecutions>
                                                                                                                      <time>-1.0</time>
                                                                                                                  </locationsNotCovered>
                                                                                                                    <locationsNotCovered>
                                                                                                                      <column>0</column>
                                                                                                                      <line>744</line>
                                                                                                                      <numExecutions>0</numExecutions>
                                                                                                                      <time>-1.0</time>
                                                                                                                  </locationsNotCovered>
                                                                                                                    <locationsNotCovered>
                                                                                                                      <column>0</column>
                                                                                                                      <line>746</line>
                                                                                                                      <numExecutions>0</numExecutions>
                                                                                                                      <time>-1.0</time>
                                                                                                                  </locationsNotCovered>
                                                                                                                    <locationsNotCovered>
                                                                                                                      <column>0</column>
                                                                                                                      <line>747</line>
                                                                                                                      <numExecutions>0</numExecutions>
                                                                                                                      <time>-1.0</time>
                                                                                                                  </locationsNotCovered>
                                                                                                                    <locationsNotCovered>
                                                                                                                      <column>0</column>
                                                                                                                      <line>749</line>
                                                                                                                      <numExecutions>0</numExecutions>
                                                                                                                      <time>-1.0</time>
                                                                                                                  </locationsNotCovered>
                                                                                                                    <locationsNotCovered>
                                                                                                                      <column>0</column>
                                                                                                                      <line>750</line>
                                                                                                                      <numExecutions>0</numExecutions>
                                                                                                                      <time>-1.0</time>
                                                                                                                  </locationsNotCovered>
                                                                                                                    <locationsNotCovered>
                                                                                                                      <column>0</column>
                                                                                                                      <line>751</line>
                                                                                                                      <numExecutions>0</numExecutions>
                                                                                                                      <time>-1.0</time>
                                                                                                                  </locationsNotCovered>
                                                                                                                    <locationsNotCovered>
                                                                                                                      <column>0</column>
                                                                                                                      <line>754</line>
                                                                                                                      <numExecutions>0</numExecutions>
                                                                                                                      <time>-1.0</time>
                                                                                                                  </locationsNotCovered>
                                                                                                                    <locationsNotCovered>
                                                                                                                      <column>0</column>
                                                                                                                      <line>755</line>
                                                                                                                      <numExecutions>0</numExecutions>
                                                                                                                      <time>-1.0</time>
                                                                                                                  </locationsNotCovered>
                                                                                                                    <locationsNotCovered>
                                                                                                                      <column>0</column>
                                                                                                                      <line>759</line>
                                                                                                                      <numExecutions>0</numExecutions>
                                                                                                                      <time>-1.0</time>
                                                                                                                  </locationsNotCovered>
                                                                                                                    <locationsNotCovered>
                                                                                                                      <column>0</column>
                                                                                                                      <line>760</line>
                                                                                                                      <numExecutions>0</numExecutions>
                                                                                                                      <time>-1.0</time>
                                                                                                                  </locationsNotCovered>
                                                                                                                    <locationsNotCovered>
                                                                                                                      <column>0</column>
                                                                                                                      <line>767</line>
                                                                                                                      <numExecutions>0</numExecutions>
                                                                                                                      <time>-1.0</time>
                                                                                                                  </locationsNotCovered>
                                                                                                                    <locationsNotCovered>
                                                                                                                      <column>0</column>
                                                                                                                      <line>768</line>
                                                                                                                      <numExecutions>0</numExecutions>
                                                                                                                      <time>-1.0</time>
                                                                                                                  </locationsNotCovered>
                                                                                                                    <locationsNotCovered>
                                                                                                                      <column>0</column>
                                                                                                                      <line>769</line>
                                                                                                                      <numExecutions>0</numExecutions>
                                                                                                                      <time>-1.0</time>
                                                                                                                  </locationsNotCovered>
                                                                                                                    <locationsNotCovered>
                                                                                                                      <column>0</column>
                                                                                                                      <line>770</line>
                                                                                                                      <numExecutions>0</numExecutions>
                                                                                                                      <time>-1.0</time>
                                                                                                                  </locationsNotCovered>
                                                                                                                    <locationsNotCovered>
                                                                                                                      <column>0</column>
                                                                                                                      <line>771</line>
                                                                                                                      <numExecutions>0</numExecutions>
                                                                                                                      <time>-1.0</time>
                                                                                                                  </locationsNotCovered>
                                                                                                                    <locationsNotCovered>
                                                                                                                      <column>0</column>
                                                                                                                      <line>772</line>
                                                                                                                      <numExecutions>0</numExecutions>
                                                                                                                      <time>-1.0</time>
                                                                                                                  </locationsNotCovered>
                                                                                                                    <locationsNotCovered>
                                                                                                                      <column>0</column>
                                                                                                                      <line>773</line>
                                                                                                                      <numExecutions>0</numExecutions>
                                                                                                                      <time>-1.0</time>
                                                                                                                  </locationsNotCovered>
                                                                                                                    <locationsNotCovered>
                                                                                                                      <column>0</column>
                                                                                                                      <line>774</line>
                                                                                                                      <numExecutions>0</numExecutions>
                                                                                                                      <time>-1.0</time>
                                                                                                                  </locationsNotCovered>
                                                                                                                    <locationsNotCovered>
                                                                                                                      <column>0</column>
                                                                                                                      <line>778</line>
                                                                                                                      <numExecutions>0</numExecutions>
                                                                                                                      <time>-1.0</time>
                                                                                                                  </locationsNotCovered>
                                                                                                                    <locationsNotCovered>
                                                                                                                      <column>0</column>
                                                                                                                      <line>779</line>
                                                                                                                      <numExecutions>0</numExecutions>
                                                                                                                      <time>-1.0</time>
                                                                                                                  </locationsNotCovered>
                                                                                                                    <locationsNotCovered>
                                                                                                                      <column>0</column>
                                                                                                                      <line>783</line>
                                                                                                                      <numExecutions>0</numExecutions>
                                                                                                                      <time>-1.0</time>
                                                                                                                  </locationsNotCovered>
                                                                                                                    <locationsNotCovered>
                                                                                                                      <column>0</column>
                                                                                                                      <line>785</line>
                                                                                                                      <numExecutions>0</numExecutions>
                                                                                                                      <time>-1.0</time>
                                                                                                                  </locationsNotCovered>
                                                                                                                    <locationsNotCovered>
                                                                                                                      <column>0</column>
                                                                                                                      <line>786</line>
                                                                                                                      <numExecutions>0</numExecutions>
                                                                                                                      <time>-1.0</time>
                                                                                                                  </locationsNotCovered>
                                                                                                                    <locationsNotCovered>
                                                                                                                      <column>0</column>
                                                                                                                      <line>787</line>
                                                                                                                      <numExecutions>0</numExecutions>
                                                                                                                      <time>-1.0</time>
                                                                                                                  </locationsNotCovered>
                                                                                                                    <locationsNotCovered>
                                                                                                                      <column>0</column>
                                                                                                                      <line>791</line>
                                                                                                                      <numExecutions>0</numExecutions>
                                                                                                                      <time>-1.0</time>
                                                                                                                  </locationsNotCovered>
                                                                                                                    <locationsNotCovered>
                                                                                                                      <column>0</column>
                                                                                                                      <line>792</line>
                                                                                                                      <numExecutions>0</numExecutions>
                                                                                                                      <time>-1.0</time>
                                                                                                                  </locationsNotCovered>
                                                                                                                    <locationsNotCovered>
                                                                                                                      <column>0</column>
                                                                                                                      <line>794</line>
                                                                                                                      <numExecutions>0</numExecutions>
                                                                                                                      <time>-1.0</time>
                                                                                                                  </locationsNotCovered>
                                                                                                                    <locationsNotCovered>
                                                                                                                      <column>0</column>
                                                                                                                      <line>795</line>
                                                                                                                      <numExecutions>0</numExecutions>
                                                                                                                      <time>-1.0</time>
                                                                                                                  </locationsNotCovered>
                                                                                                                    <locationsNotCovered>
                                                                                                                      <column>0</column>
                                                                                                                      <line>796</line>
                                                                                                                      <numExecutions>0</numExecutions>
                                                                                                                      <time>-1.0</time>
                                                                                                                  </locationsNotCovered>
                                                                                                                    <locationsNotCovered>
                                                                                                                      <column>0</column>
                                                                                                                      <line>798</line>
                                                                                                                      <numExecutions>0</numExecutions>
                                                                                                                      <time>-1.0</time>
                                                                                                                  </locationsNotCovered>
                                                                                                                    <locationsNotCovered>
                                                                                                                      <column>0</column>
                                                                                                                      <line>800</line>
                                                                                                                      <numExecutions>0</numExecutions>
                                                                                                                      <time>-1.0</time>
                                                                                                                  </locationsNotCovered>
                                                                                                                    <name>ctrlZendeskAuthentication</name>
                                                                                                                    <namespace>Zendesk</namespace>
                                                                                                                    <numLocations>334</numLocations>
                                                                                                                    <numLocationsNotCovered>207</numLocationsNotCovered>
                                                                                                                    <type>Class</type>
                                                                                                                </codeCoverage>
                                                                                                                  <codeCoverage>
                                                                                                                    <id>01pL0000000E8VnIAK</id>
                                                                                                                    <locationsNotCovered>
                                                                                                                      <column>0</column>
                                                                                                                      <line>292</line>
                                                                                                                      <numExecutions>0</numExecutions>
                                                                                                                      <time>-1.0</time>
                                                                                                                  </locationsNotCovered>
                                                                                                                    <name>TG_XmlNode</name>
                                                                                                                    <namespace>Zendesk</namespace>
                                                                                                                    <numLocations>151</numLocations>
                                                                                                                    <numLocationsNotCovered>1</numLocationsNotCovered>
                                                                                                                    <type>Class</type>
                                                                                                                </codeCoverage>
                                                                                                                  <codeCoverage>
                                                                                                                    <id>01pL0000000E8WBIA0</id>
                                                                                                                    <locationsNotCovered>
                                                                                                                      <column>0</column>
                                                                                                                      <line>57</line>
                                                                                                                      <numExecutions>0</numExecutions>
                                                                                                                      <time>-1.0</time>
                                                                                                                  </locationsNotCovered>
                                                                                                                    <locationsNotCovered>
                                                                                                                      <column>0</column>
                                                                                                                      <line>59</line>
                                                                                                                      <numExecutions>0</numExecutions>
                                                                                                                      <time>-1.0</time>
                                                                                                                  </locationsNotCovered>
                                                                                                                    <locationsNotCovered>
                                                                                                                      <column>0</column>
                                                                                                                      <line>60</line>
                                                                                                                      <numExecutions>0</numExecutions>
                                                                                                                      <time>-1.0</time>
                                                                                                                  </locationsNotCovered>
                                                                                                                    <locationsNotCovered>
                                                                                                                      <column>0</column>
                                                                                                                      <line>66</line>
                                                                                                                      <numExecutions>0</numExecutions>
                                                                                                                      <time>-1.0</time>
                                                                                                                  </locationsNotCovered>
                                                                                                                    <locationsNotCovered>
                                                                                                                      <column>0</column>
                                                                                                                      <line>67</line>
                                                                                                                      <numExecutions>0</numExecutions>
                                                                                                                      <time>-1.0</time>
                                                                                                                  </locationsNotCovered>
                                                                                                                    <locationsNotCovered>
                                                                                                                      <column>0</column>
                                                                                                                      <line>68</line>
                                                                                                                      <numExecutions>0</numExecutions>
                                                                                                                      <time>-1.0</time>
                                                                                                                  </locationsNotCovered>
                                                                                                                    <locationsNotCovered>
                                                                                                                      <column>0</column>
                                                                                                                      <line>88</line>
                                                                                                                      <numExecutions>0</numExecutions>
                                                                                                                      <time>-1.0</time>
                                                                                                                  </locationsNotCovered>
                                                                                                                    <locationsNotCovered>
                                                                                                                      <column>0</column>
                                                                                                                      <line>91</line>
                                                                                                                      <numExecutions>0</numExecutions>
                                                                                                                      <time>-1.0</time>
                                                                                                                  </locationsNotCovered>
                                                                                                                    <locationsNotCovered>
                                                                                                                      <column>0</column>
                                                                                                                      <line>94</line>
                                                                                                                      <numExecutions>0</numExecutions>
                                                                                                                      <time>-1.0</time>
                                                                                                                  </locationsNotCovered>
                                                                                                                    <locationsNotCovered>
                                                                                                                      <column>0</column>
                                                                                                                      <line>133</line>
                                                                                                                      <numExecutions>0</numExecutions>
                                                                                                                      <time>-1.0</time>
                                                                                                                  </locationsNotCovered>
                                                                                                                    <locationsNotCovered>
                                                                                                                      <column>0</column>
                                                                                                                      <line>146</line>
                                                                                                                      <numExecutions>0</numExecutions>
                                                                                                                      <time>-1.0</time>
                                                                                                                  </locationsNotCovered>
                                                                                                                    <locationsNotCovered>
                                                                                                                      <column>0</column>
                                                                                                                      <line>149</line>
                                                                                                                      <numExecutions>0</numExecutions>
                                                                                                                      <time>-1.0</time>
                                                                                                                  </locationsNotCovered>
                                                                                                                    <locationsNotCovered>
                                                                                                                      <column>0</column>
                                                                                                                      <line>160</line>
                                                                                                                      <numExecutions>0</numExecutions>
                                                                                                                      <time>-1.0</time>
                                                                                                                  </locationsNotCovered>
                                                                                                                    <locationsNotCovered>
                                                                                                                      <column>0</column>
                                                                                                                      <line>161</line>
                                                                                                                      <numExecutions>0</numExecutions>
                                                                                                                      <time>-1.0</time>
                                                                                                                  </locationsNotCovered>
                                                                                                                    <locationsNotCovered>
                                                                                                                      <column>0</column>
                                                                                                                      <line>164</line>
                                                                                                                      <numExecutions>0</numExecutions>
                                                                                                                      <time>-1.0</time>
                                                                                                                  </locationsNotCovered>
                                                                                                                    <locationsNotCovered>
                                                                                                                      <column>0</column>
                                                                                                                      <line>178</line>
                                                                                                                      <numExecutions>0</numExecutions>
                                                                                                                      <time>-1.0</time>
                                                                                                                  </locationsNotCovered>
                                                                                                                    <locationsNotCovered>
                                                                                                                      <column>0</column>
                                                                                                                      <line>198</line>
                                                                                                                      <numExecutions>0</numExecutions>
                                                                                                                      <time>-1.0</time>
                                                                                                                  </locationsNotCovered>
                                                                                                                    <locationsNotCovered>
                                                                                                                      <column>0</column>
                                                                                                                      <line>201</line>
                                                                                                                      <numExecutions>0</numExecutions>
                                                                                                                      <time>-1.0</time>
                                                                                                                  </locationsNotCovered>
                                                                                                                    <locationsNotCovered>
                                                                                                                      <column>0</column>
                                                                                                                      <line>211</line>
                                                                                                                      <numExecutions>0</numExecutions>
                                                                                                                      <time>-1.0</time>
                                                                                                                  </locationsNotCovered>
                                                                                                                    <locationsNotCovered>
                                                                                                                      <column>0</column>
                                                                                                                      <line>212</line>
                                                                                                                      <numExecutions>0</numExecutions>
                                                                                                                      <time>-1.0</time>
                                                                                                                  </locationsNotCovered>
                                                                                                                    <locationsNotCovered>
                                                                                                                      <column>0</column>
                                                                                                                      <line>238</line>
                                                                                                                      <numExecutions>0</numExecutions>
                                                                                                                      <time>-1.0</time>
                                                                                                                  </locationsNotCovered>
                                                                                                                    <locationsNotCovered>
                                                                                                                      <column>0</column>
                                                                                                                      <line>248</line>
                                                                                                                      <numExecutions>0</numExecutions>
                                                                                                                      <time>-1.0</time>
                                                                                                                  </locationsNotCovered>
                                                                                                                    <locationsNotCovered>
                                                                                                                      <column>0</column>
                                                                                                                      <line>251</line>
                                                                                                                      <numExecutions>0</numExecutions>
                                                                                                                      <time>-1.0</time>
                                                                                                                  </locationsNotCovered>
                                                                                                                    <locationsNotCovered>
                                                                                                                      <column>0</column>
                                                                                                                      <line>254</line>
                                                                                                                      <numExecutions>0</numExecutions>
                                                                                                                      <time>-1.0</time>
                                                                                                                  </locationsNotCovered>
                                                                                                                    <locationsNotCovered>
                                                                                                                      <column>0</column>
                                                                                                                      <line>255</line>
                                                                                                                      <numExecutions>0</numExecutions>
                                                                                                                      <time>-1.0</time>
                                                                                                                  </locationsNotCovered>
                                                                                                                    <locationsNotCovered>
                                                                                                                      <column>0</column>
                                                                                                                      <line>256</line>
                                                                                                                      <numExecutions>0</numExecutions>
                                                                                                                      <time>-1.0</time>
                                                                                                                  </locationsNotCovered>
                                                                                                                    <locationsNotCovered>
                                                                                                                      <column>0</column>
                                                                                                                      <line>258</line>
                                                                                                                      <numExecutions>0</numExecutions>
                                                                                                                      <time>-1.0</time>
                                                                                                                  </locationsNotCovered>
                                                                                                                    <locationsNotCovered>
                                                                                                                      <column>0</column>
                                                                                                                      <line>259</line>
                                                                                                                      <numExecutions>0</numExecutions>
                                                                                                                      <time>-1.0</time>
                                                                                                                  </locationsNotCovered>
                                                                                                                    <locationsNotCovered>
                                                                                                                      <column>0</column>
                                                                                                                      <line>285</line>
                                                                                                                      <numExecutions>0</numExecutions>
                                                                                                                      <time>-1.0</time>
                                                                                                                  </locationsNotCovered>
                                                                                                                    <locationsNotCovered>
                                                                                                                      <column>0</column>
                                                                                                                      <line>307</line>
                                                                                                                      <numExecutions>0</numExecutions>
                                                                                                                      <time>-1.0</time>
                                                                                                                  </locationsNotCovered>
                                                                                                                    <locationsNotCovered>
                                                                                                                      <column>0</column>
                                                                                                                      <line>308</line>
                                                                                                                      <numExecutions>0</numExecutions>
                                                                                                                      <time>-1.0</time>
                                                                                                                  </locationsNotCovered>
                                                                                                                    <locationsNotCovered>
                                                                                                                      <column>0</column>
                                                                                                                      <line>309</line>
                                                                                                                      <numExecutions>0</numExecutions>
                                                                                                                      <time>-1.0</time>
                                                                                                                  </locationsNotCovered>
                                                                                                                    <locationsNotCovered>
                                                                                                                      <column>0</column>
                                                                                                                      <line>396</line>
                                                                                                                      <numExecutions>0</numExecutions>
                                                                                                                      <time>-1.0</time>
                                                                                                                  </locationsNotCovered>
                                                                                                                    <locationsNotCovered>
                                                                                                                      <column>0</column>
                                                                                                                      <line>397</line>
                                                                                                                      <numExecutions>0</numExecutions>
                                                                                                                      <time>-1.0</time>
                                                                                                                  </locationsNotCovered>
                                                                                                                    <locationsNotCovered>
                                                                                                                      <column>0</column>
                                                                                                                      <line>410</line>
                                                                                                                      <numExecutions>0</numExecutions>
                                                                                                                      <time>-1.0</time>
                                                                                                                  </locationsNotCovered>
                                                                                                                    <locationsNotCovered>
                                                                                                                      <column>0</column>
                                                                                                                      <line>411</line>
                                                                                                                      <numExecutions>0</numExecutions>
                                                                                                                      <time>-1.0</time>
                                                                                                                  </locationsNotCovered>
                                                                                                                    <locationsNotCovered>
                                                                                                                      <column>0</column>
                                                                                                                      <line>418</line>
                                                                                                                      <numExecutions>0</numExecutions>
                                                                                                                      <time>-1.0</time>
                                                                                                                  </locationsNotCovered>
                                                                                                                    <locationsNotCovered>
                                                                                                                      <column>0</column>
                                                                                                                      <line>420</line>
                                                                                                                      <numExecutions>0</numExecutions>
                                                                                                                      <time>-1.0</time>
                                                                                                                  </locationsNotCovered>
                                                                                                                    <locationsNotCovered>
                                                                                                                      <column>0</column>
                                                                                                                      <line>421</line>
                                                                                                                      <numExecutions>0</numExecutions>
                                                                                                                      <time>-1.0</time>
                                                                                                                  </locationsNotCovered>
                                                                                                                    <locationsNotCovered>
                                                                                                                      <column>0</column>
                                                                                                                      <line>426</line>
                                                                                                                      <numExecutions>0</numExecutions>
                                                                                                                      <time>-1.0</time>
                                                                                                                  </locationsNotCovered>
                                                                                                                    <locationsNotCovered>
                                                                                                                      <column>0</column>
                                                                                                                      <line>430</line>
                                                                                                                      <numExecutions>0</numExecutions>
                                                                                                                      <time>-1.0</time>
                                                                                                                  </locationsNotCovered>
                                                                                                                    <locationsNotCovered>
                                                                                                                      <column>0</column>
                                                                                                                      <line>432</line>
                                                                                                                      <numExecutions>0</numExecutions>
                                                                                                                      <time>-1.0</time>
                                                                                                                  </locationsNotCovered>
                                                                                                                    <locationsNotCovered>
                                                                                                                      <column>0</column>
                                                                                                                      <line>435</line>
                                                                                                                      <numExecutions>0</numExecutions>
                                                                                                                      <time>-1.0</time>
                                                                                                                  </locationsNotCovered>
                                                                                                                    <locationsNotCovered>
                                                                                                                      <column>0</column>
                                                                                                                      <line>436</line>
                                                                                                                      <numExecutions>0</numExecutions>
                                                                                                                      <time>-1.0</time>
                                                                                                                  </locationsNotCovered>
                                                                                                                    <locationsNotCovered>
                                                                                                                      <column>0</column>
                                                                                                                      <line>439</line>
                                                                                                                      <numExecutions>0</numExecutions>
                                                                                                                      <time>-1.0</time>
                                                                                                                  </locationsNotCovered>
                                                                                                                    <locationsNotCovered>
                                                                                                                      <column>0</column>
                                                                                                                      <line>440</line>
                                                                                                                      <numExecutions>0</numExecutions>
                                                                                                                      <time>-1.0</time>
                                                                                                                  </locationsNotCovered>
                                                                                                                    <locationsNotCovered>
                                                                                                                      <column>0</column>
                                                                                                                      <line>441</line>
                                                                                                                      <numExecutions>0</numExecutions>
                                                                                                                      <time>-1.0</time>
                                                                                                                  </locationsNotCovered>
                                                                                                                    <locationsNotCovered>
                                                                                                                      <column>0</column>
                                                                                                                      <line>442</line>
                                                                                                                      <numExecutions>0</numExecutions>
                                                                                                                      <time>-1.0</time>
                                                                                                                  </locationsNotCovered>
                                                                                                                    <locationsNotCovered>
                                                                                                                      <column>0</column>
                                                                                                                      <line>443</line>
                                                                                                                      <numExecutions>0</numExecutions>
                                                                                                                      <time>-1.0</time>
                                                                                                                  </locationsNotCovered>
                                                                                                                    <locationsNotCovered>
                                                                                                                      <column>0</column>
                                                                                                                      <line>445</line>
                                                                                                                      <numExecutions>0</numExecutions>
                                                                                                                      <time>-1.0</time>
                                                                                                                  </locationsNotCovered>
                                                                                                                    <locationsNotCovered>
                                                                                                                      <column>0</column>
                                                                                                                      <line>446</line>
                                                                                                                      <numExecutions>0</numExecutions>
                                                                                                                      <time>-1.0</time>
                                                                                                                  </locationsNotCovered>
                                                                                                                    <locationsNotCovered>
                                                                                                                      <column>0</column>
                                                                                                                      <line>448</line>
                                                                                                                      <numExecutions>0</numExecutions>
                                                                                                                      <time>-1.0</time>
                                                                                                                  </locationsNotCovered>
                                                                                                                    <locationsNotCovered>
                                                                                                                      <column>0</column>
                                                                                                                      <line>449</line>
                                                                                                                      <numExecutions>0</numExecutions>
                                                                                                                      <time>-1.0</time>
                                                                                                                  </locationsNotCovered>
                                                                                                                    <locationsNotCovered>
                                                                                                                      <column>0</column>
                                                                                                                      <line>451</line>
                                                                                                                      <numExecutions>0</numExecutions>
                                                                                                                      <time>-1.0</time>
                                                                                                                  </locationsNotCovered>
                                                                                                                    <locationsNotCovered>
                                                                                                                      <column>0</column>
                                                                                                                      <line>458</line>
                                                                                                                      <numExecutions>0</numExecutions>
                                                                                                                      <time>-1.0</time>
                                                                                                                  </locationsNotCovered>
                                                                                                                    <locationsNotCovered>
                                                                                                                      <column>0</column>
                                                                                                                      <line>459</line>
                                                                                                                      <numExecutions>0</numExecutions>
                                                                                                                      <time>-1.0</time>
                                                                                                                  </locationsNotCovered>
                                                                                                                    <locationsNotCovered>
                                                                                                                      <column>0</column>
                                                                                                                      <line>460</line>
                                                                                                                      <numExecutions>0</numExecutions>
                                                                                                                      <time>-1.0</time>
                                                                                                                  </locationsNotCovered>
                                                                                                                    <locationsNotCovered>
                                                                                                                      <column>0</column>
                                                                                                                      <line>471</line>
                                                                                                                      <numExecutions>0</numExecutions>
                                                                                                                      <time>-1.0</time>
                                                                                                                  </locationsNotCovered>
                                                                                                                    <locationsNotCovered>
                                                                                                                      <column>0</column>
                                                                                                                      <line>479</line>
                                                                                                                      <numExecutions>0</numExecutions>
                                                                                                                      <time>-1.0</time>
                                                                                                                  </locationsNotCovered>
                                                                                                                    <locationsNotCovered>
                                                                                                                      <column>0</column>
                                                                                                                      <line>482</line>
                                                                                                                      <numExecutions>0</numExecutions>
                                                                                                                      <time>-1.0</time>
                                                                                                                  </locationsNotCovered>
                                                                                                                    <locationsNotCovered>
                                                                                                                      <column>0</column>
                                                                                                                      <line>491</line>
                                                                                                                      <numExecutions>0</numExecutions>
                                                                                                                      <time>-1.0</time>
                                                                                                                  </locationsNotCovered>
                                                                                                                    <locationsNotCovered>
                                                                                                                      <column>0</column>
                                                                                                                      <line>503</line>
                                                                                                                      <numExecutions>0</numExecutions>
                                                                                                                      <time>-1.0</time>
                                                                                                                  </locationsNotCovered>
                                                                                                                    <locationsNotCovered>
                                                                                                                      <column>0</column>
                                                                                                                      <line>504</line>
                                                                                                                      <numExecutions>0</numExecutions>
                                                                                                                      <time>-1.0</time>
                                                                                                                  </locationsNotCovered>
                                                                                                                    <locationsNotCovered>
                                                                                                                      <column>0</column>
                                                                                                                      <line>505</line>
                                                                                                                      <numExecutions>0</numExecutions>
                                                                                                                      <time>-1.0</time>
                                                                                                                  </locationsNotCovered>
                                                                                                                    <locationsNotCovered>
                                                                                                                      <column>0</column>
                                                                                                                      <line>506</line>
                                                                                                                      <numExecutions>0</numExecutions>
                                                                                                                      <time>-1.0</time>
                                                                                                                  </locationsNotCovered>
                                                                                                                    <locationsNotCovered>
                                                                                                                      <column>0</column>
                                                                                                                      <line>519</line>
                                                                                                                      <numExecutions>0</numExecutions>
                                                                                                                      <time>-1.0</time>
                                                                                                                  </locationsNotCovered>
                                                                                                                    <locationsNotCovered>
                                                                                                                      <column>0</column>
                                                                                                                      <line>521</line>
                                                                                                                      <numExecutions>0</numExecutions>
                                                                                                                      <time>-1.0</time>
                                                                                                                  </locationsNotCovered>
                                                                                                                    <locationsNotCovered>
                                                                                                                      <column>0</column>
                                                                                                                      <line>525</line>
                                                                                                                      <numExecutions>0</numExecutions>
                                                                                                                      <time>-1.0</time>
                                                                                                                  </locationsNotCovered>
                                                                                                                    <locationsNotCovered>
                                                                                                                      <column>0</column>
                                                                                                                      <line>530</line>
                                                                                                                      <numExecutions>0</numExecutions>
                                                                                                                      <time>-1.0</time>
                                                                                                                  </locationsNotCovered>
                                                                                                                    <locationsNotCovered>
                                                                                                                      <column>0</column>
                                                                                                                      <line>533</line>
                                                                                                                      <numExecutions>0</numExecutions>
                                                                                                                      <time>-1.0</time>
                                                                                                                  </locationsNotCovered>
                                                                                                                    <locationsNotCovered>
                                                                                                                      <column>0</column>
                                                                                                                      <line>583</line>
                                                                                                                      <numExecutions>0</numExecutions>
                                                                                                                      <time>-1.0</time>
                                                                                                                  </locationsNotCovered>
                                                                                                                    <locationsNotCovered>
                                                                                                                      <column>0</column>
                                                                                                                      <line>585</line>
                                                                                                                      <numExecutions>0</numExecutions>
                                                                                                                      <time>-1.0</time>
                                                                                                                  </locationsNotCovered>
                                                                                                                    <locationsNotCovered>
                                                                                                                      <column>0</column>
                                                                                                                      <line>604</line>
                                                                                                                      <numExecutions>0</numExecutions>
                                                                                                                      <time>-1.0</time>
                                                                                                                  </locationsNotCovered>
                                                                                                                    <locationsNotCovered>
                                                                                                                      <column>0</column>
                                                                                                                      <line>606</line>
                                                                                                                      <numExecutions>0</numExecutions>
                                                                                                                      <time>-1.0</time>
                                                                                                                  </locationsNotCovered>
                                                                                                                    <locationsNotCovered>
                                                                                                                      <column>0</column>
                                                                                                                      <line>608</line>
                                                                                                                      <numExecutions>0</numExecutions>
                                                                                                                      <time>-1.0</time>
                                                                                                                  </locationsNotCovered>
                                                                                                                    <locationsNotCovered>
                                                                                                                      <column>0</column>
                                                                                                                      <line>617</line>
                                                                                                                      <numExecutions>0</numExecutions>
                                                                                                                      <time>-1.0</time>
                                                                                                                  </locationsNotCovered>
                                                                                                                    <locationsNotCovered>
                                                                                                                      <column>0</column>
                                                                                                                      <line>625</line>
                                                                                                                      <numExecutions>0</numExecutions>
                                                                                                                      <time>-1.0</time>
                                                                                                                  </locationsNotCovered>
                                                                                                                    <locationsNotCovered>
                                                                                                                      <column>0</column>
                                                                                                                      <line>626</line>
                                                                                                                      <numExecutions>0</numExecutions>
                                                                                                                      <time>-1.0</time>
                                                                                                                  </locationsNotCovered>
                                                                                                                    <locationsNotCovered>
                                                                                                                      <column>0</column>
                                                                                                                      <line>631</line>
                                                                                                                      <numExecutions>0</numExecutions>
                                                                                                                      <time>-1.0</time>
                                                                                                                  </locationsNotCovered>
                                                                                                                    <name>ZendeskSyncOrgs</name>
                                                                                                                    <namespace>Zendesk</namespace>
                                                                                                                    <numLocations>305</numLocations>
                                                                                                                    <numLocationsNotCovered>79</numLocationsNotCovered>
                                                                                                                    <type>Class</type>
                                                                                                                </codeCoverage>
                                                                                                                  <codeCoverage>
                                                                                                                    <id>01pL0000000E8VyIAK</id>
                                                                                                                    <locationsNotCovered>
                                                                                                                      <column>0</column>
                                                                                                                      <line>57</line>
                                                                                                                      <numExecutions>0</numExecutions>
                                                                                                                      <time>-1.0</time>
                                                                                                                  </locationsNotCovered>
                                                                                                                    <locationsNotCovered>
                                                                                                                      <column>0</column>
                                                                                                                      <line>58</line>
                                                                                                                      <numExecutions>0</numExecutions>
                                                                                                                      <time>-1.0</time>
                                                                                                                  </locationsNotCovered>
                                                                                                                    <locationsNotCovered>
                                                                                                                      <column>0</column>
                                                                                                                      <line>59</line>
                                                                                                                      <numExecutions>0</numExecutions>
                                                                                                                      <time>-1.0</time>
                                                                                                                  </locationsNotCovered>
                                                                                                                    <locationsNotCovered>
                                                                                                                      <column>0</column>
                                                                                                                      <line>60</line>
                                                                                                                      <numExecutions>0</numExecutions>
                                                                                                                      <time>-1.0</time>
                                                                                                                  </locationsNotCovered>
                                                                                                                    <locationsNotCovered>
                                                                                                                      <column>0</column>
                                                                                                                      <line>62</line>
                                                                                                                      <numExecutions>0</numExecutions>
                                                                                                                      <time>-1.0</time>
                                                                                                                  </locationsNotCovered>
                                                                                                                    <locationsNotCovered>
                                                                                                                      <column>0</column>
                                                                                                                      <line>63</line>
                                                                                                                      <numExecutions>0</numExecutions>
                                                                                                                      <time>-1.0</time>
                                                                                                                  </locationsNotCovered>
                                                                                                                    <locationsNotCovered>
                                                                                                                      <column>0</column>
                                                                                                                      <line>64</line>
                                                                                                                      <numExecutions>0</numExecutions>
                                                                                                                      <time>-1.0</time>
                                                                                                                  </locationsNotCovered>
                                                                                                                    <locationsNotCovered>
                                                                                                                      <column>0</column>
                                                                                                                      <line>170</line>
                                                                                                                      <numExecutions>0</numExecutions>
                                                                                                                      <time>-1.0</time>
                                                                                                                  </locationsNotCovered>
                                                                                                                    <locationsNotCovered>
                                                                                                                      <column>0</column>
                                                                                                                      <line>171</line>
                                                                                                                      <numExecutions>0</numExecutions>
                                                                                                                      <time>-1.0</time>
                                                                                                                  </locationsNotCovered>
                                                                                                                    <locationsNotCovered>
                                                                                                                      <column>0</column>
                                                                                                                      <line>172</line>
                                                                                                                      <numExecutions>0</numExecutions>
                                                                                                                      <time>-1.0</time>
                                                                                                                  </locationsNotCovered>
                                                                                                                    <locationsNotCovered>
                                                                                                                      <column>0</column>
                                                                                                                      <line>173</line>
                                                                                                                      <numExecutions>0</numExecutions>
                                                                                                                      <time>-1.0</time>
                                                                                                                  </locationsNotCovered>
                                                                                                                    <locationsNotCovered>
                                                                                                                      <column>0</column>
                                                                                                                      <line>174</line>
                                                                                                                      <numExecutions>0</numExecutions>
                                                                                                                      <time>-1.0</time>
                                                                                                                  </locationsNotCovered>
                                                                                                                    <locationsNotCovered>
                                                                                                                      <column>0</column>
                                                                                                                      <line>176</line>
                                                                                                                      <numExecutions>0</numExecutions>
                                                                                                                      <time>-1.0</time>
                                                                                                                  </locationsNotCovered>
                                                                                                                    <locationsNotCovered>
                                                                                                                      <column>0</column>
                                                                                                                      <line>216</line>
                                                                                                                      <numExecutions>0</numExecutions>
                                                                                                                      <time>-1.0</time>
                                                                                                                  </locationsNotCovered>
                                                                                                                    <locationsNotCovered>
                                                                                                                      <column>0</column>
                                                                                                                      <line>219</line>
                                                                                                                      <numExecutions>0</numExecutions>
                                                                                                                      <time>-1.0</time>
                                                                                                                  </locationsNotCovered>
                                                                                                                    <locationsNotCovered>
                                                                                                                      <column>0</column>
                                                                                                                      <line>220</line>
                                                                                                                      <numExecutions>0</numExecutions>
                                                                                                                      <time>-1.0</time>
                                                                                                                  </locationsNotCovered>
                                                                                                                    <locationsNotCovered>
                                                                                                                      <column>0</column>
                                                                                                                      <line>224</line>
                                                                                                                      <numExecutions>0</numExecutions>
                                                                                                                      <time>-1.0</time>
                                                                                                                  </locationsNotCovered>
                                                                                                                    <locationsNotCovered>
                                                                                                                      <column>0</column>
                                                                                                                      <line>227</line>
                                                                                                                      <numExecutions>0</numExecutions>
                                                                                                                      <time>-1.0</time>
                                                                                                                  </locationsNotCovered>
                                                                                                                    <locationsNotCovered>
                                                                                                                      <column>0</column>
                                                                                                                      <line>229</line>
                                                                                                                      <numExecutions>0</numExecutions>
                                                                                                                      <time>-1.0</time>
                                                                                                                  </locationsNotCovered>
                                                                                                                    <locationsNotCovered>
                                                                                                                      <column>0</column>
                                                                                                                      <line>232</line>
                                                                                                                      <numExecutions>0</numExecutions>
                                                                                                                      <time>-1.0</time>
                                                                                                                  </locationsNotCovered>
                                                                                                                    <locationsNotCovered>
                                                                                                                      <column>0</column>
                                                                                                                      <line>233</line>
                                                                                                                      <numExecutions>0</numExecutions>
                                                                                                                      <time>-1.0</time>
                                                                                                                  </locationsNotCovered>
                                                                                                                    <locationsNotCovered>
                                                                                                                      <column>0</column>
                                                                                                                      <line>235</line>
                                                                                                                      <numExecutions>0</numExecutions>
                                                                                                                      <time>-1.0</time>
                                                                                                                  </locationsNotCovered>
                                                                                                                    <locationsNotCovered>
                                                                                                                      <column>0</column>
                                                                                                                      <line>238</line>
                                                                                                                      <numExecutions>0</numExecutions>
                                                                                                                      <time>-1.0</time>
                                                                                                                  </locationsNotCovered>
                                                                                                                    <locationsNotCovered>
                                                                                                                      <column>0</column>
                                                                                                                      <line>259</line>
                                                                                                                      <numExecutions>0</numExecutions>
                                                                                                                      <time>-1.0</time>
                                                                                                                  </locationsNotCovered>
                                                                                                                    <locationsNotCovered>
                                                                                                                      <column>0</column>
                                                                                                                      <line>260</line>
                                                                                                                      <numExecutions>0</numExecutions>
                                                                                                                      <time>-1.0</time>
                                                                                                                  </locationsNotCovered>
                                                                                                                    <locationsNotCovered>
                                                                                                                      <column>0</column>
                                                                                                                      <line>262</line>
                                                                                                                      <numExecutions>0</numExecutions>
                                                                                                                      <time>-1.0</time>
                                                                                                                  </locationsNotCovered>
                                                                                                                    <locationsNotCovered>
                                                                                                                      <column>0</column>
                                                                                                                      <line>306</line>
                                                                                                                      <numExecutions>0</numExecutions>
                                                                                                                      <time>-1.0</time>
                                                                                                                  </locationsNotCovered>
                                                                                                                    <locationsNotCovered>
                                                                                                                      <column>0</column>
                                                                                                                      <line>319</line>
                                                                                                                      <numExecutions>0</numExecutions>
                                                                                                                      <time>-1.0</time>
                                                                                                                  </locationsNotCovered>
                                                                                                                    <locationsNotCovered>
                                                                                                                      <column>0</column>
                                                                                                                      <line>348</line>
                                                                                                                      <numExecutions>0</numExecutions>
                                                                                                                      <time>-1.0</time>
                                                                                                                  </locationsNotCovered>
                                                                                                                    <locationsNotCovered>
                                                                                                                      <column>0</column>
                                                                                                                      <line>402</line>
                                                                                                                      <numExecutions>0</numExecutions>
                                                                                                                      <time>-1.0</time>
                                                                                                                  </locationsNotCovered>
                                                                                                                    <locationsNotCovered>
                                                                                                                      <column>0</column>
                                                                                                                      <line>403</line>
                                                                                                                      <numExecutions>0</numExecutions>
                                                                                                                      <time>-1.0</time>
                                                                                                                  </locationsNotCovered>
                                                                                                                    <locationsNotCovered>
                                                                                                                      <column>0</column>
                                                                                                                      <line>405</line>
                                                                                                                      <numExecutions>0</numExecutions>
                                                                                                                      <time>-1.0</time>
                                                                                                                  </locationsNotCovered>
                                                                                                                    <locationsNotCovered>
                                                                                                                      <column>0</column>
                                                                                                                      <line>406</line>
                                                                                                                      <numExecutions>0</numExecutions>
                                                                                                                      <time>-1.0</time>
                                                                                                                  </locationsNotCovered>
                                                                                                                    <locationsNotCovered>
                                                                                                                      <column>0</column>
                                                                                                                      <line>410</line>
                                                                                                                      <numExecutions>0</numExecutions>
                                                                                                                      <time>-1.0</time>
                                                                                                                  </locationsNotCovered>
                                                                                                                    <locationsNotCovered>
                                                                                                                      <column>0</column>
                                                                                                                      <line>412</line>
                                                                                                                      <numExecutions>0</numExecutions>
                                                                                                                      <time>-1.0</time>
                                                                                                                  </locationsNotCovered>
                                                                                                                    <locationsNotCovered>
                                                                                                                      <column>0</column>
                                                                                                                      <line>445</line>
                                                                                                                      <numExecutions>0</numExecutions>
                                                                                                                      <time>-1.0</time>
                                                                                                                  </locationsNotCovered>
                                                                                                                    <locationsNotCovered>
                                                                                                                      <column>0</column>
                                                                                                                      <line>454</line>
                                                                                                                      <numExecutions>0</numExecutions>
                                                                                                                      <time>-1.0</time>
                                                                                                                  </locationsNotCovered>
                                                                                                                    <locationsNotCovered>
                                                                                                                      <column>0</column>
                                                                                                                      <line>475</line>
                                                                                                                      <numExecutions>0</numExecutions>
                                                                                                                      <time>-1.0</time>
                                                                                                                  </locationsNotCovered>
                                                                                                                    <locationsNotCovered>
                                                                                                                      <column>0</column>
                                                                                                                      <line>476</line>
                                                                                                                      <numExecutions>0</numExecutions>
                                                                                                                      <time>-1.0</time>
                                                                                                                  </locationsNotCovered>
                                                                                                                    <locationsNotCovered>
                                                                                                                      <column>0</column>
                                                                                                                      <line>477</line>
                                                                                                                      <numExecutions>0</numExecutions>
                                                                                                                      <time>-1.0</time>
                                                                                                                  </locationsNotCovered>
                                                                                                                    <locationsNotCovered>
                                                                                                                      <column>0</column>
                                                                                                                      <line>478</line>
                                                                                                                      <numExecutions>0</numExecutions>
                                                                                                                      <time>-1.0</time>
                                                                                                                  </locationsNotCovered>
                                                                                                                    <locationsNotCovered>
                                                                                                                      <column>0</column>
                                                                                                                      <line>486</line>
                                                                                                                      <numExecutions>0</numExecutions>
                                                                                                                      <time>-1.0</time>
                                                                                                                  </locationsNotCovered>
                                                                                                                    <locationsNotCovered>
                                                                                                                      <column>0</column>
                                                                                                                      <line>487</line>
                                                                                                                      <numExecutions>0</numExecutions>
                                                                                                                      <time>-1.0</time>
                                                                                                                  </locationsNotCovered>
                                                                                                                    <locationsNotCovered>
                                                                                                                      <column>0</column>
                                                                                                                      <line>489</line>
                                                                                                                      <numExecutions>0</numExecutions>
                                                                                                                      <time>-1.0</time>
                                                                                                                  </locationsNotCovered>
                                                                                                                    <locationsNotCovered>
                                                                                                                      <column>0</column>
                                                                                                                      <line>490</line>
                                                                                                                      <numExecutions>0</numExecutions>
                                                                                                                      <time>-1.0</time>
                                                                                                                  </locationsNotCovered>
                                                                                                                    <locationsNotCovered>
                                                                                                                      <column>0</column>
                                                                                                                      <line>495</line>
                                                                                                                      <numExecutions>0</numExecutions>
                                                                                                                      <time>-1.0</time>
                                                                                                                  </locationsNotCovered>
                                                                                                                    <locationsNotCovered>
                                                                                                                      <column>0</column>
                                                                                                                      <line>496</line>
                                                                                                                      <numExecutions>0</numExecutions>
                                                                                                                      <time>-1.0</time>
                                                                                                                  </locationsNotCovered>
                                                                                                                    <locationsNotCovered>
                                                                                                                      <column>0</column>
                                                                                                                      <line>497</line>
                                                                                                                      <numExecutions>0</numExecutions>
                                                                                                                      <time>-1.0</time>
                                                                                                                  </locationsNotCovered>
                                                                                                                    <locationsNotCovered>
                                                                                                                      <column>0</column>
                                                                                                                      <line>498</line>
                                                                                                                      <numExecutions>0</numExecutions>
                                                                                                                      <time>-1.0</time>
                                                                                                                  </locationsNotCovered>
                                                                                                                    <locationsNotCovered>
                                                                                                                      <column>0</column>
                                                                                                                      <line>499</line>
                                                                                                                      <numExecutions>0</numExecutions>
                                                                                                                      <time>-1.0</time>
                                                                                                                  </locationsNotCovered>
                                                                                                                    <locationsNotCovered>
                                                                                                                      <column>0</column>
                                                                                                                      <line>500</line>
                                                                                                                      <numExecutions>0</numExecutions>
                                                                                                                      <time>-1.0</time>
                                                                                                                  </locationsNotCovered>
                                                                                                                    <locationsNotCovered>
                                                                                                                      <column>0</column>
                                                                                                                      <line>501</line>
                                                                                                                      <numExecutions>0</numExecutions>
                                                                                                                      <time>-1.0</time>
                                                                                                                  </locationsNotCovered>
                                                                                                                    <locationsNotCovered>
                                                                                                                      <column>0</column>
                                                                                                                      <line>502</line>
                                                                                                                      <numExecutions>0</numExecutions>
                                                                                                                      <time>-1.0</time>
                                                                                                                  </locationsNotCovered>
                                                                                                                    <locationsNotCovered>
                                                                                                                      <column>0</column>
                                                                                                                      <line>504</line>
                                                                                                                      <numExecutions>0</numExecutions>
                                                                                                                      <time>-1.0</time>
                                                                                                                  </locationsNotCovered>
                                                                                                                    <locationsNotCovered>
                                                                                                                      <column>0</column>
                                                                                                                      <line>505</line>
                                                                                                                      <numExecutions>0</numExecutions>
                                                                                                                      <time>-1.0</time>
                                                                                                                  </locationsNotCovered>
                                                                                                                    <locationsNotCovered>
                                                                                                                      <column>0</column>
                                                                                                                      <line>508</line>
                                                                                                                      <numExecutions>0</numExecutions>
                                                                                                                      <time>-1.0</time>
                                                                                                                  </locationsNotCovered>
                                                                                                                    <locationsNotCovered>
                                                                                                                      <column>0</column>
                                                                                                                      <line>510</line>
                                                                                                                      <numExecutions>0</numExecutions>
                                                                                                                      <time>-1.0</time>
                                                                                                                  </locationsNotCovered>
                                                                                                                    <locationsNotCovered>
                                                                                                                      <column>0</column>
                                                                                                                      <line>511</line>
                                                                                                                      <numExecutions>0</numExecutions>
                                                                                                                      <time>-1.0</time>
                                                                                                                  </locationsNotCovered>
                                                                                                                    <locationsNotCovered>
                                                                                                                      <column>0</column>
                                                                                                                      <line>547</line>
                                                                                                                      <numExecutions>0</numExecutions>
                                                                                                                      <time>-1.0</time>
                                                                                                                  </locationsNotCovered>
                                                                                                                    <locationsNotCovered>
                                                                                                                      <column>0</column>
                                                                                                                      <line>552</line>
                                                                                                                      <numExecutions>0</numExecutions>
                                                                                                                      <time>-1.0</time>
                                                                                                                  </locationsNotCovered>
                                                                                                                    <locationsNotCovered>
                                                                                                                      <column>0</column>
                                                                                                                      <line>621</line>
                                                                                                                      <numExecutions>0</numExecutions>
                                                                                                                      <time>-1.0</time>
                                                                                                                  </locationsNotCovered>
                                                                                                                    <locationsNotCovered>
                                                                                                                      <column>0</column>
                                                                                                                      <line>622</line>
                                                                                                                      <numExecutions>0</numExecutions>
                                                                                                                      <time>-1.0</time>
                                                                                                                  </locationsNotCovered>
                                                                                                                    <locationsNotCovered>
                                                                                                                      <column>0</column>
                                                                                                                      <line>628</line>
                                                                                                                      <numExecutions>0</numExecutions>
                                                                                                                      <time>-1.0</time>
                                                                                                                  </locationsNotCovered>
                                                                                                                    <locationsNotCovered>
                                                                                                                      <column>0</column>
                                                                                                                      <line>631</line>
                                                                                                                      <numExecutions>0</numExecutions>
                                                                                                                      <time>-1.0</time>
                                                                                                                  </locationsNotCovered>
                                                                                                                    <locationsNotCovered>
                                                                                                                      <column>0</column>
                                                                                                                      <line>634</line>
                                                                                                                      <numExecutions>0</numExecutions>
                                                                                                                      <time>-1.0</time>
                                                                                                                  </locationsNotCovered>
                                                                                                                    <locationsNotCovered>
                                                                                                                      <column>0</column>
                                                                                                                      <line>650</line>
                                                                                                                      <numExecutions>0</numExecutions>
                                                                                                                      <time>-1.0</time>
                                                                                                                  </locationsNotCovered>
                                                                                                                    <name>ZendeskCustomFields</name>
                                                                                                                    <namespace>Zendesk</namespace>
                                                                                                                    <numLocations>326</numLocations>
                                                                                                                    <numLocationsNotCovered>66</numLocationsNotCovered>
                                                                                                                    <type>Class</type>
                                                                                                                </codeCoverage>
                                                                                                                  <codeCoverage>
                                                                                                                    <id>01pL0000000M52vIAC</id>
                                                                                                                    <locationsNotCovered>
                                                                                                                      <column>0</column>
                                                                                                                      <line>23</line>
                                                                                                                      <numExecutions>0</numExecutions>
                                                                                                                      <time>-1.0</time>
                                                                                                                  </locationsNotCovered>
                                                                                                                    <name>ContactTL_SyncToABMS</name>
                                                                                                                    <namespace xsi:nil="true"/>
                                                                                                                      <numLocations>24</numLocations>
                                                                                                                      <numLocationsNotCovered>1</numLocationsNotCovered>
                                                                                                                      <type>Class</type>
                                                                                                                  </codeCoverage>
                                                                                                                    <codeCoverage>
                                                                                                                      <id>01pL0000000DtCTIA0</id>
                                                                                                                      <locationsNotCovered>
                                                                                                                        <column>0</column>
                                                                                                                        <line>209</line>
                                                                                                                        <numExecutions>0</numExecutions>
                                                                                                                        <time>-1.0</time>
                                                                                                                    </locationsNotCovered>
                                                                                                                      <locationsNotCovered>
                                                                                                                        <column>0</column>
                                                                                                                        <line>210</line>
                                                                                                                        <numExecutions>0</numExecutions>
                                                                                                                        <time>-1.0</time>
                                                                                                                    </locationsNotCovered>
                                                                                                                      <locationsNotCovered>
                                                                                                                        <column>0</column>
                                                                                                                        <line>211</line>
                                                                                                                        <numExecutions>0</numExecutions>
                                                                                                                        <time>-1.0</time>
                                                                                                                    </locationsNotCovered>
                                                                                                                      <locationsNotCovered>
                                                                                                                        <column>0</column>
                                                                                                                        <line>255</line>
                                                                                                                        <numExecutions>0</numExecutions>
                                                                                                                        <time>-1.0</time>
                                                                                                                    </locationsNotCovered>
                                                                                                                      <name>ABMSIntegration</name>
                                                                                                                      <namespace xsi:nil="true"/>
                                                                                                                        <numLocations>53</numLocations>
                                                                                                                        <numLocationsNotCovered>4</numLocationsNotCovered>
                                                                                                                        <type>Class</type>
                                                                                                                    </codeCoverage>
                                                                                                                      <codeCoverage>
                                                                                                                        <id>01pL0000000E8VTIA0</id>
                                                                                                                        <locationsNotCovered>
                                                                                                                          <column>0</column>
                                                                                                                          <line>5</line>
                                                                                                                          <numExecutions>0</numExecutions>
                                                                                                                          <time>-1.0</time>
                                                                                                                      </locationsNotCovered>
                                                                                                                        <locationsNotCovered>
                                                                                                                          <column>0</column>
                                                                                                                          <line>6</line>
                                                                                                                          <numExecutions>0</numExecutions>
                                                                                                                          <time>-1.0</time>
                                                                                                                      </locationsNotCovered>
                                                                                                                        <locationsNotCovered>
                                                                                                                          <column>0</column>
                                                                                                                          <line>7</line>
                                                                                                                          <numExecutions>0</numExecutions>
                                                                                                                          <time>-1.0</time>
                                                                                                                      </locationsNotCovered>
                                                                                                                        <name>CtrlFirstTimeSyncofContactsZendeskUsers</name>
                                                                                                                        <namespace>Zendesk</namespace>
                                                                                                                        <numLocations>14</numLocations>
                                                                                                                        <numLocationsNotCovered>3</numLocationsNotCovered>
                                                                                                                        <type>Class</type>
                                                                                                                    </codeCoverage>
                                                                                                                      <codeCoverage>
                                                                                                                        <id>01pL0000000E8W2IAK</id>
                                                                                                                        <name>ZendeskOrgSyncController</name>
                                                                                                                        <namespace>Zendesk</namespace>
                                                                                                                        <numLocations>1</numLocations>
                                                                                                                        <numLocationsNotCovered>0</numLocationsNotCovered>
                                                                                                                        <type>Class</type>
                                                                                                                    </codeCoverage>
                                                                                                                      <codeCoverage>
                                                                                                                        <id>01pL0000000M6TxIAK</id>
                                                                                                                        <locationsNotCovered>
                                                                                                                          <column>0</column>
                                                                                                                          <line>21</line>
                                                                                                                          <numExecutions>0</numExecutions>
                                                                                                                          <time>-1.0</time>
                                                                                                                      </locationsNotCovered>
                                                                                                                        <locationsNotCovered>
                                                                                                                          <column>0</column>
                                                                                                                          <line>26</line>
                                                                                                                          <numExecutions>0</numExecutions>
                                                                                                                          <time>-1.0</time>
                                                                                                                      </locationsNotCovered>
                                                                                                                        <locationsNotCovered>
                                                                                                                          <column>0</column>
                                                                                                                          <line>27</line>
                                                                                                                          <numExecutions>0</numExecutions>
                                                                                                                          <time>-1.0</time>
                                                                                                                      </locationsNotCovered>
                                                                                                                        <locationsNotCovered>
                                                                                                                          <column>0</column>
                                                                                                                          <line>28</line>
                                                                                                                          <numExecutions>0</numExecutions>
                                                                                                                          <time>-1.0</time>
                                                                                                                      </locationsNotCovered>
                                                                                                                        <locationsNotCovered>
                                                                                                                          <column>0</column>
                                                                                                                          <line>36</line>
                                                                                                                          <numExecutions>0</numExecutions>
                                                                                                                          <time>-1.0</time>
                                                                                                                      </locationsNotCovered>
                                                                                                                        <locationsNotCovered>
                                                                                                                          <column>0</column>
                                                                                                                          <line>37</line>
                                                                                                                          <numExecutions>0</numExecutions>
                                                                                                                          <time>-1.0</time>
                                                                                                                      </locationsNotCovered>
                                                                                                                        <locationsNotCovered>
                                                                                                                          <column>0</column>
                                                                                                                          <line>39</line>
                                                                                                                          <numExecutions>0</numExecutions>
                                                                                                                          <time>-1.0</time>
                                                                                                                      </locationsNotCovered>
                                                                                                                        <locationsNotCovered>
                                                                                                                          <column>0</column>
                                                                                                                          <line>41</line>
                                                                                                                          <numExecutions>0</numExecutions>
                                                                                                                          <time>-1.0</time>
                                                                                                                      </locationsNotCovered>
                                                                                                                        <locationsNotCovered>
                                                                                                                          <column>0</column>
                                                                                                                          <line>44</line>
                                                                                                                          <numExecutions>0</numExecutions>
                                                                                                                          <time>-1.0</time>
                                                                                                                      </locationsNotCovered>
                                                                                                                        <locationsNotCovered>
                                                                                                                          <column>0</column>
                                                                                                                          <line>45</line>
                                                                                                                          <numExecutions>0</numExecutions>
                                                                                                                          <time>-1.0</time>
                                                                                                                      </locationsNotCovered>
                                                                                                                        <locationsNotCovered>
                                                                                                                          <column>0</column>
                                                                                                                          <line>46</line>
                                                                                                                          <numExecutions>0</numExecutions>
                                                                                                                          <time>-1.0</time>
                                                                                                                      </locationsNotCovered>
                                                                                                                        <locationsNotCovered>
                                                                                                                          <column>0</column>
                                                                                                                          <line>47</line>
                                                                                                                          <numExecutions>0</numExecutions>
                                                                                                                          <time>-1.0</time>
                                                                                                                      </locationsNotCovered>
                                                                                                                        <locationsNotCovered>
                                                                                                                          <column>0</column>
                                                                                                                          <line>48</line>
                                                                                                                          <numExecutions>0</numExecutions>
                                                                                                                          <time>-1.0</time>
                                                                                                                      </locationsNotCovered>
                                                                                                                        <locationsNotCovered>
                                                                                                                          <column>0</column>
                                                                                                                          <line>51</line>
                                                                                                                          <numExecutions>0</numExecutions>
                                                                                                                          <time>-1.0</time>
                                                                                                                      </locationsNotCovered>
                                                                                                                        <locationsNotCovered>
                                                                                                                          <column>0</column>
                                                                                                                          <line>52</line>
                                                                                                                          <numExecutions>0</numExecutions>
                                                                                                                          <time>-1.0</time>
                                                                                                                      </locationsNotCovered>
                                                                                                                        <locationsNotCovered>
                                                                                                                          <column>0</column>
                                                                                                                          <line>53</line>
                                                                                                                          <numExecutions>0</numExecutions>
                                                                                                                          <time>-1.0</time>
                                                                                                                      </locationsNotCovered>
                                                                                                                        <locationsNotCovered>
                                                                                                                          <column>0</column>
                                                                                                                          <line>61</line>
                                                                                                                          <numExecutions>0</numExecutions>
                                                                                                                          <time>-1.0</time>
                                                                                                                      </locationsNotCovered>
                                                                                                                        <locationsNotCovered>
                                                                                                                          <column>0</column>
                                                                                                                          <line>66</line>
                                                                                                                          <numExecutions>0</numExecutions>
                                                                                                                          <time>-1.0</time>
                                                                                                                      </locationsNotCovered>
                                                                                                                        <locationsNotCovered>
                                                                                                                          <column>0</column>
                                                                                                                          <line>67</line>
                                                                                                                          <numExecutions>0</numExecutions>
                                                                                                                          <time>-1.0</time>
                                                                                                                      </locationsNotCovered>
                                                                                                                        <locationsNotCovered>
                                                                                                                          <column>0</column>
                                                                                                                          <line>68</line>
                                                                                                                          <numExecutions>0</numExecutions>
                                                                                                                          <time>-1.0</time>
                                                                                                                      </locationsNotCovered>
                                                                                                                        <locationsNotCovered>
                                                                                                                          <column>0</column>
                                                                                                                          <line>69</line>
                                                                                                                          <numExecutions>0</numExecutions>
                                                                                                                          <time>-1.0</time>
                                                                                                                      </locationsNotCovered>
                                                                                                                        <locationsNotCovered>
                                                                                                                          <column>0</column>
                                                                                                                          <line>71</line>
                                                                                                                          <numExecutions>0</numExecutions>
                                                                                                                          <time>-1.0</time>
                                                                                                                      </locationsNotCovered>
                                                                                                                        <locationsNotCovered>
                                                                                                                          <column>0</column>
                                                                                                                          <line>72</line>
                                                                                                                          <numExecutions>0</numExecutions>
                                                                                                                          <time>-1.0</time>
                                                                                                                      </locationsNotCovered>
                                                                                                                        <locationsNotCovered>
                                                                                                                          <column>0</column>
                                                                                                                          <line>73</line>
                                                                                                                          <numExecutions>0</numExecutions>
                                                                                                                          <time>-1.0</time>
                                                                                                                      </locationsNotCovered>
                                                                                                                        <name>ABMSSyncAccountController</name>
                                                                                                                        <namespace xsi:nil="true"/>
                                                                                                                          <numLocations>43</numLocations>
                                                                                                                          <numLocationsNotCovered>24</numLocationsNotCovered>
                                                                                                                          <type>Class</type>
                                                                                                                      </codeCoverage>
                                                                                                                        <codeCoverage>
                                                                                                                          <id>01pL0000000EHOsIAO</id>
                                                                                                                          <locationsNotCovered>
                                                                                                                            <column>0</column>
                                                                                                                            <line>12</line>
                                                                                                                            <numExecutions>0</numExecutions>
                                                                                                                            <time>-1.0</time>
                                                                                                                        </locationsNotCovered>
                                                                                                                          <locationsNotCovered>
                                                                                                                            <column>0</column>
                                                                                                                            <line>13</line>
                                                                                                                            <numExecutions>0</numExecutions>
                                                                                                                            <time>-1.0</time>
                                                                                                                        </locationsNotCovered>
                                                                                                                          <locationsNotCovered>
                                                                                                                            <column>0</column>
                                                                                                                            <line>14</line>
                                                                                                                            <numExecutions>0</numExecutions>
                                                                                                                            <time>-1.0</time>
                                                                                                                        </locationsNotCovered>
                                                                                                                          <locationsNotCovered>
                                                                                                                            <column>0</column>
                                                                                                                            <line>15</line>
                                                                                                                            <numExecutions>0</numExecutions>
                                                                                                                            <time>-1.0</time>
                                                                                                                        </locationsNotCovered>
                                                                                                                          <locationsNotCovered>
                                                                                                                            <column>0</column>
                                                                                                                            <line>17</line>
                                                                                                                            <numExecutions>0</numExecutions>
                                                                                                                            <time>-1.0</time>
                                                                                                                        </locationsNotCovered>
                                                                                                                          <locationsNotCovered>
                                                                                                                            <column>0</column>
                                                                                                                            <line>18</line>
                                                                                                                            <numExecutions>0</numExecutions>
                                                                                                                            <time>-1.0</time>
                                                                                                                        </locationsNotCovered>
                                                                                                                          <locationsNotCovered>
                                                                                                                            <column>0</column>
                                                                                                                            <line>21</line>
                                                                                                                            <numExecutions>0</numExecutions>
                                                                                                                            <time>-1.0</time>
                                                                                                                        </locationsNotCovered>
                                                                                                                          <locationsNotCovered>
                                                                                                                            <column>0</column>
                                                                                                                            <line>23</line>
                                                                                                                            <numExecutions>0</numExecutions>
                                                                                                                            <time>-1.0</time>
                                                                                                                        </locationsNotCovered>
                                                                                                                          <name>StartOfTheMonthSchedule</name>
                                                                                                                          <namespace xsi:nil="true"/>
                                                                                                                            <numLocations>8</numLocations>
                                                                                                                            <numLocationsNotCovered>8</numLocationsNotCovered>
                                                                                                                            <type>Class</type>
                                                                                                                        </codeCoverage>
                                                                                                                          <codeCoverage>
                                                                                                                            <id>01qL00000008fbPIAQ</id>
                                                                                                                            <locationsNotCovered>
                                                                                                                              <column>0</column>
                                                                                                                              <line>54</line>
                                                                                                                              <numExecutions>0</numExecutions>
                                                                                                                              <time>-1.0</time>
                                                                                                                          </locationsNotCovered>
                                                                                                                            <locationsNotCovered>
                                                                                                                              <column>0</column>
                                                                                                                              <line>57</line>
                                                                                                                              <numExecutions>0</numExecutions>
                                                                                                                              <time>-1.0</time>
                                                                                                                          </locationsNotCovered>
                                                                                                                            <locationsNotCovered>
                                                                                                                              <column>0</column>
                                                                                                                              <line>59</line>
                                                                                                                              <numExecutions>0</numExecutions>
                                                                                                                              <time>-1.0</time>
                                                                                                                          </locationsNotCovered>
                                                                                                                            <locationsNotCovered>
                                                                                                                              <column>0</column>
                                                                                                                              <line>60</line>
                                                                                                                              <numExecutions>0</numExecutions>
                                                                                                                              <time>-1.0</time>
                                                                                                                          </locationsNotCovered>
                                                                                                                            <locationsNotCovered>
                                                                                                                              <column>0</column>
                                                                                                                              <line>61</line>
                                                                                                                              <numExecutions>0</numExecutions>
                                                                                                                              <time>-1.0</time>
                                                                                                                          </locationsNotCovered>
                                                                                                                            <locationsNotCovered>
                                                                                                                              <column>0</column>
                                                                                                                              <line>62</line>
                                                                                                                              <numExecutions>0</numExecutions>
                                                                                                                              <time>-1.0</time>
                                                                                                                          </locationsNotCovered>
                                                                                                                            <locationsNotCovered>
                                                                                                                              <column>0</column>
                                                                                                                              <line>63</line>
                                                                                                                              <numExecutions>0</numExecutions>
                                                                                                                              <time>-1.0</time>
                                                                                                                          </locationsNotCovered>
                                                                                                                            <locationsNotCovered>
                                                                                                                              <column>0</column>
                                                                                                                              <line>66</line>
                                                                                                                              <numExecutions>0</numExecutions>
                                                                                                                              <time>-1.0</time>
                                                                                                                          </locationsNotCovered>
                                                                                                                            <locationsNotCovered>
                                                                                                                              <column>0</column>
                                                                                                                              <line>72</line>
                                                                                                                              <numExecutions>0</numExecutions>
                                                                                                                              <time>-1.0</time>
                                                                                                                          </locationsNotCovered>
                                                                                                                            <locationsNotCovered>
                                                                                                                              <column>0</column>
                                                                                                                              <line>73</line>
                                                                                                                              <numExecutions>0</numExecutions>
                                                                                                                              <time>-1.0</time>
                                                                                                                          </locationsNotCovered>
                                                                                                                            <locationsNotCovered>
                                                                                                                              <column>0</column>
                                                                                                                              <line>74</line>
                                                                                                                              <numExecutions>0</numExecutions>
                                                                                                                              <time>-1.0</time>
                                                                                                                          </locationsNotCovered>
                                                                                                                            <locationsNotCovered>
                                                                                                                              <column>0</column>
                                                                                                                              <line>75</line>
                                                                                                                              <numExecutions>0</numExecutions>
                                                                                                                              <time>-1.0</time>
                                                                                                                          </locationsNotCovered>
                                                                                                                            <locationsNotCovered>
                                                                                                                              <column>0</column>
                                                                                                                              <line>77</line>
                                                                                                                              <numExecutions>0</numExecutions>
                                                                                                                              <time>-1.0</time>
                                                                                                                          </locationsNotCovered>
                                                                                                                            <locationsNotCovered>
                                                                                                                              <column>0</column>
                                                                                                                              <line>79</line>
                                                                                                                              <numExecutions>0</numExecutions>
                                                                                                                              <time>-1.0</time>
                                                                                                                          </locationsNotCovered>
                                                                                                                            <locationsNotCovered>
                                                                                                                              <column>0</column>
                                                                                                                              <line>80</line>
                                                                                                                              <numExecutions>0</numExecutions>
                                                                                                                              <time>-1.0</time>
                                                                                                                          </locationsNotCovered>
                                                                                                                            <locationsNotCovered>
                                                                                                                              <column>0</column>
                                                                                                                              <line>81</line>
                                                                                                                              <numExecutions>0</numExecutions>
                                                                                                                              <time>-1.0</time>
                                                                                                                          </locationsNotCovered>
                                                                                                                            <locationsNotCovered>
                                                                                                                              <column>0</column>
                                                                                                                              <line>83</line>
                                                                                                                              <numExecutions>0</numExecutions>
                                                                                                                              <time>-1.0</time>
                                                                                                                          </locationsNotCovered>
                                                                                                                            <locationsNotCovered>
                                                                                                                              <column>0</column>
                                                                                                                              <line>84</line>
                                                                                                                              <numExecutions>0</numExecutions>
                                                                                                                              <time>-1.0</time>
                                                                                                                          </locationsNotCovered>
                                                                                                                            <locationsNotCovered>
                                                                                                                              <column>0</column>
                                                                                                                              <line>86</line>
                                                                                                                              <numExecutions>0</numExecutions>
                                                                                                                              <time>-1.0</time>
                                                                                                                          </locationsNotCovered>
                                                                                                                            <locationsNotCovered>
                                                                                                                              <column>0</column>
                                                                                                                              <line>99</line>
                                                                                                                              <numExecutions>0</numExecutions>
                                                                                                                              <time>-1.0</time>
                                                                                                                          </locationsNotCovered>
                                                                                                                            <locationsNotCovered>
                                                                                                                              <column>0</column>
                                                                                                                              <line>101</line>
                                                                                                                              <numExecutions>0</numExecutions>
                                                                                                                              <time>-1.0</time>
                                                                                                                          </locationsNotCovered>
                                                                                                                            <locationsNotCovered>
                                                                                                                              <column>0</column>
                                                                                                                              <line>102</line>
                                                                                                                              <numExecutions>0</numExecutions>
                                                                                                                              <time>-1.0</time>
                                                                                                                          </locationsNotCovered>
                                                                                                                            <locationsNotCovered>
                                                                                                                              <column>0</column>
                                                                                                                              <line>103</line>
                                                                                                                              <numExecutions>0</numExecutions>
                                                                                                                              <time>-1.0</time>
                                                                                                                          </locationsNotCovered>
                                                                                                                            <locationsNotCovered>
                                                                                                                              <column>0</column>
                                                                                                                              <line>104</line>
                                                                                                                              <numExecutions>0</numExecutions>
                                                                                                                              <time>-1.0</time>
                                                                                                                          </locationsNotCovered>
                                                                                                                            <locationsNotCovered>
                                                                                                                              <column>0</column>
                                                                                                                              <line>105</line>
                                                                                                                              <numExecutions>0</numExecutions>
                                                                                                                              <time>-1.0</time>
                                                                                                                          </locationsNotCovered>
                                                                                                                            <locationsNotCovered>
                                                                                                                              <column>0</column>
                                                                                                                              <line>106</line>
                                                                                                                              <numExecutions>0</numExecutions>
                                                                                                                              <time>-1.0</time>
                                                                                                                          </locationsNotCovered>
                                                                                                                            <locationsNotCovered>
                                                                                                                              <column>0</column>
                                                                                                                              <line>107</line>
                                                                                                                              <numExecutions>0</numExecutions>
                                                                                                                              <time>-1.0</time>
                                                                                                                          </locationsNotCovered>
                                                                                                                            <locationsNotCovered>
                                                                                                                              <column>0</column>
                                                                                                                              <line>113</line>
                                                                                                                              <numExecutions>0</numExecutions>
                                                                                                                              <time>-1.0</time>
                                                                                                                          </locationsNotCovered>
                                                                                                                            <locationsNotCovered>
                                                                                                                              <column>0</column>
                                                                                                                              <line>114</line>
                                                                                                                              <numExecutions>0</numExecutions>
                                                                                                                              <time>-1.0</time>
                                                                                                                          </locationsNotCovered>
                                                                                                                            <locationsNotCovered>
                                                                                                                              <column>0</column>
                                                                                                                              <line>115</line>
                                                                                                                              <numExecutions>0</numExecutions>
                                                                                                                              <time>-1.0</time>
                                                                                                                          </locationsNotCovered>
                                                                                                                            <locationsNotCovered>
                                                                                                                              <column>0</column>
                                                                                                                              <line>117</line>
                                                                                                                              <numExecutions>0</numExecutions>
                                                                                                                              <time>-1.0</time>
                                                                                                                          </locationsNotCovered>
                                                                                                                            <locationsNotCovered>
                                                                                                                              <column>0</column>
                                                                                                                              <line>124</line>
                                                                                                                              <numExecutions>0</numExecutions>
                                                                                                                              <time>-1.0</time>
                                                                                                                          </locationsNotCovered>
                                                                                                                            <locationsNotCovered>
                                                                                                                              <column>0</column>
                                                                                                                              <line>125</line>
                                                                                                                              <numExecutions>0</numExecutions>
                                                                                                                              <time>-1.0</time>
                                                                                                                          </locationsNotCovered>
                                                                                                                            <locationsNotCovered>
                                                                                                                              <column>0</column>
                                                                                                                              <line>127</line>
                                                                                                                              <numExecutions>0</numExecutions>
                                                                                                                              <time>-1.0</time>
                                                                                                                          </locationsNotCovered>
                                                                                                                            <locationsNotCovered>
                                                                                                                              <column>0</column>
                                                                                                                              <line>129</line>
                                                                                                                              <numExecutions>0</numExecutions>
                                                                                                                              <time>-1.0</time>
                                                                                                                          </locationsNotCovered>
                                                                                                                            <locationsNotCovered>
                                                                                                                              <column>0</column>
                                                                                                                              <line>130</line>
                                                                                                                              <numExecutions>0</numExecutions>
                                                                                                                              <time>-1.0</time>
                                                                                                                          </locationsNotCovered>
                                                                                                                            <name>TrgrZendeskUserFromContact</name>
                                                                                                                            <namespace>Zendesk</namespace>
                                                                                                                            <numLocations>68</numLocations>
                                                                                                                            <numLocationsNotCovered>36</numLocationsNotCovered>
                                                                                                                            <type>Trigger</type>
                                                                                                                        </codeCoverage>
                                                                                                                          <codeCoverage>
                                                                                                                            <id>01pL0000000ETy4IAG</id>
                                                                                                                            <locationsNotCovered>
                                                                                                                              <column>0</column>
                                                                                                                              <line>4</line>
                                                                                                                              <numExecutions>0</numExecutions>
                                                                                                                              <time>-1.0</time>
                                                                                                                          </locationsNotCovered>
                                                                                                                            <locationsNotCovered>
                                                                                                                              <column>0</column>
                                                                                                                              <line>5</line>
                                                                                                                              <numExecutions>0</numExecutions>
                                                                                                                              <time>-1.0</time>
                                                                                                                          </locationsNotCovered>
                                                                                                                            <locationsNotCovered>
                                                                                                                              <column>0</column>
                                                                                                                              <line>6</line>
                                                                                                                              <numExecutions>0</numExecutions>
                                                                                                                              <time>-1.0</time>
                                                                                                                          </locationsNotCovered>
                                                                                                                            <locationsNotCovered>
                                                                                                                              <column>0</column>
                                                                                                                              <line>7</line>
                                                                                                                              <numExecutions>0</numExecutions>
                                                                                                                              <time>-1.0</time>
                                                                                                                          </locationsNotCovered>
                                                                                                                            <locationsNotCovered>
                                                                                                                              <column>0</column>
                                                                                                                              <line>8</line>
                                                                                                                              <numExecutions>0</numExecutions>
                                                                                                                              <time>-1.0</time>
                                                                                                                          </locationsNotCovered>
                                                                                                                            <locationsNotCovered>
                                                                                                                              <column>0</column>
                                                                                                                              <line>10</line>
                                                                                                                              <numExecutions>0</numExecutions>
                                                                                                                              <time>-1.0</time>
                                                                                                                          </locationsNotCovered>
                                                                                                                            <locationsNotCovered>
                                                                                                                              <column>0</column>
                                                                                                                              <line>13</line>
                                                                                                                              <numExecutions>0</numExecutions>
                                                                                                                              <time>-1.0</time>
                                                                                                                          </locationsNotCovered>
                                                                                                                            <locationsNotCovered>
                                                                                                                              <column>0</column>
                                                                                                                              <line>14</line>
                                                                                                                              <numExecutions>0</numExecutions>
                                                                                                                              <time>-1.0</time>
                                                                                                                          </locationsNotCovered>
                                                                                                                            <locationsNotCovered>
                                                                                                                              <column>0</column>
                                                                                                                              <line>15</line>
                                                                                                                              <numExecutions>0</numExecutions>
                                                                                                                              <time>-1.0</time>
                                                                                                                          </locationsNotCovered>
                                                                                                                            <locationsNotCovered>
                                                                                                                              <column>0</column>
                                                                                                                              <line>16</line>
                                                                                                                              <numExecutions>0</numExecutions>
                                                                                                                              <time>-1.0</time>
                                                                                                                          </locationsNotCovered>
                                                                                                                            <locationsNotCovered>
                                                                                                                              <column>0</column>
                                                                                                                              <line>17</line>
                                                                                                                              <numExecutions>0</numExecutions>
                                                                                                                              <time>-1.0</time>
                                                                                                                          </locationsNotCovered>
                                                                                                                            <locationsNotCovered>
                                                                                                                              <column>0</column>
                                                                                                                              <line>23</line>
                                                                                                                              <numExecutions>0</numExecutions>
                                                                                                                              <time>-1.0</time>
                                                                                                                          </locationsNotCovered>
                                                                                                                            <locationsNotCovered>
                                                                                                                              <column>0</column>
                                                                                                                              <line>24</line>
                                                                                                                              <numExecutions>0</numExecutions>
                                                                                                                              <time>-1.0</time>
                                                                                                                          </locationsNotCovered>
                                                                                                                            <locationsNotCovered>
                                                                                                                              <column>0</column>
                                                                                                                              <line>25</line>
                                                                                                                              <numExecutions>0</numExecutions>
                                                                                                                              <time>-1.0</time>
                                                                                                                          </locationsNotCovered>
                                                                                                                            <locationsNotCovered>
                                                                                                                              <column>0</column>
                                                                                                                              <line>26</line>
                                                                                                                              <numExecutions>0</numExecutions>
                                                                                                                              <time>-1.0</time>
                                                                                                                          </locationsNotCovered>
                                                                                                                            <name>AccountBatchPull</name>
                                                                                                                            <namespace xsi:nil="true"/>
                                                                                                                              <numLocations>15</numLocations>
                                                                                                                              <numLocationsNotCovered>15</numLocationsNotCovered>
                                                                                                                              <type>Class</type>
                                                                                                                          </codeCoverage>
                                                                                                                            <codeCoverage>
                                                                                                                              <id>01qL00000004ztcIAA</id>
                                                                                                                              <name>AccountTrigger</name>
                                                                                                                              <namespace xsi:nil="true"/>
                                                                                                                                <numLocations>3</numLocations>
                                                                                                                                <numLocationsNotCovered>0</numLocationsNotCovered>
                                                                                                                                <type>Trigger</type>
                                                                                                                            </codeCoverage>
                                                                                                                              <codeCoverage>
                                                                                                                                <id>01pD0000001IZaoIAG</id>
                                                                                                                                <name>ChangePasswordController</name>
                                                                                                                                <namespace xsi:nil="true"/>
                                                                                                                                  <numLocations>6</numLocations>
                                                                                                                                  <numLocationsNotCovered>0</numLocationsNotCovered>
                                                                                                                                  <type>Class</type>
                                                                                                                              </codeCoverage>
                                                                                                                                <codeCoverage>
                                                                                                                                  <id>01pD0000001IZZtIAO</id>
                                                                                                                                  <name>HashedId</name>
                                                                                                                                  <namespace xsi:nil="true"/>
                                                                                                                                    <numLocations>12</numLocations>
                                                                                                                                    <numLocationsNotCovered>0</numLocationsNotCovered>
                                                                                                                                    <type>Class</type>
                                                                                                                                </codeCoverage>
                                                                                                                                  <codeCoverage>
                                                                                                                                    <id>01pL0000000E8WMIA0</id>
                                                                                                                                    <name>ZendeskUtil</name>
                                                                                                                                    <namespace>Zendesk</namespace>
                                                                                                                                    <numLocations>8</numLocations>
                                                                                                                                    <numLocationsNotCovered>0</numLocationsNotCovered>
                                                                                                                                    <type>Class</type>
                                                                                                                                </codeCoverage>
                                                                                                                                  <codeCoverage>
                                                                                                                                    <id>01pL0000000E8ViIAK</id>
                                                                                                                                    <locationsNotCovered>
                                                                                                                                      <column>0</column>
                                                                                                                                      <line>49</line>
                                                                                                                                      <numExecutions>0</numExecutions>
                                                                                                                                      <time>-1.0</time>
                                                                                                                                  </locationsNotCovered>
                                                                                                                                    <locationsNotCovered>
                                                                                                                                      <column>0</column>
                                                                                                                                      <line>50</line>
                                                                                                                                      <numExecutions>0</numExecutions>
                                                                                                                                      <time>-1.0</time>
                                                                                                                                  </locationsNotCovered>
                                                                                                                                    <locationsNotCovered>
                                                                                                                                      <column>0</column>
                                                                                                                                      <line>57</line>
                                                                                                                                      <numExecutions>0</numExecutions>
                                                                                                                                      <time>-1.0</time>
                                                                                                                                  </locationsNotCovered>
                                                                                                                                    <locationsNotCovered>
                                                                                                                                      <column>0</column>
                                                                                                                                      <line>66</line>
                                                                                                                                      <numExecutions>0</numExecutions>
                                                                                                                                      <time>-1.0</time>
                                                                                                                                  </locationsNotCovered>
                                                                                                                                    <locationsNotCovered>
                                                                                                                                      <column>0</column>
                                                                                                                                      <line>73</line>
                                                                                                                                      <numExecutions>0</numExecutions>
                                                                                                                                      <time>-1.0</time>
                                                                                                                                  </locationsNotCovered>
                                                                                                                                    <locationsNotCovered>
                                                                                                                                      <column>0</column>
                                                                                                                                      <line>74</line>
                                                                                                                                      <numExecutions>0</numExecutions>
                                                                                                                                      <time>-1.0</time>
                                                                                                                                  </locationsNotCovered>
                                                                                                                                    <locationsNotCovered>
                                                                                                                                      <column>0</column>
                                                                                                                                      <line>75</line>
                                                                                                                                      <numExecutions>0</numExecutions>
                                                                                                                                      <time>-1.0</time>
                                                                                                                                  </locationsNotCovered>
                                                                                                                                    <locationsNotCovered>
                                                                                                                                      <column>0</column>
                                                                                                                                      <line>82</line>
                                                                                                                                      <numExecutions>0</numExecutions>
                                                                                                                                      <time>-1.0</time>
                                                                                                                                  </locationsNotCovered>
                                                                                                                                    <locationsNotCovered>
                                                                                                                                      <column>0</column>
                                                                                                                                      <line>83</line>
                                                                                                                                      <numExecutions>0</numExecutions>
                                                                                                                                      <time>-1.0</time>
                                                                                                                                  </locationsNotCovered>
                                                                                                                                    <locationsNotCovered>
                                                                                                                                      <column>0</column>
                                                                                                                                      <line>91</line>
                                                                                                                                      <numExecutions>0</numExecutions>
                                                                                                                                      <time>-1.0</time>
                                                                                                                                  </locationsNotCovered>
                                                                                                                                    <locationsNotCovered>
                                                                                                                                      <column>0</column>
                                                                                                                                      <line>92</line>
                                                                                                                                      <numExecutions>0</numExecutions>
                                                                                                                                      <time>-1.0</time>
                                                                                                                                  </locationsNotCovered>
                                                                                                                                    <locationsNotCovered>
                                                                                                                                      <column>0</column>
                                                                                                                                      <line>104</line>
                                                                                                                                      <numExecutions>0</numExecutions>
                                                                                                                                      <time>-1.0</time>
                                                                                                                                  </locationsNotCovered>
                                                                                                                                    <locationsNotCovered>
                                                                                                                                      <column>0</column>
                                                                                                                                      <line>105</line>
                                                                                                                                      <numExecutions>0</numExecutions>
                                                                                                                                      <time>-1.0</time>
                                                                                                                                  </locationsNotCovered>
                                                                                                                                    <locationsNotCovered>
                                                                                                                                      <column>0</column>
                                                                                                                                      <line>106</line>
                                                                                                                                      <numExecutions>0</numExecutions>
                                                                                                                                      <time>-1.0</time>
                                                                                                                                  </locationsNotCovered>
                                                                                                                                    <name>PersonalSettingsFromZendeskTicket</name>
                                                                                                                                    <namespace>Zendesk</namespace>
                                                                                                                                    <numLocations>64</numLocations>
                                                                                                                                    <numLocationsNotCovered>14</numLocationsNotCovered>
                                                                                                                                    <type>Class</type>
                                                                                                                                </codeCoverage>
                                                                                                                                  <codeCoverage>
                                                                                                                                    <id>01pL0000000ESPmIAO</id>
                                                                                                                                    <name>BulkLoadDataController</name>
                                                                                                                                    <namespace xsi:nil="true"/>
                                                                                                                                      <numLocations>22</numLocations>
                                                                                                                                      <numLocationsNotCovered>0</numLocationsNotCovered>
                                                                                                                                      <type>Class</type>
                                                                                                                                  </codeCoverage>
                                                                                                                                    <codeCoverageWarnings>
                                                                                                                                      <id>01pL0000000E8VaIAK</id>
                                                                                                                                      <message>Average test coverage across all Apex Classes and Triggers is 66%, at least 75% test coverage is required.</message>
                                                                                                                                      <name xsi:nil="true"/>
                                                                                                                                        <namespace>
                                                                                                                                      </namespace>
                                                                                                                                    </codeCoverageWarnings>
                                                                                                                                      <failures>
                                                                                                                                        <id>01pD0000001IZZzIAO</id>
                                                                                                                                        <message>System.SObjectException: You cannot call addFields when the data is being passed into the controller by the caller.</message>
                                                                                                                                        <methodName>theTests1</methodName>
                                                                                                                                        <name>OpportunityProductEntryTests</name>
                                                                                                                                        <namespace xsi:nil="true"/>
                                                                                                                                          <seeAllData>true</seeAllData>
                                                                                                                                          <stackTrace>Class.OpportunityProductEntryExtension.&lt;init&gt;: line 41, column 1
Class.OpportunityProductEntryTests.theTests1: line 50, column 1</stackTrace>
                                                                                                                                          <time>591.0</time>
                                                                                                                                          <type>Class</type>
                                                                                                                                      </failures>
                                                                                                                                        <failures>
                                                                                                                                          <id>01pD0000001IZZzIAO</id>
                                                                                                                                          <message>System.SObjectException: You cannot call addFields when the data is being passed into the controller by the caller.</message>
                                                                                                                                          <methodName>theTests2</methodName>
                                                                                                                                          <name>OpportunityProductEntryTests</name>
                                                                                                                                          <namespace xsi:nil="true"/>
                                                                                                                                            <seeAllData>true</seeAllData>
                                                                                                                                            <stackTrace>Class.OpportunityProductEntryExtension.&lt;init&gt;: line 41, column 1
Class.OpportunityProductEntryTests.theTests2: line 139, column 1</stackTrace>
                                                                                                                                            <time>446.0</time>
                                                                                                                                            <type>Class</type>
                                                                                                                                        </failures>
                                                                                                                                          <failures>
                                                                                                                                            <id>01pD0000001IZa8IAG</id>
                                                                                                                                            <message>System.DmlException: Process failed. First exception on row 0; first error: NO_APPLICABLE_PROCESS, No applicable approval process was found.: []</message>
                                                                                                                                            <methodName>stageActionsCreateOrder</methodName>
                                                                                                                                            <name>OpportunityTL_Test</name>
                                                                                                                                            <namespace xsi:nil="true"/>
                                                                                                                                              <stackTrace>Class.OpportunityTL_StageActions.submitForApproval: line 75, column 1</stackTrace>
                                                                                                                                              <time>719.0</time>
                                                                                                                                              <type>Class</type>
                                                                                                                                          </failures>
                                                                                                                                            <failures>
                                                                                                                                              <id>01pL0000000E8WWIA0</id>
                                                                                                                                              <message>System.QueryException: duplicate field selected: Zendesk__notes__c</message>
                                                                                                                                              <methodName>test01</methodName>
                                                                                                                                              <name>testCtrlRemoteCreationOfZendeskUsers</name>
                                                                                                                                              <namespace>Zendesk</namespace>
                                                                                                                                              <stackTrace>(Zendesk)</stackTrace>
                                                                                                                                              <time>2998.0</time>
                                                                                                                                              <type>Class</type>
                                                                                                                                          </failures>
                                                                                                                                            <failures>
                                                                                                                                              <id>01pL0000000E8WWIA0</id>
                                                                                                                                              <message>System.DmlException: Insert failed. First exception on row 0; first error: CANNOT_INSERT_UPDATE_ACTIVATE_ENTITY, LeadTrigger: execution of AfterInsert

caused by: System.EmailException: SendEmail failed. First exception on row 0; first error: INVALID_EMAIL_ADDRESS, The target object&apos;s email address &quot;null&quot; is not valid: [targetObjectId, 00QL000000NWLKkMAP]

Class.SelfServiceLeadEmailController.sendEmail: line 40, column 1
Class.LeadTL_SendRegistration.doWork: line 30, column 1
Class.TriggerUtil.TriggerLogic.HandleOperation: line 47, column 1
Class.TriggerUtil.Dispatch: line 14, column 1
Trigger.LeadTrigger: line 12, column 1: []</message>
                                                                                                                                              <methodName>test02</methodName>
                                                                                                                                              <name>testCtrlRemoteCreationOfZendeskUsers</name>
                                                                                                                                              <namespace>Zendesk</namespace>
                                                                                                                                              <stackTrace>(Zendesk)</stackTrace>
                                                                                                                                              <time>2904.0</time>
                                                                                                                                              <type>Class</type>
                                                                                                                                          </failures>
                                                                                                                                            <failures>
                                                                                                                                              <id>01pL0000000E8WYIA0</id>
                                                                                                                                              <message>System.QueryException: duplicate field selected: Zendesk__notes__c</message>
                                                                                                                                              <methodName>tests</methodName>
                                                                                                                                              <name>testCtrlSyncContactsAndZDUsersScheduled</name>
                                                                                                                                              <namespace>Zendesk</namespace>
                                                                                                                                              <stackTrace>(Zendesk)</stackTrace>
                                                                                                                                              <time>5457.0</time>
                                                                                                                                              <type>Class</type>
                                                                                                                                          </failures>
                                                                                                                                            <failures>
                                                                                                                                              <id>01pL0000000E8WZIA0</id>
                                                                                                                                              <message>System.DmlException: Insert failed. First exception on row 0; first error: CANNOT_INSERT_UPDATE_ACTIVATE_ENTITY, LeadTrigger: execution of AfterInsert

caused by: System.EmailException: SendEmail failed. First exception on row 0; first error: INVALID_EMAIL_ADDRESS, The target object&apos;s email address &quot;null&quot; is not valid: [targetObjectId, 00QL000000NWLKpMAP]

Class.SelfServiceLeadEmailController.sendEmail: line 40, column 1
Class.LeadTL_SendRegistration.doWork: line 30, column 1
Class.TriggerUtil.TriggerLogic.HandleOperation: line 47, column 1
Class.TriggerUtil.Dispatch: line 14, column 1
Trigger.LeadTrigger: line 12, column 1: []</message>
                                                                                                                                              <methodName>tests</methodName>
                                                                                                                                              <name>testCtrlSyncLeadsAndZDUsersSched</name>
                                                                                                                                              <namespace>Zendesk</namespace>
                                                                                                                                              <stackTrace>(Zendesk)</stackTrace>
                                                                                                                                              <time>4748.0</time>
                                                                                                                                              <type>Class</type>
                                                                                                                                          </failures>
                                                                                                                                            <failures>
                                                                                                                                              <id>01pL0000000E8WbIAK</id>
                                                                                                                                              <message>System.AssertException: Assertion Failed: Expected: MW_AccountType__c,BillingState, Actual: Type,BillingCity</message>
                                                                                                                                              <methodName>tests01</methodName>
                                                                                                                                              <name>testCtrlZendeskOrgSfAccountMapping</name>
                                                                                                                                              <namespace>Zendesk</namespace>
                                                                                                                                              <stackTrace>(Zendesk)</stackTrace>
                                                                                                                                              <time>3790.0</time>
                                                                                                                                              <type>Class</type>
                                                                                                                                          </failures>
                                                                                                                                            <failures>
                                                                                                                                              <id>01pL0000000E8X2IAK</id>
                                                                                                                                              <message>System.LimitException: Too many async jobs enqueued for this apex test context</message>
                                                                                                                                              <methodName>tests01</methodName>
                                                                                                                                              <name>testZendeskSyncUsers</name>
                                                                                                                                              <namespace>Zendesk</namespace>
                                                                                                                                              <stackTrace>External entry point</stackTrace>
                                                                                                                                              <time>17832.0</time>
                                                                                                                                              <type>Class</type>
                                                                                                                                          </failures>
                                                                                                                                            <failures>
                                                                                                                                              <id>01pL0000000E8X8IAK</id>
                                                                                                                                              <message>System.AssertException: Assertion Failed: Expected: &lt;?xml version=&quot;1.0&quot; encoding=&quot;UTF-8&quot;?&gt;&lt;records&gt;&lt;record&gt;&lt;id&gt;003L000000hzSaLIAU&lt;/id&gt;&lt;url&gt;/003L000000hzSaL&lt;/url&gt;&lt;label&gt;Vincent Brendel&lt;/label&gt;&lt;record_type&gt;contact&lt;/record_type&gt;&lt;fields&gt;&lt;field&gt;&lt;label&gt;Last Name&lt;/label&gt;&lt;value&gt;Brendel&lt;/value&gt;&lt;/field&gt;&lt;field&gt;&lt;label&gt;First Name&lt;/label&gt;&lt;value&gt;Vincent&lt;/value&gt;&lt;/field&gt;&lt;/fields&gt;&lt;/record&gt;&lt;record&gt;&lt;id&gt;001L000000qI0v7IAC&lt;/id&gt;&lt;url&gt;/001L000000qI0v7&lt;/url&gt;&lt;label&gt;Brendel&lt;/label&gt;&lt;record_type&gt;account&lt;/record_type&gt;&lt;fields&gt;&lt;field&gt;&lt;label&gt;Account Phone&lt;/label&gt;&lt;value&gt;1-800-BUYCRAP&lt;/value&gt;&lt;/field&gt;&lt;/fields&gt;&lt;/record&gt;&lt;record&gt;&lt;id&gt;001L000000qI0v6IAC&lt;/id&gt;&lt;url&gt;/001L000000qI0v6&lt;/url&gt;&lt;label&gt;Parent&lt;/label&gt;&lt;record_type&gt;account&lt;/record_type&gt;&lt;fields&gt;&lt;field&gt;&lt;label&gt;Account Phone&lt;/label&gt;&lt;value /&gt;&lt;/field&gt;&lt;field&gt;&lt;label&gt;Parent Account ID&lt;/label&gt;&lt;value /&gt;&lt;/field&gt;&lt;/fields&gt;&lt;/record&gt;&lt;/records&gt;, Actual: &lt;?xml version=&quot;1.0&quot; encoding=&quot;UTF-8&quot;?&gt;&lt;records&gt;&lt;record&gt;&lt;id&gt;003L000000hzSaLIAU&lt;/id&gt;&lt;url&gt;/003L000000hzSaL&lt;/url&gt;&lt;label&gt;Vincent Brendel&lt;/label&gt;&lt;record_type&gt;contact&lt;/record_type&gt;&lt;fields&gt;&lt;field&gt;&lt;label&gt;Last Name&lt;/label&gt;&lt;value&gt;Brendel&lt;/value&gt;&lt;/field&gt;&lt;field&gt;&lt;label&gt;First Name&lt;/label&gt;&lt;value&gt;Vincent&lt;/value&gt;&lt;/field&gt;&lt;/fields&gt;&lt;/record&gt;&lt;record&gt;&lt;id&gt;001L000000qI0v7IAC&lt;/id&gt;&lt;url&gt;/001L000000qI0v7&lt;/url&gt;&lt;label&gt;Brendel&lt;/label&gt;&lt;record_type&gt;account&lt;/record_type&gt;&lt;fields&gt;&lt;field&gt;&lt;label&gt;Account Phone&lt;/label&gt;&lt;value&gt;1-800-BUYCRAP&lt;/value&gt;&lt;/field&gt;&lt;/fields&gt;&lt;/record&gt;&lt;record&gt;&lt;id&gt;001L000000qI0v6IAC&lt;/id&gt;&lt;url&gt;/001L000000qI0v6&lt;/url&gt;&lt;label&gt;Parent&lt;/label&gt;&lt;record_type&gt;account&lt;/record_type&gt;&lt;fields&gt;&lt;field&gt;&lt;label&gt;Account Phone&lt;/label&gt;&lt;value /&gt;&lt;/field&gt;&lt;field&gt;&lt;label&gt;Company&lt;/label&gt;&lt;value /&gt;&lt;/field&gt;&lt;/fields&gt;&lt;/record&gt;&lt;/records&gt;</message>
                                                                                                                                              <methodName>tests03</methodName>
                                                                                                                                              <name>testZendeskWidget</name>
                                                                                                                                              <namespace>Zendesk</namespace>
                                                                                                                                              <stackTrace>(Zendesk)</stackTrace>
                                                                                                                                              <time>425.0</time>
                                                                                                                                              <type>Class</type>
                                                                                                                                          </failures>
                                                                                                                                            <numFailures>10</numFailures>
                                                                                                                                            <numTestsRun>184</numTestsRun>
                                                                                                                                            <successes>
                                                                                                                                              <id>01pL0000000M24eIAC</id>
                                                                                                                                              <methodName>postingAccountToABMSWithClientError</methodName>
                                                                                                                                              <name>ABMSConnectionTest</name>
                                                                                                                                              <namespace xsi:nil="true"/>
                                                                                                                                                <time>118.0</time>
                                                                                                                                            </successes>
                                                                                                                                              <successes>
                                                                                                                                                <id>01pL0000000M24eIAC</id>
                                                                                                                                                <methodName>postingAccountToABMSWithServerError</methodName>
                                                                                                                                                <name>ABMSConnectionTest</name>
                                                                                                                                                <namespace xsi:nil="true"/>
                                                                                                                                                  <time>86.0</time>
                                                                                                                                              </successes>
                                                                                                                                                <successes>
                                                                                                                                                  <id>01pL0000000M24eIAC</id>
                                                                                                                                                  <methodName>puttingAccountToABMS</methodName>
                                                                                                                                                  <name>ABMSConnectionTest</name>
                                                                                                                                                  <namespace xsi:nil="true"/>
                                                                                                                                                    <time>85.0</time>
                                                                                                                                                </successes>
                                                                                                                                                  <successes>
                                                                                                                                                    <id>01pL0000000M24eIAC</id>
                                                                                                                                                    <methodName>testCreatingSignature</methodName>
                                                                                                                                                    <name>ABMSConnectionTest</name>
                                                                                                                                                    <namespace xsi:nil="true"/>
                                                                                                                                                      <time>79.0</time>
                                                                                                                                                  </successes>
                                                                                                                                                    <successes>
                                                                                                                                                      <id>01pL0000000M24eIAC</id>
                                                                                                                                                      <methodName>testGettingAccountFromDealerweb</methodName>
                                                                                                                                                      <name>ABMSConnectionTest</name>
                                                                                                                                                      <namespace xsi:nil="true"/>
                                                                                                                                                        <time>79.0</time>
                                                                                                                                                    </successes>
                                                                                                                                                      <successes>
                                                                                                                                                        <id>01pL0000000M24eIAC</id>
                                                                                                                                                        <methodName>testInit</methodName>
                                                                                                                                                        <name>ABMSConnectionTest</name>
                                                                                                                                                        <namespace xsi:nil="true"/>
                                                                                                                                                          <time>88.0</time>
                                                                                                                                                      </successes>
                                                                                                                                                        <successes>
                                                                                                                                                          <id>01pL0000000M24eIAC</id>
                                                                                                                                                          <methodName>testPostingOrderItem</methodName>
                                                                                                                                                          <name>ABMSConnectionTest</name>
                                                                                                                                                          <namespace xsi:nil="true"/>
                                                                                                                                                            <time>83.0</time>
                                                                                                                                                        </successes>
                                                                                                                                                          <successes>
                                                                                                                                                            <id>01pL0000000M24eIAC</id>
                                                                                                                                                            <methodName>testRequest</methodName>
                                                                                                                                                            <name>ABMSConnectionTest</name>
                                                                                                                                                            <namespace xsi:nil="true"/>
                                                                                                                                                              <time>94.0</time>
                                                                                                                                                          </successes>
                                                                                                                                                            <successes>
                                                                                                                                                              <id>01pL0000000EOO6IAO</id>
                                                                                                                                                              <methodName>testPing</methodName>
                                                                                                                                                              <name>ABMSIntegrationEndPointTest</name>
                                                                                                                                                              <namespace xsi:nil="true"/>
                                                                                                                                                                <time>51.0</time>
                                                                                                                                                            </successes>
                                                                                                                                                              <successes>
                                                                                                                                                                <id>01pL0000000EOO6IAO</id>
                                                                                                                                                                <methodName>verifySendingExistingAccount</methodName>
                                                                                                                                                                <name>ABMSIntegrationEndPointTest</name>
                                                                                                                                                                <namespace xsi:nil="true"/>
                                                                                                                                                                  <time>487.0</time>
                                                                                                                                                              </successes>
                                                                                                                                                                <successes>
                                                                                                                                                                  <id>01pL0000000EOO6IAO</id>
                                                                                                                                                                  <methodName>verifySendingNoExistionAccount</methodName>
                                                                                                                                                                  <name>ABMSIntegrationEndPointTest</name>
                                                                                                                                                                  <namespace xsi:nil="true"/>
                                                                                                                                                                    <time>343.0</time>
                                                                                                                                                                </successes>
                                                                                                                                                                  <successes>
                                                                                                                                                                    <id>01pL0000000EDvsIAG</id>
                                                                                                                                                                    <methodName>testUpdateAssets</methodName>
                                                                                                                                                                    <name>ABMSIntegrationOrderEndPointTest</name>
                                                                                                                                                                    <namespace xsi:nil="true"/>
                                                                                                                                                                      <time>393.0</time>
                                                                                                                                                                  </successes>
                                                                                                                                                                    <successes>
                                                                                                                                                                      <id>01pL0000000DvNiIAK</id>
                                                                                                                                                                      <methodName>compareOldNew</methodName>
                                                                                                                                                                      <name>ABMSIntegrationServiceTest</name>
                                                                                                                                                                      <namespace xsi:nil="true"/>
                                                                                                                                                                        <time>319.0</time>
                                                                                                                                                                    </successes>
                                                                                                                                                                      <successes>
                                                                                                                                                                        <id>01pL0000000DvNiIAK</id>
                                                                                                                                                                        <methodName>testIsContactSyncRequired</methodName>
                                                                                                                                                                        <name>ABMSIntegrationServiceTest</name>
                                                                                                                                                                        <namespace xsi:nil="true"/>
                                                                                                                                                                          <time>499.0</time>
                                                                                                                                                                      </successes>
                                                                                                                                                                        <successes>
                                                                                                                                                                          <id>01pL0000000DvNiIAK</id>
                                                                                                                                                                          <methodName>testPullAccount</methodName>
                                                                                                                                                                          <name>ABMSIntegrationServiceTest</name>
                                                                                                                                                                          <namespace xsi:nil="true"/>
                                                                                                                                                                            <time>3324.0</time>
                                                                                                                                                                        </successes>
                                                                                                                                                                          <successes>
                                                                                                                                                                            <id>01pL0000000DvNiIAK</id>
                                                                                                                                                                            <methodName>testSendOrderItems</methodName>
                                                                                                                                                                            <name>ABMSIntegrationServiceTest</name>
                                                                                                                                                                            <namespace xsi:nil="true"/>
                                                                                                                                                                              <time>816.0</time>
                                                                                                                                                                          </successes>
                                                                                                                                                                            <successes>
                                                                                                                                                                              <id>01pL0000000DvNiIAK</id>
                                                                                                                                                                              <methodName>testStrippingPhoneNumber</methodName>
                                                                                                                                                                              <name>ABMSIntegrationServiceTest</name>
                                                                                                                                                                              <namespace xsi:nil="true"/>
                                                                                                                                                                                <time>40.0</time>
                                                                                                                                                                            </successes>
                                                                                                                                                                              <successes>
                                                                                                                                                                                <id>01pL0000000DvNiIAK</id>
                                                                                                                                                                                <methodName>testSyncAccount</methodName>
                                                                                                                                                                                <name>ABMSIntegrationServiceTest</name>
                                                                                                                                                                                <namespace xsi:nil="true"/>
                                                                                                                                                                                  <time>1581.0</time>
                                                                                                                                                                              </successes>
                                                                                                                                                                                <successes>
                                                                                                                                                                                  <id>01pL0000000DvNiIAK</id>
                                                                                                                                                                                  <methodName>testSyncAccountFutureWithServerError</methodName>
                                                                                                                                                                                  <name>ABMSIntegrationServiceTest</name>
                                                                                                                                                                                  <namespace xsi:nil="true"/>
                                                                                                                                                                                    <time>205.0</time>
                                                                                                                                                                                </successes>
                                                                                                                                                                                  <successes>
                                                                                                                                                                                    <id>01pL0000000DvNiIAK</id>
                                                                                                                                                                                    <methodName>testSyncAccountId</methodName>
                                                                                                                                                                                    <name>ABMSIntegrationServiceTest</name>
                                                                                                                                                                                    <namespace xsi:nil="true"/>
                                                                                                                                                                                      <time>1779.0</time>
                                                                                                                                                                                  </successes>
                                                                                                                                                                                    <successes>
                                                                                                                                                                                      <id>01pL0000000DvNiIAK</id>
                                                                                                                                                                                      <methodName>testSyncAccountWithClientError</methodName>
                                                                                                                                                                                      <name>ABMSIntegrationServiceTest</name>
                                                                                                                                                                                      <namespace xsi:nil="true"/>
                                                                                                                                                                                        <time>571.0</time>
                                                                                                                                                                                    </successes>
                                                                                                                                                                                      <successes>
                                                                                                                                                                                        <id>01pL0000000DvNiIAK</id>
                                                                                                                                                                                        <methodName>testSyncAccountWithServerError</methodName>
                                                                                                                                                                                        <name>ABMSIntegrationServiceTest</name>
                                                                                                                                                                                        <namespace xsi:nil="true"/>
                                                                                                                                                                                          <time>571.0</time>
                                                                                                                                                                                      </successes>
                                                                                                                                                                                        <successes>
                                                                                                                                                                                          <id>01pL0000000EOOBIA4</id>
                                                                                                                                                                                          <methodName>testPullAccount</methodName>
                                                                                                                                                                                          <name>ABMSSyncAccountControllerTest</name>
                                                                                                                                                                                          <namespace xsi:nil="true"/>
                                                                                                                                                                                            <time>973.0</time>
                                                                                                                                                                                        </successes>
                                                                                                                                                                                          <successes>
                                                                                                                                                                                            <id>01pL0000000EOOBIA4</id>
                                                                                                                                                                                            <methodName>testSyncAccount</methodName>
                                                                                                                                                                                            <name>ABMSSyncAccountControllerTest</name>
                                                                                                                                                                                            <namespace xsi:nil="true"/>
                                                                                                                                                                                              <time>1703.0</time>
                                                                                                                                                                                          </successes>
                                                                                                                                                                                            <successes>
                                                                                                                                                                                              <id>01pL0000000ESQGIA4</id>
                                                                                                                                                                                              <methodName>testProcessAccounts</methodName>
                                                                                                                                                                                              <name>BulkLoadDataControlerTest</name>
                                                                                                                                                                                              <namespace xsi:nil="true"/>
                                                                                                                                                                                                <time>383.0</time>
                                                                                                                                                                                            </successes>
                                                                                                                                                                                              <successes>
                                                                                                                                                                                                <id>01pL0000000ESQGIA4</id>
                                                                                                                                                                                                <methodName>testProcessAccountsBlob</methodName>
                                                                                                                                                                                                <name>BulkLoadDataControlerTest</name>
                                                                                                                                                                                                <namespace xsi:nil="true"/>
                                                                                                                                                                                                  <time>420.0</time>
                                                                                                                                                                                              </successes>
                                                                                                                                                                                                <successes>
                                                                                                                                                                                                  <id>01pL0000000ESQGIA4</id>
                                                                                                                                                                                                  <methodName>testProcessAssets</methodName>
                                                                                                                                                                                                  <name>BulkLoadDataControlerTest</name>
                                                                                                                                                                                                  <namespace xsi:nil="true"/>
                                                                                                                                                                                                    <time>443.0</time>
                                                                                                                                                                                                </successes>
                                                                                                                                                                                                  <successes>
                                                                                                                                                                                                    <id>01pL0000000ESQGIA4</id>
                                                                                                                                                                                                    <methodName>testProcessAssetsBlob</methodName>
                                                                                                                                                                                                    <name>BulkLoadDataControlerTest</name>
                                                                                                                                                                                                    <namespace xsi:nil="true"/>
                                                                                                                                                                                                      <time>372.0</time>
                                                                                                                                                                                                  </successes>
                                                                                                                                                                                                    <successes>
                                                                                                                                                                                                      <id>01pD0000001IZapIAG</id>
                                                                                                                                                                                                      <methodName>testChangePasswordController</methodName>
                                                                                                                                                                                                      <name>ChangePasswordControllerTest</name>
                                                                                                                                                                                                      <namespace xsi:nil="true"/>
                                                                                                                                                                                                        <seeAllData>true</seeAllData>
                                                                                                                                                                                                        <time>39.0</time>
                                                                                                                                                                                                    </successes>
                                                                                                                                                                                                      <successes>
                                                                                                                                                                                                        <id>01pD0000001IZZsIAO</id>
                                                                                                                                                                                                        <methodName>createOrder</methodName>
                                                                                                                                                                                                        <name>ConvertOpportunityToOrderTest</name>
                                                                                                                                                                                                        <namespace xsi:nil="true"/>
                                                                                                                                                                                                          <time>613.0</time>
                                                                                                                                                                                                      </successes>
                                                                                                                                                                                                        <successes>
                                                                                                                                                                                                          <id>01pD0000001IZZsIAO</id>
                                                                                                                                                                                                          <methodName>createReductionOrder</methodName>
                                                                                                                                                                                                          <name>ConvertOpportunityToOrderTest</name>
                                                                                                                                                                                                          <namespace xsi:nil="true"/>
                                                                                                                                                                                                            <time>740.0</time>
                                                                                                                                                                                                        </successes>
                                                                                                                                                                                                          <successes>
                                                                                                                                                                                                            <id>01pD0000001IZarIAG</id>
                                                                                                                                                                                                            <methodName>testForgotPasswordController</methodName>
                                                                                                                                                                                                            <name>ForgotPasswordControllerTest</name>
                                                                                                                                                                                                            <namespace xsi:nil="true"/>
                                                                                                                                                                                                              <seeAllData>true</seeAllData>
                                                                                                                                                                                                              <time>33.0</time>
                                                                                                                                                                                                          </successes>
                                                                                                                                                                                                            <successes>
                                                                                                                                                                                                              <id>01pD0000001IZZuIAO</id>
                                                                                                                                                                                                              <methodName>test_method_one</methodName>
                                                                                                                                                                                                              <name>HashedIdTest</name>
                                                                                                                                                                                                              <namespace xsi:nil="true"/>
                                                                                                                                                                                                                <time>204.0</time>
                                                                                                                                                                                                            </successes>
                                                                                                                                                                                                              <successes>
                                                                                                                                                                                                                <id>01pD0000001IZatIAG</id>
                                                                                                                                                                                                                <methodName>testSave</methodName>
                                                                                                                                                                                                                <name>MyProfilePageControllerTest</name>
                                                                                                                                                                                                                <namespace xsi:nil="true"/>
                                                                                                                                                                                                                  <seeAllData>true</seeAllData>
                                                                                                                                                                                                                  <time>397.0</time>
                                                                                                                                                                                                              </successes>
                                                                                                                                                                                                                <successes>
                                                                                                                                                                                                                  <id>01pD0000001IZatIAG</id>
                                                                                                                                                                                                                  <methodName>testSetContactFields</methodName>
                                                                                                                                                                                                                  <name>MyProfilePageControllerTest</name>
                                                                                                                                                                                                                  <namespace xsi:nil="true"/>
                                                                                                                                                                                                                    <seeAllData>true</seeAllData>
                                                                                                                                                                                                                    <time>36.0</time>
                                                                                                                                                                                                                </successes>
                                                                                                                                                                                                                  <successes>
                                                                                                                                                                                                                    <id>01pD0000001Ia1XIAS</id>
                                                                                                                                                                                                                    <methodName>cloneOpp</methodName>
                                                                                                                                                                                                                    <name>OpportunityCloneControllerTest</name>
                                                                                                                                                                                                                    <namespace xsi:nil="true"/>
                                                                                                                                                                                                                      <time>1024.0</time>
                                                                                                                                                                                                                  </successes>
                                                                                                                                                                                                                    <successes>
                                                                                                                                                                                                                      <id>01pD0000001IZa2IAG</id>
                                                                                                                                                                                                                      <methodName>testExtensionOfSchedules</methodName>
                                                                                                                                                                                                                      <name>OpportunityScheduleExtendTest</name>
                                                                                                                                                                                                                      <namespace xsi:nil="true"/>
                                                                                                                                                                                                                        <time>970.0</time>
                                                                                                                                                                                                                    </successes>
                                                                                                                                                                                                                      <successes>
                                                                                                                                                                                                                        <id>01pD0000001IZa2IAG</id>
                                                                                                                                                                                                                        <methodName>testExtensionOfSchedulesWithEndDate</methodName>
                                                                                                                                                                                                                        <name>OpportunityScheduleExtendTest</name>
                                                                                                                                                                                                                        <namespace xsi:nil="true"/>
                                                                                                                                                                                                                          <time>567.0</time>
                                                                                                                                                                                                                      </successes>
                                                                                                                                                                                                                        <successes>
                                                                                                                                                                                                                          <id>01pD0000001IZa2IAG</id>
                                                                                                                                                                                                                          <methodName>testFixupExtensionOfSchedules</methodName>
                                                                                                                                                                                                                          <name>OpportunityScheduleExtendTest</name>
                                                                                                                                                                                                                          <namespace xsi:nil="true"/>
                                                                                                                                                                                                                            <time>712.0</time>
                                                                                                                                                                                                                        </successes>
                                                                                                                                                                                                                          <successes>
                                                                                                                                                                                                                            <id>01pD0000001IZa4IAG</id>
                                                                                                                                                                                                                            <methodName>test_method_one</methodName>
                                                                                                                                                                                                                            <name>OpportunitySendQuoteTest</name>
                                                                                                                                                                                                                            <namespace xsi:nil="true"/>
                                                                                                                                                                                                                              <time>1895.0</time>
                                                                                                                                                                                                                          </successes>
                                                                                                                                                                                                                            <successes>
                                                                                                                                                                                                                              <id>01pD0000001IZa6IAG</id>
                                                                                                                                                                                                                              <methodName>test_method_one</methodName>
                                                                                                                                                                                                                              <name>OpportunitySummarisedTest</name>
                                                                                                                                                                                                                              <namespace xsi:nil="true"/>
                                                                                                                                                                                                                                <time>1170.0</time>
                                                                                                                                                                                                                            </successes>
                                                                                                                                                                                                                              <successes>
                                                                                                                                                                                                                                <id>01pL0000000EUiHIAW</id>
                                                                                                                                                                                                                                <methodName>testParseDate</methodName>
                                                                                                                                                                                                                                <name>OrderAssetServiceTest</name>
                                                                                                                                                                                                                                <namespace xsi:nil="true"/>
                                                                                                                                                                                                                                  <time>33.0</time>
                                                                                                                                                                                                                              </successes>
                                                                                                                                                                                                                                <successes>
                                                                                                                                                                                                                                  <id>01pL0000000EUiHIAW</id>
                                                                                                                                                                                                                                  <methodName>testSendOrderItems</methodName>
                                                                                                                                                                                                                                  <name>OrderAssetServiceTest</name>
                                                                                                                                                                                                                                  <namespace xsi:nil="true"/>
                                                                                                                                                                                                                                    <time>29.0</time>
                                                                                                                                                                                                                                </successes>
                                                                                                                                                                                                                                  <successes>
                                                                                                                                                                                                                                    <id>01pD0000001IbKQIA0</id>
                                                                                                                                                                                                                                    <methodName>test_method_one</methodName>
                                                                                                                                                                                                                                    <name>OrderSendStatusTest</name>
                                                                                                                                                                                                                                    <namespace xsi:nil="true"/>
                                                                                                                                                                                                                                      <time>945.0</time>
                                                                                                                                                                                                                                  </successes>
                                                                                                                                                                                                                                    <successes>
                                                                                                                                                                                                                                      <id>01pL0000000EOccIAG</id>
                                                                                                                                                                                                                                      <methodName>myUnitTest</methodName>
                                                                                                                                                                                                                                      <name>OrderSummarisedControllerTest</name>
                                                                                                                                                                                                                                      <namespace xsi:nil="true"/>
                                                                                                                                                                                                                                        <time>1300.0</time>
                                                                                                                                                                                                                                    </successes>
                                                                                                                                                                                                                                      <successes>
                                                                                                                                                                                                                                        <id>01pL0000000ENlTIAW</id>
                                                                                                                                                                                                                                        <methodName>test_method_one</methodName>
                                                                                                                                                                                                                                        <name>OrdersViewControllerTest</name>
                                                                                                                                                                                                                                        <namespace xsi:nil="true"/>
                                                                                                                                                                                                                                          <time>951.0</time>
                                                                                                                                                                                                                                      </successes>
                                                                                                                                                                                                                                        <successes>
                                                                                                                                                                                                                                          <id>01pL0000000ENlTIAW</id>
                                                                                                                                                                                                                                          <methodName>test_method_two</methodName>
                                                                                                                                                                                                                                          <name>OrdersViewControllerTest</name>
                                                                                                                                                                                                                                          <namespace xsi:nil="true"/>
                                                                                                                                                                                                                                            <time>35.0</time>
                                                                                                                                                                                                                                        </successes>
                                                                                                                                                                                                                                          <successes>
                                                                                                                                                                                                                                            <id>01pD0000001IZaBIAW</id>
                                                                                                                                                                                                                                            <methodName>fillInFormAndSubmit</methodName>
                                                                                                                                                                                                                                            <name>SelfServiceAccountFormControllerTest</name>
                                                                                                                                                                                                                                            <namespace xsi:nil="true"/>
                                                                                                                                                                                                                                              <time>578.0</time>
                                                                                                                                                                                                                                          </successes>
                                                                                                                                                                                                                                            <successes>
                                                                                                                                                                                                                                              <id>01pD0000001IZaBIAW</id>
                                                                                                                                                                                                                                              <methodName>fillInFormAndSubmitForUpdate</methodName>
                                                                                                                                                                                                                                              <name>SelfServiceAccountFormControllerTest</name>
                                                                                                                                                                                                                                              <namespace xsi:nil="true"/>
                                                                                                                                                                                                                                                <time>1425.0</time>
                                                                                                                                                                                                                                            </successes>
                                                                                                                                                                                                                                              <successes>
                                                                                                                                                                                                                                                <id>01pD0000001IZaBIAW</id>
                                                                                                                                                                                                                                                <methodName>invalidHash</methodName>
                                                                                                                                                                                                                                                <name>SelfServiceAccountFormControllerTest</name>
                                                                                                                                                                                                                                                <namespace xsi:nil="true"/>
                                                                                                                                                                                                                                                  <time>430.0</time>
                                                                                                                                                                                                                                              </successes>
                                                                                                                                                                                                                                                <successes>
                                                                                                                                                                                                                                                  <id>01pD0000001IZaBIAW</id>
                                                                                                                                                                                                                                                  <methodName>invalidSubmit</methodName>
                                                                                                                                                                                                                                                  <name>SelfServiceAccountFormControllerTest</name>
                                                                                                                                                                                                                                                  <namespace xsi:nil="true"/>
                                                                                                                                                                                                                                                    <time>425.0</time>
                                                                                                                                                                                                                                                </successes>
                                                                                                                                                                                                                                                  <successes>
                                                                                                                                                                                                                                                    <id>01pD0000001IZaDIAW</id>
                                                                                                                                                                                                                                                    <methodName>testCreateObjectsViaQueue</methodName>
                                                                                                                                                                                                                                                    <name>SelfServiceLeadConvertQTest</name>
                                                                                                                                                                                                                                                    <namespace xsi:nil="true"/>
                                                                                                                                                                                                                                                      <time>2041.0</time>
                                                                                                                                                                                                                                                  </successes>
                                                                                                                                                                                                                                                    <successes>
                                                                                                                                                                                                                                                      <id>01pD0000001IZaGIAW</id>
                                                                                                                                                                                                                                                      <methodName>testCreateAccountsContact</methodName>
                                                                                                                                                                                                                                                      <name>SelfServiceLeadConvertTest</name>
                                                                                                                                                                                                                                                      <namespace xsi:nil="true"/>
                                                                                                                                                                                                                                                        <time>1831.0</time>
                                                                                                                                                                                                                                                    </successes>
                                                                                                                                                                                                                                                      <successes>
                                                                                                                                                                                                                                                        <id>01pD0000001IZaGIAW</id>
                                                                                                                                                                                                                                                        <methodName>testCreateObjectsViaService</methodName>
                                                                                                                                                                                                                                                        <name>SelfServiceLeadConvertTest</name>
                                                                                                                                                                                                                                                        <namespace xsi:nil="true"/>
                                                                                                                                                                                                                                                          <time>2125.0</time>
                                                                                                                                                                                                                                                      </successes>
                                                                                                                                                                                                                                                        <successes>
                                                                                                                                                                                                                                                          <id>01pD0000001IZaGIAW</id>
                                                                                                                                                                                                                                                          <methodName>testUpdateObjectsViaService</methodName>
                                                                                                                                                                                                                                                          <name>SelfServiceLeadConvertTest</name>
                                                                                                                                                                                                                                                          <namespace xsi:nil="true"/>
                                                                                                                                                                                                                                                            <time>3087.0</time>
                                                                                                                                                                                                                                                        </successes>
                                                                                                                                                                                                                                                          <successes>
                                                                                                                                                                                                                                                            <id>01pD0000001IZalIAG</id>
                                                                                                                                                                                                                                                            <methodName>testSiteLoginController</methodName>
                                                                                                                                                                                                                                                            <name>SiteLoginControllerTest</name>
                                                                                                                                                                                                                                                            <namespace xsi:nil="true"/>
                                                                                                                                                                                                                                                              <seeAllData>true</seeAllData>
                                                                                                                                                                                                                                                              <time>33.0</time>
                                                                                                                                                                                                                                                          </successes>
                                                                                                                                                                                                                                                            <successes>
                                                                                                                                                                                                                                                              <id>01pD0000001IZanIAG</id>
                                                                                                                                                                                                                                                              <methodName>testRegistration</methodName>
                                                                                                                                                                                                                                                              <name>SiteRegisterControllerTest</name>
                                                                                                                                                                                                                                                              <namespace xsi:nil="true"/>
                                                                                                                                                                                                                                                                <seeAllData>true</seeAllData>
                                                                                                                                                                                                                                                                <time>38.0</time>
                                                                                                                                                                                                                                                            </successes>
                                                                                                                                                                                                                                                              <successes>
                                                                                                                                                                                                                                                                <id>01pL0000000ELULIA4</id>
                                                                                                                                                                                                                                                                <methodName>testNoTriggeredTask</methodName>
                                                                                                                                                                                                                                                                <name>TaskAccountTL_LastActivityDateTest</name>
                                                                                                                                                                                                                                                                <namespace xsi:nil="true"/>
                                                                                                                                                                                                                                                                  <time>504.0</time>
                                                                                                                                                                                                                                                              </successes>
                                                                                                                                                                                                                                                                <successes>
                                                                                                                                                                                                                                                                  <id>01pL0000000ELULIA4</id>
                                                                                                                                                                                                                                                                  <methodName>testRecordMotorWebDate</methodName>
                                                                                                                                                                                                                                                                  <name>TaskAccountTL_LastActivityDateTest</name>
                                                                                                                                                                                                                                                                  <namespace xsi:nil="true"/>
                                                                                                                                                                                                                                                                    <time>511.0</time>
                                                                                                                                                                                                                                                                </successes>
                                                                                                                                                                                                                                                                  <successes>
                                                                                                                                                                                                                                                                    <id>01pL0000000ELULIA4</id>
                                                                                                                                                                                                                                                                    <methodName>testRecordTradeMeDate</methodName>
                                                                                                                                                                                                                                                                    <name>TaskAccountTL_LastActivityDateTest</name>
                                                                                                                                                                                                                                                                    <namespace xsi:nil="true"/>
                                                                                                                                                                                                                                                                      <time>495.0</time>
                                                                                                                                                                                                                                                                  </successes>
                                                                                                                                                                                                                                                                    <successes>
                                                                                                                                                                                                                                                                      <id>01pL0000000E8VWIA0</id>
                                                                                                                                                                                                                                                                      <methodName>testCtrlSyncAccountsAndZendeskOrgScheduled1</methodName>
                                                                                                                                                                                                                                                                      <name>CtrlSyncAccountsAndZendeskOrgScheduled</name>
                                                                                                                                                                                                                                                                      <namespace>Zendesk</namespace>
                                                                                                                                                                                                                                                                      <seeAllData>true</seeAllData>
                                                                                                                                                                                                                                                                      <time>31.0</time>
                                                                                                                                                                                                                                                                  </successes>
                                                                                                                                                                                                                                                                    <successes>
                                                                                                                                                                                                                                                                      <id>01pL0000000E8WSIA0</id>
                                                                                                                                                                                                                                                                      <methodName>test01</methodName>
                                                                                                                                                                                                                                                                      <name>testApexSchedClsForContactsAndLeads</name>
                                                                                                                                                                                                                                                                      <namespace>Zendesk</namespace>
                                                                                                                                                                                                                                                                      <time>366.0</time>
                                                                                                                                                                                                                                                                  </successes>
                                                                                                                                                                                                                                                                    <successes>
                                                                                                                                                                                                                                                                      <id>01pL0000000E8WSIA0</id>
                                                                                                                                                                                                                                                                      <methodName>test02</methodName>
                                                                                                                                                                                                                                                                      <name>testApexSchedClsForContactsAndLeads</name>
                                                                                                                                                                                                                                                                      <namespace>Zendesk</namespace>
                                                                                                                                                                                                                                                                      <time>4602.0</time>
                                                                                                                                                                                                                                                                  </successes>
                                                                                                                                                                                                                                                                    <successes>
                                                                                                                                                                                                                                                                      <id>01pL0000000E8WTIA0</id>
                                                                                                                                                                                                                                                                      <methodName>tests01</methodName>
                                                                                                                                                                                                                                                                      <name>testCtrlFirstTimeSyncAccountsOrgs</name>
                                                                                                                                                                                                                                                                      <namespace>Zendesk</namespace>
                                                                                                                                                                                                                                                                      <time>39.0</time>
                                                                                                                                                                                                                                                                  </successes>
                                                                                                                                                                                                                                                                    <successes>
                                                                                                                                                                                                                                                                      <id>01pL0000000E8WUIA0</id>
                                                                                                                                                                                                                                                                      <methodName>tests01</methodName>
                                                                                                                                                                                                                                                                      <name>testCtrlFirstTimeSyncofContactsZDUsers</name>
                                                                                                                                                                                                                                                                      <namespace>Zendesk</namespace>
                                                                                                                                                                                                                                                                      <time>41.0</time>
                                                                                                                                                                                                                                                                  </successes>
                                                                                                                                                                                                                                                                    <successes>
                                                                                                                                                                                                                                                                      <id>01pL0000000E8WVIA0</id>
                                                                                                                                                                                                                                                                      <methodName>test01</methodName>
                                                                                                                                                                                                                                                                      <name>testCtrlRemoteCreationOfOrganization</name>
                                                                                                                                                                                                                                                                      <namespace>Zendesk</namespace>
                                                                                                                                                                                                                                                                      <time>4009.0</time>
                                                                                                                                                                                                                                                                  </successes>
                                                                                                                                                                                                                                                                    <successes>
                                                                                                                                                                                                                                                                      <id>01pL0000000E8WWIA0</id>
                                                                                                                                                                                                                                                                      <methodName>test03</methodName>
                                                                                                                                                                                                                                                                      <name>testCtrlRemoteCreationOfZendeskUsers</name>
                                                                                                                                                                                                                                                                      <namespace>Zendesk</namespace>
                                                                                                                                                                                                                                                                      <time>3057.0</time>
                                                                                                                                                                                                                                                                  </successes>
                                                                                                                                                                                                                                                                    <successes>
                                                                                                                                                                                                                                                                      <id>01pL0000000E8WXIA0</id>
                                                                                                                                                                                                                                                                      <methodName>tests</methodName>
                                                                                                                                                                                                                                                                      <name>testCtrlSyncAccountsAndZDOrgScheduled</name>
                                                                                                                                                                                                                                                                      <namespace>Zendesk</namespace>
                                                                                                                                                                                                                                                                      <time>4845.0</time>
                                                                                                                                                                                                                                                                  </successes>
                                                                                                                                                                                                                                                                    <successes>
                                                                                                                                                                                                                                                                      <id>01pL0000000E8WaIAK</id>
                                                                                                                                                                                                                                                                      <methodName>tests01</methodName>
                                                                                                                                                                                                                                                                      <name>testCtrlSyncZendeskOrgsAndUsers</name>
                                                                                                                                                                                                                                                                      <namespace>Zendesk</namespace>
                                                                                                                                                                                                                                                                      <time>3264.0</time>
                                                                                                                                                                                                                                                                  </successes>
                                                                                                                                                                                                                                                                    <successes>
                                                                                                                                                                                                                                                                      <id>01pL0000000E8WaIAK</id>
                                                                                                                                                                                                                                                                      <methodName>tests02</methodName>
                                                                                                                                                                                                                                                                      <name>testCtrlSyncZendeskOrgsAndUsers</name>
                                                                                                                                                                                                                                                                      <namespace>Zendesk</namespace>
                                                                                                                                                                                                                                                                      <time>3829.0</time>
                                                                                                                                                                                                                                                                  </successes>
                                                                                                                                                                                                                                                                    <successes>
                                                                                                                                                                                                                                                                      <id>01pL0000000E8WcIAK</id>
                                                                                                                                                                                                                                                                      <methodName>test_Method_One</methodName>
                                                                                                                                                                                                                                                                      <name>testCtrlZendeskOrgUserMappingSyncing</name>
                                                                                                                                                                                                                                                                      <namespace>Zendesk</namespace>
                                                                                                                                                                                                                                                                      <time>36.0</time>
                                                                                                                                                                                                                                                                  </successes>
                                                                                                                                                                                                                                                                    <successes>
                                                                                                                                                                                                                                                                      <id>01pL0000000E8WdIAK</id>
                                                                                                                                                                                                                                                                      <methodName>tests01</methodName>
                                                                                                                                                                                                                                                                      <name>testCtrlZendeskTicketMapping</name>
                                                                                                                                                                                                                                                                      <namespace>Zendesk</namespace>
                                                                                                                                                                                                                                                                      <time>3329.0</time>
                                                                                                                                                                                                                                                                  </successes>
                                                                                                                                                                                                                                                                    <successes>
                                                                                                                                                                                                                                                                      <id>01pL0000000E8WeIAK</id>
                                                                                                                                                                                                                                                                      <methodName>tests</methodName>
                                                                                                                                                                                                                                                                      <name>testCtrlZendeskTicketViewFromTicket</name>
                                                                                                                                                                                                                                                                      <namespace>Zendesk</namespace>
                                                                                                                                                                                                                                                                      <time>3027.0</time>
                                                                                                                                                                                                                                                                  </successes>
                                                                                                                                                                                                                                                                    <successes>
                                                                                                                                                                                                                                                                      <id>01pL0000000E8WfIAK</id>
                                                                                                                                                                                                                                                                      <methodName>tests01</methodName>
                                                                                                                                                                                                                                                                      <name>testCtrlZendeskUserMapping</name>
                                                                                                                                                                                                                                                                      <namespace>Zendesk</namespace>
                                                                                                                                                                                                                                                                      <time>4310.0</time>
                                                                                                                                                                                                                                                                  </successes>
                                                                                                                                                                                                                                                                    <successes>
                                                                                                                                                                                                                                                                      <id>01pL0000000E8WgIAK</id>
                                                                                                                                                                                                                                                                      <methodName>tests</methodName>
                                                                                                                                                                                                                                                                      <name>testMultipleZendeskDomainClass</name>
                                                                                                                                                                                                                                                                      <namespace>Zendesk</namespace>
                                                                                                                                                                                                                                                                      <time>3510.0</time>
                                                                                                                                                                                                                                                                  </successes>
                                                                                                                                                                                                                                                                    <successes>
                                                                                                                                                                                                                                                                      <id>01pL0000000E8WhIAK</id>
                                                                                                                                                                                                                                                                      <methodName>tests01</methodName>
                                                                                                                                                                                                                                                                      <name>testPersonalSettingsFromZendeskTicket</name>
                                                                                                                                                                                                                                                                      <namespace>Zendesk</namespace>
                                                                                                                                                                                                                                                                      <time>3121.0</time>
                                                                                                                                                                                                                                                                  </successes>
                                                                                                                                                                                                                                                                    <successes>
                                                                                                                                                                                                                                                                      <id>01pL0000000E8WhIAK</id>
                                                                                                                                                                                                                                                                      <methodName>tests02</methodName>
                                                                                                                                                                                                                                                                      <name>testPersonalSettingsFromZendeskTicket</name>
                                                                                                                                                                                                                                                                      <namespace>Zendesk</namespace>
                                                                                                                                                                                                                                                                      <time>46.0</time>
                                                                                                                                                                                                                                                                  </successes>
                                                                                                                                                                                                                                                                    <successes>
                                                                                                                                                                                                                                                                      <id>01pL0000000E8WhIAK</id>
                                                                                                                                                                                                                                                                      <methodName>tests03</methodName>
                                                                                                                                                                                                                                                                      <name>testPersonalSettingsFromZendeskTicket</name>
                                                                                                                                                                                                                                                                      <namespace>Zendesk</namespace>
                                                                                                                                                                                                                                                                      <time>121.0</time>
                                                                                                                                                                                                                                                                  </successes>
                                                                                                                                                                                                                                                                    <successes>
                                                                                                                                                                                                                                                                      <id>01pL0000000E8WhIAK</id>
                                                                                                                                                                                                                                                                      <methodName>tests04</methodName>
                                                                                                                                                                                                                                                                      <name>testPersonalSettingsFromZendeskTicket</name>
                                                                                                                                                                                                                                                                      <namespace>Zendesk</namespace>
                                                                                                                                                                                                                                                                      <time>32.0</time>
                                                                                                                                                                                                                                                                  </successes>
                                                                                                                                                                                                                                                                    <successes>
                                                                                                                                                                                                                                                                      <id>01pL0000000E8WhIAK</id>
                                                                                                                                                                                                                                                                      <methodName>tests05</methodName>
                                                                                                                                                                                                                                                                      <name>testPersonalSettingsFromZendeskTicket</name>
                                                                                                                                                                                                                                                                      <namespace>Zendesk</namespace>
                                                                                                                                                                                                                                                                      <time>82.0</time>
                                                                                                                                                                                                                                                                  </successes>
                                                                                                                                                                                                                                                                    <successes>
                                                                                                                                                                                                                                                                      <id>01pL0000000E8XBIA0</id>
                                                                                                                                                                                                                                                                      <methodName>InstallTest01</methodName>
                                                                                                                                                                                                                                                                      <name>testpostInstallScriptForMultipleDomains</name>
                                                                                                                                                                                                                                                                      <namespace>Zendesk</namespace>
                                                                                                                                                                                                                                                                      <time>2333.0</time>
                                                                                                                                                                                                                                                                  </successes>
                                                                                                                                                                                                                                                                    <successes>
                                                                                                                                                                                                                                                                      <id>01pL0000000E8XBIA0</id>
                                                                                                                                                                                                                                                                      <methodName>UpgradeTests01</methodName>
                                                                                                                                                                                                                                                                      <name>testpostInstallScriptForMultipleDomains</name>
                                                                                                                                                                                                                                                                      <namespace>Zendesk</namespace>
                                                                                                                                                                                                                                                                      <time>2584.0</time>
                                                                                                                                                                                                                                                                  </successes>
                                                                                                                                                                                                                                                                    <successes>
                                                                                                                                                                                                                                                                      <id>01pL0000000E8WiIAK</id>
                                                                                                                                                                                                                                                                      <methodName>tests01</methodName>
                                                                                                                                                                                                                                                                      <name>testRedirectToZendeskSetting</name>
                                                                                                                                                                                                                                                                      <namespace>Zendesk</namespace>
                                                                                                                                                                                                                                                                      <time>65.0</time>
                                                                                                                                                                                                                                                                  </successes>
                                                                                                                                                                                                                                                                    <successes>
                                                                                                                                                                                                                                                                      <id>01pL0000000E8WjIAK</id>
                                                                                                                                                                                                                                                                      <methodName>tests01</methodName>
                                                                                                                                                                                                                                                                      <name>testTG_XmlDom</name>
                                                                                                                                                                                                                                                                      <namespace>Zendesk</namespace>
                                                                                                                                                                                                                                                                      <time>32.0</time>
                                                                                                                                                                                                                                                                  </successes>
                                                                                                                                                                                                                                                                    <successes>
                                                                                                                                                                                                                                                                      <id>01pL0000000E8WjIAK</id>
                                                                                                                                                                                                                                                                      <methodName>tests02</methodName>
                                                                                                                                                                                                                                                                      <name>testTG_XmlDom</name>
                                                                                                                                                                                                                                                                      <namespace>Zendesk</namespace>
                                                                                                                                                                                                                                                                      <time>28.0</time>
                                                                                                                                                                                                                                                                  </successes>
                                                                                                                                                                                                                                                                    <successes>
                                                                                                                                                                                                                                                                      <id>01pL0000000E8WjIAK</id>
                                                                                                                                                                                                                                                                      <methodName>tests03</methodName>
                                                                                                                                                                                                                                                                      <name>testTG_XmlDom</name>
                                                                                                                                                                                                                                                                      <namespace>Zendesk</namespace>
                                                                                                                                                                                                                                                                      <time>36.0</time>
                                                                                                                                                                                                                                                                  </successes>
                                                                                                                                                                                                                                                                    <successes>
                                                                                                                                                                                                                                                                      <id>01pL0000000E8WjIAK</id>
                                                                                                                                                                                                                                                                      <methodName>tests04</methodName>
                                                                                                                                                                                                                                                                      <name>testTG_XmlDom</name>
                                                                                                                                                                                                                                                                      <namespace>Zendesk</namespace>
                                                                                                                                                                                                                                                                      <time>29.0</time>
                                                                                                                                                                                                                                                                  </successes>
                                                                                                                                                                                                                                                                    <successes>
                                                                                                                                                                                                                                                                      <id>01pL0000000E8WjIAK</id>
                                                                                                                                                                                                                                                                      <methodName>tests05</methodName>
                                                                                                                                                                                                                                                                      <name>testTG_XmlDom</name>
                                                                                                                                                                                                                                                                      <namespace>Zendesk</namespace>
                                                                                                                                                                                                                                                                      <time>29.0</time>
                                                                                                                                                                                                                                                                  </successes>
                                                                                                                                                                                                                                                                    <successes>
                                                                                                                                                                                                                                                                      <id>01pL0000000E8WkIAK</id>
                                                                                                                                                                                                                                                                      <methodName>tests01</methodName>
                                                                                                                                                                                                                                                                      <name>testTG_XmlNode</name>
                                                                                                                                                                                                                                                                      <namespace>Zendesk</namespace>
                                                                                                                                                                                                                                                                      <time>31.0</time>
                                                                                                                                                                                                                                                                  </successes>
                                                                                                                                                                                                                                                                    <successes>
                                                                                                                                                                                                                                                                      <id>01pL0000000E8WkIAK</id>
                                                                                                                                                                                                                                                                      <methodName>tests02</methodName>
                                                                                                                                                                                                                                                                      <name>testTG_XmlNode</name>
                                                                                                                                                                                                                                                                      <namespace>Zendesk</namespace>
                                                                                                                                                                                                                                                                      <time>29.0</time>
                                                                                                                                                                                                                                                                  </successes>
                                                                                                                                                                                                                                                                    <successes>
                                                                                                                                                                                                                                                                      <id>01pL0000000E8WkIAK</id>
                                                                                                                                                                                                                                                                      <methodName>tests03</methodName>
                                                                                                                                                                                                                                                                      <name>testTG_XmlNode</name>
                                                                                                                                                                                                                                                                      <namespace>Zendesk</namespace>
                                                                                                                                                                                                                                                                      <time>32.0</time>
                                                                                                                                                                                                                                                                  </successes>
                                                                                                                                                                                                                                                                    <successes>
                                                                                                                                                                                                                                                                      <id>01pL0000000E8WkIAK</id>
                                                                                                                                                                                                                                                                      <methodName>tests04</methodName>
                                                                                                                                                                                                                                                                      <name>testTG_XmlNode</name>
                                                                                                                                                                                                                                                                      <namespace>Zendesk</namespace>
                                                                                                                                                                                                                                                                      <time>34.0</time>
                                                                                                                                                                                                                                                                  </successes>
                                                                                                                                                                                                                                                                    <successes>
                                                                                                                                                                                                                                                                      <id>01pL0000000E8WkIAK</id>
                                                                                                                                                                                                                                                                      <methodName>tests05</methodName>
                                                                                                                                                                                                                                                                      <name>testTG_XmlNode</name>
                                                                                                                                                                                                                                                                      <namespace>Zendesk</namespace>
                                                                                                                                                                                                                                                                      <time>31.0</time>
                                                                                                                                                                                                                                                                  </successes>
                                                                                                                                                                                                                                                                    <successes>
                                                                                                                                                                                                                                                                      <id>01pL0000000E8WkIAK</id>
                                                                                                                                                                                                                                                                      <methodName>tests06</methodName>
                                                                                                                                                                                                                                                                      <name>testTG_XmlNode</name>
                                                                                                                                                                                                                                                                      <namespace>Zendesk</namespace>
                                                                                                                                                                                                                                                                      <time>34.0</time>
                                                                                                                                                                                                                                                                  </successes>
                                                                                                                                                                                                                                                                    <successes>
                                                                                                                                                                                                                                                                      <id>01pL0000000E8WkIAK</id>
                                                                                                                                                                                                                                                                      <methodName>tests07</methodName>
                                                                                                                                                                                                                                                                      <name>testTG_XmlNode</name>
                                                                                                                                                                                                                                                                      <namespace>Zendesk</namespace>
                                                                                                                                                                                                                                                                      <time>33.0</time>
                                                                                                                                                                                                                                                                  </successes>
                                                                                                                                                                                                                                                                    <successes>
                                                                                                                                                                                                                                                                      <id>01pL0000000E8WkIAK</id>
                                                                                                                                                                                                                                                                      <methodName>tests08</methodName>
                                                                                                                                                                                                                                                                      <name>testTG_XmlNode</name>
                                                                                                                                                                                                                                                                      <namespace>Zendesk</namespace>
                                                                                                                                                                                                                                                                      <time>33.0</time>
                                                                                                                                                                                                                                                                  </successes>
                                                                                                                                                                                                                                                                    <successes>
                                                                                                                                                                                                                                                                      <id>01pL0000000E8WkIAK</id>
                                                                                                                                                                                                                                                                      <methodName>tests09</methodName>
                                                                                                                                                                                                                                                                      <name>testTG_XmlNode</name>
                                                                                                                                                                                                                                                                      <namespace>Zendesk</namespace>
                                                                                                                                                                                                                                                                      <time>30.0</time>
                                                                                                                                                                                                                                                                  </successes>
                                                                                                                                                                                                                                                                    <successes>
                                                                                                                                                                                                                                                                      <id>01pL0000000E8WkIAK</id>
                                                                                                                                                                                                                                                                      <methodName>tests10</methodName>
                                                                                                                                                                                                                                                                      <name>testTG_XmlNode</name>
                                                                                                                                                                                                                                                                      <namespace>Zendesk</namespace>
                                                                                                                                                                                                                                                                      <time>30.0</time>
                                                                                                                                                                                                                                                                  </successes>
                                                                                                                                                                                                                                                                    <successes>
                                                                                                                                                                                                                                                                      <id>01pL0000000E8WkIAK</id>
                                                                                                                                                                                                                                                                      <methodName>tests11</methodName>
                                                                                                                                                                                                                                                                      <name>testTG_XmlNode</name>
                                                                                                                                                                                                                                                                      <namespace>Zendesk</namespace>
                                                                                                                                                                                                                                                                      <time>28.0</time>
                                                                                                                                                                                                                                                                  </successes>
                                                                                                                                                                                                                                                                    <successes>
                                                                                                                                                                                                                                                                      <id>01pL0000000E8WkIAK</id>
                                                                                                                                                                                                                                                                      <methodName>tests12</methodName>
                                                                                                                                                                                                                                                                      <name>testTG_XmlNode</name>
                                                                                                                                                                                                                                                                      <namespace>Zendesk</namespace>
                                                                                                                                                                                                                                                                      <time>28.0</time>
                                                                                                                                                                                                                                                                  </successes>
                                                                                                                                                                                                                                                                    <successes>
                                                                                                                                                                                                                                                                      <id>01pL0000000E8WkIAK</id>
                                                                                                                                                                                                                                                                      <methodName>tests13</methodName>
                                                                                                                                                                                                                                                                      <name>testTG_XmlNode</name>
                                                                                                                                                                                                                                                                      <namespace>Zendesk</namespace>
                                                                                                                                                                                                                                                                      <time>30.0</time>
                                                                                                                                                                                                                                                                  </successes>
                                                                                                                                                                                                                                                                    <successes>
                                                                                                                                                                                                                                                                      <id>01pL0000000E8WkIAK</id>
                                                                                                                                                                                                                                                                      <methodName>tests14</methodName>
                                                                                                                                                                                                                                                                      <name>testTG_XmlNode</name>
                                                                                                                                                                                                                                                                      <namespace>Zendesk</namespace>
                                                                                                                                                                                                                                                                      <time>28.0</time>
                                                                                                                                                                                                                                                                  </successes>
                                                                                                                                                                                                                                                                    <successes>
                                                                                                                                                                                                                                                                      <id>01pL0000000E8WkIAK</id>
                                                                                                                                                                                                                                                                      <methodName>tests15</methodName>
                                                                                                                                                                                                                                                                      <name>testTG_XmlNode</name>
                                                                                                                                                                                                                                                                      <namespace>Zendesk</namespace>
                                                                                                                                                                                                                                                                      <time>30.0</time>
                                                                                                                                                                                                                                                                  </successes>
                                                                                                                                                                                                                                                                    <successes>
                                                                                                                                                                                                                                                                      <id>01pL0000000E8WkIAK</id>
                                                                                                                                                                                                                                                                      <methodName>tests16</methodName>
                                                                                                                                                                                                                                                                      <name>testTG_XmlNode</name>
                                                                                                                                                                                                                                                                      <namespace>Zendesk</namespace>
                                                                                                                                                                                                                                                                      <time>30.0</time>
                                                                                                                                                                                                                                                                  </successes>
                                                                                                                                                                                                                                                                    <successes>
                                                                                                                                                                                                                                                                      <id>01pL0000000E8WkIAK</id>
                                                                                                                                                                                                                                                                      <methodName>tests17</methodName>
                                                                                                                                                                                                                                                                      <name>testTG_XmlNode</name>
                                                                                                                                                                                                                                                                      <namespace>Zendesk</namespace>
                                                                                                                                                                                                                                                                      <time>30.0</time>
                                                                                                                                                                                                                                                                  </successes>
                                                                                                                                                                                                                                                                    <successes>
                                                                                                                                                                                                                                                                      <id>01pL0000000E8WkIAK</id>
                                                                                                                                                                                                                                                                      <methodName>tests18</methodName>
                                                                                                                                                                                                                                                                      <name>testTG_XmlNode</name>
                                                                                                                                                                                                                                                                      <namespace>Zendesk</namespace>
                                                                                                                                                                                                                                                                      <time>30.0</time>
                                                                                                                                                                                                                                                                  </successes>
                                                                                                                                                                                                                                                                    <successes>
                                                                                                                                                                                                                                                                      <id>01pL0000000E8WkIAK</id>
                                                                                                                                                                                                                                                                      <methodName>tests19</methodName>
                                                                                                                                                                                                                                                                      <name>testTG_XmlNode</name>
                                                                                                                                                                                                                                                                      <namespace>Zendesk</namespace>
                                                                                                                                                                                                                                                                      <time>29.0</time>
                                                                                                                                                                                                                                                                  </successes>
                                                                                                                                                                                                                                                                    <successes>
                                                                                                                                                                                                                                                                      <id>01pL0000000E8WkIAK</id>
                                                                                                                                                                                                                                                                      <methodName>tests20</methodName>
                                                                                                                                                                                                                                                                      <name>testTG_XmlNode</name>
                                                                                                                                                                                                                                                                      <namespace>Zendesk</namespace>
                                                                                                                                                                                                                                                                      <time>32.0</time>
                                                                                                                                                                                                                                                                  </successes>
                                                                                                                                                                                                                                                                    <successes>
                                                                                                                                                                                                                                                                      <id>01pL0000000E8WkIAK</id>
                                                                                                                                                                                                                                                                      <methodName>tests21</methodName>
                                                                                                                                                                                                                                                                      <name>testTG_XmlNode</name>
                                                                                                                                                                                                                                                                      <namespace>Zendesk</namespace>
                                                                                                                                                                                                                                                                      <time>30.0</time>
                                                                                                                                                                                                                                                                  </successes>
                                                                                                                                                                                                                                                                    <successes>
                                                                                                                                                                                                                                                                      <id>01pL0000000E8WkIAK</id>
                                                                                                                                                                                                                                                                      <methodName>tests22</methodName>
                                                                                                                                                                                                                                                                      <name>testTG_XmlNode</name>
                                                                                                                                                                                                                                                                      <namespace>Zendesk</namespace>
                                                                                                                                                                                                                                                                      <time>38.0</time>
                                                                                                                                                                                                                                                                  </successes>
                                                                                                                                                                                                                                                                    <successes>
                                                                                                                                                                                                                                                                      <id>01pL0000000E8WkIAK</id>
                                                                                                                                                                                                                                                                      <methodName>tests23</methodName>
                                                                                                                                                                                                                                                                      <name>testTG_XmlNode</name>
                                                                                                                                                                                                                                                                      <namespace>Zendesk</namespace>
                                                                                                                                                                                                                                                                      <time>31.0</time>
                                                                                                                                                                                                                                                                  </successes>
                                                                                                                                                                                                                                                                    <successes>
                                                                                                                                                                                                                                                                      <id>01pL0000000E8WkIAK</id>
                                                                                                                                                                                                                                                                      <methodName>tests24</methodName>
                                                                                                                                                                                                                                                                      <name>testTG_XmlNode</name>
                                                                                                                                                                                                                                                                      <namespace>Zendesk</namespace>
                                                                                                                                                                                                                                                                      <time>71.0</time>
                                                                                                                                                                                                                                                                  </successes>
                                                                                                                                                                                                                                                                    <successes>
                                                                                                                                                                                                                                                                      <id>01pL0000000E8WkIAK</id>
                                                                                                                                                                                                                                                                      <methodName>tests25</methodName>
                                                                                                                                                                                                                                                                      <name>testTG_XmlNode</name>
                                                                                                                                                                                                                                                                      <namespace>Zendesk</namespace>
                                                                                                                                                                                                                                                                      <time>49.0</time>
                                                                                                                                                                                                                                                                  </successes>
                                                                                                                                                                                                                                                                    <successes>
                                                                                                                                                                                                                                                                      <id>01pL0000000E8VpIAK</id>
                                                                                                                                                                                                                                                                      <methodName>CreateEnvironment</methodName>
                                                                                                                                                                                                                                                                      <name>TestUtility</name>
                                                                                                                                                                                                                                                                      <namespace>Zendesk</namespace>
                                                                                                                                                                                                                                                                      <time>2883.0</time>
                                                                                                                                                                                                                                                                  </successes>
                                                                                                                                                                                                                                                                    <successes>
                                                                                                                                                                                                                                                                      <id>01pL0000000E8VpIAK</id>
                                                                                                                                                                                                                                                                      <methodName>TestAuth01</methodName>
                                                                                                                                                                                                                                                                      <name>TestUtility</name>
                                                                                                                                                                                                                                                                      <namespace>Zendesk</namespace>
                                                                                                                                                                                                                                                                      <time>3056.0</time>
                                                                                                                                                                                                                                                                  </successes>
                                                                                                                                                                                                                                                                    <successes>
                                                                                                                                                                                                                                                                      <id>01pL0000000E8WlIAK</id>
                                                                                                                                                                                                                                                                      <methodName>test01</methodName>
                                                                                                                                                                                                                                                                      <name>testXMLDom</name>
                                                                                                                                                                                                                                                                      <namespace>Zendesk</namespace>
                                                                                                                                                                                                                                                                      <time>43.0</time>
                                                                                                                                                                                                                                                                  </successes>
                                                                                                                                                                                                                                                                    <successes>
                                                                                                                                                                                                                                                                      <id>01pL0000000E8WlIAK</id>
                                                                                                                                                                                                                                                                      <methodName>test02</methodName>
                                                                                                                                                                                                                                                                      <name>testXMLDom</name>
                                                                                                                                                                                                                                                                      <namespace>Zendesk</namespace>
                                                                                                                                                                                                                                                                      <time>54.0</time>
                                                                                                                                                                                                                                                                  </successes>
                                                                                                                                                                                                                                                                    <successes>
                                                                                                                                                                                                                                                                      <id>01pL0000000E8WlIAK</id>
                                                                                                                                                                                                                                                                      <methodName>test03</methodName>
                                                                                                                                                                                                                                                                      <name>testXMLDom</name>
                                                                                                                                                                                                                                                                      <namespace>Zendesk</namespace>
                                                                                                                                                                                                                                                                      <time>39.0</time>
                                                                                                                                                                                                                                                                  </successes>
                                                                                                                                                                                                                                                                    <successes>
                                                                                                                                                                                                                                                                      <id>01pL0000000E8WlIAK</id>
                                                                                                                                                                                                                                                                      <methodName>test04</methodName>
                                                                                                                                                                                                                                                                      <name>testXMLDom</name>
                                                                                                                                                                                                                                                                      <namespace>Zendesk</namespace>
                                                                                                                                                                                                                                                                      <time>66.0</time>
                                                                                                                                                                                                                                                                  </successes>
                                                                                                                                                                                                                                                                    <successes>
                                                                                                                                                                                                                                                                      <id>01pL0000000E8WlIAK</id>
                                                                                                                                                                                                                                                                      <methodName>test05</methodName>
                                                                                                                                                                                                                                                                      <name>testXMLDom</name>
                                                                                                                                                                                                                                                                      <namespace>Zendesk</namespace>
                                                                                                                                                                                                                                                                      <time>59.0</time>
                                                                                                                                                                                                                                                                  </successes>
                                                                                                                                                                                                                                                                    <successes>
                                                                                                                                                                                                                                                                      <id>01pL0000000E8WmIAK</id>
                                                                                                                                                                                                                                                                      <methodName>tests</methodName>
                                                                                                                                                                                                                                                                      <name>testZendesk</name>
                                                                                                                                                                                                                                                                      <namespace>Zendesk</namespace>
                                                                                                                                                                                                                                                                      <time>3382.0</time>
                                                                                                                                                                                                                                                                  </successes>
                                                                                                                                                                                                                                                                    <successes>
                                                                                                                                                                                                                                                                      <id>01pL0000000E8WoIAK</id>
                                                                                                                                                                                                                                                                      <methodName>tests</methodName>
                                                                                                                                                                                                                                                                      <name>testZendeskApexRestAPI</name>
                                                                                                                                                                                                                                                                      <namespace>Zendesk</namespace>
                                                                                                                                                                                                                                                                      <time>3348.0</time>
                                                                                                                                                                                                                                                                  </successes>
                                                                                                                                                                                                                                                                    <successes>
                                                                                                                                                                                                                                                                      <id>01pL0000000E8WoIAK</id>
                                                                                                                                                                                                                                                                      <methodName>tests02</methodName>
                                                                                                                                                                                                                                                                      <name>testZendeskApexRestAPI</name>
                                                                                                                                                                                                                                                                      <namespace>Zendesk</namespace>
                                                                                                                                                                                                                                                                      <time>3576.0</time>
                                                                                                                                                                                                                                                                  </successes>
                                                                                                                                                                                                                                                                    <successes>
                                                                                                                                                                                                                                                                      <id>01pL0000000E8WoIAK</id>
                                                                                                                                                                                                                                                                      <methodName>tests03</methodName>
                                                                                                                                                                                                                                                                      <name>testZendeskApexRestAPI</name>
                                                                                                                                                                                                                                                                      <namespace>Zendesk</namespace>
                                                                                                                                                                                                                                                                      <time>3181.0</time>
                                                                                                                                                                                                                                                                  </successes>
                                                                                                                                                                                                                                                                    <successes>
                                                                                                                                                                                                                                                                      <id>01pL0000000E8WoIAK</id>
                                                                                                                                                                                                                                                                      <methodName>tests04</methodName>
                                                                                                                                                                                                                                                                      <name>testZendeskApexRestAPI</name>
                                                                                                                                                                                                                                                                      <namespace>Zendesk</namespace>
                                                                                                                                                                                                                                                                      <time>3073.0</time>
                                                                                                                                                                                                                                                                  </successes>
                                                                                                                                                                                                                                                                    <successes>
                                                                                                                                                                                                                                                                      <id>01pL0000000E8WoIAK</id>
                                                                                                                                                                                                                                                                      <methodName>tests05</methodName>
                                                                                                                                                                                                                                                                      <name>testZendeskApexRestAPI</name>
                                                                                                                                                                                                                                                                      <namespace>Zendesk</namespace>
                                                                                                                                                                                                                                                                      <time>3110.0</time>
                                                                                                                                                                                                                                                                  </successes>
                                                                                                                                                                                                                                                                    <successes>
                                                                                                                                                                                                                                                                      <id>01pL0000000E8WnIAK</id>
                                                                                                                                                                                                                                                                      <methodName>tests01</methodName>
                                                                                                                                                                                                                                                                      <name>testZendeskAPI</name>
                                                                                                                                                                                                                                                                      <namespace>Zendesk</namespace>
                                                                                                                                                                                                                                                                      <time>575.0</time>
                                                                                                                                                                                                                                                                  </successes>
                                                                                                                                                                                                                                                                    <successes>
                                                                                                                                                                                                                                                                      <id>01pL0000000E8WpIAK</id>
                                                                                                                                                                                                                                                                      <methodName>tests</methodName>
                                                                                                                                                                                                                                                                      <name>testZendeskCheckCreds</name>
                                                                                                                                                                                                                                                                      <namespace>Zendesk</namespace>
                                                                                                                                                                                                                                                                      <time>38.0</time>
                                                                                                                                                                                                                                                                  </successes>
                                                                                                                                                                                                                                                                    <successes>
                                                                                                                                                                                                                                                                      <id>01pL0000000E8WqIAK</id>
                                                                                                                                                                                                                                                                      <methodName>tests</methodName>
                                                                                                                                                                                                                                                                      <name>testZendeskConnector</name>
                                                                                                                                                                                                                                                                      <namespace>Zendesk</namespace>
                                                                                                                                                                                                                                                                      <time>3514.0</time>
                                                                                                                                                                                                                                                                  </successes>
                                                                                                                                                                                                                                                                    <successes>
                                                                                                                                                                                                                                                                      <id>01pL0000000E8WrIAK</id>
                                                                                                                                                                                                                                                                      <methodName>test01</methodName>
                                                                                                                                                                                                                                                                      <name>testZendeskHelper</name>
                                                                                                                                                                                                                                                                      <namespace>Zendesk</namespace>
                                                                                                                                                                                                                                                                      <time>41.0</time>
                                                                                                                                                                                                                                                                  </successes>
                                                                                                                                                                                                                                                                    <successes>
                                                                                                                                                                                                                                                                      <id>01pL0000000E8WrIAK</id>
                                                                                                                                                                                                                                                                      <methodName>tests02</methodName>
                                                                                                                                                                                                                                                                      <name>testZendeskHelper</name>
                                                                                                                                                                                                                                                                      <namespace>Zendesk</namespace>
                                                                                                                                                                                                                                                                      <time>165.0</time>
                                                                                                                                                                                                                                                                  </successes>
                                                                                                                                                                                                                                                                    <successes>
                                                                                                                                                                                                                                                                      <id>01pL0000000E8VqIAK</id>
                                                                                                                                                                                                                                                                      <methodName>testmethod1</methodName>
                                                                                                                                                                                                                                                                      <name>TestZendeskOrgTriggeronAccounts</name>
                                                                                                                                                                                                                                                                      <namespace>Zendesk</namespace>
                                                                                                                                                                                                                                                                      <time>3636.0</time>
                                                                                                                                                                                                                                                                  </successes>
                                                                                                                                                                                                                                                                    <successes>
                                                                                                                                                                                                                                                                      <id>01pL0000000E8VqIAK</id>
                                                                                                                                                                                                                                                                      <methodName>testmethod2</methodName>
                                                                                                                                                                                                                                                                      <name>TestZendeskOrgTriggeronAccounts</name>
                                                                                                                                                                                                                                                                      <namespace>Zendesk</namespace>
                                                                                                                                                                                                                                                                      <time>3338.0</time>
                                                                                                                                                                                                                                                                  </successes>
                                                                                                                                                                                                                                                                    <successes>
                                                                                                                                                                                                                                                                      <id>01pL0000000E8VqIAK</id>
                                                                                                                                                                                                                                                                      <methodName>testmethod3</methodName>
                                                                                                                                                                                                                                                                      <name>TestZendeskOrgTriggeronAccounts</name>
                                                                                                                                                                                                                                                                      <namespace>Zendesk</namespace>
                                                                                                                                                                                                                                                                      <time>294.0</time>
                                                                                                                                                                                                                                                                  </successes>
                                                                                                                                                                                                                                                                    <successes>
                                                                                                                                                                                                                                                                      <id>01pL0000000E8VqIAK</id>
                                                                                                                                                                                                                                                                      <methodName>testmethod4</methodName>
                                                                                                                                                                                                                                                                      <name>TestZendeskOrgTriggeronAccounts</name>
                                                                                                                                                                                                                                                                      <namespace>Zendesk</namespace>
                                                                                                                                                                                                                                                                      <time>265.0</time>
                                                                                                                                                                                                                                                                  </successes>
                                                                                                                                                                                                                                                                    <successes>
                                                                                                                                                                                                                                                                      <id>01pL0000000E8VqIAK</id>
                                                                                                                                                                                                                                                                      <methodName>testmethod5</methodName>
                                                                                                                                                                                                                                                                      <name>TestZendeskOrgTriggeronAccounts</name>
                                                                                                                                                                                                                                                                      <namespace>Zendesk</namespace>
                                                                                                                                                                                                                                                                      <time>281.0</time>
                                                                                                                                                                                                                                                                  </successes>
                                                                                                                                                                                                                                                                    <successes>
                                                                                                                                                                                                                                                                      <id>01pL0000000E8VqIAK</id>
                                                                                                                                                                                                                                                                      <methodName>testmethod6</methodName>
                                                                                                                                                                                                                                                                      <name>TestZendeskOrgTriggeronAccounts</name>
                                                                                                                                                                                                                                                                      <namespace>Zendesk</namespace>
                                                                                                                                                                                                                                                                      <time>185.0</time>
                                                                                                                                                                                                                                                                  </successes>
                                                                                                                                                                                                                                                                    <successes>
                                                                                                                                                                                                                                                                      <id>01pL0000000E8VrIAK</id>
                                                                                                                                                                                                                                                                      <methodName>testMethodForContacts3</methodName>
                                                                                                                                                                                                                                                                      <name>TestZendeskOrgTriggeronContactsLeads</name>
                                                                                                                                                                                                                                                                      <namespace>Zendesk</namespace>
                                                                                                                                                                                                                                                                      <time>405.0</time>
                                                                                                                                                                                                                                                                  </successes>
                                                                                                                                                                                                                                                                    <successes>
                                                                                                                                                                                                                                                                      <id>01pL0000000E8WtIAK</id>
                                                                                                                                                                                                                                                                      <methodName>tests</methodName>
                                                                                                                                                                                                                                                                      <name>testZendeskSerialize</name>
                                                                                                                                                                                                                                                                      <namespace>Zendesk</namespace>
                                                                                                                                                                                                                                                                      <time>2981.0</time>
                                                                                                                                                                                                                                                                  </successes>
                                                                                                                                                                                                                                                                    <successes>
                                                                                                                                                                                                                                                                      <id>01pL0000000E8WuIAK</id>
                                                                                                                                                                                                                                                                      <methodName>test04</methodName>
                                                                                                                                                                                                                                                                      <name>testZendeskSetting</name>
                                                                                                                                                                                                                                                                      <namespace>Zendesk</namespace>
                                                                                                                                                                                                                                                                      <time>453.0</time>
                                                                                                                                                                                                                                                                  </successes>
                                                                                                                                                                                                                                                                    <successes>
                                                                                                                                                                                                                                                                      <id>01pL0000000E8WuIAK</id>
                                                                                                                                                                                                                                                                      <methodName>tests01</methodName>
                                                                                                                                                                                                                                                                      <name>testZendeskSetting</name>
                                                                                                                                                                                                                                                                      <namespace>Zendesk</namespace>
                                                                                                                                                                                                                                                                      <time>431.0</time>
                                                                                                                                                                                                                                                                  </successes>
                                                                                                                                                                                                                                                                    <successes>
                                                                                                                                                                                                                                                                      <id>01pL0000000E8WvIAK</id>
                                                                                                                                                                                                                                                                      <methodName>tests</methodName>
                                                                                                                                                                                                                                                                      <name>testZendeskSettings</name>
                                                                                                                                                                                                                                                                      <namespace>Zendesk</namespace>
                                                                                                                                                                                                                                                                      <time>3426.0</time>
                                                                                                                                                                                                                                                                  </successes>
                                                                                                                                                                                                                                                                    <successes>
                                                                                                                                                                                                                                                                      <id>01pL0000000E8WvIAK</id>
                                                                                                                                                                                                                                                                      <methodName>tests02</methodName>
                                                                                                                                                                                                                                                                      <name>testZendeskSettings</name>
                                                                                                                                                                                                                                                                      <namespace>Zendesk</namespace>
                                                                                                                                                                                                                                                                      <time>2824.0</time>
                                                                                                                                                                                                                                                                  </successes>
                                                                                                                                                                                                                                                                    <successes>
                                                                                                                                                                                                                                                                      <id>01pL0000000E8WwIAK</id>
                                                                                                                                                                                                                                                                      <methodName>doTests</methodName>
                                                                                                                                                                                                                                                                      <name>testZendeskSettingsDetails</name>
                                                                                                                                                                                                                                                                      <namespace>Zendesk</namespace>
                                                                                                                                                                                                                                                                      <time>3388.0</time>
                                                                                                                                                                                                                                                                  </successes>
                                                                                                                                                                                                                                                                    <successes>
                                                                                                                                                                                                                                                                      <id>01pL0000000E8WxIAK</id>
                                                                                                                                                                                                                                                                      <methodName>testController</methodName>
                                                                                                                                                                                                                                                                      <name>testZendeskStructure</name>
                                                                                                                                                                                                                                                                      <namespace>Zendesk</namespace>
                                                                                                                                                                                                                                                                      <time>67.0</time>
                                                                                                                                                                                                                                                                  </successes>
                                                                                                                                                                                                                                                                    <successes>
                                                                                                                                                                                                                                                                      <id>01pL0000000E8WyIAK</id>
                                                                                                                                                                                                                                                                      <methodName>tests01</methodName>
                                                                                                                                                                                                                                                                      <name>testZendeskSyncCore</name>
                                                                                                                                                                                                                                                                      <namespace>Zendesk</namespace>
                                                                                                                                                                                                                                                                      <time>4006.0</time>
                                                                                                                                                                                                                                                                  </successes>
                                                                                                                                                                                                                                                                    <successes>
                                                                                                                                                                                                                                                                      <id>01pL0000000E8WzIAK</id>
                                                                                                                                                                                                                                                                      <methodName>tests01</methodName>
                                                                                                                                                                                                                                                                      <name>testZendeskSyncOrgs</name>
                                                                                                                                                                                                                                                                      <namespace>Zendesk</namespace>
                                                                                                                                                                                                                                                                      <time>6758.0</time>
                                                                                                                                                                                                                                                                  </successes>
                                                                                                                                                                                                                                                                    <successes>
                                                                                                                                                                                                                                                                      <id>01pL0000000E8WzIAK</id>
                                                                                                                                                                                                                                                                      <methodName>tests02</methodName>
                                                                                                                                                                                                                                                                      <name>testZendeskSyncOrgs</name>
                                                                                                                                                                                                                                                                      <namespace>Zendesk</namespace>
                                                                                                                                                                                                                                                                      <time>3528.0</time>
                                                                                                                                                                                                                                                                  </successes>
                                                                                                                                                                                                                                                                    <successes>
                                                                                                                                                                                                                                                                      <id>01pL0000000E8X0IAK</id>
                                                                                                                                                                                                                                                                      <methodName>tests01</methodName>
                                                                                                                                                                                                                                                                      <name>testZendeskSyncOrgsCreateMany</name>
                                                                                                                                                                                                                                                                      <namespace>Zendesk</namespace>
                                                                                                                                                                                                                                                                      <time>4448.0</time>
                                                                                                                                                                                                                                                                  </successes>
                                                                                                                                                                                                                                                                    <successes>
                                                                                                                                                                                                                                                                      <id>01pL0000000E8X0IAK</id>
                                                                                                                                                                                                                                                                      <methodName>tests02</methodName>
                                                                                                                                                                                                                                                                      <name>testZendeskSyncOrgsCreateMany</name>
                                                                                                                                                                                                                                                                      <namespace>Zendesk</namespace>
                                                                                                                                                                                                                                                                      <time>3243.0</time>
                                                                                                                                                                                                                                                                  </successes>
                                                                                                                                                                                                                                                                    <successes>
                                                                                                                                                                                                                                                                      <id>01pL0000000E8X1IAK</id>
                                                                                                                                                                                                                                                                      <methodName>testOrgSync</methodName>
                                                                                                                                                                                                                                                                      <name>testZendeskSyncStatus</name>
                                                                                                                                                                                                                                                                      <namespace>Zendesk</namespace>
                                                                                                                                                                                                                                                                      <time>3518.0</time>
                                                                                                                                                                                                                                                                  </successes>
                                                                                                                                                                                                                                                                    <successes>
                                                                                                                                                                                                                                                                      <id>01pL0000000E8X1IAK</id>
                                                                                                                                                                                                                                                                      <methodName>testUserSync</methodName>
                                                                                                                                                                                                                                                                      <name>testZendeskSyncStatus</name>
                                                                                                                                                                                                                                                                      <namespace>Zendesk</namespace>
                                                                                                                                                                                                                                                                      <time>4420.0</time>
                                                                                                                                                                                                                                                                  </successes>
                                                                                                                                                                                                                                                                    <successes>
                                                                                                                                                                                                                                                                      <id>01pL0000000E8X3IAK</id>
                                                                                                                                                                                                                                                                      <methodName>test03</methodName>
                                                                                                                                                                                                                                                                      <name>testZendeskSyncUsersCreateMany</name>
                                                                                                                                                                                                                                                                      <namespace>Zendesk</namespace>
                                                                                                                                                                                                                                                                      <time>3002.0</time>
                                                                                                                                                                                                                                                                  </successes>
                                                                                                                                                                                                                                                                    <successes>
                                                                                                                                                                                                                                                                      <id>01pL0000000E8X3IAK</id>
                                                                                                                                                                                                                                                                      <methodName>tests01</methodName>
                                                                                                                                                                                                                                                                      <name>testZendeskSyncUsersCreateMany</name>
                                                                                                                                                                                                                                                                      <namespace>Zendesk</namespace>
                                                                                                                                                                                                                                                                      <time>3030.0</time>
                                                                                                                                                                                                                                                                  </successes>
                                                                                                                                                                                                                                                                    <successes>
                                                                                                                                                                                                                                                                      <id>01pL0000000E8X4IAK</id>
                                                                                                                                                                                                                                                                      <methodName>test01</methodName>
                                                                                                                                                                                                                                                                      <name>testZendeskTicket</name>
                                                                                                                                                                                                                                                                      <namespace>Zendesk</namespace>
                                                                                                                                                                                                                                                                      <time>55.0</time>
                                                                                                                                                                                                                                                                  </successes>
                                                                                                                                                                                                                                                                    <successes>
                                                                                                                                                                                                                                                                      <id>01pL0000000E8X4IAK</id>
                                                                                                                                                                                                                                                                      <methodName>test02</methodName>
                                                                                                                                                                                                                                                                      <name>testZendeskTicket</name>
                                                                                                                                                                                                                                                                      <namespace>Zendesk</namespace>
                                                                                                                                                                                                                                                                      <time>142.0</time>
                                                                                                                                                                                                                                                                  </successes>
                                                                                                                                                                                                                                                                    <successes>
                                                                                                                                                                                                                                                                      <id>01pL0000000E8X5IAK</id>
                                                                                                                                                                                                                                                                      <methodName>tests</methodName>
                                                                                                                                                                                                                                                                      <name>testZendeskTicketController</name>
                                                                                                                                                                                                                                                                      <namespace>Zendesk</namespace>
                                                                                                                                                                                                                                                                      <time>3897.0</time>
                                                                                                                                                                                                                                                                  </successes>
                                                                                                                                                                                                                                                                    <successes>
                                                                                                                                                                                                                                                                      <id>01pL0000000E8X6IAK</id>
                                                                                                                                                                                                                                                                      <methodName>tests</methodName>
                                                                                                                                                                                                                                                                      <name>testZendeskUsersCustomFields</name>
                                                                                                                                                                                                                                                                      <namespace>Zendesk</namespace>
                                                                                                                                                                                                                                                                      <time>3280.0</time>
                                                                                                                                                                                                                                                                  </successes>
                                                                                                                                                                                                                                                                    <successes>
                                                                                                                                                                                                                                                                      <id>01pL0000000E8X7IAK</id>
                                                                                                                                                                                                                                                                      <methodName>CreateData</methodName>
                                                                                                                                                                                                                                                                      <name>testZendeskValidation</name>
                                                                                                                                                                                                                                                                      <namespace>Zendesk</namespace>
                                                                                                                                                                                                                                                                      <time>2906.0</time>
                                                                                                                                                                                                                                                                  </successes>
                                                                                                                                                                                                                                                                    <successes>
                                                                                                                                                                                                                                                                      <id>01pL0000000E8X7IAK</id>
                                                                                                                                                                                                                                                                      <methodName>TestMethod01</methodName>
                                                                                                                                                                                                                                                                      <name>testZendeskValidation</name>
                                                                                                                                                                                                                                                                      <namespace>Zendesk</namespace>
                                                                                                                                                                                                                                                                      <time>231.0</time>
                                                                                                                                                                                                                                                                  </successes>
                                                                                                                                                                                                                                                                    <successes>
                                                                                                                                                                                                                                                                      <id>01pL0000000E8X8IAK</id>
                                                                                                                                                                                                                                                                      <methodName>tests01</methodName>
                                                                                                                                                                                                                                                                      <name>testZendeskWidget</name>
                                                                                                                                                                                                                                                                      <namespace>Zendesk</namespace>
                                                                                                                                                                                                                                                                      <time>561.0</time>
                                                                                                                                                                                                                                                                  </successes>
                                                                                                                                                                                                                                                                    <successes>
                                                                                                                                                                                                                                                                      <id>01pL0000000E8X8IAK</id>
                                                                                                                                                                                                                                                                      <methodName>tests02</methodName>
                                                                                                                                                                                                                                                                      <name>testZendeskWidget</name>
                                                                                                                                                                                                                                                                      <namespace>Zendesk</namespace>
                                                                                                                                                                                                                                                                      <time>541.0</time>
                                                                                                                                                                                                                                                                  </successes>
                                                                                                                                                                                                                                                                    <successes>
                                                                                                                                                                                                                                                                      <id>01pL0000000E8X8IAK</id>
                                                                                                                                                                                                                                                                      <methodName>tests04</methodName>
                                                                                                                                                                                                                                                                      <name>testZendeskWidget</name>
                                                                                                                                                                                                                                                                      <namespace>Zendesk</namespace>
                                                                                                                                                                                                                                                                      <time>261.0</time>
                                                                                                                                                                                                                                                                  </successes>
                                                                                                                                                                                                                                                                    <successes>
                                                                                                                                                                                                                                                                      <id>01pL0000000E8X9IAK</id>
                                                                                                                                                                                                                                                                      <methodName>tests01</methodName>
                                                                                                                                                                                                                                                                      <name>testZendeskWidgetConfigController</name>
                                                                                                                                                                                                                                                                      <namespace>Zendesk</namespace>
                                                                                                                                                                                                                                                                      <time>736.0</time>
                                                                                                                                                                                                                                                                  </successes>
                                                                                                                                                                                                                                                                    <successes>
                                                                                                                                                                                                                                                                      <id>01pL0000000E8X9IAK</id>
                                                                                                                                                                                                                                                                      <methodName>tests02</methodName>
                                                                                                                                                                                                                                                                      <name>testZendeskWidgetConfigController</name>
                                                                                                                                                                                                                                                                      <namespace>Zendesk</namespace>
                                                                                                                                                                                                                                                                      <time>717.0</time>
                                                                                                                                                                                                                                                                  </successes>
                                                                                                                                                                                                                                                                    <successes>
                                                                                                                                                                                                                                                                      <id>01pL0000000E8X9IAK</id>
                                                                                                                                                                                                                                                                      <methodName>tests03</methodName>
                                                                                                                                                                                                                                                                      <name>testZendeskWidgetConfigController</name>
                                                                                                                                                                                                                                                                      <namespace>Zendesk</namespace>
                                                                                                                                                                                                                                                                      <time>704.0</time>
                                                                                                                                                                                                                                                                  </successes>
                                                                                                                                                                                                                                                                    <successes>
                                                                                                                                                                                                                                                                      <id>01pL0000000E8XAIA0</id>
                                                                                                                                                                                                                                                                      <methodName>tests</methodName>
                                                                                                                                                                                                                                                                      <name>testZintegration</name>
                                                                                                                                                                                                                                                                      <namespace>Zendesk</namespace>
                                                                                                                                                                                                                                                                      <time>3132.0</time>
                                                                                                                                                                                                                                                                  </successes>
                                                                                                                                                                                                                                                                    <successes>
                                                                                                                                                                                                                                                                      <id>01pL0000000E8VvIAK</id>
                                                                                                                                                                                                                                                                      <methodName>testZendeskApexRestAPI_Four</methodName>
                                                                                                                                                                                                                                                                      <name>ZendeskApexRestAPI</name>
                                                                                                                                                                                                                                                                      <namespace>Zendesk</namespace>
                                                                                                                                                                                                                                                                      <time>33.0</time>
                                                                                                                                                                                                                                                                  </successes>
                                                                                                                                                                                                                                                                    <successes>
                                                                                                                                                                                                                                                                      <id>01pL0000000E8VvIAK</id>
                                                                                                                                                                                                                                                                      <methodName>testZendeskApexRestAPI_One</methodName>
                                                                                                                                                                                                                                                                      <name>ZendeskApexRestAPI</name>
                                                                                                                                                                                                                                                                      <namespace>Zendesk</namespace>
                                                                                                                                                                                                                                                                      <time>29.0</time>
                                                                                                                                                                                                                                                                  </successes>
                                                                                                                                                                                                                                                                    <successes>
                                                                                                                                                                                                                                                                      <id>01pL0000000E8VvIAK</id>
                                                                                                                                                                                                                                                                      <methodName>testZendeskApexRestAPI_Three</methodName>
                                                                                                                                                                                                                                                                      <name>ZendeskApexRestAPI</name>
                                                                                                                                                                                                                                                                      <namespace>Zendesk</namespace>
                                                                                                                                                                                                                                                                      <time>42.0</time>
                                                                                                                                                                                                                                                                  </successes>
                                                                                                                                                                                                                                                                    <successes>
                                                                                                                                                                                                                                                                      <id>01pL0000000E8VvIAK</id>
                                                                                                                                                                                                                                                                      <methodName>testZendeskApexRestAPI_Two</methodName>
                                                                                                                                                                                                                                                                      <name>ZendeskApexRestAPI</name>
                                                                                                                                                                                                                                                                      <namespace>Zendesk</namespace>
                                                                                                                                                                                                                                                                      <time>30.0</time>
                                                                                                                                                                                                                                                                  </successes>
                                                                                                                                                                                                                                                                    <successes>
                                                                                                                                                                                                                                                                      <id>01pL0000000E8VvIAK</id>
                                                                                                                                                                                                                                                                      <methodName>testZendeskApexRestAPI_six</methodName>
                                                                                                                                                                                                                                                                      <name>ZendeskApexRestAPI</name>
                                                                                                                                                                                                                                                                      <namespace>Zendesk</namespace>
                                                                                                                                                                                                                                                                      <time>35.0</time>
                                                                                                                                                                                                                                                                  </successes>
                                                                                                                                                                                                                                                                    <successes>
                                                                                                                                                                                                                                                                      <id>01pL0000000E8W2IAK</id>
                                                                                                                                                                                                                                                                      <methodName>test01</methodName>
                                                                                                                                                                                                                                                                      <name>ZendeskOrgSyncController</name>
                                                                                                                                                                                                                                                                      <namespace>Zendesk</namespace>
                                                                                                                                                                                                                                                                      <time>31.0</time>
                                                                                                                                                                                                                                                                  </successes>
                                                                                                                                                                                                                                                                    <successes>
                                                                                                                                                                                                                                                                      <id>01pL0000000E8W3IAK</id>
                                                                                                                                                                                                                                                                      <methodName>test01</methodName>
                                                                                                                                                                                                                                                                      <name>ZendeskPageUrl</name>
                                                                                                                                                                                                                                                                      <namespace>Zendesk</namespace>
                                                                                                                                                                                                                                                                      <time>46.0</time>
                                                                                                                                                                                                                                                                  </successes>
                                                                                                                                                                                                                                                                    <totalTime>234579.0</totalTime>
                                                                                                                                                                                                                                                                </result>
                                                                                                                                                                                                                                                              </runTestsResponse>
                                                                                                                                                                                                                                                            </soapenv:Body>
                                                                                                                                                                                                                                                          </soapenv:Envelope>
